27-08-2020 : lelasamada@gmail.com,Array
(
    [CONTENT_LENGTH] => 2699
    [CONTENT_TYPE] => multipart/form-data; boundary=----WebKitFormBoundaryZpaVIAbEbfZu6ZTE
    [CONTEXT_DOCUMENT_ROOT] => /home/mtde/public_html/my
    [CONTEXT_PREFIX] => 
    [DOCUMENT_ROOT] => /home/mtde/public_html/my
    [GATEWAY_INTERFACE] => CGI/1.1
    [HTTPS] => on
    [HTTP_ACCEPT] => text/html,application/xhtml+xml,application/xml;q=0.9,image/webp,image/apng,*/*;q=0.8,application/signed-exchange;v=b3;q=0.9
    [HTTP_ACCEPT_ENCODING] => gzip, deflate, br
    [HTTP_ACCEPT_LANGUAGE] => en-GB,en;q=0.9,en-US;q=0.8,ka;q=0.7,de;q=0.6,it;q=0.5,fr;q=0.4
    [HTTP_CACHE_CONTROL] => max-age=0
    [HTTP_CONNECTION] => keep-alive
    [HTTP_COOKIE] => consentUUID=7539b3b8-eb58-4c6e-a01c-7301e17a8506; _ga=GA1.2.1806116292.1598492512; _gid=GA1.2.2135122830.1598492512; euconsent-v2=CO4xpqRO4xpqRAGABCENA0CgAP_AAH_AAAYgGVtf_X9fb2_j-_5999t0eY1f9_63t-wzjgeNs-8NyZ_X_J4Xr2MyvB34pqYKmR4EunLBAQdlHGHcTQgAwIkFqTLsYk2MizNKJ7JEilMbc2dYGG1vn8XT_ZCY70-_f__7v3-_-___6oGUEEGAAKAQBCWAAIEihEIQAIQxIAIAACihEAgEkACRQALI4COUACABAYgIQIAQAgoAYBAAIAAElAQAgAAIBQARAIAAQADAEAACAAEFgBIiAAACoEhAARABKBAQUAAQcggQFQBBACBARGQGAAKAAqACGAEwALgAjgBSADLAGoAOIAfgBGACOAFLAKuAVsA3gCYgE2AKbAWiAwIBh4DIhgAUAbQA8ACxAGyAR6IgOgAqACsAFwAQwAiQBSADIAGWANQAbIA4gB-AEYAKWAVcA1gB8gENgIvASIAmwBOwChwFIgLkAYEAwkBh4DJxIAIABwA5xAAEA3gSCIAAgABcAFAAVAAyABwADwAIAARAAqAB4AD6AIYAiABMgCqAKwAWAAuABvADmAHoAQ0AiACJAEsAJoAUoAwwBkADLAGoANkAcQA7wB7AD4gH2AfoBGAClgF-AMIAYoA1gBtADcAG8APQAfIBDYCKgEXgJEATEAmUBNgCdgFIgKbAVgAsUBbAC5AF3gMCAYMAwkBhoDDwGRAMkAZOGgQgAqACsAFwAQwAiQBSADIAGWANIAagA2QBxAD8AIwAUsAq8BaAFpANYAbwA-QCGwEXgJEATYAnYBQ4CkQFyAMCAYSAw8BjADJw4AEABwYAIAbIA6gC-gGRioDIAFAAVABDACYAFwARwApABlgDUAHEAPwAjABHAClgFXgLQAtIBvAEggJiATYApsBcgDAgGHgMiFABABtADwAR6AvodBGAAXABQAFQALgAZAA4ACAAEQAMQAfABBgCGAIgATIAqgCsAFgALgAYgAzABvADmAHoAQwAiABLACYAE1AKMApQBkADKgGiAaQA1ABswDfAOAAcQA7wB7QD7APwAjABYoC0ALSAXMAvIBfgDCAGKANxAdMB1AD0AIbAREAi8BIICRAE2AJ2gU0BTYCrAFiwLYAtkBcAC5AF2gLvAYSAw0Bh4DEgGMAMeAZIAychAsAAWABQADIAIgAYgBBACGAEwAKoAXAAzABvAD0AI4AUgAygBqADfAHEAO8AfgBAwCMAFDgLQAtIBfgDCAGKAOoAegBIICRAE2QKaApsBYoC0YFsAW0AuABcgC7QGHgMSAZEAyclAjAAQAAsACgAFwAMgAcABiAEQAJgAVQAuABiADMAG0AQ0AiACJgFIAUoAygBpADZAHeAPwAjEBaAFpAMUAbgA6gCLwEiAJsAWKAu0Bh4DIgGTlIGoAC4AKAAqABcADIAHAAQAAxgCGAIgATAApABVACwAFwAMQAZgA5gCGAERAKMApQBlQDRANIAbIA4gB3wD7APwAjABHAChgFbALyAYQA2gBuADqAHoAReAkQBNgCdoFNAU2ArYBYoC2AFwALkAXaAw0Bh4DEgGMAMiAZIAycqABAB8UAAgDwA.YAAAAAAAAAAA; PHPSESSID=6ntbh4oancrtqba92ck00abfg1
    [HTTP_HOST] => my.medical-tribune.de
    [HTTP_ORIGIN] => https://my.medical-tribune.de
    [HTTP_REFERER] => https://my.medical-tribune.de/register.php?mode=1
    [HTTP_SEC_FETCH_DEST] => iframe
    [HTTP_SEC_FETCH_MODE] => navigate
    [HTTP_SEC_FETCH_SITE] => same-origin
    [HTTP_SEC_FETCH_USER] => ?1
    [HTTP_UPGRADE_INSECURE_REQUESTS] => 1
    [HTTP_USER_AGENT] => Mozilla/5.0 (Linux; Android 7.0; SM-G920F) AppleWebKit/537.36 (KHTML, like Gecko) Chrome/84.0.4147.111 Mobile Safari/537.36
    [PATH] => /bin:/usr/bin
    [QUERY_STRING] => mode=1
    [REDIRECT_STATUS] => 200
    [REMOTE_ADDR] => 88.130.61.61
    [REMOTE_PORT] => 26220
    [REQUEST_METHOD] => POST
    [REQUEST_SCHEME] => https
    [REQUEST_URI] => /register.php?mode=1
    [SCRIPT_FILENAME] => /home/mtde/public_html/my/register.php
    [SCRIPT_NAME] => /register.php
    [SERVER_ADDR] => 46.232.181.187
    [SERVER_ADMIN] => webmaster@my.medical-tribune.de
    [SERVER_NAME] => my.medical-tribune.de
    [SERVER_PORT] => 443
    [SERVER_PROTOCOL] => HTTP/1.1
    [SERVER_SIGNATURE] => 
    [SERVER_SOFTWARE] => Apache
    [SSL_TLS_SNI] => my.medical-tribune.de
    [UNIQUE_ID] => X0cQfC07bKRdlW9ABBYo7AAAAQo
    [PHP_SELF] => /register.php
    [REQUEST_TIME_FLOAT] => 1598492796.9988
    [REQUEST_TIME] => 1598492796
)

27-08-2020 : c.martin@erlabrunn.de,Array
(
    [CONTENT_LENGTH] => 3238
    [CONTENT_TYPE] => multipart/form-data; boundary=----WebKitFormBoundaryfNcbkHwiPTDYN5OB
    [CONTEXT_DOCUMENT_ROOT] => /home/mtde/public_html/my
    [CONTEXT_PREFIX] => 
    [DOCUMENT_ROOT] => /home/mtde/public_html/my
    [GATEWAY_INTERFACE] => CGI/1.1
    [HTTPS] => on
    [HTTP_ACCEPT] => text/html,application/xhtml+xml,application/xml;q=0.9,image/webp,*/*;q=0.8
    [HTTP_ACCEPT_ENCODING] => gzip, deflate, br
    [HTTP_ACCEPT_LANGUAGE] => de-DE,de;q=0.8,en-US;q=0.6,en;q=0.4
    [HTTP_CACHE_CONTROL] => max-age=0
    [HTTP_CONNECTION] => keep-alive
    [HTTP_COOKIE] => euconsent-v2=CO4yaT-O4yaT-AGABCENA0CgAP_AAH_AAAYgGVtf_X9fb2_j-_5999t0eY1f9_63t-wzjgeNs-8NyZ_X_J4Xr2MyvB34pqYKmR4EunLBAQdlHGHcTQgAwIkFqTLsYk2MizNKJ7JEilMbc2dYGG1vn8XT_ZCY70-_f__7v3-_-___6oGUEEGAAKAQBCWAAIEihEIQAIQxIAIAACihEAgEkACRQALI4COUACABAYgIQIAQAgoAYBAAIAAElAQAgAAIBQARAIAAQADAEAACAAEFgBIiAAACoEhAARABKBAQUAAQcggQFQBBACBARGQGAAKAAqACGAEwALgAjgBSADLAGoAOIAfgBGACOAFLAKuAVsA3gCYgE2AKbAWiAwIBh4DIhgAUAbQA8ACxAGyAR6IgOgAqACsAFwAQwAiQBSADIAGWANQAbIA4gB-AEYAKWAVcA1gB8gENgIvASIAmwBOwChwFIgLkAYEAwkBh4DJxIAIABwA5xAAEA3gSCIAAgABcAFAAVAAyABwADwAIAARAAqAB4AD6AIYAiABMgCqAKwAWAAuABvADmAHoAQ0AiACJAEsAJoAUoAwwBkADLAGoANkAcQA7wB7AD4gH2AfoBGAClgF-AMIAYoA1gBtADcAG8APQAfIBDYCKgEXgJEATEAmUBNgCdgFIgKbAVgAsUBbAC5AF3gMCAYMAwkBhoDDwGRAMkAZOGgQgAqACsAFwAQwAiQBSADIAGWANIAagA2QBxAD8AIwAUsAq8BaAFpANYAbwA-QCGwEXgJEATYAnYBQ4CkQFyAMCAYSAw8BjADJw4AEABwYAIAbIA6gC-gGRioDIAFAAVABDACYAFwARwApABlgDUAHEAPwAjABHAClgFXgLQAtIBvAEggJiATYApsBcgDAgGHgMiFABABtADwAR6AvodBGAAXABQAFQALgAZAA4ACAAEQAMQAfABBgCGAIgATIAqgCsAFgALgAYgAzABvADmAHoAQwAiABLACYAE1AKMApQBkADKgGiAaQA1ABswDfAOAAcQA7wB7QD7APwAjABYoC0ALSAXMAvIBfgDCAGKANxAdMB1AD0AIbAREAi8BIICRAE2AJ2gU0BTYCrAFiwLYAtkBcAC5AF2gLvAYSAw0Bh4DEgGMAMeAZIAychAsAAWABQADIAIgAYgBBACGAEwAKoAXAAzABvAD0AI4AUgAygBqADfAHEAO8AfgBAwCMAFDgLQAtIBfgDCAGKAOoAegBIICRAE2QKaApsBYoC0YFsAW0AuABcgC7QGHgMSAZEAyclAjAAQAAsACgAFwAMgAcABiAEQAJgAVQAuABiADMAG0AQ0AiACJgFIAUoAygBpADZAHeAPwAjEBaAFpAMUAbgA6gCLwEiAJsAWKAu0Bh4DIgGTlIGoAC4AKAAqABcADIAHAAQAAxgCGAIgATAApABVACwAFwAMQAZgA5gCGAERAKMApQBlQDRANIAbIA4gB3wD7APwAjABHAChgFbALyAYQA2gBuADqAHoAReAkQBNgCdoFNAU2ArYBYoC2AFwALkAXaAw0Bh4DEgGMAMiAZIAycqABAB8UAAgDwA.YAAAAAAAAAAA; consentUUID=b51f5425-86c5-48eb-ad6d-c3db964691d6; _ga=GA1.2.1453521145.1579182536; _gid=GA1.2.1153036022.1598512459; PHPSESSID=uinv88ialc0mvana792o8atpe5
    [HTTP_HOST] => my.medical-tribune.de
    [HTTP_ORIGIN] => https://my.medical-tribune.de
    [HTTP_REFERER] => https://my.medical-tribune.de/register.php?mode=1
    [HTTP_UPGRADE_INSECURE_REQUESTS] => 1
    [HTTP_USER_AGENT] => Mozilla/5.0 (Windows NT 6.1; Win64; x64) AppleWebKit/537.36 (KHTML, like Gecko) Chrome/52.0.2743.116 Safari/537.36
    [PATH] => /bin:/usr/bin
    [QUERY_STRING] => mode=1
    [REDIRECT_STATUS] => 200
    [REMOTE_ADDR] => 217.7.128.226
    [REMOTE_PORT] => 41865
    [REQUEST_METHOD] => POST
    [REQUEST_SCHEME] => https
    [REQUEST_URI] => /register.php?mode=1
    [SCRIPT_FILENAME] => /home/mtde/public_html/my/register.php
    [SCRIPT_NAME] => /register.php
    [SERVER_ADDR] => 46.232.181.187
    [SERVER_ADMIN] => webmaster@my.medical-tribune.de
    [SERVER_NAME] => my.medical-tribune.de
    [SERVER_PORT] => 443
    [SERVER_PROTOCOL] => HTTP/1.1
    [SERVER_SIGNATURE] => 
    [SERVER_SOFTWARE] => Apache
    [SSL_TLS_SNI] => my.medical-tribune.de
    [UNIQUE_ID] => X0dewp@2pKajxUdmhhV@pgAAAUg
    [PHP_SELF] => /register.php
    [REQUEST_TIME_FLOAT] => 1598512834.5788
    [REQUEST_TIME] => 1598512834
)

27-08-2020 : praxis.matern@t-online.de,Array
(
    [CONTENT_LENGTH] => 3625
    [CONTENT_TYPE] => multipart/form-data; boundary=---------------------------16639611551413002821165728131
    [CONTEXT_DOCUMENT_ROOT] => /home/mtde/public_html/my
    [CONTEXT_PREFIX] => 
    [DOCUMENT_ROOT] => /home/mtde/public_html/my
    [GATEWAY_INTERFACE] => CGI/1.1
    [HTTPS] => on
    [HTTP_ACCEPT] => text/html,application/xhtml+xml,application/xml;q=0.9,image/webp,*/*;q=0.8
    [HTTP_ACCEPT_ENCODING] => gzip, deflate, br
    [HTTP_ACCEPT_LANGUAGE] => de,en-US;q=0.7,en;q=0.3
    [HTTP_CONNECTION] => keep-alive
    [HTTP_COOKIE] => _ga=GA1.2.1722116802.1598512682; _gid=GA1.2.1062109684.1598512682; consentUUID=cd9e018d-0fae-4a8b-a5b2-70475e4dd92a; euconsent-v2=CO4ya3sO4ya3sAGABBENA0CgAAAAAH_AAAYgGQkEGAAKAQBCWAAIEghEIAAIQxIAAAACigEAoEkACRQALI4CKUACABAYgIQIAQAAoAIBAAIAAEFAQAgAAIAAARAIAAQACAEAACAAAFABICAAACgEhAARABCAAQQAAQcggQEQABACBlBBBgACgEAQlgACBIoRCAACEMSAAAAAooRAKBJAAkUACyOAjlAAgAQGICECAEAIKAGAQACAABJQEAIAACAQAEQCAAEAAwBAAAgABBYASAgAAAqBIQAEQASgQEEAAEHIIEBUAQQAgQERkAoAFQAjgBlgDUAI4AUsAq4BvAExAMCGABQBtADwALEAbIBHoiAWACoAKwAiQBlgDUAKWAVcA1gB8gFDgMCEgAgAHADnEAAQDeBICgACAAVAA8AB8AFYARIAywBqAD9AKWAYoA1gBtADeAHyARUAmIBMoDAgGDBoBgAKgArACJAGWANQApYBVwDWAG8APkAocBgQcACAA4MACANkAvoVAKABUAI4AZYA1ACOAFLAKuAbwBMQDAhQAQAbQA8AEegL6HQBwAfABWAGoAWIAuYBigF2kIAwAjgBqAEDAKGAYoBdpKAKAAgANoAiQDFALtKQBQCOAFDANoArYBdpUACAD4oABAHg.YAAAAAAAAAAA; PHPSESSID=7tdof5t8fq8avbj7aetjl392g6
    [HTTP_HOST] => my.medical-tribune.de
    [HTTP_ORIGIN] => https://my.medical-tribune.de
    [HTTP_REFERER] => https://my.medical-tribune.de/register.php?mode=1
    [HTTP_UPGRADE_INSECURE_REQUESTS] => 1
    [HTTP_USER_AGENT] => Mozilla/5.0 (Windows NT 10.0; Win64; x64; rv:79.0) Gecko/20100101 Firefox/79.0
    [PATH] => /bin:/usr/bin
    [QUERY_STRING] => mode=1
    [REDIRECT_STATUS] => 200
    [REMOTE_ADDR] => 91.42.250.219
    [REMOTE_PORT] => 60633
    [REQUEST_METHOD] => POST
    [REQUEST_SCHEME] => https
    [REQUEST_URI] => /register.php?mode=1
    [SCRIPT_FILENAME] => /home/mtde/public_html/my/register.php
    [SCRIPT_NAME] => /register.php
    [SERVER_ADDR] => 46.232.181.187
    [SERVER_ADMIN] => webmaster@my.medical-tribune.de
    [SERVER_NAME] => my.medical-tribune.de
    [SERVER_PORT] => 443
    [SERVER_PROTOCOL] => HTTP/1.1
    [SERVER_SIGNATURE] => 
    [SERVER_SOFTWARE] => Apache
    [SSL_TLS_SNI] => my.medical-tribune.de
    [UNIQUE_ID] => X0dfKCPalp9QwX6WGpzrTgAAAAU
    [PHP_SELF] => /register.php
    [REQUEST_TIME_FLOAT] => 1598512936.7191
    [REQUEST_TIME] => 1598512936
)

27-08-2020 : chrisbe108@hotmail.com,Array
(
    [CONTENT_LENGTH] => 3023
    [CONTENT_TYPE] => multipart/form-data; boundary=---------------------------62905127720266207053215640456
    [CONTEXT_DOCUMENT_ROOT] => /home/mtde/public_html/my
    [CONTEXT_PREFIX] => 
    [DOCUMENT_ROOT] => /home/mtde/public_html/my
    [GATEWAY_INTERFACE] => CGI/1.1
    [HTTPS] => on
    [HTTP_ACCEPT] => text/html,application/xhtml+xml,application/xml;q=0.9,image/webp,*/*;q=0.8
    [HTTP_ACCEPT_ENCODING] => gzip, deflate, br
    [HTTP_ACCEPT_LANGUAGE] => de,en-US;q=0.7,en;q=0.3
    [HTTP_CONNECTION] => keep-alive
    [HTTP_COOKIE] => consentUUID=9eeefa35-74df-4c14-965e-5c84a93747d3; _ga=GA1.2.881501631.1598517915; _gid=GA1.2.1173203581.1598517915; euconsent-v2=CO4yntjO4yntjAGABBENA0CgAAAAAH_AAAYgGQkEGAAKAQBCWAAIEghEIAAIQxIAAAACigEAoEkACRQALI4CKUACABAYgIQIAQAAoAIBAAIAAEFAQAgAAIAAARAIAAQACAEAACAAAFABICAAACgEhAARABCAAQQAAQcggQEQABACBlBBBgACgEAQlgACBIoRCAACEMSAAAAAooRAKBJAAkUACyOAjlAAgAQGICECAEAIKAGAQACAABJQEAIAACAQAEQCAAEAAwBAAAgABBYASAgAAAqBIQAEQASgQEEAAEHIIEBUAQQAgQERkAoAFQAjgBlgDUAI4AUsAq4BvAExAMCGABQBtADwALEAbIBHoiAWACoAKwAiQBlgDUAKWAVcA1gB8gFDgMCEgAgAHADnEAAQDeBICgACAAVAA8AB8AFYARIAywBqAD9AKWAYoA1gBtADeAHyARUAmIBMoDAgGDBoBgAKgArACJAGWANQApYBVwDWAG8APkAocBgQcACAA4MACANkAvoVAKABUAI4AZYA1ACOAFLAKuAbwBMQDAhQAQAbQA8AEegL6HQBwAfABWAGoAWIAuYBigF2kIAwAjgBqAEDAKGAYoBdpKAKAAgANoAiQDFALtKQBQCOAFDANoArYBdpUACAD4oABAHg.YAAAAAAAAAAA; PHPSESSID=bdbrrtaalb9c4niiujffqvhl37
    [HTTP_HOST] => my.medical-tribune.de
    [HTTP_ORIGIN] => https://my.medical-tribune.de
    [HTTP_REFERER] => https://my.medical-tribune.de/register.php?mode=1
    [HTTP_UPGRADE_INSECURE_REQUESTS] => 1
    [HTTP_USER_AGENT] => Mozilla/5.0 (Windows NT 10.0; Win64; x64; rv:79.0) Gecko/20100101 Firefox/79.0
    [PATH] => /bin:/usr/bin
    [QUERY_STRING] => mode=1
    [REDIRECT_STATUS] => 200
    [REMOTE_ADDR] => 31.17.239.10
    [REMOTE_PORT] => 49842
    [REQUEST_METHOD] => POST
    [REQUEST_SCHEME] => https
    [REQUEST_URI] => /register.php?mode=1
    [SCRIPT_FILENAME] => /home/mtde/public_html/my/register.php
    [SCRIPT_NAME] => /register.php
    [SERVER_ADDR] => 46.232.181.187
    [SERVER_ADMIN] => webmaster@my.medical-tribune.de
    [SERVER_NAME] => my.medical-tribune.de
    [SERVER_PORT] => 443
    [SERVER_PROTOCOL] => HTTP/1.1
    [SERVER_SIGNATURE] => 
    [SERVER_SOFTWARE] => Apache
    [SSL_TLS_SNI] => my.medical-tribune.de
    [UNIQUE_ID] => X0dzzHrpoarVCJM33RCvOgAAAIg
    [PHP_SELF] => /register.php
    [REQUEST_TIME_FLOAT] => 1598518220.6699
    [REQUEST_TIME] => 1598518220
)

27-08-2020 : friederikewunsch@gmx.de,Array
(
    [CONTENT_LENGTH] => 3118
    [CONTENT_TYPE] => multipart/form-data; boundary=----WebKitFormBoundarynC2ZrX2XCuvTCjAh
    [CONTEXT_DOCUMENT_ROOT] => /home/mtde/public_html/my
    [CONTEXT_PREFIX] => 
    [DOCUMENT_ROOT] => /home/mtde/public_html/my
    [GATEWAY_INTERFACE] => CGI/1.1
    [HTTPS] => on
    [HTTP_ACCEPT] => text/html,application/xhtml+xml,application/xml;q=0.9,image/webp,image/apng,*/*;q=0.8,application/signed-exchange;v=b3;q=0.9
    [HTTP_ACCEPT_ENCODING] => gzip, deflate, br
    [HTTP_ACCEPT_LANGUAGE] => de-DE,de;q=0.9,en-US;q=0.8,en;q=0.7
    [HTTP_CACHE_CONTROL] => max-age=0
    [HTTP_CONNECTION] => keep-alive
    [HTTP_COOKIE] => _ga=GA1.2.1239924646.1598450447; _gid=GA1.2.892309994.1598450447; consentUUID=e337dc56-cd8c-4ff0-8b08-f4d044fe5e63; euconsent-v2=CO4wC7GO4wC7GAGABCENA0CgAP_AAH_AAAYgGVtf_X9fb2_j-_5999t0eY1f9_63t-wzjgeNs-8NyZ_X_J4Xr2MyvB34pqYKmR4EunLBAQdlHGHcTQgAwIkFqTLsYk2MizNKJ7JEilMbc2dYGG1vn8XT_ZCY70-_f__7v3-_-___6oGUEEGAAKAQBCWAAIEihEIQAIQxIAIAACihEAgEkACRQALI4COUACABAYgIQIAQAgoAYBAAIAAElAQAgAAIBQARAIAAQADAEAACAAEFgBIiAAACoEhAARABKBAQUAAQcggQFQBBACBARGQGAAKAAqACGAEwALgAjgBSADLAGoAOIAfgBGACOAFLAKuAVsA3gCYgE2AKbAWiAwIBh4DIhgAUAbQA8ACxAGyAR6IgOgAqACsAFwAQwAiQBSADIAGWANQAbIA4gB-AEYAKWAVcA1gB8gENgIvASIAmwBOwChwFIgLkAYEAwkBh4DJxIAIABwA5xAAEA3gSCIAAgABcAFAAVAAyABwADwAIAARAAqAB4AD6AIYAiABMgCqAKwAWAAuABvADmAHoAQ0AiACJAEsAJoAUoAwwBkADLAGoANkAcQA7wB7AD4gH2AfoBGAClgF-AMIAYoA1gBtADcAG8APQAfIBDYCKgEXgJEATEAmUBNgCdgFIgKbAVgAsUBbAC5AF3gMCAYMAwkBhoDDwGRAMkAZOGgQgAqACsAFwAQwAiQBSADIAGWANIAagA2QBxAD8AIwAUsAq8BaAFpANYAbwA-QCGwEXgJEATYAnYBQ4CkQFyAMCAYSAw8BjADJw4AEABwYAIAbIA6gC-gGRioDIAFAAVABDACYAFwARwApABlgDUAHEAPwAjABHAClgFXgLQAtIBvAEggJiATYApsBcgDAgGHgMiFABABtADwAR6AvodBGAAXABQAFQALgAZAA4ACAAEQAMQAfABBgCGAIgATIAqgCsAFgALgAYgAzABvADmAHoAQwAiABLACYAE1AKMApQBkADKgGiAaQA1ABswDfAOAAcQA7wB7QD7APwAjABYoC0ALSAXMAvIBfgDCAGKANxAdMB1AD0AIbAREAi8BIICRAE2AJ2gU0BTYCrAFiwLYAtkBcAC5AF2gLvAYSAw0Bh4DEgGMAMeAZIAychAsAAWABQADIAIgAYgBBACGAEwAKoAXAAzABvAD0AI4AUgAygBqADfAHEAO8AfgBAwCMAFDgLQAtIBfgDCAGKAOoAegBIICRAE2QKaApsBYoC0YFsAW0AuABcgC7QGHgMSAZEAyclAjAAQAAsACgAFwAMgAcABiAEQAJgAVQAuABiADMAG0AQ0AiACJgFIAUoAygBpADZAHeAPwAjEBaAFpAMUAbgA6gCLwEiAJsAWKAu0Bh4DIgGTlIGoAC4AKAAqABcADIAHAAQAAxgCGAIgATAApABVACwAFwAMQAZgA5gCGAERAKMApQBlQDRANIAbIA4gB3wD7APwAjABHAChgFbALyAYQA2gBuADqAHoAReAkQBNgCdoFNAU2ArYBYoC2AFwALkAXaAw0Bh4DEgGMAMiAZIAycqABAB8UAAgDwA.YAAAAAAAAAAA; PHPSESSID=nfedjumf0nsf2mbdqn565a3te2
    [HTTP_HOST] => my.medical-tribune.de
    [HTTP_ORIGIN] => https://my.medical-tribune.de
    [HTTP_REFERER] => https://my.medical-tribune.de/register.php?mode=1
    [HTTP_SEC_FETCH_MODE] => nested-navigate
    [HTTP_SEC_FETCH_SITE] => same-origin
    [HTTP_SEC_FETCH_USER] => ?1
    [HTTP_UPGRADE_INSECURE_REQUESTS] => 1
    [HTTP_USER_AGENT] => Mozilla/5.0 (Linux; Android 9; SAMSUNG SM-A405FN) AppleWebKit/537.36 (KHTML, like Gecko) SamsungBrowser/12.1 Chrome/79.0.3945.136 Mobile Safari/537.36
    [PATH] => /bin:/usr/bin
    [QUERY_STRING] => mode=1
    [REDIRECT_STATUS] => 200
    [REMOTE_ADDR] => 2.247.248.168
    [REMOTE_PORT] => 5028
    [REQUEST_METHOD] => POST
    [REQUEST_SCHEME] => https
    [REQUEST_URI] => /register.php?mode=1
    [SCRIPT_FILENAME] => /home/mtde/public_html/my/register.php
    [SCRIPT_NAME] => /register.php
    [SERVER_ADDR] => 46.232.181.187
    [SERVER_ADMIN] => webmaster@my.medical-tribune.de
    [SERVER_NAME] => my.medical-tribune.de
    [SERVER_PORT] => 443
    [SERVER_PROTOCOL] => HTTP/1.1
    [SERVER_SIGNATURE] => 
    [SERVER_SOFTWARE] => Apache
    [SSL_TLS_SNI] => my.medical-tribune.de
    [UNIQUE_ID] => X0d1NJFo0juaRcaC@rTaAwAAAEU
    [PHP_SELF] => /register.php
    [REQUEST_TIME_FLOAT] => 1598518581.0054
    [REQUEST_TIME] => 1598518581
)

27-08-2020 : cornelia.wolf@glkn.de,Array
(
    [CONTENT_LENGTH] => 2120
    [CONTENT_TYPE] => multipart/form-data; boundary=---------------------------7e4165e20226
    [CONTEXT_DOCUMENT_ROOT] => /home/mtde/public_html/my
    [CONTEXT_PREFIX] => 
    [DOCUMENT_ROOT] => /home/mtde/public_html/my
    [GATEWAY_INTERFACE] => CGI/1.1
    [HTTPS] => on
    [HTTP_ACCEPT] => text/html,application/xhtml+xml,application/xml;q=0.9,*/*;q=0.8
    [HTTP_ACCEPT_ENCODING] => gzip, deflate, br
    [HTTP_ACCEPT_LANGUAGE] => de-DE
    [HTTP_CACHE_CONTROL] => max-age=0
    [HTTP_CONNECTION] => Keep-Alive
    [HTTP_COOKIE] => euconsent-v2=CO4ysF4O4ysF4AGABCENA0CgAP_AAH_AAAYgGVtf_X9fb2_j-_5999t0eY1f9_63t-wzjgeNs-8NyZ_X_J4Xr2MyvB34pqYKmR4EunLBAQdlHGHcTQgAwIkFqTLsYk2MizNKJ7JEilMbc2dYGG1vn8XT_ZCY70-_f__7v3-_-___6oGUEEGAAKAQBCWAAIEihEIQAIQxIAIAACihEAgEkACRQALI4COUACABAYgIQIAQAgoAYBAAIAAElAQAgAAIBQARAIAAQADAEAACAAEFgBIiAAACoEhAARABKBAQUAAQcggQFQBBACBARGQGAAKAAqACGAEwALgAjgBSADLAGoAOIAfgBGACOAFLAKuAVsA3gCYgE2AKbAWiAwIBh4DIhgAUAbQA8ACxAGyAR6IgOgAqACsAFwAQwAiQBSADIAGWANQAbIA4gB-AEYAKWAVcA1gB8gENgIvASIAmwBOwChwFIgLkAYEAwkBh4DJxIAIABwA5xAAEA3gSCIAAgABcAFAAVAAyABwADwAIAARAAqAB4AD6AIYAiABMgCqAKwAWAAuABvADmAHoAQ0AiACJAEsAJoAUoAwwBkADLAGoANkAcQA7wB7AD4gH2AfoBGAClgF-AMIAYoA1gBtADcAG8APQAfIBDYCKgEXgJEATEAmUBNgCdgFIgKbAVgAsUBbAC5AF3gMCAYMAwkBhoDDwGRAMkAZOGgQgAqACsAFwAQwAiQBSADIAGWANIAagA2QBxAD8AIwAUsAq8BaAFpANYAbwA-QCGwEXgJEATYAnYBQ4CkQFyAMCAYSAw8BjADJw4AEABwYAIAbIA6gC-gGRioDIAFAAVABDACYAFwARwApABlgDUAHEAPwAjABHAClgFXgLQAtIBvAEggJiATYApsBcgDAgGHgMiFABABtADwAR6AvodBGAAXABQAFQALgAZAA4ACAAEQAMQAfABBgCGAIgATIAqgCsAFgALgAYgAzABvADmAHoAQwAiABLACYAE1AKMApQBkADKgGiAaQA1ABswDfAOAAcQA7wB7QD7APwAjABYoC0ALSAXMAvIBfgDCAGKANxAdMB1AD0AIbAREAi8BIICRAE2AJ2gU0BTYCrAFiwLYAtkBcAC5AF2gLvAYSAw0Bh4DEgGMAMeAZIAychAsAAWABQADIAIgAYgBBACGAEwAKoAXAAzABvAD0AI4AUgAygBqADfAHEAO8AfgBAwCMAFDgLQAtIBfgDCAGKAOoAegBIICRAE2QKaApsBYoC0YFsAW0AuABcgC7QGHgMSAZEAyclAjAAQAAsACgAFwAMgAcABiAEQAJgAVQAuABiADMAG0AQ0AiACJgFIAUoAygBpADZAHeAPwAjEBaAFpAMUAbgA6gCLwEiAJsAWKAu0Bh4DIgGTlIGoAC4AKAAqABcADIAHAAQAAxgCGAIgATAApABVACwAFwAMQAZgA5gCGAERAKMApQBlQDRANIAbIA4gB3wD7APwAjABHAChgFbALyAYQA2gBuADqAHoAReAkQBNgCdoFNAU2ArYBYoC2AFwALkAXaAw0Bh4DEgGMAMiAZIAycqABAB8UAAgDwA.YAAAAAAAAAAA; _gid=GA1.2.39271115.1598519741; _ga=GA1.2.1983941966.1598519741; consentUUID=3bb6eeb6-4396-47be-a5a3-5b331002a38b; PHPSESSID=l2c70mc993bfld1g8qtcipi841
    [HTTP_HOST] => my.medical-tribune.de
    [HTTP_REFERER] => https://my.medical-tribune.de/register.php?mode=1
    [HTTP_UPGRADE_INSECURE_REQUESTS] => 1
    [HTTP_USER_AGENT] => Mozilla/5.0 (Windows NT 10.0; Win64; x64) AppleWebKit/537.36 (KHTML, like Gecko) Chrome/70.0.3538.102 Safari/537.36 Edge/18.18363
    [PATH] => /bin:/usr/bin
    [QUERY_STRING] => mode=1
    [REDIRECT_STATUS] => 200
    [REMOTE_ADDR] => 31.47.87.176
    [REMOTE_PORT] => 59767
    [REQUEST_METHOD] => POST
    [REQUEST_SCHEME] => https
    [REQUEST_URI] => /register.php?mode=1
    [SCRIPT_FILENAME] => /home/mtde/public_html/my/register.php
    [SCRIPT_NAME] => /register.php
    [SERVER_ADDR] => 46.232.181.187
    [SERVER_ADMIN] => webmaster@my.medical-tribune.de
    [SERVER_NAME] => my.medical-tribune.de
    [SERVER_PORT] => 443
    [SERVER_PROTOCOL] => HTTP/1.1
    [SERVER_SIGNATURE] => 
    [SERVER_SOFTWARE] => Apache
    [SSL_TLS_SNI] => my.medical-tribune.de
    [UNIQUE_ID] => X0d-BnrpoarVCJM33RC3VwAAAJE
    [PHP_SELF] => /register.php
    [REQUEST_TIME_FLOAT] => 1598521094.4563
    [REQUEST_TIME] => 1598521094
)

27-08-2020 : hausaerztinnen-altenberge@interdata.de,Array
(
    [CONTENT_LENGTH] => 3742
    [CONTENT_TYPE] => multipart/form-data; boundary=---------------------------32759450317416154084287447245
    [CONTEXT_DOCUMENT_ROOT] => /home/mtde/public_html/my
    [CONTEXT_PREFIX] => 
    [DOCUMENT_ROOT] => /home/mtde/public_html/my
    [GATEWAY_INTERFACE] => CGI/1.1
    [HTTPS] => on
    [HTTP_ACCEPT] => text/html,application/xhtml+xml,application/xml;q=0.9,image/webp,*/*;q=0.8
    [HTTP_ACCEPT_ENCODING] => gzip, deflate, br
    [HTTP_ACCEPT_LANGUAGE] => de,en-US;q=0.7,en;q=0.3
    [HTTP_CONNECTION] => keep-alive
    [HTTP_COOKIE] => consentUUID=447578a0-4dd9-464d-b338-debec957f596; _ga=GA1.2.14335505.1598521078; _gid=GA1.2.1514410141.1598521078; euconsent-v2=CO4yvWmO4yvWmAGABCENA0CgAP_AAH_AAAYgGVtf_X9fb2_j-_5999t0eY1f9_63t-wzjgeNs-8NyZ_X_J4Xr2MyvB34pqYKmR4EunLBAQdlHGHcTQgAwIkFqTLsYk2MizNKJ7JEilMbc2dYGG1vn8XT_ZCY70-_f__7v3-_-___6oGUEEGAAKAQBCWAAIEihEIQAIQxIAIAACihEAgEkACRQALI4COUACABAYgIQIAQAgoAYBAAIAAElAQAgAAIBQARAIAAQADAEAACAAEFgBIiAAACoEhAARABKBAQUAAQcggQFQBBACBARGQGAAKAAqACGAEwALgAjgBSADLAGoAOIAfgBGACOAFLAKuAVsA3gCYgE2AKbAWiAwIBh4DIhgAUAbQA8ACxAGyAR6IgOgAqACsAFwAQwAiQBSADIAGWANQAbIA4gB-AEYAKWAVcA1gB8gENgIvASIAmwBOwChwFIgLkAYEAwkBh4DJxIAIABwA5xAAEA3gSCIAAgABcAFAAVAAyABwADwAIAARAAqAB4AD6AIYAiABMgCqAKwAWAAuABvADmAHoAQ0AiACJAEsAJoAUoAwwBkADLAGoANkAcQA7wB7AD4gH2AfoBGAClgF-AMIAYoA1gBtADcAG8APQAfIBDYCKgEXgJEATEAmUBNgCdgFIgKbAVgAsUBbAC5AF3gMCAYMAwkBhoDDwGRAMkAZOGgQgAqACsAFwAQwAiQBSADIAGWANIAagA2QBxAD8AIwAUsAq8BaAFpANYAbwA-QCGwEXgJEATYAnYBQ4CkQFyAMCAYSAw8BjADJw4AEABwYAIAbIA6gC-gGRioDIAFAAVABDACYAFwARwApABlgDUAHEAPwAjABHAClgFXgLQAtIBvAEggJiATYApsBcgDAgGHgMiFABABtADwAR6AvodBGAAXABQAFQALgAZAA4ACAAEQAMQAfABBgCGAIgATIAqgCsAFgALgAYgAzABvADmAHoAQwAiABLACYAE1AKMApQBkADKgGiAaQA1ABswDfAOAAcQA7wB7QD7APwAjABYoC0ALSAXMAvIBfgDCAGKANxAdMB1AD0AIbAREAi8BIICRAE2AJ2gU0BTYCrAFiwLYAtkBcAC5AF2gLvAYSAw0Bh4DEgGMAMeAZIAychAsAAWABQADIAIgAYgBBACGAEwAKoAXAAzABvAD0AI4AUgAygBqADfAHEAO8AfgBAwCMAFDgLQAtIBfgDCAGKAOoAegBIICRAE2QKaApsBYoC0YFsAW0AuABcgC7QGHgMSAZEAyclAjAAQAAsACgAFwAMgAcABiAEQAJgAVQAuABiADMAG0AQ0AiACJgFIAUoAygBpADZAHeAPwAjEBaAFpAMUAbgA6gCLwEiAJsAWKAu0Bh4DIgGTlIGoAC4AKAAqABcADIAHAAQAAxgCGAIgATAApABVACwAFwAMQAZgA5gCGAERAKMApQBlQDRANIAbIA4gB3wD7APwAjABHAChgFbALyAYQA2gBuADqAHoAReAkQBNgCdoFNAU2ArYBYoC2AFwALkAXaAw0Bh4DEgGMAMiAZIAycqABAB8UAAgDwA.YAAAAAAAAAAA; PHPSESSID=pcvfuj8rqj6n5tif22liaqp4d6
    [HTTP_HOST] => my.medical-tribune.de
    [HTTP_ORIGIN] => https://my.medical-tribune.de
    [HTTP_REFERER] => https://my.medical-tribune.de/register.php?mode=1
    [HTTP_UPGRADE_INSECURE_REQUESTS] => 1
    [HTTP_USER_AGENT] => Mozilla/5.0 (Windows NT 10.0; Win64; x64; rv:79.0) Gecko/20100101 Firefox/79.0
    [PATH] => /bin:/usr/bin
    [QUERY_STRING] => mode=1
    [REDIRECT_STATUS] => 200
    [REMOTE_ADDR] => 85.8.98.150
    [REMOTE_PORT] => 33660
    [REQUEST_METHOD] => POST
    [REQUEST_SCHEME] => https
    [REQUEST_URI] => /register.php?mode=1
    [SCRIPT_FILENAME] => /home/mtde/public_html/my/register.php
    [SCRIPT_NAME] => /register.php
    [SERVER_ADDR] => 46.232.181.187
    [SERVER_ADMIN] => webmaster@my.medical-tribune.de
    [SERVER_NAME] => my.medical-tribune.de
    [SERVER_PORT] => 443
    [SERVER_PROTOCOL] => HTTP/1.1
    [SERVER_SIGNATURE] => 
    [SERVER_SOFTWARE] => Apache
    [SSL_TLS_SNI] => my.medical-tribune.de
    [UNIQUE_ID] => X0eAzyPalp9QwX6WGpwDTgAAAAU
    [PHP_SELF] => /register.php
    [REQUEST_TIME_FLOAT] => 1598521551.0741
    [REQUEST_TIME] => 1598521551
)

27-08-2020 : dorith-weinrauch@t-online.de,Array
(
    [CONTENT_LENGTH] => 3233
    [CONTENT_TYPE] => multipart/form-data; boundary=----WebKitFormBoundaryVzNurADKB5RUgAPf
    [CONTEXT_DOCUMENT_ROOT] => /home/mtde/public_html/my
    [CONTEXT_PREFIX] => 
    [DOCUMENT_ROOT] => /home/mtde/public_html/my
    [GATEWAY_INTERFACE] => CGI/1.1
    [HTTPS] => on
    [HTTP_ACCEPT] => text/html,application/xhtml+xml,application/xml;q=0.9,image/avif,image/webp,image/apng,*/*;q=0.8,application/signed-exchange;v=b3;q=0.9
    [HTTP_ACCEPT_ENCODING] => gzip, deflate, br
    [HTTP_ACCEPT_LANGUAGE] => de-DE,de;q=0.9,en-US;q=0.8,en;q=0.7
    [HTTP_CACHE_CONTROL] => max-age=0
    [HTTP_CONNECTION] => keep-alive
    [HTTP_COOKIE] => _ga=GA1.2.465687092.1592927443; _gid=GA1.2.1462210310.1598524111; consentUUID=eb1d42a1-b3a3-411b-baf1-b676dc9c9cf0; euconsent-v2=CO4y2wyO4y2wyAGABCENA0CgAP_AAH_AAAYgGVtf_X9fb2_j-_5999t0eY1f9_63t-wzjgeNs-8NyZ_X_J4Xr2MyvB34pqYKmR4EunLBAQdlHGHcTQgAwIkFqTLsYk2MizNKJ7JEilMbc2dYGG1vn8XT_ZCY70-_f__7v3-_-___6oGUEEGAAKAQBCWAAIEihEIQAIQxIAIAACihEAgEkACRQALI4COUACABAYgIQIAQAgoAYBAAIAAElAQAgAAIBQARAIAAQADAEAACAAEFgBIiAAACoEhAARABKBAQUAAQcggQFQBBACBARGQGAAKAAqACGAEwALgAjgBSADLAGoAOIAfgBGACOAFLAKuAVsA3gCYgE2AKbAWiAwIBh4DIhgAUAbQA8ACxAGyAR6IgOgAqACsAFwAQwAiQBSADIAGWANQAbIA4gB-AEYAKWAVcA1gB8gENgIvASIAmwBOwChwFIgLkAYEAwkBh4DJxIAIABwA5xAAEA3gSCIAAgABcAFAAVAAyABwADwAIAARAAqAB4AD6AIYAiABMgCqAKwAWAAuABvADmAHoAQ0AiACJAEsAJoAUoAwwBkADLAGoANkAcQA7wB7AD4gH2AfoBGAClgF-AMIAYoA1gBtADcAG8APQAfIBDYCKgEXgJEATEAmUBNgCdgFIgKbAVgAsUBbAC5AF3gMCAYMAwkBhoDDwGRAMkAZOGgQgAqACsAFwAQwAiQBSADIAGWANIAagA2QBxAD8AIwAUsAq8BaAFpANYAbwA-QCGwEXgJEATYAnYBQ4CkQFyAMCAYSAw8BjADJw4AEABwYAIAbIA6gC-gGRioDIAFAAVABDACYAFwARwApABlgDUAHEAPwAjABHAClgFXgLQAtIBvAEggJiATYApsBcgDAgGHgMiFABABtADwAR6AvodBGAAXABQAFQALgAZAA4ACAAEQAMQAfABBgCGAIgATIAqgCsAFgALgAYgAzABvADmAHoAQwAiABLACYAE1AKMApQBkADKgGiAaQA1ABswDfAOAAcQA7wB7QD7APwAjABYoC0ALSAXMAvIBfgDCAGKANxAdMB1AD0AIbAREAi8BIICRAE2AJ2gU0BTYCrAFiwLYAtkBcAC5AF2gLvAYSAw0Bh4DEgGMAMeAZIAychAsAAWABQADIAIgAYgBBACGAEwAKoAXAAzABvAD0AI4AUgAygBqADfAHEAO8AfgBAwCMAFDgLQAtIBfgDCAGKAOoAegBIICRAE2QKaApsBYoC0YFsAW0AuABcgC7QGHgMSAZEAyclAjAAQAAsACgAFwAMgAcABiAEQAJgAVQAuABiADMAG0AQ0AiACJgFIAUoAygBpADZAHeAPwAjEBaAFpAMUAbgA6gCLwEiAJsAWKAu0Bh4DIgGTlIGoAC4AKAAqABcADIAHAAQAAxgCGAIgATAApABVACwAFwAMQAZgA5gCGAERAKMApQBlQDRANIAbIA4gB3wD7APwAjABHAChgFbALyAYQA2gBuADqAHoAReAkQBNgCdoFNAU2ArYBYoC2AFwALkAXaAw0Bh4DEgGMAMiAZIAycqABAB8UAAgDwA.YAAAAAAAAAAA; PHPSESSID=pltsabav1usq5mim641tg5f985
    [HTTP_HOST] => my.medical-tribune.de
    [HTTP_ORIGIN] => https://my.medical-tribune.de
    [HTTP_REFERER] => https://my.medical-tribune.de/register.php?mode=1
    [HTTP_SEC_FETCH_DEST] => iframe
    [HTTP_SEC_FETCH_MODE] => navigate
    [HTTP_SEC_FETCH_SITE] => same-origin
    [HTTP_SEC_FETCH_USER] => ?1
    [HTTP_UPGRADE_INSECURE_REQUESTS] => 1
    [HTTP_USER_AGENT] => Mozilla/5.0 (Windows NT 10.0; Win64; x64) AppleWebKit/537.36 (KHTML, like Gecko) Chrome/85.0.4183.83 Safari/537.36
    [PATH] => /bin:/usr/bin
    [QUERY_STRING] => mode=1
    [REDIRECT_STATUS] => 200
    [REMOTE_ADDR] => 87.150.92.109
    [REMOTE_PORT] => 42141
    [REQUEST_METHOD] => POST
    [REQUEST_SCHEME] => https
    [REQUEST_URI] => /register.php?mode=1
    [SCRIPT_FILENAME] => /home/mtde/public_html/my/register.php
    [SCRIPT_NAME] => /register.php
    [SERVER_ADDR] => 46.232.181.187
    [SERVER_ADMIN] => webmaster@my.medical-tribune.de
    [SERVER_NAME] => my.medical-tribune.de
    [SERVER_PORT] => 443
    [SERVER_PROTOCOL] => HTTP/1.1
    [SERVER_SIGNATURE] => 
    [SERVER_SOFTWARE] => Apache
    [SSL_TLS_SNI] => my.medical-tribune.de
    [UNIQUE_ID] => X0eMXpFo0juaRcaC@rTqtwAAAE0
    [PHP_SELF] => /register.php
    [REQUEST_TIME_FLOAT] => 1598524510.5248
    [REQUEST_TIME] => 1598524510
)

27-08-2020 : AndreaGottlieb@t-online.de,Array
(
    [CONTENT_LENGTH] => 3457
    [CONTENT_TYPE] => multipart/form-data; boundary=---------------------------7e41e216100c6
    [CONTEXT_DOCUMENT_ROOT] => /home/mtde/public_html/my
    [CONTEXT_PREFIX] => 
    [DOCUMENT_ROOT] => /home/mtde/public_html/my
    [GATEWAY_INTERFACE] => CGI/1.1
    [HTTPS] => on
    [HTTP_ACCEPT] => text/html, application/xhtml+xml, image/jxr, */*
    [HTTP_ACCEPT_ENCODING] => gzip, deflate
    [HTTP_ACCEPT_LANGUAGE] => de-DE
    [HTTP_CACHE_CONTROL] => no-cache
    [HTTP_CONNECTION] => Keep-Alive
    [HTTP_COOKIE] => _ga=GA1.2.1698700409.1598524297; _gid=GA1.2.422319840.1598524297; consentUUID=b6c14289-9d29-4124-9594-0010e1881787; euconsent-v2=CO4y3SrO4y3SrAGABBENA0CgAAAAAH_AAAYgGQkEGAAKAQBCWAAIEghEIAAIQxIAAAACigEAoEkACRQALI4CKUACABAYgIQIAQAAoAIBAAIAAEFAQAgAAIAAARAIAAQACAEAACAAAFABICAAACgEhAARABCAAQQAAQcggQEQABACBlBBBgACgEAQlgACBIoRCAACEMSAAAAAooRAKBJAAkUACyOAjlAAgAQGICECAEAIKAGAQACAABJQEAIAACAQAEQCAAEAAwBAAAgABBYASAgAAAqBIQAEQASgQEEAAEHIIEBUAQQAgQERkAoAFQAjgBlgDUAI4AUsAq4BvAExAMCGABQBtADwALEAbIBHoiAWACoAKwAiQBlgDUAKWAVcA1gB8gFDgMCEgAgAHADnEAAQDeBICgACAAVAA8AB8AFYARIAywBqAD9AKWAYoA1gBtADeAHyARUAmIBMoDAgGDBoBgAKgArACJAGWANQApYBVwDWAG8APkAocBgQcACAA4MACANkAvoVAKABUAI4AZYA1ACOAFLAKuAbwBMQDAhQAQAbQA8AEegL6HQBwAfABWAGoAWIAuYBigF2kIAwAjgBqAEDAKGAYoBdpKAKAAgANoAiQDFALtKQBQCOAFDANoArYBdpUACAD4oABAHg.YAAAAAAAAAAA; PHPSESSID=1oe2g2efndjg5uhhcf1cqo7pl3
    [HTTP_HOST] => my.medical-tribune.de
    [HTTP_REFERER] => https://my.medical-tribune.de/register.php?mode=1
    [HTTP_USER_AGENT] => Mozilla/5.0 (Windows NT 10.0; WOW64; Trident/7.0; rv:11.0) like Gecko
    [PATH] => /bin:/usr/bin
    [QUERY_STRING] => mode=1
    [REDIRECT_STATUS] => 200
    [REMOTE_ADDR] => 141.90.9.34
    [REMOTE_PORT] => 55119
    [REQUEST_METHOD] => POST
    [REQUEST_SCHEME] => https
    [REQUEST_URI] => /register.php?mode=1
    [SCRIPT_FILENAME] => /home/mtde/public_html/my/register.php
    [SCRIPT_NAME] => /register.php
    [SERVER_ADDR] => 46.232.181.187
    [SERVER_ADMIN] => webmaster@my.medical-tribune.de
    [SERVER_NAME] => my.medical-tribune.de
    [SERVER_PORT] => 443
    [SERVER_PROTOCOL] => HTTP/1.1
    [SERVER_SIGNATURE] => 
    [SERVER_SOFTWARE] => Apache
    [SSL_TLS_SNI] => my.medical-tribune.de
    [UNIQUE_ID] => X0eODpFo0juaRcaC@rTsAwAAAEE
    [PHP_SELF] => /register.php
    [REQUEST_TIME_FLOAT] => 1598524942.548
    [REQUEST_TIME] => 1598524942
)

27-08-2020 : columbus@aon.at,Array
(
    [CONTENT_LENGTH] => 2763
    [CONTENT_TYPE] => multipart/form-data; boundary=---------------------------7e430ea20c9e
    [CONTEXT_DOCUMENT_ROOT] => /home/mtde/public_html/my
    [CONTEXT_PREFIX] => 
    [DOCUMENT_ROOT] => /home/mtde/public_html/my
    [GATEWAY_INTERFACE] => CGI/1.1
    [HTTPS] => on
    [HTTP_ACCEPT] => text/html,application/xhtml+xml,application/xml;q=0.9,*/*;q=0.8
    [HTTP_ACCEPT_ENCODING] => gzip, deflate, br
    [HTTP_ACCEPT_LANGUAGE] => de-DE
    [HTTP_CACHE_CONTROL] => max-age=0
    [HTTP_CONNECTION] => Keep-Alive
    [HTTP_COOKIE] => _ga=GA1.2.1433847835.1598527454; _gid=GA1.2.1173684064.1598527454; consentUUID=d46e07ca-e538-40ea-9997-11265ffe2a3e; euconsent-v2=CO4y-7uO4y-7uAGABCENA0CgAP_AAH_AAAYgGVtf_X9fb2_j-_5999t0eY1f9_63t-wzjgeNs-8NyZ_X_J4Xr2MyvB34pqYKmR4EunLBAQdlHGHcTQgAwIkFqTLsYk2MizNKJ7JEilMbc2dYGG1vn8XT_ZCY70-_f__7v3-_-___6oGUEEGAAKAQBCWAAIEihEIQAIQxIAIAACihEAgEkACRQALI4COUACABAYgIQIAQAgoAYBAAIAAElAQAgAAIBQARAIAAQADAEAACAAEFgBIiAAACoEhAARABKBAQUAAQcggQFQBBACBARGQGAAKAAqACGAEwALgAjgBSADLAGoAOIAfgBGACOAFLAKuAVsA3gCYgE2AKbAWiAwIBh4DIhgAUAbQA8ACxAGyAR6IgOgAqACsAFwAQwAiQBSADIAGWANQAbIA4gB-AEYAKWAVcA1gB8gENgIvASIAmwBOwChwFIgLkAYEAwkBh4DJxIAIABwA5xAAEA3gSCIAAgABcAFAAVAAyABwADwAIAARAAqAB4AD6AIYAiABMgCqAKwAWAAuABvADmAHoAQ0AiACJAEsAJoAUoAwwBkADLAGoANkAcQA7wB7AD4gH2AfoBGAClgF-AMIAYoA1gBtADcAG8APQAfIBDYCKgEXgJEATEAmUBNgCdgFIgKbAVgAsUBbAC5AF3gMCAYMAwkBhoDDwGRAMkAZOGgQgAqACsAFwAQwAiQBSADIAGWANIAagA2QBxAD8AIwAUsAq8BaAFpANYAbwA-QCGwEXgJEATYAnYBQ4CkQFyAMCAYSAw8BjADJw4AEABwYAIAbIA6gC-gGRioDIAFAAVABDACYAFwARwApABlgDUAHEAPwAjABHAClgFXgLQAtIBvAEggJiATYApsBcgDAgGHgMiFABABtADwAR6AvodBGAAXABQAFQALgAZAA4ACAAEQAMQAfABBgCGAIgATIAqgCsAFgALgAYgAzABvADmAHoAQwAiABLACYAE1AKMApQBkADKgGiAaQA1ABswDfAOAAcQA7wB7QD7APwAjABYoC0ALSAXMAvIBfgDCAGKANxAdMB1AD0AIbAREAi8BIICRAE2AJ2gU0BTYCrAFiwLYAtkBcAC5AF2gLvAYSAw0Bh4DEgGMAMeAZIAychAsAAWABQADIAIgAYgBBACGAEwAKoAXAAzABvAD0AI4AUgAygBqADfAHEAO8AfgBAwCMAFDgLQAtIBfgDCAGKAOoAegBIICRAE2QKaApsBYoC0YFsAW0AuABcgC7QGHgMSAZEAyclAjAAQAAsACgAFwAMgAcABiAEQAJgAVQAuABiADMAG0AQ0AiACJgFIAUoAygBpADZAHeAPwAjEBaAFpAMUAbgA6gCLwEiAJsAWKAu0Bh4DIgGTlIGoAC4AKAAqABcADIAHAAQAAxgCGAIgATAApABVACwAFwAMQAZgA5gCGAERAKMApQBlQDRANIAbIA4gB3wD7APwAjABHAChgFbALyAYQA2gBuADqAHoAReAkQBNgCdoFNAU2ArYBYoC2AFwALkAXaAw0Bh4DEgGMAMiAZIAycqABAB8UAAgDwA.YAAAAAAAAAAA; PHPSESSID=iksruuh8i4t4ui2o0ai27v5a67
    [HTTP_DNT] => 1
    [HTTP_HOST] => my.medical-tribune.de
    [HTTP_REFERER] => https://my.medical-tribune.de/register.php?mode=1
    [HTTP_UPGRADE_INSECURE_REQUESTS] => 1
    [HTTP_USER_AGENT] => Mozilla/5.0 (Windows NT 10.0; Win64; x64) AppleWebKit/537.36 (KHTML, like Gecko) Chrome/64.0.3282.140 Safari/537.36 Edge/18.17763
    [PATH] => /bin:/usr/bin
    [QUERY_STRING] => mode=1
    [REDIRECT_STATUS] => 200
    [REMOTE_ADDR] => 212.64.228.99
    [REMOTE_PORT] => 10600
    [REQUEST_METHOD] => POST
    [REQUEST_SCHEME] => https
    [REQUEST_URI] => /register.php?mode=1
    [SCRIPT_FILENAME] => /home/mtde/public_html/my/register.php
    [SCRIPT_NAME] => /register.php
    [SERVER_ADDR] => 46.232.181.187
    [SERVER_ADMIN] => webmaster@my.medical-tribune.de
    [SERVER_NAME] => my.medical-tribune.de
    [SERVER_PORT] => 443
    [SERVER_PROTOCOL] => HTTP/1.1
    [SERVER_SIGNATURE] => 
    [SERVER_SOFTWARE] => Apache
    [SSL_TLS_SNI] => my.medical-tribune.de
    [UNIQUE_ID] => X0eZBmW@lKYDYQlHwIk3@gAAAM0
    [PHP_SELF] => /register.php
    [REQUEST_TIME_FLOAT] => 1598527750.7969
    [REQUEST_TIME] => 1598527750
)

27-08-2020 : navid205@hotmail.com,Array
(
    [CONTENT_LENGTH] => 2985
    [CONTENT_TYPE] => multipart/form-data; boundary=----WebKitFormBoundaryHGVWI9aVmVop3wln
    [CONTEXT_DOCUMENT_ROOT] => /home/mtde/public_html/my
    [CONTEXT_PREFIX] => 
    [DOCUMENT_ROOT] => /home/mtde/public_html/my
    [GATEWAY_INTERFACE] => CGI/1.1
    [HTTPS] => on
    [HTTP_ACCEPT] => text/html,application/xhtml+xml,application/xml;q=0.9,image/webp,image/apng,*/*;q=0.8,application/signed-exchange;v=b3;q=0.9
    [HTTP_ACCEPT_ENCODING] => gzip, deflate, br
    [HTTP_ACCEPT_LANGUAGE] => en-US,en;q=0.9
    [HTTP_CACHE_CONTROL] => max-age=0
    [HTTP_CONNECTION] => keep-alive
    [HTTP_COOKIE] => PHPSESSID=q4sp9hpv8n0b9e15271rt5fcs0
    [HTTP_DNT] => 1
    [HTTP_HOST] => my.medical-tribune.de
    [HTTP_ORIGIN] => https://my.medical-tribune.de
    [HTTP_REFERER] => https://my.medical-tribune.de/register.php?mode=1
    [HTTP_SEC_FETCH_DEST] => iframe
    [HTTP_SEC_FETCH_MODE] => navigate
    [HTTP_SEC_FETCH_SITE] => same-origin
    [HTTP_SEC_FETCH_USER] => ?1
    [HTTP_UPGRADE_INSECURE_REQUESTS] => 1
    [HTTP_USER_AGENT] => Mozilla/5.0 (Windows NT 10.0; WOW64) AppleWebKit/537.36 (KHTML, like Gecko) Chrome/84.0.4147.135 Safari/537.36
    [PATH] => /bin:/usr/bin
    [QUERY_STRING] => mode=1
    [REDIRECT_STATUS] => 200
    [REMOTE_ADDR] => 79.230.33.32
    [REMOTE_PORT] => 51046
    [REQUEST_METHOD] => POST
    [REQUEST_SCHEME] => https
    [REQUEST_URI] => /register.php?mode=1
    [SCRIPT_FILENAME] => /home/mtde/public_html/my/register.php
    [SCRIPT_NAME] => /register.php
    [SERVER_ADDR] => 46.232.181.187
    [SERVER_ADMIN] => webmaster@my.medical-tribune.de
    [SERVER_NAME] => my.medical-tribune.de
    [SERVER_PORT] => 443
    [SERVER_PROTOCOL] => HTTP/1.1
    [SERVER_SIGNATURE] => 
    [SERVER_SOFTWARE] => Apache
    [SSL_TLS_SNI] => my.medical-tribune.de
    [UNIQUE_ID] => X0ejKXrpoarVCJM33RDTWgAAAIw
    [PHP_SELF] => /register.php
    [REQUEST_TIME_FLOAT] => 1598530345.2794
    [REQUEST_TIME] => 1598530345
)

27-08-2020 : siegfried.mueller@klinikum-bremerhaven.de,Array
(
    [CONTENT_LENGTH] => 3215
    [CONTENT_TYPE] => multipart/form-data; boundary=----WebKitFormBoundaryvKotktlfPrBFNbEf
    [CONTEXT_DOCUMENT_ROOT] => /home/mtde/public_html/my
    [CONTEXT_PREFIX] => 
    [DOCUMENT_ROOT] => /home/mtde/public_html/my
    [GATEWAY_INTERFACE] => CGI/1.1
    [HTTPS] => on
    [HTTP_ACCEPT] => text/html,application/xhtml+xml,application/xml;q=0.9,image/webp,image/apng,*/*;q=0.8,application/signed-exchange;v=b3;q=0.9
    [HTTP_ACCEPT_ENCODING] => gzip, deflate, br
    [HTTP_ACCEPT_LANGUAGE] => de-DE,de;q=0.9,en-US;q=0.8,en;q=0.7
    [HTTP_CACHE_CONTROL] => max-age=0
    [HTTP_CONNECTION] => keep-alive
    [HTTP_COOKIE] => _ga=GA1.2.53601528.1598530821; _gid=GA1.2.1103776578.1598530821; consentUUID=8a866bbf-10fc-4788-b904-df50e2c15fa4; euconsent-v2=CO4zHJKO4zHJKAGABCENA0CgAP_AAH_AAAYgGVtf_X9fb2_j-_5999t0eY1f9_63t-wzjgeNs-8NyZ_X_J4Xr2MyvB34pqYKmR4EunLBAQdlHGHcTQgAwIkFqTLsYk2MizNKJ7JEilMbc2dYGG1vn8XT_ZCY70-_f__7v3-_-___6oGUEEGAAKAQBCWAAIEihEIQAIQxIAIAACihEAgEkACRQALI4COUACABAYgIQIAQAgoAYBAAIAAElAQAgAAIBQARAIAAQADAEAACAAEFgBIiAAACoEhAARABKBAQUAAQcggQFQBBACBARGQGAAKAAqACGAEwALgAjgBSADLAGoAOIAfgBGACOAFLAKuAVsA3gCYgE2AKbAWiAwIBh4DIhgAUAbQA8ACxAGyAR6IgOgAqACsAFwAQwAiQBSADIAGWANQAbIA4gB-AEYAKWAVcA1gB8gENgIvASIAmwBOwChwFIgLkAYEAwkBh4DJxIAIABwA5xAAEA3gSCIAAgABcAFAAVAAyABwADwAIAARAAqAB4AD6AIYAiABMgCqAKwAWAAuABvADmAHoAQ0AiACJAEsAJoAUoAwwBkADLAGoANkAcQA7wB7AD4gH2AfoBGAClgF-AMIAYoA1gBtADcAG8APQAfIBDYCKgEXgJEATEAmUBNgCdgFIgKbAVgAsUBbAC5AF3gMCAYMAwkBhoDDwGRAMkAZOGgQgAqACsAFwAQwAiQBSADIAGWANIAagA2QBxAD8AIwAUsAq8BaAFpANYAbwA-QCGwEXgJEATYAnYBQ4CkQFyAMCAYSAw8BjADJw4AEABwYAIAbIA6gC-gGRioDIAFAAVABDACYAFwARwApABlgDUAHEAPwAjABHAClgFXgLQAtIBvAEggJiATYApsBcgDAgGHgMiFABABtADwAR6AvodBGAAXABQAFQALgAZAA4ACAAEQAMQAfABBgCGAIgATIAqgCsAFgALgAYgAzABvADmAHoAQwAiABLACYAE1AKMApQBkADKgGiAaQA1ABswDfAOAAcQA7wB7QD7APwAjABYoC0ALSAXMAvIBfgDCAGKANxAdMB1AD0AIbAREAi8BIICRAE2AJ2gU0BTYCrAFiwLYAtkBcAC5AF2gLvAYSAw0Bh4DEgGMAMeAZIAychAsAAWABQADIAIgAYgBBACGAEwAKoAXAAzABvAD0AI4AUgAygBqADfAHEAO8AfgBAwCMAFDgLQAtIBfgDCAGKAOoAegBIICRAE2QKaApsBYoC0YFsAW0AuABcgC7QGHgMSAZEAyclAjAAQAAsACgAFwAMgAcABiAEQAJgAVQAuABiADMAG0AQ0AiACJgFIAUoAygBpADZAHeAPwAjEBaAFpAMUAbgA6gCLwEiAJsAWKAu0Bh4DIgGTlIGoAC4AKAAqABcADIAHAAQAAxgCGAIgATAApABVACwAFwAMQAZgA5gCGAERAKMApQBlQDRANIAbIA4gB3wD7APwAjABHAChgFbALyAYQA2gBuADqAHoAReAkQBNgCdoFNAU2ArYBYoC2AFwALkAXaAw0Bh4DEgGMAMiAZIAycqABAB8UAAgDwA.YAAAAAAAAAAA; PHPSESSID=ulcl5jfo0tl7e40c6q17pq8v95
    [HTTP_HOST] => my.medical-tribune.de
    [HTTP_ORIGIN] => https://my.medical-tribune.de
    [HTTP_REFERER] => https://my.medical-tribune.de/register.php?mode=1
    [HTTP_SEC_FETCH_DEST] => iframe
    [HTTP_SEC_FETCH_MODE] => navigate
    [HTTP_SEC_FETCH_SITE] => same-origin
    [HTTP_SEC_FETCH_USER] => ?1
    [HTTP_UPGRADE_INSECURE_REQUESTS] => 1
    [HTTP_USER_AGENT] => Mozilla/5.0 (Windows NT 6.1; Win64; x64) AppleWebKit/537.36 (KHTML, like Gecko) Chrome/84.0.4147.105 Safari/537.36
    [PATH] => /bin:/usr/bin
    [QUERY_STRING] => mode=1
    [REDIRECT_STATUS] => 200
    [REMOTE_ADDR] => 193.101.250.225
    [REMOTE_PORT] => 3012
    [REQUEST_METHOD] => POST
    [REQUEST_SCHEME] => https
    [REQUEST_URI] => /register.php?mode=1
    [SCRIPT_FILENAME] => /home/mtde/public_html/my/register.php
    [SCRIPT_NAME] => /register.php
    [SERVER_ADDR] => 46.232.181.187
    [SERVER_ADMIN] => webmaster@my.medical-tribune.de
    [SERVER_NAME] => my.medical-tribune.de
    [SERVER_PORT] => 443
    [SERVER_PROTOCOL] => HTTP/1.1
    [SERVER_SIGNATURE] => 
    [SERVER_SOFTWARE] => Apache
    [SSL_TLS_SNI] => my.medical-tribune.de
    [UNIQUE_ID] => X0em9HrpoarVCJM33RDWPAAAAIM
    [PHP_SELF] => /register.php
    [REQUEST_TIME_FLOAT] => 1598531316.5149
    [REQUEST_TIME] => 1598531316
)

27-08-2020 : arnon.polensky@web.de,Array
(
    [CONTENT_LENGTH] => 3275
    [CONTENT_TYPE] => multipart/form-data; boundary=----WebKitFormBoundary8Eirxubhh1L2NIOj
    [CONTEXT_DOCUMENT_ROOT] => /home/mtde/public_html/my
    [CONTEXT_PREFIX] => 
    [DOCUMENT_ROOT] => /home/mtde/public_html/my
    [GATEWAY_INTERFACE] => CGI/1.1
    [HTTPS] => on
    [HTTP_ACCEPT] => text/html,application/xhtml+xml,application/xml;q=0.9,image/webp,image/apng,*/*;q=0.8,application/signed-exchange;v=b3;q=0.9
    [HTTP_ACCEPT_ENCODING] => gzip, deflate, br
    [HTTP_ACCEPT_LANGUAGE] => de,de-DE;q=0.9,en;q=0.8,en-GB;q=0.7,en-US;q=0.6
    [HTTP_CACHE_CONTROL] => max-age=0
    [HTTP_CONNECTION] => keep-alive
    [HTTP_COOKIE] => _ga=GA1.2.1613711573.1598531621; _gid=GA1.2.1063437093.1598531621; consentUUID=3e7d992f-f87a-47d5-b654-528154280514; euconsent-v2=CO4zJG7O4zJG7AGABCENA0CgAP_AAH_AAAYgGVtf_X9fb2_j-_5999t0eY1f9_63t-wzjgeNs-8NyZ_X_J4Xr2MyvB34pqYKmR4EunLBAQdlHGHcTQgAwIkFqTLsYk2MizNKJ7JEilMbc2dYGG1vn8XT_ZCY70-_f__7v3-_-___6oGUEEGAAKAQBCWAAIEihEIQAIQxIAIAACihEAgEkACRQALI4COUACABAYgIQIAQAgoAYBAAIAAElAQAgAAIBQARAIAAQADAEAACAAEFgBIiAAACoEhAARABKBAQUAAQcggQFQBBACBARGQGAAKAAqACGAEwALgAjgBSADLAGoAOIAfgBGACOAFLAKuAVsA3gCYgE2AKbAWiAwIBh4DIhgAUAbQA8ACxAGyAR6IgOgAqACsAFwAQwAiQBSADIAGWANQAbIA4gB-AEYAKWAVcA1gB8gENgIvASIAmwBOwChwFIgLkAYEAwkBh4DJxIAIABwA5xAAEA3gSCIAAgABcAFAAVAAyABwADwAIAARAAqAB4AD6AIYAiABMgCqAKwAWAAuABvADmAHoAQ0AiACJAEsAJoAUoAwwBkADLAGoANkAcQA7wB7AD4gH2AfoBGAClgF-AMIAYoA1gBtADcAG8APQAfIBDYCKgEXgJEATEAmUBNgCdgFIgKbAVgAsUBbAC5AF3gMCAYMAwkBhoDDwGRAMkAZOGgQgAqACsAFwAQwAiQBSADIAGWANIAagA2QBxAD8AIwAUsAq8BaAFpANYAbwA-QCGwEXgJEATYAnYBQ4CkQFyAMCAYSAw8BjADJw4AEABwYAIAbIA6gC-gGRioDIAFAAVABDACYAFwARwApABlgDUAHEAPwAjABHAClgFXgLQAtIBvAEggJiATYApsBcgDAgGHgMiFABABtADwAR6AvodBGAAXABQAFQALgAZAA4ACAAEQAMQAfABBgCGAIgATIAqgCsAFgALgAYgAzABvADmAHoAQwAiABLACYAE1AKMApQBkADKgGiAaQA1ABswDfAOAAcQA7wB7QD7APwAjABYoC0ALSAXMAvIBfgDCAGKANxAdMB1AD0AIbAREAi8BIICRAE2AJ2gU0BTYCrAFiwLYAtkBcAC5AF2gLvAYSAw0Bh4DEgGMAMeAZIAychAsAAWABQADIAIgAYgBBACGAEwAKoAXAAzABvAD0AI4AUgAygBqADfAHEAO8AfgBAwCMAFDgLQAtIBfgDCAGKAOoAegBIICRAE2QKaApsBYoC0YFsAW0AuABcgC7QGHgMSAZEAyclAjAAQAAsACgAFwAMgAcABiAEQAJgAVQAuABiADMAG0AQ0AiACJgFIAUoAygBpADZAHeAPwAjEBaAFpAMUAbgA6gCLwEiAJsAWKAu0Bh4DIgGTlIGoAC4AKAAqABcADIAHAAQAAxgCGAIgATAApABVACwAFwAMQAZgA5gCGAERAKMApQBlQDRANIAbIA4gB3wD7APwAjABHAChgFbALyAYQA2gBuADqAHoAReAkQBNgCdoFNAU2ArYBYoC2AFwALkAXaAw0Bh4DEgGMAMiAZIAycqABAB8UAAgDwA.YAAAAAAAAAAA; PHPSESSID=0l2eo6clehgn671p7rs6njs1h4
    [HTTP_HOST] => my.medical-tribune.de
    [HTTP_ORIGIN] => https://my.medical-tribune.de
    [HTTP_REFERER] => https://my.medical-tribune.de/register.php?mode=1
    [HTTP_SEC_FETCH_DEST] => iframe
    [HTTP_SEC_FETCH_MODE] => navigate
    [HTTP_SEC_FETCH_SITE] => same-origin
    [HTTP_SEC_FETCH_USER] => ?1
    [HTTP_UPGRADE_INSECURE_REQUESTS] => 1
    [HTTP_USER_AGENT] => Mozilla/5.0 (Windows NT 10.0; Win64; x64) AppleWebKit/537.36 (KHTML, like Gecko) Chrome/84.0.4147.135 Safari/537.36 Edg/84.0.522.63
    [PATH] => /bin:/usr/bin
    [QUERY_STRING] => mode=1
    [REDIRECT_STATUS] => 200
    [REMOTE_ADDR] => 217.81.225.24
    [REMOTE_PORT] => 61001
    [REQUEST_METHOD] => POST
    [REQUEST_SCHEME] => https
    [REQUEST_URI] => /register.php?mode=1
    [SCRIPT_FILENAME] => /home/mtde/public_html/my/register.php
    [SCRIPT_NAME] => /register.php
    [SERVER_ADDR] => 46.232.181.187
    [SERVER_ADMIN] => webmaster@my.medical-tribune.de
    [SERVER_NAME] => my.medical-tribune.de
    [SERVER_PORT] => 443
    [SERVER_PROTOCOL] => HTTP/1.1
    [SERVER_SIGNATURE] => 
    [SERVER_SOFTWARE] => Apache
    [SSL_TLS_SNI] => my.medical-tribune.de
    [UNIQUE_ID] => X0eqtHiSJlyeV71OhYguLAAAANY
    [PHP_SELF] => /register.php
    [REQUEST_TIME_FLOAT] => 1598532277.0141
    [REQUEST_TIME] => 1598532277
)

27-08-2020 : jacimetzner@aol.com,Array
(
    [CONTENT_LENGTH] => 3400
    [CONTENT_TYPE] => multipart/form-data; boundary=----WebKitFormBoundaryLp2qFZb9CulnnQM6
    [CONTEXT_DOCUMENT_ROOT] => /home/mtde/public_html/my
    [CONTEXT_PREFIX] => 
    [DOCUMENT_ROOT] => /home/mtde/public_html/my
    [GATEWAY_INTERFACE] => CGI/1.1
    [HTTPS] => on
    [HTTP_ACCEPT] => text/html,application/xhtml+xml,application/xml;q=0.9,image/webp,image/apng,*/*;q=0.8
    [HTTP_ACCEPT_ENCODING] => gzip, deflate, br
    [HTTP_ACCEPT_LANGUAGE] => de-AT,de-DE;q=0.9,de;q=0.8,en-US;q=0.7,en;q=0.6
    [HTTP_CACHE_CONTROL] => max-age=0
    [HTTP_CONNECTION] => keep-alive
    [HTTP_COOKIE] => _ga=GA1.2.1590062581.1598531308; _gid=GA1.2.1973576091.1598531308; consentUUID=c95c62de-25bc-45f7-8e27-18b9892adfe8; euconsent-v2=CO4zIVmO4zIVmAGABCENA0CgAP_AAH_AAAYgGVtf_X9fb2_j-_5999t0eY1f9_63t-wzjgeNs-8NyZ_X_J4Xr2MyvB34pqYKmR4EunLBAQdlHGHcTQgAwIkFqTLsYk2MizNKJ7JEilMbc2dYGG1vn8XT_ZCY70-_f__7v3-_-___6oGUEEGAAKAQBCWAAIEihEIQAIQxIAIAACihEAgEkACRQALI4COUACABAYgIQIAQAgoAYBAAIAAElAQAgAAIBQARAIAAQADAEAACAAEFgBIiAAACoEhAARABKBAQUAAQcggQFQBBACBARGQGAAKAAqACGAEwALgAjgBSADLAGoAOIAfgBGACOAFLAKuAVsA3gCYgE2AKbAWiAwIBh4DIhgAUAbQA8ACxAGyAR6IgOgAqACsAFwAQwAiQBSADIAGWANQAbIA4gB-AEYAKWAVcA1gB8gENgIvASIAmwBOwChwFIgLkAYEAwkBh4DJxIAIABwA5xAAEA3gSCIAAgABcAFAAVAAyABwADwAIAARAAqAB4AD6AIYAiABMgCqAKwAWAAuABvADmAHoAQ0AiACJAEsAJoAUoAwwBkADLAGoANkAcQA7wB7AD4gH2AfoBGAClgF-AMIAYoA1gBtADcAG8APQAfIBDYCKgEXgJEATEAmUBNgCdgFIgKbAVgAsUBbAC5AF3gMCAYMAwkBhoDDwGRAMkAZOGgQgAqACsAFwAQwAiQBSADIAGWANIAagA2QBxAD8AIwAUsAq8BaAFpANYAbwA-QCGwEXgJEATYAnYBQ4CkQFyAMCAYSAw8BjADJw4AEABwYAIAbIA6gC-gGRioDIAFAAVABDACYAFwARwApABlgDUAHEAPwAjABHAClgFXgLQAtIBvAEggJiATYApsBcgDAgGHgMiFABABtADwAR6AvodBGAAXABQAFQALgAZAA4ACAAEQAMQAfABBgCGAIgATIAqgCsAFgALgAYgAzABvADmAHoAQwAiABLACYAE1AKMApQBkADKgGiAaQA1ABswDfAOAAcQA7wB7QD7APwAjABYoC0ALSAXMAvIBfgDCAGKANxAdMB1AD0AIbAREAi8BIICRAE2AJ2gU0BTYCrAFiwLYAtkBcAC5AF2gLvAYSAw0Bh4DEgGMAMeAZIAychAsAAWABQADIAIgAYgBBACGAEwAKoAXAAzABvAD0AI4AUgAygBqADfAHEAO8AfgBAwCMAFDgLQAtIBfgDCAGKAOoAegBIICRAE2QKaApsBYoC0YFsAW0AuABcgC7QGHgMSAZEAyclAjAAQAAsACgAFwAMgAcABiAEQAJgAVQAuABiADMAG0AQ0AiACJgFIAUoAygBpADZAHeAPwAjEBaAFpAMUAbgA6gCLwEiAJsAWKAu0Bh4DIgGTlIGoAC4AKAAqABcADIAHAAQAAxgCGAIgATAApABVACwAFwAMQAZgA5gCGAERAKMApQBlQDRANIAbIA4gB3wD7APwAjABHAChgFbALyAYQA2gBuADqAHoAReAkQBNgCdoFNAU2ArYBYoC2AFwALkAXaAw0Bh4DEgGMAMiAZIAycqABAB8UAAgDwA.YAAAAAAAAAAA; PHPSESSID=8an9a2mrgpjp83lj2kjp3nuei4
    [HTTP_HOST] => my.medical-tribune.de
    [HTTP_ORIGIN] => https://my.medical-tribune.de
    [HTTP_REFERER] => https://my.medical-tribune.de/register.php?mode=1
    [HTTP_UPGRADE_INSECURE_REQUESTS] => 1
    [HTTP_USER_AGENT] => Mozilla/5.0 (Linux; Android 9; Mi A1 Build/PKQ1.180917.001) AppleWebKit/537.36 (KHTML, like Gecko) Chrome/69.0.3497.128 Mobile Safari/537.36 (Ecosia android@69.0.3497.128)
    [PATH] => /bin:/usr/bin
    [QUERY_STRING] => mode=1
    [REDIRECT_STATUS] => 200
    [REMOTE_ADDR] => 78.43.167.253
    [REMOTE_PORT] => 47258
    [REQUEST_METHOD] => POST
    [REQUEST_SCHEME] => https
    [REQUEST_URI] => /register.php?mode=1
    [SCRIPT_FILENAME] => /home/mtde/public_html/my/register.php
    [SCRIPT_NAME] => /register.php
    [SERVER_ADDR] => 46.232.181.187
    [SERVER_ADMIN] => webmaster@my.medical-tribune.de
    [SERVER_NAME] => my.medical-tribune.de
    [SERVER_PORT] => 443
    [SERVER_PROTOCOL] => HTTP/1.1
    [SERVER_SIGNATURE] => 
    [SERVER_SOFTWARE] => Apache
    [SSL_TLS_SNI] => my.medical-tribune.de
    [UNIQUE_ID] => X0erFSPalp9QwX6WGpwh1QAAAA0
    [PHP_SELF] => /register.php
    [REQUEST_TIME_FLOAT] => 1598532373.8236
    [REQUEST_TIME] => 1598532373
)

27-08-2020 : ullyschmitz@web.de,Array
(
    [CONTENT_LENGTH] => 3458
    [CONTENT_TYPE] => multipart/form-data; boundary=---------------------------1828926568895621627634210102
    [CONTEXT_DOCUMENT_ROOT] => /home/mtde/public_html/my
    [CONTEXT_PREFIX] => 
    [DOCUMENT_ROOT] => /home/mtde/public_html/my
    [GATEWAY_INTERFACE] => CGI/1.1
    [HTTPS] => on
    [HTTP_ACCEPT] => text/html,application/xhtml+xml,application/xml;q=0.9,image/webp,*/*;q=0.8
    [HTTP_ACCEPT_ENCODING] => gzip, deflate, br
    [HTTP_ACCEPT_LANGUAGE] => de,en-US;q=0.7,en;q=0.3
    [HTTP_CONNECTION] => keep-alive
    [HTTP_COOKIE] => PHPSESSID=1rhr68d49kle1c83j2edbeiel4
    [HTTP_DNT] => 1
    [HTTP_HOST] => my.medical-tribune.de
    [HTTP_ORIGIN] => https://my.medical-tribune.de
    [HTTP_REFERER] => https://my.medical-tribune.de/register.php?mode=1
    [HTTP_UPGRADE_INSECURE_REQUESTS] => 1
    [HTTP_USER_AGENT] => Mozilla/5.0 (Windows NT 10.0; Win64; x64; rv:79.0) Gecko/20100101 Firefox/79.0
    [PATH] => /bin:/usr/bin
    [QUERY_STRING] => mode=1
    [REDIRECT_STATUS] => 200
    [REMOTE_ADDR] => 78.48.67.213
    [REMOTE_PORT] => 57140
    [REQUEST_METHOD] => POST
    [REQUEST_SCHEME] => https
    [REQUEST_URI] => /register.php?mode=1
    [SCRIPT_FILENAME] => /home/mtde/public_html/my/register.php
    [SCRIPT_NAME] => /register.php
    [SERVER_ADDR] => 46.232.181.187
    [SERVER_ADMIN] => webmaster@my.medical-tribune.de
    [SERVER_NAME] => my.medical-tribune.de
    [SERVER_PORT] => 443
    [SERVER_PROTOCOL] => HTTP/1.1
    [SERVER_SIGNATURE] => 
    [SERVER_SOFTWARE] => Apache
    [SSL_TLS_SNI] => my.medical-tribune.de
    [UNIQUE_ID] => X0esgdFCrAdDqT8KuKDEIgAAAVA
    [PHP_SELF] => /register.php
    [REQUEST_TIME_FLOAT] => 1598532737.9352
    [REQUEST_TIME] => 1598532737
)

27-08-2020 : w.m.zahn@gmx.de,Array
(
    [CONTENT_LENGTH] => 2931
    [CONTENT_TYPE] => multipart/form-data; boundary=----WebKitFormBoundarymPwuUOAsAKpnsvm9
    [CONTEXT_DOCUMENT_ROOT] => /home/mtde/public_html/my
    [CONTEXT_PREFIX] => 
    [DOCUMENT_ROOT] => /home/mtde/public_html/my
    [GATEWAY_INTERFACE] => CGI/1.1
    [HTTPS] => on
    [HTTP_ACCEPT] => text/html,application/xhtml+xml,application/xml;q=0.9,*/*;q=0.8
    [HTTP_ACCEPT_ENCODING] => gzip, deflate, br
    [HTTP_ACCEPT_LANGUAGE] => de-de
    [HTTP_CONNECTION] => keep-alive
    [HTTP_COOKIE] => _ga=GA1.2.343194034.1598519336; _gid=GA1.2.725999771.1598519336; consentUUID=bd2cf0d0-43e8-4847-8bb8-26cba872c095; PHPSESSID=q0n0ktbsaa7p2husl4s3svdfn0; euconsent-v2=CO4yrHNO4yrHNAGABCENA0CgAP_AAH_AAAYgGVtf_X9fb2_j-_5999t0eY1f9_63t-wzjgeNs-8NyZ_X_J4Xr2MyvB34pqYKmR4EunLBAQdlHGHcTQgAwIkFqTLsYk2MizNKJ7JEilMbc2dYGG1vn8XT_ZCY70-_f__7v3-_-___6oGUEEGAAKAQBCWAAIEihEIQAIQxIAIAACihEAgEkACRQALI4COUACABAYgIQIAQAgoAYBAAIAAElAQAgAAIBQARAIAAQADAEAACAAEFgBIiAAACoEhAARABKBAQUAAQcggQFQBBACBARGQGAAKAAqACGAEwALgAjgBSADLAGoAOIAfgBGACOAFLAKuAVsA3gCYgE2AKbAWiAwIBh4DIhgAUAbQA8ACxAGyAR6IgOgAqACsAFwAQwAiQBSADIAGWANQAbIA4gB-AEYAKWAVcA1gB8gENgIvASIAmwBOwChwFIgLkAYEAwkBh4DJxIAIABwA5xAAEA3gSCIAAgABcAFAAVAAyABwADwAIAARAAqAB4AD6AIYAiABMgCqAKwAWAAuABvADmAHoAQ0AiACJAEsAJoAUoAwwBkADLAGoANkAcQA7wB7AD4gH2AfoBGAClgF-AMIAYoA1gBtADcAG8APQAfIBDYCKgEXgJEATEAmUBNgCdgFIgKbAVgAsUBbAC5AF3gMCAYMAwkBhoDDwGRAMkAZOGgQgAqACsAFwAQwAiQBSADIAGWANIAagA2QBxAD8AIwAUsAq8BaAFpANYAbwA-QCGwEXgJEATYAnYBQ4CkQFyAMCAYSAw8BjADJw4AEABwYAIAbIA6gC-gGRioDIAFAAVABDACYAFwARwApABlgDUAHEAPwAjABHAClgFXgLQAtIBvAEggJiATYApsBcgDAgGHgMiFABABtADwAR6AvodBGAAXABQAFQALgAZAA4ACAAEQAMQAfABBgCGAIgATIAqgCsAFgALgAYgAzABvADmAHoAQwAiABLACYAE1AKMApQBkADKgGiAaQA1ABswDfAOAAcQA7wB7QD7APwAjABYoC0ALSAXMAvIBfgDCAGKANxAdMB1AD0AIbAREAi8BIICRAE2AJ2gU0BTYCrAFiwLYAtkBcAC5AF2gLvAYSAw0Bh4DEgGMAMeAZIAychAsAAWABQADIAIgAYgBBACGAEwAKoAXAAzABvAD0AI4AUgAygBqADfAHEAO8AfgBAwCMAFDgLQAtIBfgDCAGKAOoAegBIICRAE2QKaApsBYoC0YFsAW0AuABcgC7QGHgMSAZEAyclAjAAQAAsACgAFwAMgAcABiAEQAJgAVQAuABiADMAG0AQ0AiACJgFIAUoAygBpADZAHeAPwAjEBaAFpAMUAbgA6gCLwEiAJsAWKAu0Bh4DIgGTlIGoAC4AKAAqABcADIAHAAQAAxgCGAIgATAApABVACwAFwAMQAZgA5gCGAERAKMApQBlQDRANIAbIA4gB3wD7APwAjABHAChgFbALyAYQA2gBuADqAHoAReAkQBNgCdoFNAU2ArYBYoC2AFwALkAXaAw0Bh4DEgGMAMiAZIAycqABAB8UAAgDwA.YAAAAAAAAAAA
    [HTTP_HOST] => my.medical-tribune.de
    [HTTP_ORIGIN] => https://my.medical-tribune.de
    [HTTP_REFERER] => https://my.medical-tribune.de/register.php?mode=1
    [HTTP_USER_AGENT] => Mozilla/5.0 (iPhone; CPU iPhone OS 13_6_1 like Mac OS X) AppleWebKit/605.1.15 (KHTML, like Gecko) Version/13.1.2 Mobile/15E148 Safari/604.1
    [PATH] => /bin:/usr/bin
    [QUERY_STRING] => mode=1
    [REDIRECT_STATUS] => 200
    [REMOTE_ADDR] => 46.88.55.224
    [REMOTE_PORT] => 64391
    [REQUEST_METHOD] => POST
    [REQUEST_SCHEME] => https
    [REQUEST_URI] => /register.php?mode=1
    [SCRIPT_FILENAME] => /home/mtde/public_html/my/register.php
    [SCRIPT_NAME] => /register.php
    [SERVER_ADDR] => 46.232.181.187
    [SERVER_ADMIN] => webmaster@my.medical-tribune.de
    [SERVER_NAME] => my.medical-tribune.de
    [SERVER_PORT] => 443
    [SERVER_PROTOCOL] => HTTP/1.1
    [SERVER_SIGNATURE] => 
    [SERVER_SOFTWARE] => Apache
    [SSL_TLS_SNI] => my.medical-tribune.de
    [UNIQUE_ID] => X0e1S30vqpxls5Itif-2fAAAAFY
    [PHP_SELF] => /register.php
    [REQUEST_TIME_FLOAT] => 1598534987.921
    [REQUEST_TIME] => 1598534987
)

27-08-2020 : wagner-emmendingen@t-online.de,Array
(
    [CONTENT_LENGTH] => 2489
    [CONTENT_TYPE] => multipart/form-data; boundary=----WebKitFormBoundaryGfO6BCnl8r4hAl0C
    [CONTEXT_DOCUMENT_ROOT] => /home/mtde/public_html/my
    [CONTEXT_PREFIX] => 
    [DOCUMENT_ROOT] => /home/mtde/public_html/my
    [GATEWAY_INTERFACE] => CGI/1.1
    [HTTPS] => on
    [HTTP_ACCEPT] => text/html,application/xhtml+xml,application/xml;q=0.9,image/webp,image/apng,*/*;q=0.8
    [HTTP_ACCEPT_ENCODING] => gzip, deflate, br
    [HTTP_ACCEPT_LANGUAGE] => de-DE,de;q=0.9,en-US;q=0.8,en;q=0.7
    [HTTP_CACHE_CONTROL] => max-age=0
    [HTTP_CONNECTION] => keep-alive
    [HTTP_COOKIE] => _ga=GA1.2.996011140.1598514862; _gid=GA1.2.1928982996.1598514862; consentUUID=3f592846-37b3-42b3-a4ba-f9fcad9a8efc; euconsent-v2=CO4ygLXO4ygLXAGABCENA0CgAP_AAH_AAAYgGVtf_X9fb2_j-_5999t0eY1f9_63t-wzjgeNs-8NyZ_X_J4Xr2MyvB34pqYKmR4EunLBAQdlHGHcTQgAwIkFqTLsYk2MizNKJ7JEilMbc2dYGG1vn8XT_ZCY70-_f__7v3-_-___6oGUEEGAAKAQBCWAAIEihEIQAIQxIAIAACihEAgEkACRQALI4COUACABAYgIQIAQAgoAYBAAIAAElAQAgAAIBQARAIAAQADAEAACAAEFgBIiAAACoEhAARABKBAQUAAQcggQFQBBACBARGQGAAKAAqACGAEwALgAjgBSADLAGoAOIAfgBGACOAFLAKuAVsA3gCYgE2AKbAWiAwIBh4DIhgAUAbQA8ACxAGyAR6IgOgAqACsAFwAQwAiQBSADIAGWANQAbIA4gB-AEYAKWAVcA1gB8gENgIvASIAmwBOwChwFIgLkAYEAwkBh4DJxIAIABwA5xAAEA3gSCIAAgABcAFAAVAAyABwADwAIAARAAqAB4AD6AIYAiABMgCqAKwAWAAuABvADmAHoAQ0AiACJAEsAJoAUoAwwBkADLAGoANkAcQA7wB7AD4gH2AfoBGAClgF-AMIAYoA1gBtADcAG8APQAfIBDYCKgEXgJEATEAmUBNgCdgFIgKbAVgAsUBbAC5AF3gMCAYMAwkBhoDDwGRAMkAZOGgQgAqACsAFwAQwAiQBSADIAGWANIAagA2QBxAD8AIwAUsAq8BaAFpANYAbwA-QCGwEXgJEATYAnYBQ4CkQFyAMCAYSAw8BjADJw4AEABwYAIAbIA6gC-gGRioDIAFAAVABDACYAFwARwApABlgDUAHEAPwAjABHAClgFXgLQAtIBvAEggJiATYApsBcgDAgGHgMiFABABtADwAR6AvodBGAAXABQAFQALgAZAA4ACAAEQAMQAfABBgCGAIgATIAqgCsAFgALgAYgAzABvADmAHoAQwAiABLACYAE1AKMApQBkADKgGiAaQA1ABswDfAOAAcQA7wB7QD7APwAjABYoC0ALSAXMAvIBfgDCAGKANxAdMB1AD0AIbAREAi8BIICRAE2AJ2gU0BTYCrAFiwLYAtkBcAC5AF2gLvAYSAw0Bh4DEgGMAMeAZIAychAsAAWABQADIAIgAYgBBACGAEwAKoAXAAzABvAD0AI4AUgAygBqADfAHEAO8AfgBAwCMAFDgLQAtIBfgDCAGKAOoAegBIICRAE2QKaApsBYoC0YFsAW0AuABcgC7QGHgMSAZEAyclAjAAQAAsACgAFwAMgAcABiAEQAJgAVQAuABiADMAG0AQ0AiACJgFIAUoAygBpADZAHeAPwAjEBaAFpAMUAbgA6gCLwEiAJsAWKAu0Bh4DIgGTlIGoAC4AKAAqABcADIAHAAQAAxgCGAIgATAApABVACwAFwAMQAZgA5gCGAERAKMApQBlQDRANIAbIA4gB3wD7APwAjABHAChgFbALyAYQA2gBuADqAHoAReAkQBNgCdoFNAU2ArYBYoC2AFwALkAXaAw0Bh4DEgGMAMiAZIAycqABAB8UAAgDwA.YAAAAAAAAAAA; PHPSESSID=qkgj4gnakjbq9oeq81chhqe027
    [HTTP_HOST] => my.medical-tribune.de
    [HTTP_ORIGIN] => https://my.medical-tribune.de
    [HTTP_REFERER] => https://my.medical-tribune.de/register.php?mode=1
    [HTTP_UPGRADE_INSECURE_REQUESTS] => 1
    [HTTP_USER_AGENT] => Mozilla/5.0 (Linux; Android 7.0; SM-T580 Build/NRD90M) AppleWebKit/537.36 (KHTML, like Gecko) Chrome/69.0.3497.128 Safari/537.36 (Ecosia android@69.0.3497.128)
    [PATH] => /bin:/usr/bin
    [QUERY_STRING] => mode=1
    [REDIRECT_STATUS] => 200
    [REMOTE_ADDR] => 91.13.253.44
    [REMOTE_PORT] => 52547
    [REQUEST_METHOD] => POST
    [REQUEST_SCHEME] => https
    [REQUEST_URI] => /register.php?mode=1
    [SCRIPT_FILENAME] => /home/mtde/public_html/my/register.php
    [SCRIPT_NAME] => /register.php
    [SERVER_ADDR] => 46.232.181.187
    [SERVER_ADMIN] => webmaster@my.medical-tribune.de
    [SERVER_NAME] => my.medical-tribune.de
    [SERVER_PORT] => 443
    [SERVER_PROTOCOL] => HTTP/1.1
    [SERVER_SIGNATURE] => 
    [SERVER_SOFTWARE] => Apache
    [SSL_TLS_SNI] => my.medical-tribune.de
    [UNIQUE_ID] => X0e@iwf39f5smzqXXHl7@gAAAJg
    [PHP_SELF] => /register.php
    [REQUEST_TIME_FLOAT] => 1598537356.0085
    [REQUEST_TIME] => 1598537356
)

27-08-2020 : hp@fabia-fendt.de,Array
(
    [CONTENT_LENGTH] => 2657
    [CONTENT_TYPE] => multipart/form-data; boundary=----WebKitFormBoundaryVNWAAhsNN57M8XNf
    [CONTEXT_DOCUMENT_ROOT] => /home/mtde/public_html/my
    [CONTEXT_PREFIX] => 
    [DOCUMENT_ROOT] => /home/mtde/public_html/my
    [GATEWAY_INTERFACE] => CGI/1.1
    [HTTPS] => on
    [HTTP_ACCEPT] => text/html,application/xhtml+xml,application/xml;q=0.9,image/webp,image/apng,*/*;q=0.8,application/signed-exchange;v=b3;q=0.9
    [HTTP_ACCEPT_ENCODING] => gzip, deflate, br
    [HTTP_ACCEPT_LANGUAGE] => de-DE,de;q=0.9,en-US;q=0.8,en;q=0.7
    [HTTP_CACHE_CONTROL] => max-age=0
    [HTTP_CONNECTION] => keep-alive
    [HTTP_HOST] => my.medical-tribune.de
    [HTTP_ORIGIN] => https://my.medical-tribune.de
    [HTTP_REFERER] => https://my.medical-tribune.de/register.php?mode=1
    [HTTP_SEC_FETCH_MODE] => nested-navigate
    [HTTP_SEC_FETCH_SITE] => same-origin
    [HTTP_SEC_FETCH_USER] => ?1
    [HTTP_UPGRADE_INSECURE_REQUESTS] => 1
    [HTTP_USER_AGENT] => Mozilla/5.0 (Linux; Android 7.0; SAMSUNG SM-G920F) AppleWebKit/537.36 (KHTML, like Gecko) SamsungBrowser/12.1 Chrome/79.0.3945.136 Mobile Safari/537.36
    [PATH] => /bin:/usr/bin
    [QUERY_STRING] => mode=1
    [REDIRECT_STATUS] => 200
    [REMOTE_ADDR] => 78.54.187.198
    [REMOTE_PORT] => 56594
    [REQUEST_METHOD] => POST
    [REQUEST_SCHEME] => https
    [REQUEST_URI] => /register.php?mode=1
    [SCRIPT_FILENAME] => /home/mtde/public_html/my/register.php
    [SCRIPT_NAME] => /register.php
    [SERVER_ADDR] => 46.232.181.187
    [SERVER_ADMIN] => webmaster@my.medical-tribune.de
    [SERVER_NAME] => my.medical-tribune.de
    [SERVER_PORT] => 443
    [SERVER_PROTOCOL] => HTTP/1.1
    [SERVER_SIGNATURE] => 
    [SERVER_SOFTWARE] => Apache
    [SSL_TLS_SNI] => my.medical-tribune.de
    [UNIQUE_ID] => X0fY1PpElDwJyEWssI6gywAAAQc
    [PHP_SELF] => /register.php
    [REQUEST_TIME_FLOAT] => 1598544085.0083
    [REQUEST_TIME] => 1598544085
)

27-08-2020 : it_test2@wion.ch,Array
(
    [CONTENT_LENGTH] => 2092
    [CONTENT_TYPE] => multipart/form-data; boundary=----WebKitFormBoundary1A5XIz37yTUzRCBI
    [CONTEXT_DOCUMENT_ROOT] => /home/mtde/public_html/my
    [CONTEXT_PREFIX] => 
    [DOCUMENT_ROOT] => /home/mtde/public_html/my
    [GATEWAY_INTERFACE] => CGI/1.1
    [HTTPS] => on
    [HTTP_ACCEPT] => text/html,application/xhtml+xml,application/xml;q=0.9,image/webp,image/apng,*/*;q=0.8,application/signed-exchange;v=b3;q=0.9
    [HTTP_ACCEPT_ENCODING] => gzip, deflate, br
    [HTTP_ACCEPT_LANGUAGE] => de-DE,de;q=0.9,en-US;q=0.8,en;q=0.7
    [HTTP_CACHE_CONTROL] => no-cache
    [HTTP_CONNECTION] => keep-alive
    [HTTP_COOKIE] => _ga=GA1.2.1669949580.1597832095; consentUUID=28d97769-2b96-4e1b-85a5-817df95e3483; euconsent-v2=CO4YdScO4YdScAGABCENAzCgAP_AAH_AAAQ4GVtf_X9fb2_j-_5999t0eY1f9_63t-wzjgeNs-8NyZ_X_J4Xr2MyvB34pqYKmR4EunLBAQdlHGHcTQgAwIkFqTLsYk2MizNKJ7JEilMbc2dYGG1vn8XT_ZCY70-_f__7v3-_-___6oGUEEGAAKAQBCWAAIEihEIQAIQxIAIAACihEAgEkACRQALI4COUACABAYgIQIAQAgoAYBAAIAAElAQAgAQIBQARAIAAQADAEAACAAEFgBIiAAACoEhAARABKBAQUAAQcggQFQBBAChAMGQFgAKAAqACGAEwALgAjgBSADLAGoAOIAfgBGAClgFbAN4AmIBNgCmwFogMCAYeAyIRAcABUAFYALgAhgBEgCkAGQAMsAagA2QBxAD8AIwAUsA1gB8gENgIvASIAmwBOwChwFIgLkAYEAwkBh4DJxIAIABwA5wkEQABAAC4AKAAqABkADgAHgAQAAiABUADwAH0AQwBEACZAFUAVgAsABcADeAHMAPQAhoBEAESAJYATQApQBhgDIAGWANQAbIA4gB3gD2AHxAPsA_QCMAFLAL8AYQAxQBrADaAG4AN4AegA-QCGwEVAIvASIAmIBMoCbAE7AKRAU2ArABYoC2AFyALvAYEAwYBhIDDQGHgMiAZIAycNAgABUAFYALgAhgBEgCkAGQAMsAaQA1ABsgDiAH4ARgApcBaAFpANYAbwA-QCGwEXgJEATYAnYBQ4CkQFyAMCAYSAw8BjADJw4AEABwqAuABQAFQAQwAmABcAEcAKQAZYA1ABxAD8AIwAUuAtAC0gG8ASCAmIBNgCmwFyAMCAYeAyIdBFAAXABQAFQALgAZAA4ACAAEQAMQAfQBDAEQAJkAVQBWACwAFwAMQAZgA3gBzAD0AIYARAAlgBMACagFGAUoAyABlQDRANIAagA2YBvgHAAOIAd4A9oB9gH4ARgAsUBaAFpALmAXkAvwBhADFAG4gOmA6gB6AENgIiAReAkEBIgCbAE7QKaApsBVgCxYFsAWyAuABcgC7QF3gMJAYaAw8BiQDGAGPAMkAZOQgVgALAAoABkAEQAMQAhgBMACqAFwAMwAbwA9ACOAFIAMoAagA3wBxADvAH4AQMAjABQ4C0ALSAX4AwgBigDqAHoASCAkQBNkCmgKbAWKAtGBbAFtALgAXIAu0Bh4DEgGRAMnJQIwAEAALAAoABcADIAHAAYgBEACYAFUALgAYgAzABtAENAIgAiYBSAFKAMoAaQA2QB3gD8AIxAWgBaQDFAG4AOoAi8BIgCbAFigLtAYeAyIBk5SBoAAuACgAKgAXAAyABwAEAAMYAhgCIAEwAKQAVQAsABcADEAGYAOYAhgBEQCjAKUAZUA0QDSAGyAOIAd8A-wD8AIwAUMArYBeQDCAG0ANwAdQA9ACLwEiAJsATtApoCmwFbALFAWwAuABcgC7QGGgMPAYkAxgBkQDJAGTlQAIAPgA.YAAAAAAAAAAA; PHPSESSID=ckqog1ro1ciedrtngaaee42cj5; _gid=GA1.2.585518561.1598356949; _gat=1; _gat_UA-173639924-1=1; _gat_UA-1204464-17=1
    [HTTP_HOST] => my.medical-tribune.de
    [HTTP_ORIGIN] => https://my.medical-tribune.de
    [HTTP_PRAGMA] => no-cache
    [HTTP_REFERER] => https://my.medical-tribune.de/register.php?maglify=1&mode=1
    [HTTP_SEC_FETCH_DEST] => iframe
    [HTTP_SEC_FETCH_MODE] => navigate
    [HTTP_SEC_FETCH_SITE] => same-origin
    [HTTP_SEC_FETCH_USER] => ?1
    [HTTP_UPGRADE_INSECURE_REQUESTS] => 1
    [HTTP_USER_AGENT] => Mozilla/5.0 (Windows NT 10.0; Win64; x64) AppleWebKit/537.36 (KHTML, like Gecko) Chrome/84.0.4147.135 Safari/537.36
    [PATH] => /bin:/usr/bin
    [QUERY_STRING] => maglify=1&mode=1
    [REDIRECT_STATUS] => 200
    [REMOTE_ADDR] => 212.243.144.200
    [REMOTE_PORT] => 57370
    [REQUEST_METHOD] => POST
    [REQUEST_SCHEME] => https
    [REQUEST_URI] => /register.php?maglify=1&mode=1
    [SCRIPT_FILENAME] => /home/mtde/public_html/my/register.php
    [SCRIPT_NAME] => /register.php
    [SERVER_ADDR] => 46.232.181.187
    [SERVER_ADMIN] => webmaster@my.medical-tribune.de
    [SERVER_NAME] => my.medical-tribune.de
    [SERVER_PORT] => 443
    [SERVER_PROTOCOL] => HTTP/1.1
    [SERVER_SIGNATURE] => 
    [SERVER_SOFTWARE] => Apache
    [SSL_TLS_SNI] => my.medical-tribune.de
    [UNIQUE_ID] => X0fgZ9FCrAdDqT8KuKDmbQAAAVE
    [PHP_SELF] => /register.php
    [REQUEST_TIME_FLOAT] => 1598546023.7996
    [REQUEST_TIME] => 1598546023
)

27-08-2020 : it_test2@wion.ch,Array
(
    [CONTENT_LENGTH] => 2076
    [CONTENT_TYPE] => multipart/form-data; boundary=----WebKitFormBoundaryQw9pQpGwxsWkIN6x
    [CONTEXT_DOCUMENT_ROOT] => /home/mtde/public_html/my
    [CONTEXT_PREFIX] => 
    [DOCUMENT_ROOT] => /home/mtde/public_html/my
    [GATEWAY_INTERFACE] => CGI/1.1
    [HTTPS] => on
    [HTTP_ACCEPT] => text/html,application/xhtml+xml,application/xml;q=0.9,image/webp,image/apng,*/*;q=0.8,application/signed-exchange;v=b3;q=0.9
    [HTTP_ACCEPT_ENCODING] => gzip, deflate, br
    [HTTP_ACCEPT_LANGUAGE] => de-DE,de;q=0.9,en-US;q=0.8,en;q=0.7
    [HTTP_CACHE_CONTROL] => no-cache
    [HTTP_CONNECTION] => keep-alive
    [HTTP_COOKIE] => _ga=GA1.2.1669949580.1597832095; consentUUID=28d97769-2b96-4e1b-85a5-817df95e3483; euconsent-v2=CO4YdScO4YdScAGABCENAzCgAP_AAH_AAAQ4GVtf_X9fb2_j-_5999t0eY1f9_63t-wzjgeNs-8NyZ_X_J4Xr2MyvB34pqYKmR4EunLBAQdlHGHcTQgAwIkFqTLsYk2MizNKJ7JEilMbc2dYGG1vn8XT_ZCY70-_f__7v3-_-___6oGUEEGAAKAQBCWAAIEihEIQAIQxIAIAACihEAgEkACRQALI4COUACABAYgIQIAQAgoAYBAAIAAElAQAgAQIBQARAIAAQADAEAACAAEFgBIiAAACoEhAARABKBAQUAAQcggQFQBBAChAMGQFgAKAAqACGAEwALgAjgBSADLAGoAOIAfgBGAClgFbAN4AmIBNgCmwFogMCAYeAyIRAcABUAFYALgAhgBEgCkAGQAMsAagA2QBxAD8AIwAUsA1gB8gENgIvASIAmwBOwChwFIgLkAYEAwkBh4DJxIAIABwA5wkEQABAAC4AKAAqABkADgAHgAQAAiABUADwAH0AQwBEACZAFUAVgAsABcADeAHMAPQAhoBEAESAJYATQApQBhgDIAGWANQAbIA4gB3gD2AHxAPsA_QCMAFLAL8AYQAxQBrADaAG4AN4AegA-QCGwEVAIvASIAmIBMoCbAE7AKRAU2ArABYoC2AFyALvAYEAwYBhIDDQGHgMiAZIAycNAgABUAFYALgAhgBEgCkAGQAMsAaQA1ABsgDiAH4ARgApcBaAFpANYAbwA-QCGwEXgJEATYAnYBQ4CkQFyAMCAYSAw8BjADJw4AEABwqAuABQAFQAQwAmABcAEcAKQAZYA1ABxAD8AIwAUuAtAC0gG8ASCAmIBNgCmwFyAMCAYeAyIdBFAAXABQAFQALgAZAA4ACAAEQAMQAfQBDAEQAJkAVQBWACwAFwAMQAZgA3gBzAD0AIYARAAlgBMACagFGAUoAyABlQDRANIAagA2YBvgHAAOIAd4A9oB9gH4ARgAsUBaAFpALmAXkAvwBhADFAG4gOmA6gB6AENgIiAReAkEBIgCbAE7QKaApsBVgCxYFsAWyAuABcgC7QF3gMJAYaAw8BiQDGAGPAMkAZOQgVgALAAoABkAEQAMQAhgBMACqAFwAMwAbwA9ACOAFIAMoAagA3wBxADvAH4AQMAjABQ4C0ALSAX4AwgBigDqAHoASCAkQBNkCmgKbAWKAtGBbAFtALgAXIAu0Bh4DEgGRAMnJQIwAEAALAAoABcADIAHAAYgBEACYAFUALgAYgAzABtAENAIgAiYBSAFKAMoAaQA2QB3gD8AIxAWgBaQDFAG4AOoAi8BIgCbAFigLtAYeAyIBk5SBoAAuACgAKgAXAAyABwAEAAMYAhgCIAEwAKQAVQAsABcADEAGYAOYAhgBEQCjAKUAZUA0QDSAGyAOIAd8A-wD8AIwAUMArYBeQDCAG0ANwAdQA9ACLwEiAJsATtApoCmwFbALFAWwAuABcgC7QGGgMPAYkAxgBkQDJAGTlQAIAPgA.YAAAAAAAAAAA; PHPSESSID=ckqog1ro1ciedrtngaaee42cj5; _gid=GA1.2.585518561.1598356949
    [HTTP_HOST] => my.medical-tribune.de
    [HTTP_ORIGIN] => https://my.medical-tribune.de
    [HTTP_PRAGMA] => no-cache
    [HTTP_REFERER] => https://my.medical-tribune.de/register.php?maglify=1&mode=1
    [HTTP_SEC_FETCH_DEST] => iframe
    [HTTP_SEC_FETCH_MODE] => navigate
    [HTTP_SEC_FETCH_SITE] => same-origin
    [HTTP_SEC_FETCH_USER] => ?1
    [HTTP_UPGRADE_INSECURE_REQUESTS] => 1
    [HTTP_USER_AGENT] => Mozilla/5.0 (Windows NT 10.0; Win64; x64) AppleWebKit/537.36 (KHTML, like Gecko) Chrome/84.0.4147.135 Safari/537.36
    [PATH] => /bin:/usr/bin
    [QUERY_STRING] => maglify=1&mode=1
    [REDIRECT_STATUS] => 200
    [REMOTE_ADDR] => 212.243.144.200
    [REMOTE_PORT] => 57467
    [REQUEST_METHOD] => POST
    [REQUEST_SCHEME] => https
    [REQUEST_URI] => /register.php?maglify=1&mode=1
    [SCRIPT_FILENAME] => /home/mtde/public_html/my/register.php
    [SCRIPT_NAME] => /register.php
    [SERVER_ADDR] => 46.232.181.187
    [SERVER_ADMIN] => webmaster@my.medical-tribune.de
    [SERVER_NAME] => my.medical-tribune.de
    [SERVER_PORT] => 443
    [SERVER_PROTOCOL] => HTTP/1.1
    [SERVER_SIGNATURE] => 
    [SERVER_SOFTWARE] => Apache
    [SSL_TLS_SNI] => my.medical-tribune.de
    [UNIQUE_ID] => X0fg5-pElDwJyEWssI6lKAAAAQM
    [PHP_SELF] => /register.php
    [REQUEST_TIME_FLOAT] => 1598546151.356
    [REQUEST_TIME] => 1598546151
)

27-08-2020 : sarah_bregenzer@gmx.de,Array
(
    [CONTENT_LENGTH] => 3233
    [CONTENT_TYPE] => multipart/form-data; boundary=---------------------------7e413b2ef02da
    [CONTEXT_DOCUMENT_ROOT] => /home/mtde/public_html/my
    [CONTEXT_PREFIX] => 
    [DOCUMENT_ROOT] => /home/mtde/public_html/my
    [GATEWAY_INTERFACE] => CGI/1.1
    [HTTPS] => on
    [HTTP_ACCEPT] => text/html, application/xhtml+xml, image/jxr, */*
    [HTTP_ACCEPT_ENCODING] => gzip, deflate
    [HTTP_ACCEPT_LANGUAGE] => de-DE
    [HTTP_CACHE_CONTROL] => no-cache
    [HTTP_CONNECTION] => Keep-Alive
    [HTTP_COOKIE] => _ga=GA1.2.593193449.1598546229; _gid=GA1.2.1352125464.1598546229; consentUUID=f697a6b1-fde5-437a-a6d6-345f73eda5f5; euconsent-v2=CO4zswwO4zswwAGABCENA0CgAP_AAH_AAAYgGVtf_X9fb2_j-_5999t0eY1f9_63t-wzjgeNs-8NyZ_X_J4Xr2MyvB34pqYKmR4EunLBAQdlHGHcTQgAwIkFqTLsYk2MizNKJ7JEilMbc2dYGG1vn8XT_ZCY70-_f__7v3-_-___6oGUEEGAAKAQBCWAAIEihEIQAIQxIAIAACihEAgEkACRQALI4COUACABAYgIQIAQAgoAYBAAIAAElAQAgAAIBQARAIAAQADAEAACAAEFgBIiAAACoEhAARABKBAQUAAQcggQFQBBACBARGQGAAKAAqACGAEwALgAjgBSADLAGoAOIAfgBGACOAFLAKuAVsA3gCYgE2AKbAWiAwIBh4DIhgAUAbQA8ACxAGyAR6IgOgAqACsAFwAQwAiQBSADIAGWANQAbIA4gB-AEYAKWAVcA1gB8gENgIvASIAmwBOwChwFIgLkAYEAwkBh4DJxIAIABwA5xAAEA3gSCIAAgABcAFAAVAAyABwADwAIAARAAqAB4AD6AIYAiABMgCqAKwAWAAuABvADmAHoAQ0AiACJAEsAJoAUoAwwBkADLAGoANkAcQA7wB7AD4gH2AfoBGAClgF-AMIAYoA1gBtADcAG8APQAfIBDYCKgEXgJEATEAmUBNgCdgFIgKbAVgAsUBbAC5AF3gMCAYMAwkBhoDDwGRAMkAZOGgQgAqACsAFwAQwAiQBSADIAGWANIAagA2QBxAD8AIwAUsAq8BaAFpANYAbwA-QCGwEXgJEATYAnYBQ4CkQFyAMCAYSAw8BjADJw4AEABwYAIAbIA6gC-gGRioDIAFAAVABDACYAFwARwApABlgDUAHEAPwAjABHAClgFXgLQAtIBvAEggJiATYApsBcgDAgGHgMiFABABtADwAR6AvodBGAAXABQAFQALgAZAA4ACAAEQAMQAfABBgCGAIgATIAqgCsAFgALgAYgAzABvADmAHoAQwAiABLACYAE1AKMApQBkADKgGiAaQA1ABswDfAOAAcQA7wB7QD7APwAjABYoC0ALSAXMAvIBfgDCAGKANxAdMB1AD0AIbAREAi8BIICRAE2AJ2gU0BTYCrAFiwLYAtkBcAC5AF2gLvAYSAw0Bh4DEgGMAMeAZIAychAsAAWABQADIAIgAYgBBACGAEwAKoAXAAzABvAD0AI4AUgAygBqADfAHEAO8AfgBAwCMAFDgLQAtIBfgDCAGKAOoAegBIICRAE2QKaApsBYoC0YFsAW0AuABcgC7QGHgMSAZEAyclAjAAQAAsACgAFwAMgAcABiAEQAJgAVQAuABiADMAG0AQ0AiACJgFIAUoAygBpADZAHeAPwAjEBaAFpAMUAbgA6gCLwEiAJsAWKAu0Bh4DIgGTlIGoAC4AKAAqABcADIAHAAQAAxgCGAIgATAApABVACwAFwAMQAZgA5gCGAERAKMApQBlQDRANIAbIA4gB3wD7APwAjABHAChgFbALyAYQA2gBuADqAHoAReAkQBNgCdoFNAU2ArYBYoC2AFwALkAXaAw0Bh4DEgGMAMiAZIAycqABAB8UAAgDwA.YAAAAAAAAAAA; PHPSESSID=al9igcoicfdd937vq7ga34hoq5
    [HTTP_HOST] => my.medical-tribune.de
    [HTTP_REFERER] => https://my.medical-tribune.de/register.php?mode=1
    [HTTP_USER_AGENT] => Mozilla/5.0 (Windows NT 10.0; WOW64; Trident/7.0; rv:11.0) like Gecko
    [PATH] => /bin:/usr/bin
    [QUERY_STRING] => mode=1
    [REDIRECT_STATUS] => 200
    [REMOTE_ADDR] => 185.109.110.126
    [REMOTE_PORT] => 51768
    [REQUEST_METHOD] => POST
    [REQUEST_SCHEME] => https
    [REQUEST_URI] => /register.php?mode=1
    [SCRIPT_FILENAME] => /home/mtde/public_html/my/register.php
    [SCRIPT_NAME] => /register.php
    [SERVER_ADDR] => 46.232.181.187
    [SERVER_ADMIN] => webmaster@my.medical-tribune.de
    [SERVER_NAME] => my.medical-tribune.de
    [SERVER_PORT] => 443
    [SERVER_PROTOCOL] => HTTP/1.1
    [SERVER_SIGNATURE] => 
    [SERVER_SOFTWARE] => Apache
    [SSL_TLS_SNI] => my.medical-tribune.de
    [UNIQUE_ID] => X0fi-tFCrAdDqT8KuKDntQAAAVA
    [PHP_SELF] => /register.php
    [REQUEST_TIME_FLOAT] => 1598546686.4801
    [REQUEST_TIME] => 1598546686
)

27-08-2020 : nl@a-bauer.eu,Array
(
    [CONTENT_LENGTH] => 2763
    [CONTENT_TYPE] => multipart/form-data; boundary=----WebKitFormBoundaryzBEjIWLSZtuidzxH
    [CONTEXT_DOCUMENT_ROOT] => /home/mtde/public_html/my
    [CONTEXT_PREFIX] => 
    [DOCUMENT_ROOT] => /home/mtde/public_html/my
    [GATEWAY_INTERFACE] => CGI/1.1
    [HTTPS] => on
    [HTTP_ACCEPT] => text/html,application/xhtml+xml,application/xml;q=0.9,image/webp,image/apng,*/*;q=0.8,application/signed-exchange;v=b3;q=0.9
    [HTTP_ACCEPT_ENCODING] => gzip, deflate, br
    [HTTP_ACCEPT_LANGUAGE] => de-DE,de;q=0.9,en-US;q=0.8,en;q=0.7,ja;q=0.6,lt;q=0.5
    [HTTP_CACHE_CONTROL] => max-age=0
    [HTTP_CONNECTION] => keep-alive
    [HTTP_COOKIE] => PHPSESSID=4cqi95udhqsoju1qcusv9ttei0
    [HTTP_DNT] => 1
    [HTTP_HOST] => my.medical-tribune.de
    [HTTP_ORIGIN] => https://my.medical-tribune.de
    [HTTP_REFERER] => https://my.medical-tribune.de/register.php?mode=1
    [HTTP_SEC_FETCH_DEST] => iframe
    [HTTP_SEC_FETCH_MODE] => navigate
    [HTTP_SEC_FETCH_SITE] => same-origin
    [HTTP_SEC_FETCH_USER] => ?1
    [HTTP_UPGRADE_INSECURE_REQUESTS] => 1
    [HTTP_USER_AGENT] => Mozilla/5.0 (Windows NT 10.0; Win64; x64) AppleWebKit/537.36 (KHTML, like Gecko) Chrome/84.0.4147.135 Safari/537.36
    [PATH] => /bin:/usr/bin
    [QUERY_STRING] => mode=1
    [REDIRECT_STATUS] => 200
    [REMOTE_ADDR] => 84.142.113.247
    [REMOTE_PORT] => 62851
    [REQUEST_METHOD] => POST
    [REQUEST_SCHEME] => https
    [REQUEST_URI] => /register.php?mode=1
    [SCRIPT_FILENAME] => /home/mtde/public_html/my/register.php
    [SCRIPT_NAME] => /register.php
    [SERVER_ADDR] => 46.232.181.187
    [SERVER_ADMIN] => webmaster@my.medical-tribune.de
    [SERVER_NAME] => my.medical-tribune.de
    [SERVER_PORT] => 443
    [SERVER_PROTOCOL] => HTTP/1.1
    [SERVER_SIGNATURE] => 
    [SERVER_SOFTWARE] => Apache
    [SSL_TLS_SNI] => my.medical-tribune.de
    [UNIQUE_ID] => X0gA7tFCrAdDqT8KuKD32QAAAUA
    [PHP_SELF] => /register.php
    [REQUEST_TIME_FLOAT] => 1598554350.4733
    [REQUEST_TIME] => 1598554350
)

27-08-2020 : michael.hornemann@t-online.de,Array
(
    [CONTENT_LENGTH] => 3202
    [CONTENT_TYPE] => multipart/form-data; boundary=----WebKitFormBoundaryavPNConaI3B8GfY5
    [CONTEXT_DOCUMENT_ROOT] => /home/mtde/public_html/my
    [CONTEXT_PREFIX] => 
    [DOCUMENT_ROOT] => /home/mtde/public_html/my
    [GATEWAY_INTERFACE] => CGI/1.1
    [HTTPS] => on
    [HTTP_ACCEPT] => text/html,application/xhtml+xml,application/xml;q=0.9,*/*;q=0.8
    [HTTP_ACCEPT_ENCODING] => gzip, deflate, br
    [HTTP_ACCEPT_LANGUAGE] => de-de
    [HTTP_CONNECTION] => keep-alive
    [HTTP_COOKIE] => PHPSESSID=e7behaptehl0llavig6tk8qsl0; _ga=GA1.2.1218735954.1598553818; _gid=GA1.2.1009114615.1598553818; consentUUID=d26e3498-2db3-416d-aa53-c97ca4dfb5ef; euconsent-v2=CO4z_TUO4z_TUAGABCENA0CgAP_AAH_AAAYgGVtf_X9fb2_j-_5999t0eY1f9_63t-wzjgeNs-8NyZ_X_J4Xr2MyvB34pqYKmR4EunLBAQdlHGHcTQgAwIkFqTLsYk2MizNKJ7JEilMbc2dYGG1vn8XT_ZCY70-_f__7v3-_-___6oGUEEGAAKAQBCWAAIEihEIQAIQxIAIAACihEAgEkACRQALI4COUACABAYgIQIAQAgoAYBAAIAAElAQAgAAIBQARAIAAQADAEAACAAEFgBIiAAACoEhAARABKBAQUAAQcggQFQBBACBARGQGAAKAAqACGAEwALgAjgBSADLAGoAOIAfgBGACOAFLAKuAVsA3gCYgE2AKbAWiAwIBh4DIhgAUAbQA8ACxAGyAR6IgOgAqACsAFwAQwAiQBSADIAGWANQAbIA4gB-AEYAKWAVcA1gB8gENgIvASIAmwBOwChwFIgLkAYEAwkBh4DJxIAIABwA5xAAEA3gSCIAAgABcAFAAVAAyABwADwAIAARAAqAB4AD6AIYAiABMgCqAKwAWAAuABvADmAHoAQ0AiACJAEsAJoAUoAwwBkADLAGoANkAcQA7wB7AD4gH2AfoBGAClgF-AMIAYoA1gBtADcAG8APQAfIBDYCKgEXgJEATEAmUBNgCdgFIgKbAVgAsUBbAC5AF3gMCAYMAwkBhoDDwGRAMkAZOGgQgAqACsAFwAQwAiQBSADIAGWANIAagA2QBxAD8AIwAUsAq8BaAFpANYAbwA-QCGwEXgJEATYAnYBQ4CkQFyAMCAYSAw8BjADJw4AEABwYAIAbIA6gC-gGRioDIAFAAVABDACYAFwARwApABlgDUAHEAPwAjABHAClgFXgLQAtIBvAEggJiATYApsBcgDAgGHgMiFABABtADwAR6AvodBGAAXABQAFQALgAZAA4ACAAEQAMQAfABBgCGAIgATIAqgCsAFgALgAYgAzABvADmAHoAQwAiABLACYAE1AKMApQBkADKgGiAaQA1ABswDfAOAAcQA7wB7QD7APwAjABYoC0ALSAXMAvIBfgDCAGKANxAdMB1AD0AIbAREAi8BIICRAE2AJ2gU0BTYCrAFiwLYAtkBcAC5AF2gLvAYSAw0Bh4DEgGMAMeAZIAychAsAAWABQADIAIgAYgBBACGAEwAKoAXAAzABvAD0AI4AUgAygBqADfAHEAO8AfgBAwCMAFDgLQAtIBfgDCAGKAOoAegBIICRAE2QKaApsBYoC0YFsAW0AuABcgC7QGHgMSAZEAyclAjAAQAAsACgAFwAMgAcABiAEQAJgAVQAuABiADMAG0AQ0AiACJgFIAUoAygBpADZAHeAPwAjEBaAFpAMUAbgA6gCLwEiAJsAWKAu0Bh4DIgGTlIGoAC4AKAAqABcADIAHAAQAAxgCGAIgATAApABVACwAFwAMQAZgA5gCGAERAKMApQBlQDRANIAbIA4gB3wD7APwAjABHAChgFbALyAYQA2gBuADqAHoAReAkQBNgCdoFNAU2ArYBYoC2AFwALkAXaAw0Bh4DEgGMAMiAZIAycqABAB8UAAgDwA.YAAAAAAAAAAA
    [HTTP_HOST] => my.medical-tribune.de
    [HTTP_ORIGIN] => https://my.medical-tribune.de
    [HTTP_REFERER] => https://my.medical-tribune.de/register.php?mode=1
    [HTTP_USER_AGENT] => Mozilla/5.0 (iPhone; CPU iPhone OS 13_6 like Mac OS X) AppleWebKit/605.1.15 (KHTML, like Gecko) GSA/121.0.326606761 Mobile/15E148 Safari/604.1
    [PATH] => /bin:/usr/bin
    [QUERY_STRING] => mode=1
    [REDIRECT_STATUS] => 200
    [REMOTE_ADDR] => 79.205.251.201
    [REMOTE_PORT] => 65329
    [REQUEST_METHOD] => POST
    [REQUEST_SCHEME] => https
    [REQUEST_URI] => /register.php?mode=1
    [SCRIPT_FILENAME] => /home/mtde/public_html/my/register.php
    [SCRIPT_NAME] => /register.php
    [SERVER_ADDR] => 46.232.181.187
    [SERVER_ADMIN] => webmaster@my.medical-tribune.de
    [SERVER_NAME] => my.medical-tribune.de
    [SERVER_PORT] => 443
    [SERVER_PROTOCOL] => HTTP/1.1
    [SERVER_SIGNATURE] => 
    [SERVER_SOFTWARE] => Apache
    [SSL_TLS_SNI] => my.medical-tribune.de
    [UNIQUE_ID] => X0gBHPpElDwJyEWssI62XgAAAQk
    [PHP_SELF] => /register.php
    [REQUEST_TIME_FLOAT] => 1598554396.2703
    [REQUEST_TIME] => 1598554396
)

27-08-2020 : hannes.m.kneissler@gmail.com,Array
(
    [CONTENT_LENGTH] => 2498
    [CONTENT_TYPE] => multipart/form-data; boundary=----WebKitFormBoundaryKJBB7gp9YuBKwiFm
    [CONTEXT_DOCUMENT_ROOT] => /home/mtde/public_html/my
    [CONTEXT_PREFIX] => 
    [DOCUMENT_ROOT] => /home/mtde/public_html/my
    [GATEWAY_INTERFACE] => CGI/1.1
    [HTTPS] => on
    [HTTP_ACCEPT] => text/html,application/xhtml+xml,application/xml;q=0.9,image/webp,image/apng,*/*;q=0.8,application/signed-exchange;v=b3;q=0.9
    [HTTP_ACCEPT_ENCODING] => gzip, deflate, br
    [HTTP_ACCEPT_LANGUAGE] => de-DE,de;q=0.9,en-US;q=0.8,en;q=0.7
    [HTTP_CACHE_CONTROL] => max-age=0
    [HTTP_CONNECTION] => keep-alive
    [HTTP_COOKIE] => _ga=GA1.2.1888001618.1598556369; _gid=GA1.2.2032488976.1598556369; consentUUID=712b79ca-3e73-48bc-bbd2-e45aa19e7d8f; euconsent-v2=CO40F1eO40F1eAGABCENA0CgAP_AAH_AAAYgGVtf_X9fb2_j-_5999t0eY1f9_63t-wzjgeNs-8NyZ_X_J4Xr2MyvB34pqYKmR4EunLBAQdlHGHcTQgAwIkFqTLsYk2MizNKJ7JEilMbc2dYGG1vn8XT_ZCY70-_f__7v3-_-___6oGUEEGAAKAQBCWAAIEihEIQAIQxIAIAACihEAgEkACRQALI4COUACABAYgIQIAQAgoAYBAAIAAElAQAgAAIBQARAIAAQADAEAACAAEFgBIiAAACoEhAARABKBAQUAAQcggQFQBBACBARGQGAAKAAqACGAEwALgAjgBSADLAGoAOIAfgBGACOAFLAKuAVsA3gCYgE2AKbAWiAwIBh4DIhgAUAbQA8ACxAGyAR6IgOgAqACsAFwAQwAiQBSADIAGWANQAbIA4gB-AEYAKWAVcA1gB8gENgIvASIAmwBOwChwFIgLkAYEAwkBh4DJxIAIABwA5xAAEA3gSCIAAgABcAFAAVAAyABwADwAIAARAAqAB4AD6AIYAiABMgCqAKwAWAAuABvADmAHoAQ0AiACJAEsAJoAUoAwwBkADLAGoANkAcQA7wB7AD4gH2AfoBGAClgF-AMIAYoA1gBtADcAG8APQAfIBDYCKgEXgJEATEAmUBNgCdgFIgKbAVgAsUBbAC5AF3gMCAYMAwkBhoDDwGRAMkAZOGgQgAqACsAFwAQwAiQBSADIAGWANIAagA2QBxAD8AIwAUsAq8BaAFpANYAbwA-QCGwEXgJEATYAnYBQ4CkQFyAMCAYSAw8BjADJw4AEABwYAIAbIA6gC-gGRioDIAFAAVABDACYAFwARwApABlgDUAHEAPwAjABHAClgFXgLQAtIBvAEggJiATYApsBcgDAgGHgMiFABABtADwAR6AvodBGAAXABQAFQALgAZAA4ACAAEQAMQAfABBgCGAIgATIAqgCsAFgALgAYgAzABvADmAHoAQwAiABLACYAE1AKMApQBkADKgGiAaQA1ABswDfAOAAcQA7wB7QD7APwAjABYoC0ALSAXMAvIBfgDCAGKANxAdMB1AD0AIbAREAi8BIICRAE2AJ2gU0BTYCrAFiwLYAtkBcAC5AF2gLvAYSAw0Bh4DEgGMAMeAZIAychAsAAWABQADIAIgAYgBBACGAEwAKoAXAAzABvAD0AI4AUgAygBqADfAHEAO8AfgBAwCMAFDgLQAtIBfgDCAGKAOoAegBIICRAE2QKaApsBYoC0YFsAW0AuABcgC7QGHgMSAZEAyclAjAAQAAsACgAFwAMgAcABiAEQAJgAVQAuABiADMAG0AQ0AiACJgFIAUoAygBpADZAHeAPwAjEBaAFpAMUAbgA6gCLwEiAJsAWKAu0Bh4DIgGTlIGoAC4AKAAqABcADIAHAAQAAxgCGAIgATAApABVACwAFwAMQAZgA5gCGAERAKMApQBlQDRANIAbIA4gB3wD7APwAjABHAChgFbALyAYQA2gBuADqAHoAReAkQBNgCdoFNAU2ArYBYoC2AFwALkAXaAw0Bh4DEgGMAMiAZIAycqABAB8UAAgDwA.YAAAAAAAAAAA; PHPSESSID=5glvtaf1suqk8fo1lb4b3s6l30
    [HTTP_HOST] => my.medical-tribune.de
    [HTTP_ORIGIN] => https://my.medical-tribune.de
    [HTTP_REFERER] => https://my.medical-tribune.de/register.php?mode=1
    [HTTP_SEC_FETCH_DEST] => iframe
    [HTTP_SEC_FETCH_MODE] => navigate
    [HTTP_SEC_FETCH_SITE] => same-origin
    [HTTP_SEC_FETCH_USER] => ?1
    [HTTP_UPGRADE_INSECURE_REQUESTS] => 1
    [HTTP_USER_AGENT] => Mozilla/5.0 (Macintosh; Intel Mac OS X 10_12_6) AppleWebKit/537.36 (KHTML, like Gecko) Chrome/84.0.4147.135 Safari/537.36
    [PATH] => /bin:/usr/bin
    [QUERY_STRING] => mode=1
    [REDIRECT_STATUS] => 200
    [REMOTE_ADDR] => 62.216.202.220
    [REMOTE_PORT] => 43842
    [REQUEST_METHOD] => POST
    [REQUEST_SCHEME] => https
    [REQUEST_URI] => /register.php?mode=1
    [SCRIPT_FILENAME] => /home/mtde/public_html/my/register.php
    [SCRIPT_NAME] => /register.php
    [SERVER_ADDR] => 46.232.181.187
    [SERVER_ADMIN] => webmaster@my.medical-tribune.de
    [SERVER_NAME] => my.medical-tribune.de
    [SERVER_PORT] => 443
    [SERVER_PROTOCOL] => HTTP/1.1
    [SERVER_SIGNATURE] => 
    [SERVER_SOFTWARE] => Apache
    [SSL_TLS_SNI] => my.medical-tribune.de
    [UNIQUE_ID] => X0gJ3-pElDwJyEWssI68OwAAAQk
    [PHP_SELF] => /register.php
    [REQUEST_TIME_FLOAT] => 1598556640.0434
    [REQUEST_TIME] => 1598556640
)

27-08-2020 : tangsibai@gmail.com,Array
(
    [CONTENT_LENGTH] => 3425
    [CONTENT_TYPE] => multipart/form-data; boundary=----WebKitFormBoundaryauhu7uC1gbOUpgsB
    [CONTEXT_DOCUMENT_ROOT] => /home/mtde/public_html/my
    [CONTEXT_PREFIX] => 
    [DOCUMENT_ROOT] => /home/mtde/public_html/my
    [GATEWAY_INTERFACE] => CGI/1.1
    [HTTPS] => on
    [HTTP_ACCEPT] => text/html,application/xhtml+xml,application/xml;q=0.9,image/webp,image/apng,*/*;q=0.8,application/signed-exchange;v=b3;q=0.9
    [HTTP_ACCEPT_ENCODING] => gzip, deflate, br
    [HTTP_ACCEPT_LANGUAGE] => zh-DE,zh;q=0.9,de-DE;q=0.8,de;q=0.7,zh-CN;q=0.6,zh-TW;q=0.5
    [HTTP_CACHE_CONTROL] => max-age=0
    [HTTP_CONNECTION] => keep-alive
    [HTTP_COOKIE] => _ga=GA1.2.1977447319.1598557549; _gid=GA1.2.1346608076.1598557549; _gac_UA-173639924-1=1.1598557549.Cj0KCQjws536BRDTARIsANeUZ5_97RfECEPZ-a3hrP0I9p3NR9O_gJaWTqBOQffvoGfSxHH5IE57nk4aAi1hEALw_wcB; consentUUID=98885063-7623-4ce2-a2b9-3c2cc8cf5ff1; PHPSESSID=s7arc2lmniann0e1oh8hgad926; euconsent-v2=CO40IekO40IekAGABCENA0CgAP_AAH_AAAYgGVtf_X9fb2_j-_5999t0eY1f9_63t-wzjgeNs-8NyZ_X_J4Xr2MyvB34pqYKmR4EunLBAQdlHGHcTQgAwIkFqTLsYk2MizNKJ7JEilMbc2dYGG1vn8XT_ZCY70-_f__7v3-_-___6oGUEEGAAKAQBCWAAIEihEIQAIQxIAIAACihEAgEkACRQALI4COUACABAYgIQIAQAgoAYBAAIAAElAQAgAAIBQARAIAAQADAEAACAAEFgBIiAAACoEhAARABKBAQUAAQcggQFQBBACBARGQGAAKAAqACGAEwALgAjgBSADLAGoAOIAfgBGACOAFLAKuAVsA3gCYgE2AKbAWiAwIBh4DIhgAUAbQA8ACxAGyAR6IgOgAqACsAFwAQwAiQBSADIAGWANQAbIA4gB-AEYAKWAVcA1gB8gENgIvASIAmwBOwChwFIgLkAYEAwkBh4DJxIAIABwA5xAAEA3gSCIAAgABcAFAAVAAyABwADwAIAARAAqAB4AD6AIYAiABMgCqAKwAWAAuABvADmAHoAQ0AiACJAEsAJoAUoAwwBkADLAGoANkAcQA7wB7AD4gH2AfoBGAClgF-AMIAYoA1gBtADcAG8APQAfIBDYCKgEXgJEATEAmUBNgCdgFIgKbAVgAsUBbAC5AF3gMCAYMAwkBhoDDwGRAMkAZOGgQgAqACsAFwAQwAiQBSADIAGWANIAagA2QBxAD8AIwAUsAq8BaAFpANYAbwA-QCGwEXgJEATYAnYBQ4CkQFyAMCAYSAw8BjADJw4AEABwYAIAbIA6gC-gGRioDIAFAAVABDACYAFwARwApABlgDUAHEAPwAjABHAClgFXgLQAtIBvAEggJiATYApsBcgDAgGHgMiFABABtADwAR6AvodBGAAXABQAFQALgAZAA4ACAAEQAMQAfABBgCGAIgATIAqgCsAFgALgAYgAzABvADmAHoAQwAiABLACYAE1AKMApQBkADKgGiAaQA1ABswDfAOAAcQA7wB7QD7APwAjABYoC0ALSAXMAvIBfgDCAGKANxAdMB1AD0AIbAREAi8BIICRAE2AJ2gU0BTYCrAFiwLYAtkBcAC5AF2gLvAYSAw0Bh4DEgGMAMeAZIAychAsAAWABQADIAIgAYgBBACGAEwAKoAXAAzABvAD0AI4AUgAygBqADfAHEAO8AfgBAwCMAFDgLQAtIBfgDCAGKAOoAegBIICRAE2QKaApsBYoC0YFsAW0AuABcgC7QGHgMSAZEAyclAjAAQAAsACgAFwAMgAcABiAEQAJgAVQAuABiADMAG0AQ0AiACJgFIAUoAygBpADZAHeAPwAjEBaAFpAMUAbgA6gCLwEiAJsAWKAu0Bh4DIgGTlIGoAC4AKAAqABcADIAHAAQAAxgCGAIgATAApABVACwAFwAMQAZgA5gCGAERAKMApQBlQDRANIAbIA4gB3wD7APwAjABHAChgFbALyAYQA2gBuADqAHoAReAkQBNgCdoFNAU2ArYBYoC2AFwALkAXaAw0Bh4DEgGMAMiAZIAycqABAB8UAAgDwA.YAAAAAAAAAAA
    [HTTP_HOST] => my.medical-tribune.de
    [HTTP_ORIGIN] => https://my.medical-tribune.de
    [HTTP_REFERER] => https://my.medical-tribune.de/register.php?mode=1
    [HTTP_SEC_FETCH_DEST] => iframe
    [HTTP_SEC_FETCH_MODE] => navigate
    [HTTP_SEC_FETCH_SITE] => same-origin
    [HTTP_SEC_FETCH_USER] => ?1
    [HTTP_UPGRADE_INSECURE_REQUESTS] => 1
    [HTTP_USER_AGENT] => Mozilla/5.0 (Windows NT 10.0; Win64; x64) AppleWebKit/537.36 (KHTML, like Gecko) Chrome/84.0.4147.135 Safari/537.36
    [PATH] => /bin:/usr/bin
    [QUERY_STRING] => mode=1
    [REDIRECT_STATUS] => 200
    [REMOTE_ADDR] => 80.145.95.228
    [REMOTE_PORT] => 51100
    [REQUEST_METHOD] => POST
    [REQUEST_SCHEME] => https
    [REQUEST_URI] => /register.php?mode=1
    [SCRIPT_FILENAME] => /home/mtde/public_html/my/register.php
    [SCRIPT_NAME] => /register.php
    [SERVER_ADDR] => 46.232.181.187
    [SERVER_ADMIN] => webmaster@my.medical-tribune.de
    [SERVER_NAME] => my.medical-tribune.de
    [SERVER_PORT] => 443
    [SERVER_PROTOCOL] => HTTP/1.1
    [SERVER_SIGNATURE] => 
    [SERVER_SOFTWARE] => Apache
    [SSL_TLS_SNI] => my.medical-tribune.de
    [UNIQUE_ID] => X0gOoniSJlyeV71OhYhs-AAAAMI
    [PHP_SELF] => /register.php
    [REQUEST_TIME_FLOAT] => 1598557858.8334
    [REQUEST_TIME] => 1598557858
)

27-08-2020 : sprzibylla@hotmail.com,Array
(
    [CONTENT_LENGTH] => 3481
    [CONTENT_TYPE] => multipart/form-data; boundary=----WebKitFormBoundaryiv9aTAX6oGqUAcKq
    [CONTEXT_DOCUMENT_ROOT] => /home/mtde/public_html/my
    [CONTEXT_PREFIX] => 
    [DOCUMENT_ROOT] => /home/mtde/public_html/my
    [GATEWAY_INTERFACE] => CGI/1.1
    [HTTPS] => on
    [HTTP_ACCEPT] => text/html,application/xhtml+xml,application/xml;q=0.9,image/webp,image/apng,*/*;q=0.8,application/signed-exchange;v=b3;q=0.9
    [HTTP_ACCEPT_ENCODING] => gzip, deflate, br
    [HTTP_ACCEPT_LANGUAGE] => de,de-DE;q=0.9,en;q=0.8,en-GB;q=0.7,en-US;q=0.6
    [HTTP_CACHE_CONTROL] => max-age=0
    [HTTP_CONNECTION] => keep-alive
    [HTTP_COOKIE] => _ga=GA1.2.1905321442.1598561351; _gid=GA1.2.440838159.1598561351; consentUUID=d17fbec8-d79e-4f8e-a4e4-16db0a3be5e5; euconsent-v2=CO40RrlO40RrlAGABCENA1CgAP_AAH_AAAYgGVtf_X9fb2_j-_5999t0eY1f9_63t-wzjgeNs-8NyZ_X_J4Xr2MyvB34pqYKmR4EunLBAQdlHGHcTQgAwIkFqTLsYk2MizNKJ7JEilMbc2dYGG1vn8XT_ZCY70-_f__7v3-_-___6oGUEEGAAKAQBCWAAIEihEIQAIQxIAIAACihEAgEkACRQALI4COUACABAYgIQIAQAgoAYBAAIAAElAQAgAAIBQARAIAAQADAEAACAAEFgBIiAAACoEhAARABKBAQUAAQcggQFQBBACBARGQGAAKAAqACGAEwALgAjgBSADLAGoAOIAfgBGACOAFLAKuAVsA3gCYgE2AKbAWiAwIBh4DIhgAUAbQA8ACxAGyAR6IgOAAqACsAFwAQwApABkADLAGoANkAcQA_ACMAFLAKuAawA-QCGwEXgJEATYAnYBQ4CkQFyAMCAYSAw8Bk4kAEAA4Ac4gACAbwJBEAAQAAuACgAKgAZAA4AB4AEAAIgAVAA8AB9AEMARAAmQBVAFYALAAXAA3gBzAD0AIaARABEgCWAE0AKUAYYAyABlgDUAGyAOIAd4A9gB8QD7AP0AjABSwC_AGEAMUAawA2gBuADeAHoAPkAhsBFQCLwEiAJiATKAmwBOwCkQFNgKwAWKAtgBcgC7wGBAMGAYSAw0Bh4DIgGSAMnDQIAAVABWAC4AIYAUgAyABlgDSAGoANkAcQA_ACMAFLAKvAWgBaQDWAG8APkAhsBF4CRAE2AJ2AUOApEBcgDAgGEgMPAYwAycOABAAcGACAGyAOoAvoBkYqAyABQAFQAQwAmABcAEcAKQAZYA1ABxAD8AIwARwApYBV4C0ALSAbwBIICYgE2AKbAXIAwIBh4DIhQAQAbQA8AEegL6HQRgAFwAUABUAC4AGQAOAAgABEADEAHwAQYAhgCIAEyAKoArABYAC4AGIAMwAbwA5gB6AEMAIgASwAmABNQCjAKUAZAAyoBogGkANQAbMA3wDgAHEAO8Ae0A-wD8AIwAWKAtAC0gFzALyAX4AwgBigDcQHTAdQA9ACGwERAIvASCAkQBNgCdoFNAU2AqwBYsC2ALZAXAAuQBdoC7wGEgMNAYeAxIBjADHgGSAMnIQLAAFgAUAAyACIAGIAQQAhgBMACqAFwAMwAbwA9ACOAFIAMoAagA3wBxADvAH4AQMAjABQ4C0ALSAX4AwgBigDqAHoASCAkQBNkCmgKbAWKAtGBbAFtALgAXIAu0Bh4DEgGRAMnJQIwAEAALAAoABcADIAHAAYgBEACYAFUALgAYgAzABtAENAIgAiYBSAFKAMoAaQA2QB3gD8AIxAWgBaQDFAG4AOoAi8BIgCbAFigLtAYeAyIBk5SBqAAuACgAKgAXAAyABwAEAAMYAhgCIAEwAKQAVQAsABcADEAGYAOYAhgBEQCjAKUAZUA0QDSAGyAOIAd8A-wD8AIwARwAoYBWwC8gGEANoAbgA6gB6AEXgJEATYAnaBTQFNgK2AWKAtgBcAC5AF2gMNAYeAxIBjADIgGSAMnKgAQAfFAAIA8AAA.YAAAAAAAAAAA; PHPSESSID=v36ka5abq6l9p5048neeab9ge7
    [HTTP_HOST] => my.medical-tribune.de
    [HTTP_ORIGIN] => https://my.medical-tribune.de
    [HTTP_REFERER] => https://my.medical-tribune.de/register.php?mode=1
    [HTTP_SEC_FETCH_DEST] => iframe
    [HTTP_SEC_FETCH_MODE] => navigate
    [HTTP_SEC_FETCH_SITE] => same-origin
    [HTTP_SEC_FETCH_USER] => ?1
    [HTTP_UPGRADE_INSECURE_REQUESTS] => 1
    [HTTP_USER_AGENT] => Mozilla/5.0 (Windows NT 10.0; Win64; x64) AppleWebKit/537.36 (KHTML, like Gecko) Chrome/84.0.4147.135 Safari/537.36 Edg/84.0.522.63
    [PATH] => /bin:/usr/bin
    [QUERY_STRING] => mode=1
    [REDIRECT_STATUS] => 200
    [REMOTE_ADDR] => 2.203.9.132
    [REMOTE_PORT] => 64148
    [REQUEST_METHOD] => POST
    [REQUEST_SCHEME] => https
    [REQUEST_URI] => /register.php?mode=1
    [SCRIPT_FILENAME] => /home/mtde/public_html/my/register.php
    [SCRIPT_NAME] => /register.php
    [SERVER_ADDR] => 46.232.181.187
    [SERVER_ADMIN] => webmaster@my.medical-tribune.de
    [SERVER_NAME] => my.medical-tribune.de
    [SERVER_PORT] => 443
    [SERVER_PROTOCOL] => HTTP/1.1
    [SERVER_SIGNATURE] => 
    [SERVER_SOFTWARE] => Apache
    [SSL_TLS_SNI] => my.medical-tribune.de
    [UNIQUE_ID] => X0geltFCrAdDqT8KuKAItAAAAU8
    [PHP_SELF] => /register.php
    [REQUEST_TIME_FLOAT] => 1598561942.4599
    [REQUEST_TIME] => 1598561942
)

