19-11-2020 : beatrice@farnese.de,Array
(
    [CONTENT_LENGTH] => 2429
    [CONTENT_TYPE] => multipart/form-data; boundary=----WebKitFormBoundaryoyfYW0x0rxn5a1oq
    [CONTEXT_DOCUMENT_ROOT] => /home/mtde/public_html/my
    [CONTEXT_PREFIX] => 
    [DOCUMENT_ROOT] => /home/mtde/public_html/my
    [GATEWAY_INTERFACE] => CGI/1.1
    [HTTPS] => on
    [HTTP_ACCEPT] => text/html,application/xhtml+xml,application/xml;q=0.9,image/webp,image/apng,*/*;q=0.8,application/signed-exchange;v=b3;q=0.9
    [HTTP_ACCEPT_ENCODING] => gzip, deflate, br
    [HTTP_ACCEPT_LANGUAGE] => de-DE,de;q=0.9,en-US;q=0.8,en;q=0.7,it;q=0.6
    [HTTP_CACHE_CONTROL] => max-age=0
    [HTTP_CONNECTION] => keep-alive
    [HTTP_COOKIE] => consentUUID=7444d964-33b1-4f37-af3c-b5562e9a46ed; euconsent-v2=CO9GPsUO9GPsUAGABBDEBACgAAAAAAdAAAYgAAAJOgBgEIALqAk4AAAA.YAAAAAAAAAAA; PHPSESSID=t2rvhgo7r0udqj9ifg1svpjpa6
    [HTTP_HOST] => my.medical-tribune.de
    [HTTP_ORIGIN] => https://my.medical-tribune.de
    [HTTP_REFERER] => https://my.medical-tribune.de/register.php?mode=1
    [HTTP_SEC_FETCH_DEST] => iframe
    [HTTP_SEC_FETCH_MODE] => navigate
    [HTTP_SEC_FETCH_SITE] => same-origin
    [HTTP_SEC_FETCH_USER] => ?1
    [HTTP_UPGRADE_INSECURE_REQUESTS] => 1
    [HTTP_USER_AGENT] => Mozilla/5.0 (Linux; Android 10; BLA-L29) AppleWebKit/537.36 (KHTML, like Gecko) Chrome/83.0.4103.106 Mobile Safari/537.36
    [PATH] => /bin:/usr/bin
    [QUERY_STRING] => mode=1
    [REDIRECT_STATUS] => 200
    [REMOTE_ADDR] => 178.12.236.194
    [REMOTE_PORT] => 37230
    [REQUEST_METHOD] => POST
    [REQUEST_SCHEME] => https
    [REQUEST_URI] => /register.php?mode=1
    [SCRIPT_FILENAME] => /home/mtde/public_html/my/register.php
    [SCRIPT_NAME] => /register.php
    [SERVER_ADDR] => 46.232.181.187
    [SERVER_ADMIN] => webmaster@my.medical-tribune.de
    [SERVER_NAME] => my.medical-tribune.de
    [SERVER_PORT] => 443
    [SERVER_PROTOCOL] => HTTP/1.1
    [SERVER_SIGNATURE] => 
    [SERVER_SOFTWARE] => Apache
    [SSL_TLS_SNI] => my.medical-tribune.de
    [TZ] => Europe/Zurich
    [UNIQUE_ID] => X7W3B66M6tkb-lmh1ycz-gAAAQI
    [PHP_SELF] => /register.php
    [REQUEST_TIME_FLOAT] => 1605744391.8256
    [REQUEST_TIME] => 1605744391
)

19-11-2020 : W.Bill@gmx.de,Array
(
    [CONTENT_LENGTH] => 4192
    [CONTENT_TYPE] => multipart/form-data; boundary=----WebKitFormBoundaryPcstxYLEBKJz1JBa
    [CONTEXT_DOCUMENT_ROOT] => /home/mtde/public_html/my
    [CONTEXT_PREFIX] => 
    [DOCUMENT_ROOT] => /home/mtde/public_html/my
    [GATEWAY_INTERFACE] => CGI/1.1
    [HTTPS] => on
    [HTTP_ACCEPT] => text/html,application/xhtml+xml,application/xml;q=0.9,image/webp,image/apng,*/*;q=0.8,application/signed-exchange;v=b3;q=0.9
    [HTTP_ACCEPT_ENCODING] => gzip, deflate, br
    [HTTP_ACCEPT_LANGUAGE] => de-DE,de;q=0.9,en-US;q=0.8,en;q=0.7,ru;q=0.6
    [HTTP_CACHE_CONTROL] => max-age=0
    [HTTP_CONNECTION] => keep-alive
    [HTTP_COOKIE] => consentUUID=e5d21fbf-c447-4432-8945-5bcdd4b48cdc; euconsent-v2=CO8Y8HsO8Y8HsAGABCENA-CgAP_AAH_AAAYgGVtf_X9fb2_j-_5999t0eY1f9_63t-wzjgeNs-8NyZ_X_J4XpmMyvB34pqYKmR4EunLBAQdlHGHcTQgAwIkVqTLsYk2MjzNKJ7JEilMbO2dYGH9vn8XT_ZKY70-____7v3-_____7oGQgEGAAKAQBCWAAIEChEIAAIQxIAAAACihEAgEkACRQALI4COUACABAYgIQIAQAgoAYBAAIAAElAQAgBAIBAARAIAAQACAEAACAAEFgBICAAACgEhAARABCBAQQAAQchgQEQBBACAwMgLgAUABUADUAIYATAAuACOAGWANSAfYB-AEYAI4AUsAq4BWwDeAJiATYAtEBbADAgGHgMiGABQBtADwALEAbIBHoiA2ACoAGoAVgAuACGAGQAMsAagA2QB-AEAAIwAUsAq4BrAD5AIbAReAkQBNgCdgFIgLkAYEAwkBh4DJxIAIABwA5xAAEA3gSCGAAgABcAFAAVAAyABwADwAIAARAAqABgADUAHkAQwBEACZAFUAVgAsABcADeAHMAPQAhoBEAESAJYATQApQBhgDIAGXANQA1QBsgDvAHsAPiAfYB-gEAAIwAUsAvwBhADFAGsANoAbgA3gB6AD5AIbARUAi8BIgCYgEygJsATsApEBYoC2AFyALvAYEAwYBhIDDQGHgMiAZIAycKABAGEEABgDNAXkAyMNAdABUAFYALgAhgBkADLAGoANkAfgBAACMAFLAKvAWgBaQDWAG8APkAhsBF4CRAE2AJ2AUiAuQBgQDCQGHgMYAZOHAAgAODABADZAHUAX0AyMVAYAAoACoAIYATAAuACOAGWANQAfgBGACOAFLAKvAWgBaQDeAJBATEAmwBTYC2AFyAMCAYeAyIUAEAG0APABHoC-h0EUABcAFAAVAAyABwAEAAIoAYABiADUAH0AQwBEACZAFUAVgAsABcADEAGYAN4AcwA9ACGAEQAJYATAAmgBSgDDAGQAMoAaIA1ABsgDfAHeAPaAfYB-AEYALFAWgBaQC5gF5AL8AYQAxQBuIDpgOoAegBDYCIgEXgJBASIAmwBOwCmgFWALFgWwBbIC4AFyALtAXeAwkBhoDDwGJAMYAY8AyQBk48ACAiocAFAAcABcAZoBGQD5EIFQACwAKAAZABEADEAIYATAAqgBcADEAGYAN4AegBHADKAGoAN8Ad8A-wD8AIGARgAocBaAFpAL8AYQAxQB1AD0AJBASIAmwBTQCxQFowLYAtoBcAC5AF2gMPAYkAyIBk5AACARklAmAAQAAsACgAGQAOAAigBgAGIAPAAiABMACqAFwAMQAZgA2gCGgEQARIApQBhADKAGqANkAd4A_ACMQFoAWkAxQBuADqAIvASIAmwBYoC2AF2gMPAZEAycmABARUSABgAXAIyAT4pA2AAXABQAFQAMgAcABAACKAGAAYgA1gCGAIgATAApABVACwAFwAMQAZgA5gCGAEQAKUAZQA0QBqgDZAHfAPsA_ACMAEcAKGAVsAuYBeQDCAG0ANwAegBF4CRAE2AJ2AU0ArYBYoC2AFwALkAXaAw0Bh4DEgGMAMiAZIAycqABAB8UABgAXAHgASIA.YAAAAAAAAAAA; _ga=GA1.2.738222037.1604555622; _gid=GA1.2.1227159248.1605765848; PHPSESSID=4it1iadv759eve0a6djv0snn71
    [HTTP_HOST] => my.medical-tribune.de
    [HTTP_ORIGIN] => https://my.medical-tribune.de
    [HTTP_REFERER] => https://my.medical-tribune.de/register.php?mode=1
    [HTTP_SEC_FETCH_DEST] => iframe
    [HTTP_SEC_FETCH_MODE] => navigate
    [HTTP_SEC_FETCH_SITE] => same-origin
    [HTTP_SEC_FETCH_USER] => ?1
    [HTTP_UPGRADE_INSECURE_REQUESTS] => 1
    [HTTP_USER_AGENT] => Mozilla/5.0 (Linux; Android 8.0.0; SM-G930F) AppleWebKit/537.36 (KHTML, like Gecko) Chrome/86.0.4240.198 Mobile Safari/537.36
    [PATH] => /bin:/usr/bin
    [QUERY_STRING] => mode=1
    [REDIRECT_STATUS] => 200
    [REMOTE_ADDR] => 31.150.50.52
    [REMOTE_PORT] => 39218
    [REQUEST_METHOD] => POST
    [REQUEST_SCHEME] => https
    [REQUEST_URI] => /register.php?mode=1
    [SCRIPT_FILENAME] => /home/mtde/public_html/my/register.php
    [SCRIPT_NAME] => /register.php
    [SERVER_ADDR] => 46.232.181.187
    [SERVER_ADMIN] => webmaster@my.medical-tribune.de
    [SERVER_NAME] => my.medical-tribune.de
    [SERVER_PORT] => 443
    [SERVER_PROTOCOL] => HTTP/1.1
    [SERVER_SIGNATURE] => 
    [SERVER_SOFTWARE] => Apache
    [SSL_TLS_SNI] => my.medical-tribune.de
    [TZ] => Europe/Zurich
    [UNIQUE_ID] => X7YM9Wul63L7sH3anoR59QAAAMw
    [PHP_SELF] => /register.php
    [REQUEST_TIME_FLOAT] => 1605766389.6056
    [REQUEST_TIME] => 1605766389
)

19-11-2020 : eluetzner@yahoo.de,Array
(
    [CONTENT_LENGTH] => 2774
    [CONTENT_TYPE] => multipart/form-data; boundary=----WebKitFormBoundary3GFXiIKbp38UUJNv
    [CONTEXT_DOCUMENT_ROOT] => /home/mtde/public_html/my
    [CONTEXT_PREFIX] => 
    [DOCUMENT_ROOT] => /home/mtde/public_html/my
    [GATEWAY_INTERFACE] => CGI/1.1
    [HTTPS] => on
    [HTTP_ACCEPT] => text/html,application/xhtml+xml,application/xml;q=0.9,*/*;q=0.8
    [HTTP_ACCEPT_ENCODING] => gzip, deflate, br
    [HTTP_ACCEPT_LANGUAGE] => de-de
    [HTTP_CONNECTION] => keep-alive
    [HTTP_COOKIE] => _ga=GA1.2.278323083.1605767512; _gid=GA1.2.1994394336.1605767512; consentUUID=c2136498-2a99-46aa-bbd8-90f054d0b650; PHPSESSID=ad98gr8gl1qeudu8f7dka2u9n4; euconsent-v2=CO9HK1uO9HK1uAGABCENBACgAP_AAAdAAAYgGMwIQADAAKAAqABkAEEAJwAoABVACwALQAZAA0gCIAI0ATABPAC2AGEAP0AgwCEAEYAJiAUgBSgDSAHEAQgAiwBLQC6gHNAPQAfoBGoCwwFtALzAYyBJ0AMAhABdQEnAEjIAYAKgAmALzEQAQAVBIBgAFQAMgAgABUADSAIgAigBMACeAIQAUoB6AF5hoAIAKhUAMAFQATAF5joB4AFQAMgAgABUADSAIgAigBMACeAIQATAApQCLAF1APQAvMhAFAAyACoAJgB6AFtEoA4AGQAiABMAEIAKUAuoC8ykA0ACoAGQAQAAqABpAEQARQAmABPAEIAKUAiwB6AF5gAA.YAAAAAAAAAAA
    [HTTP_HOST] => my.medical-tribune.de
    [HTTP_ORIGIN] => https://my.medical-tribune.de
    [HTTP_REFERER] => https://my.medical-tribune.de/register.php?mode=1
    [HTTP_USER_AGENT] => Mozilla/5.0 (iPhone; CPU iPhone OS 13_7 like Mac OS X) AppleWebKit/605.1.15 (KHTML, like Gecko) Version/13.1.2 Mobile/15E148 Safari/604.1
    [PATH] => /bin:/usr/bin
    [QUERY_STRING] => mode=1
    [REDIRECT_STATUS] => 200
    [REMOTE_ADDR] => 80.146.99.152
    [REMOTE_PORT] => 56284
    [REQUEST_METHOD] => POST
    [REQUEST_SCHEME] => https
    [REQUEST_URI] => /register.php?mode=1
    [SCRIPT_FILENAME] => /home/mtde/public_html/my/register.php
    [SCRIPT_NAME] => /register.php
    [SERVER_ADDR] => 46.232.181.187
    [SERVER_ADMIN] => webmaster@my.medical-tribune.de
    [SERVER_NAME] => my.medical-tribune.de
    [SERVER_PORT] => 443
    [SERVER_PROTOCOL] => HTTP/1.1
    [SERVER_SIGNATURE] => 
    [SERVER_SOFTWARE] => Apache
    [SSL_TLS_SNI] => my.medical-tribune.de
    [TZ] => Europe/Zurich
    [UNIQUE_ID] => X7YSW66M6tkb-lmh1ydX7gAAAQk
    [PHP_SELF] => /register.php
    [REQUEST_TIME_FLOAT] => 1605767771.384
    [REQUEST_TIME] => 1605767771
)

19-11-2020 : margit_machacek@hotmail.com,Array
(
    [CONTENT_LENGTH] => 2902
    [CONTENT_TYPE] => multipart/form-data; boundary=----WebKitFormBoundaryTgh7cGMDG5BB9t2r
    [CONTEXT_DOCUMENT_ROOT] => /home/mtde/public_html/my
    [CONTEXT_PREFIX] => 
    [DOCUMENT_ROOT] => /home/mtde/public_html/my
    [GATEWAY_INTERFACE] => CGI/1.1
    [HTTPS] => on
    [HTTP_ACCEPT] => text/html,application/xhtml+xml,application/xml;q=0.9,image/webp,image/apng,*/*;q=0.8,application/signed-exchange;v=b3;q=0.9
    [HTTP_ACCEPT_ENCODING] => gzip, deflate, br
    [HTTP_ACCEPT_LANGUAGE] => de,de-DE;q=0.9,en;q=0.8,en-GB;q=0.7,en-US;q=0.6
    [HTTP_CACHE_CONTROL] => max-age=0
    [HTTP_CONNECTION] => keep-alive
    [HTTP_COOKIE] => consentUUID=cf5318c3-eab9-486d-9177-84a1cfc4e9d0; euconsent-v2=CO9HTIEO9HTIEAGABCENBACgAP_AAAdAAACYGMwIQADAAKAAqABkAEEAJwAoABVACwALQAZAA0gCIAI0ATABPAC2AGEAP0AgwCEAEYAJiAUgBSgDSAHEAQgAiwBLQC6gHNAPQAfoBGoCwwFtALzAYyBJ0AMAhABdQEnAEjIAYAKgAmALzEQAQAVBIBgAFQAMgAgABUADSAIgAigBMACeAIQAUoB6AF5hoAIAKhUAMAFQATAF5joB4AFQAMgAgABUADSAIgAigBMACeAIQATAApQCLAF1APQAvMhAFAAyACoAJgB6AFtEoA4AGQAiABMAEIAKUAuoC8ykA0ACoAGQAQAAqABpAEQARQAmABPAEIAKUAiwB6AF5gAA.YAAAAAAAAAAA; _ga=GA1.2.2074953641.1605770906; _gid=GA1.2.94205949.1605770906; PHPSESSID=dlbj9l0lnhd9b5dj806ru583q3
    [HTTP_HOST] => my.medical-tribune.de
    [HTTP_ORIGIN] => https://my.medical-tribune.de
    [HTTP_REFERER] => https://my.medical-tribune.de/register.php?mode=1
    [HTTP_SEC_FETCH_DEST] => iframe
    [HTTP_SEC_FETCH_MODE] => navigate
    [HTTP_SEC_FETCH_SITE] => same-origin
    [HTTP_SEC_FETCH_USER] => ?1
    [HTTP_UPGRADE_INSECURE_REQUESTS] => 1
    [HTTP_USER_AGENT] => Mozilla/5.0 (Windows NT 10.0; Win64; x64) AppleWebKit/537.36 (KHTML, like Gecko) Chrome/84.0.4147.105 Safari/537.36 Edg/84.0.522.58
    [PATH] => /bin:/usr/bin
    [QUERY_STRING] => mode=1
    [REDIRECT_STATUS] => 200
    [REMOTE_ADDR] => 145.244.245.90
    [REMOTE_PORT] => 52017
    [REQUEST_METHOD] => POST
    [REQUEST_SCHEME] => https
    [REQUEST_URI] => /register.php?mode=1
    [SCRIPT_FILENAME] => /home/mtde/public_html/my/register.php
    [SCRIPT_NAME] => /register.php
    [SERVER_ADDR] => 46.232.181.187
    [SERVER_ADMIN] => webmaster@my.medical-tribune.de
    [SERVER_NAME] => my.medical-tribune.de
    [SERVER_PORT] => 443
    [SERVER_PROTOCOL] => HTTP/1.1
    [SERVER_SIGNATURE] => 
    [SERVER_SOFTWARE] => Apache
    [SSL_TLS_SNI] => my.medical-tribune.de
    [TZ] => Europe/Zurich
    [UNIQUE_ID] => X7YljBHWlPvA-VG2MEG9rwAAAFg
    [PHP_SELF] => /register.php
    [REQUEST_TIME_FLOAT] => 1605772684.0958
    [REQUEST_TIME] => 1605772684
)

19-11-2020 : kirchgatterer@hpms.info,Array
(
    [CONTENT_LENGTH] => 4824
    [CONTENT_TYPE] => multipart/form-data; boundary=---------------------------20600010453881805741351231593
    [CONTEXT_DOCUMENT_ROOT] => /home/mtde/public_html/my
    [CONTEXT_PREFIX] => 
    [DOCUMENT_ROOT] => /home/mtde/public_html/my
    [GATEWAY_INTERFACE] => CGI/1.1
    [HTTPS] => on
    [HTTP_ACCEPT] => text/html,application/xhtml+xml,application/xml;q=0.9,image/webp,*/*;q=0.8
    [HTTP_ACCEPT_ENCODING] => gzip, deflate, br
    [HTTP_ACCEPT_LANGUAGE] => de,en-US;q=0.7,en;q=0.3
    [HTTP_CONNECTION] => keep-alive
    [HTTP_COOKIE] => PHPSESSID=qka455mtfpqkt9fb8rrn0gavm7
    [HTTP_HOST] => my.medical-tribune.de
    [HTTP_ORIGIN] => https://my.medical-tribune.de
    [HTTP_REFERER] => https://my.medical-tribune.de/register.php?mode=1
    [HTTP_UPGRADE_INSECURE_REQUESTS] => 1
    [HTTP_USER_AGENT] => Mozilla/5.0 (Windows NT 10.0; Win64; x64; rv:82.0) Gecko/20100101 Firefox/82.0
    [PATH] => /bin:/usr/bin
    [QUERY_STRING] => mode=1
    [REDIRECT_STATUS] => 200
    [REMOTE_ADDR] => 80.147.0.55
    [REMOTE_PORT] => 47917
    [REQUEST_METHOD] => POST
    [REQUEST_SCHEME] => https
    [REQUEST_URI] => /register.php?mode=1
    [SCRIPT_FILENAME] => /home/mtde/public_html/my/register.php
    [SCRIPT_NAME] => /register.php
    [SERVER_ADDR] => 46.232.181.187
    [SERVER_ADMIN] => webmaster@my.medical-tribune.de
    [SERVER_NAME] => my.medical-tribune.de
    [SERVER_PORT] => 443
    [SERVER_PROTOCOL] => HTTP/1.1
    [SERVER_SIGNATURE] => 
    [SERVER_SOFTWARE] => Apache
    [SSL_TLS_SNI] => my.medical-tribune.de
    [TZ] => Europe/Zurich
    [UNIQUE_ID] => X7Yl2Gul63L7sH3anoSPPwAAAM8
    [PHP_SELF] => /register.php
    [REQUEST_TIME_FLOAT] => 1605772760.4139
    [REQUEST_TIME] => 1605772760
)

19-11-2020 : karolaschoenherr@gmx.de,Array
(
    [CONTENT_LENGTH] => 2505
    [CONTENT_TYPE] => multipart/form-data; boundary=----WebKitFormBoundaryIGQWNypoTgXTNViC
    [CONTEXT_DOCUMENT_ROOT] => /home/mtde/public_html/my
    [CONTEXT_PREFIX] => 
    [DOCUMENT_ROOT] => /home/mtde/public_html/my
    [GATEWAY_INTERFACE] => CGI/1.1
    [HTTPS] => on
    [HTTP_ACCEPT] => text/html,application/xhtml+xml,application/xml;q=0.9,image/webp,image/apng,*/*;q=0.8,application/signed-exchange;v=b3;q=0.9
    [HTTP_ACCEPT_ENCODING] => gzip, deflate, br
    [HTTP_ACCEPT_LANGUAGE] => de-DE,de;q=0.9,en-US;q=0.8,en;q=0.7
    [HTTP_CACHE_CONTROL] => max-age=0
    [HTTP_CONNECTION] => keep-alive
    [HTTP_COOKIE] => consentUUID=2ae1899e-d09e-41d2-9cd3-940f23c10da1; euconsent-v2=CO9HX4OO9HX4OAGABCENBACgAP_AAAdAAAYgGMwIQADAAKAAqABkAEEAJwAoABVACwALQAZAA0gCIAI0ATABPAC2AGEAP0AgwCEAEYAJiAUgBSgDSAHEAQgAiwBLQC6gHNAPQAfoBGoCwwFtALzAYyBJ0AMAhABdQEnAEjIAYAKgAmALzEQAQAVBIBgAFQAMgAgABUADSAIgAigBMACeAIQAUoB6AF5hoAIAKhUAMAFQATAF5joB4AFQAMgAgABUADSAIgAigBMACeAIQATAApQCLAF1APQAvMhAFAAyACoAJgB6AFtEoA4AGQAiABMAEIAKUAuoC8ykA0ACoAGQAQAAqABpAEQARQAmABPAEIAKUAiwB6AF5gAA.YAAAAAAAAAAA; _ga=GA1.2.2128977838.1605772853; _gid=GA1.2.619252468.1605772853; PHPSESSID=ja4d5sdaf1vg976diufvge7m94
    [HTTP_HOST] => my.medical-tribune.de
    [HTTP_ORIGIN] => https://my.medical-tribune.de
    [HTTP_REFERER] => https://my.medical-tribune.de/register.php?mode=1
    [HTTP_SEC_FETCH_MODE] => nested-navigate
    [HTTP_SEC_FETCH_SITE] => same-origin
    [HTTP_SEC_FETCH_USER] => ?1
    [HTTP_UPGRADE_INSECURE_REQUESTS] => 1
    [HTTP_USER_AGENT] => Mozilla/5.0 (Linux; Android 10; SAMSUNG SM-A505FN) AppleWebKit/537.36 (KHTML, like Gecko) SamsungBrowser/12.1 Chrome/79.0.3945.136 Mobile Safari/537.36
    [PATH] => /bin:/usr/bin
    [QUERY_STRING] => mode=1
    [REDIRECT_STATUS] => 200
    [REMOTE_ADDR] => 77.13.111.40
    [REMOTE_PORT] => 37340
    [REQUEST_METHOD] => POST
    [REQUEST_SCHEME] => https
    [REQUEST_URI] => /register.php?mode=1
    [SCRIPT_FILENAME] => /home/mtde/public_html/my/register.php
    [SCRIPT_NAME] => /register.php
    [SERVER_ADDR] => 46.232.181.187
    [SERVER_ADMIN] => webmaster@my.medical-tribune.de
    [SERVER_NAME] => my.medical-tribune.de
    [SERVER_PORT] => 443
    [SERVER_PROTOCOL] => HTTP/1.1
    [SERVER_SIGNATURE] => 
    [SERVER_SOFTWARE] => Apache
    [SSL_TLS_SNI] => my.medical-tribune.de
    [TZ] => Europe/Zurich
    [UNIQUE_ID] => X7YsSxHWlPvA-VG2MEHDhgAAAEI
    [PHP_SELF] => /register.php
    [REQUEST_TIME_FLOAT] => 1605774411.9593
    [REQUEST_TIME] => 1605774411
)

19-11-2020 : csh@wefra.life,Array
(
    [CONTENT_LENGTH] => 3100
    [CONTENT_TYPE] => multipart/form-data; boundary=---------------------------1404692685381346481030513084
    [CONTEXT_DOCUMENT_ROOT] => /home/mtde/public_html/my
    [CONTEXT_PREFIX] => 
    [DOCUMENT_ROOT] => /home/mtde/public_html/my
    [GATEWAY_INTERFACE] => CGI/1.1
    [HTTPS] => on
    [HTTP_ACCEPT] => text/html,application/xhtml+xml,application/xml;q=0.9,image/webp,*/*;q=0.8
    [HTTP_ACCEPT_ENCODING] => gzip, deflate, br
    [HTTP_ACCEPT_LANGUAGE] => de,en-US;q=0.7,en;q=0.3
    [HTTP_CONNECTION] => keep-alive
    [HTTP_COOKIE] => consentUUID=fc426203-5bf9-4562-ba3d-2cba17eb14f6; euconsent-v2=CO9Hdo6O9Hdo6AGABBDEBACgAAAAAAdAAAYgAAAJOgBgEIALqAk4AAAA.YAAAAAAAAAAA; PHPSESSID=d303ibv1i4tgrqbgakkphkog93
    [HTTP_HOST] => my.medical-tribune.de
    [HTTP_ORIGIN] => https://my.medical-tribune.de
    [HTTP_REFERER] => https://my.medical-tribune.de/register.php?mode=1
    [HTTP_UPGRADE_INSECURE_REQUESTS] => 1
    [HTTP_USER_AGENT] => Mozilla/5.0 (Windows NT 10.0; Win64; x64; rv:78.0) Gecko/20100101 Firefox/78.0
    [PATH] => /bin:/usr/bin
    [QUERY_STRING] => mode=1
    [REDIRECT_STATUS] => 200
    [REMOTE_ADDR] => 77.4.25.100
    [REMOTE_PORT] => 62082
    [REQUEST_METHOD] => POST
    [REQUEST_SCHEME] => https
    [REQUEST_URI] => /register.php?mode=1
    [SCRIPT_FILENAME] => /home/mtde/public_html/my/register.php
    [SCRIPT_NAME] => /register.php
    [SERVER_ADDR] => 46.232.181.187
    [SERVER_ADMIN] => webmaster@my.medical-tribune.de
    [SERVER_NAME] => my.medical-tribune.de
    [SERVER_PORT] => 443
    [SERVER_PROTOCOL] => HTTP/1.1
    [SERVER_SIGNATURE] => 
    [SERVER_SOFTWARE] => Apache
    [SSL_TLS_SNI] => my.medical-tribune.de
    [TZ] => Europe/Zurich
    [UNIQUE_ID] => X7Yw8WG0agP3VN97KwXqVQAAAU0
    [PHP_SELF] => /register.php
    [REQUEST_TIME_FLOAT] => 1605775602.0193
    [REQUEST_TIME] => 1605775602
)

19-11-2020 : marc@mauermann.com,Array
(
    [CONTENT_LENGTH] => 2602
    [CONTENT_TYPE] => multipart/form-data; boundary=----WebKitFormBoundary0Qb0NTJTldaCSAoa
    [CONTEXT_DOCUMENT_ROOT] => /home/mtde/public_html/my
    [CONTEXT_PREFIX] => 
    [DOCUMENT_ROOT] => /home/mtde/public_html/my
    [GATEWAY_INTERFACE] => CGI/1.1
    [HTTPS] => on
    [HTTP_ACCEPT] => text/html,application/xhtml+xml,application/xml;q=0.9,image/webp,image/apng,*/*;q=0.8,application/signed-exchange;v=b3;q=0.9
    [HTTP_ACCEPT_ENCODING] => gzip, deflate, br
    [HTTP_ACCEPT_LANGUAGE] => de-DE,de;q=0.9,en-US;q=0.8,en;q=0.7
    [HTTP_CACHE_CONTROL] => max-age=0
    [HTTP_CONNECTION] => keep-alive
    [HTTP_COOKIE] => consentUUID=6996d5cb-247c-4c55-afb7-2593df532e06; euconsent-v2=CO9HfosO9HfosAGABCENBACgAP_AAAdAAAYgGMwIQADAAKAAqABkAEEAJwAoABVACwALQAZAA0gCIAI0ATABPAC2AGEAP0AgwCEAEYAJiAUgBSgDSAHEAQgAiwBLQC6gHNAPQAfoBGoCwwFtALzAYyBJ0AMAhABdQEnAEjIAYAKgAmALzEQAQAVBIBgAFQAMgAgABUADSAIgAigBMACeAIQAUoB6AF5hoAIAKhUAMAFQATAF5joB4AFQAMgAgABUADSAIgAigBMACeAIQATAApQCLAF1APQAvMhAFAAyACoAJgB6AFtEoA4AGQAiABMAEIAKUAuoC8ykA0ACoAGQAQAAqABpAEQARQAmABPAEIAKUAiwB6AF5gAA.YAAAAAAAAAAA; _ga=GA1.2.2054901330.1605776029; _gid=GA1.2.74817290.1605776029; PHPSESSID=9kp1qlmokli7847iu781nt7rv2
    [HTTP_HOST] => my.medical-tribune.de
    [HTTP_ORIGIN] => https://my.medical-tribune.de
    [HTTP_REFERER] => https://my.medical-tribune.de/register.php?mode=1
    [HTTP_SEC_FETCH_DEST] => iframe
    [HTTP_SEC_FETCH_MODE] => navigate
    [HTTP_SEC_FETCH_SITE] => same-origin
    [HTTP_SEC_FETCH_USER] => ?1
    [HTTP_UPGRADE_INSECURE_REQUESTS] => 1
    [HTTP_USER_AGENT] => Mozilla/5.0 (Linux; Android 10; LM-G710) AppleWebKit/537.36 (KHTML, like Gecko) Chrome/86.0.4240.198 Mobile Safari/537.36
    [PATH] => /bin:/usr/bin
    [QUERY_STRING] => mode=1
    [REDIRECT_STATUS] => 200
    [REMOTE_ADDR] => 79.208.49.225
    [REMOTE_PORT] => 46418
    [REQUEST_METHOD] => POST
    [REQUEST_SCHEME] => https
    [REQUEST_URI] => /register.php?mode=1
    [SCRIPT_FILENAME] => /home/mtde/public_html/my/register.php
    [SCRIPT_NAME] => /register.php
    [SERVER_ADDR] => 46.232.181.187
    [SERVER_ADMIN] => webmaster@my.medical-tribune.de
    [SERVER_NAME] => my.medical-tribune.de
    [SERVER_PORT] => 443
    [SERVER_PROTOCOL] => HTTP/1.1
    [SERVER_SIGNATURE] => 
    [SERVER_SOFTWARE] => Apache
    [SSL_TLS_SNI] => my.medical-tribune.de
    [TZ] => Europe/Zurich
    [UNIQUE_ID] => X7Y1Le@tlF7jF@Dml@uRbQAAABU
    [PHP_SELF] => /register.php
    [REQUEST_TIME_FLOAT] => 1605776685.9138
    [REQUEST_TIME] => 1605776685
)

19-11-2020 : superleni1@gmx.at,Array
(
    [CONTENT_LENGTH] => 2780
    [CONTENT_TYPE] => multipart/form-data; boundary=---------------------------66619437622447997892431586514
    [CONTEXT_DOCUMENT_ROOT] => /home/mtde/public_html/my
    [CONTEXT_PREFIX] => 
    [DOCUMENT_ROOT] => /home/mtde/public_html/my
    [GATEWAY_INTERFACE] => CGI/1.1
    [HTTPS] => on
    [HTTP_ACCEPT] => text/html,application/xhtml+xml,application/xml;q=0.9,image/webp,*/*;q=0.8
    [HTTP_ACCEPT_ENCODING] => gzip, deflate, br
    [HTTP_ACCEPT_LANGUAGE] => de,en-US;q=0.7,en;q=0.3
    [HTTP_CONNECTION] => keep-alive
    [HTTP_COOKIE] => consentUUID=1244285d-5f60-4d73-9e87-a20e4f0d04c0; euconsent-v2=CO9HkKQO9HkKQAGABCENBACgAP_AAAdAAACYGMwIQADAAKAAqABkAEEAJwAoABVACwALQAZAA0gCIAI0ATABPAC2AGEAP0AgwCEAEYAJiAUgBSgDSAHEAQgAiwBLQC6gHNAPQAfoBGoCwwFtALzAYyBJ0AMAhABdQEnAEjIAYAKgAmALzEQAQAVBIBgAFQAMgAgABUADSAIgAigBMACeAIQAUoB6AF5hoAIAKhUAMAFQATAF5joB4AFQAMgAgABUADSAIgAigBMACeAIQATAApQCLAF1APQAvMhAFAAyACoAJgB6AFtEoA4AGQAiABMAEIAKUAuoC8ykA0ACoAGQAQAAqABpAEQARQAmABPAEIAKUAiwB6AF5gAA.YAAAAAAAAAAA; _ga=GA1.2.2033113590.1605777885; _gid=GA1.2.808738999.1605777885; PHPSESSID=u5co2alf5ej4t7414369esdlu3
    [HTTP_HOST] => my.medical-tribune.de
    [HTTP_ORIGIN] => https://my.medical-tribune.de
    [HTTP_REFERER] => https://my.medical-tribune.de/register.php?mode=1
    [HTTP_UPGRADE_INSECURE_REQUESTS] => 1
    [HTTP_USER_AGENT] => Mozilla/5.0 (Windows NT 10.0; Win64; x64; rv:82.0) Gecko/20100101 Firefox/82.0
    [PATH] => /bin:/usr/bin
    [QUERY_STRING] => mode=1
    [REDIRECT_STATUS] => 200
    [REMOTE_ADDR] => 80.121.69.233
    [REMOTE_PORT] => 52046
    [REQUEST_METHOD] => POST
    [REQUEST_SCHEME] => https
    [REQUEST_URI] => /register.php?mode=1
    [SCRIPT_FILENAME] => /home/mtde/public_html/my/register.php
    [SCRIPT_NAME] => /register.php
    [SERVER_ADDR] => 46.232.181.187
    [SERVER_ADMIN] => webmaster@my.medical-tribune.de
    [SERVER_NAME] => my.medical-tribune.de
    [SERVER_PORT] => 443
    [SERVER_PROTOCOL] => HTTP/1.1
    [SERVER_SIGNATURE] => 
    [SERVER_SOFTWARE] => Apache
    [SSL_TLS_SNI] => my.medical-tribune.de
    [TZ] => Europe/Zurich
    [UNIQUE_ID] => X7Y6kX9B2B7SIJcyk2vO@AAAAJI
    [PHP_SELF] => /register.php
    [REQUEST_TIME_FLOAT] => 1605778065.6584
    [REQUEST_TIME] => 1605778065
)

19-11-2020 : Ebert@rek.de,Array
(
    [CONTENT_LENGTH] => 2724
    [CONTENT_TYPE] => multipart/form-data; boundary=---------------------------15532458396466295961550413433
    [CONTEXT_DOCUMENT_ROOT] => /home/mtde/public_html/my
    [CONTEXT_PREFIX] => 
    [DOCUMENT_ROOT] => /home/mtde/public_html/my
    [GATEWAY_INTERFACE] => CGI/1.1
    [HTTPS] => on
    [HTTP_ACCEPT] => text/html,application/xhtml+xml,application/xml;q=0.9,image/webp,*/*;q=0.8
    [HTTP_ACCEPT_ENCODING] => gzip, deflate, br
    [HTTP_ACCEPT_LANGUAGE] => de,en-US;q=0.7,en;q=0.3
    [HTTP_CONNECTION] => keep-alive
    [HTTP_COOKIE] => PHPSESSID=ttgkh178n7nm23esqfm3uc45i0
    [HTTP_HOST] => my.medical-tribune.de
    [HTTP_ORIGIN] => https://my.medical-tribune.de
    [HTTP_REFERER] => https://my.medical-tribune.de/register.php?mode=1
    [HTTP_UPGRADE_INSECURE_REQUESTS] => 1
    [HTTP_USER_AGENT] => Mozilla/5.0 (Windows NT 6.3; Win64; x64; rv:80.0) Gecko/20100101 Firefox/80.0
    [PATH] => /bin:/usr/bin
    [QUERY_STRING] => mode=1
    [REDIRECT_STATUS] => 200
    [REMOTE_ADDR] => 84.170.80.158
    [REMOTE_PORT] => 61361
    [REQUEST_METHOD] => POST
    [REQUEST_SCHEME] => https
    [REQUEST_URI] => /register.php?mode=1
    [SCRIPT_FILENAME] => /home/mtde/public_html/my/register.php
    [SCRIPT_NAME] => /register.php
    [SERVER_ADDR] => 46.232.181.187
    [SERVER_ADMIN] => webmaster@my.medical-tribune.de
    [SERVER_NAME] => my.medical-tribune.de
    [SERVER_PORT] => 443
    [SERVER_PROTOCOL] => HTTP/1.1
    [SERVER_SIGNATURE] => 
    [SERVER_SOFTWARE] => Apache
    [SSL_TLS_SNI] => my.medical-tribune.de
    [TZ] => Europe/Zurich
    [UNIQUE_ID] => X7ZIzv5RrNnXWyaSkaVOtQAAAJg
    [PHP_SELF] => /register.php
    [REQUEST_TIME_FLOAT] => 1605781710.8431
    [REQUEST_TIME] => 1605781710
)

19-11-2020 : holger.laing@t-online.de,Array
(
    [CONTENT_LENGTH] => 3097
    [CONTENT_TYPE] => multipart/form-data; boundary=----WebKitFormBoundaryyo8bAqixZc1ocmn3
    [CONTEXT_DOCUMENT_ROOT] => /home/mtde/public_html/my
    [CONTEXT_PREFIX] => 
    [DOCUMENT_ROOT] => /home/mtde/public_html/my
    [GATEWAY_INTERFACE] => CGI/1.1
    [HTTPS] => on
    [HTTP_ACCEPT] => text/html,application/xhtml+xml,application/xml;q=0.9,image/webp,image/apng,*/*;q=0.8,application/signed-exchange;v=b3;q=0.9
    [HTTP_ACCEPT_ENCODING] => gzip, deflate, br
    [HTTP_ACCEPT_LANGUAGE] => de,de-DE;q=0.9,en;q=0.8,en-GB;q=0.7,en-US;q=0.6
    [HTTP_CACHE_CONTROL] => max-age=0
    [HTTP_CONNECTION] => keep-alive
    [HTTP_COOKIE] => consentUUID=79099efb-608c-4e4c-a03c-773b81e2739c; euconsent-v2=CO9Hu0eO9Hu0eAGABBDEBACgAAAAAAdAAAYgAAAJOgBgEIALqAk4AAAA.YAAAAAAAAAAA; PHPSESSID=qm9399779ne3ge99rcojh4uf76
    [HTTP_HOST] => my.medical-tribune.de
    [HTTP_ORIGIN] => https://my.medical-tribune.de
    [HTTP_REFERER] => https://my.medical-tribune.de/register.php?mode=1
    [HTTP_SEC_FETCH_DEST] => iframe
    [HTTP_SEC_FETCH_MODE] => navigate
    [HTTP_SEC_FETCH_SITE] => same-origin
    [HTTP_SEC_FETCH_USER] => ?1
    [HTTP_UPGRADE_INSECURE_REQUESTS] => 1
    [HTTP_USER_AGENT] => Mozilla/5.0 (Windows NT 10.0; Win64; x64) AppleWebKit/537.36 (KHTML, like Gecko) Chrome/86.0.4240.193 Safari/537.36 Edg/86.0.622.68
    [PATH] => /bin:/usr/bin
    [QUERY_STRING] => mode=1
    [REDIRECT_STATUS] => 200
    [REMOTE_ADDR] => 91.13.25.246
    [REMOTE_PORT] => 50337
    [REQUEST_METHOD] => POST
    [REQUEST_SCHEME] => https
    [REQUEST_URI] => /register.php?mode=1
    [SCRIPT_FILENAME] => /home/mtde/public_html/my/register.php
    [SCRIPT_NAME] => /register.php
    [SERVER_ADDR] => 46.232.181.187
    [SERVER_ADMIN] => webmaster@my.medical-tribune.de
    [SERVER_NAME] => my.medical-tribune.de
    [SERVER_PORT] => 443
    [SERVER_PROTOCOL] => HTTP/1.1
    [SERVER_SIGNATURE] => 
    [SERVER_SOFTWARE] => Apache
    [SSL_TLS_SNI] => my.medical-tribune.de
    [TZ] => Europe/Zurich
    [UNIQUE_ID] => X7ZL28VgTgFHlUhxvejGawAAAEk
    [PHP_SELF] => /register.php
    [REQUEST_TIME_FLOAT] => 1605782491.4475
    [REQUEST_TIME] => 1605782491
)

19-11-2020 : johanna@goodmoon.de,Array
(
    [CONTENT_LENGTH] => 2795
    [CONTENT_TYPE] => multipart/form-data; boundary=---------------------------141942904832929246631922937096
    [CONTEXT_DOCUMENT_ROOT] => /home/mtde/public_html/my
    [CONTEXT_PREFIX] => 
    [DOCUMENT_ROOT] => /home/mtde/public_html/my
    [GATEWAY_INTERFACE] => CGI/1.1
    [HTTPS] => on
    [HTTP_ACCEPT] => text/html,application/xhtml+xml,application/xml;q=0.9,image/webp,*/*;q=0.8
    [HTTP_ACCEPT_ENCODING] => gzip, deflate, br
    [HTTP_ACCEPT_LANGUAGE] => de,en-US;q=0.7,en;q=0.3
    [HTTP_CONNECTION] => keep-alive
    [HTTP_COOKIE] => PHPSESSID=jnsln7gvmlociutplgb5mq3pf0
    [HTTP_DNT] => 1
    [HTTP_HOST] => my.medical-tribune.de
    [HTTP_ORIGIN] => https://my.medical-tribune.de
    [HTTP_REFERER] => https://my.medical-tribune.de/register.php?mode=1
    [HTTP_SEC_GPC] => 1
    [HTTP_UPGRADE_INSECURE_REQUESTS] => 1
    [HTTP_USER_AGENT] => Mozilla/5.0 (Windows NT 10.0; Win64; x64; rv:83.0) Gecko/20100101 Firefox/83.0
    [PATH] => /bin:/usr/bin
    [QUERY_STRING] => mode=1
    [REDIRECT_STATUS] => 200
    [REMOTE_ADDR] => 77.9.103.93
    [REMOTE_PORT] => 55498
    [REQUEST_METHOD] => POST
    [REQUEST_SCHEME] => https
    [REQUEST_URI] => /register.php?mode=1
    [SCRIPT_FILENAME] => /home/mtde/public_html/my/register.php
    [SCRIPT_NAME] => /register.php
    [SERVER_ADDR] => 46.232.181.187
    [SERVER_ADMIN] => webmaster@my.medical-tribune.de
    [SERVER_NAME] => my.medical-tribune.de
    [SERVER_PORT] => 443
    [SERVER_PROTOCOL] => HTTP/1.1
    [SERVER_SIGNATURE] => 
    [SERVER_SOFTWARE] => Apache
    [SSL_TLS_SNI] => my.medical-tribune.de
    [TZ] => Europe/Zurich
    [UNIQUE_ID] => X7ZT@v5RrNnXWyaSkaVYvAAAAJU
    [PHP_SELF] => /register.php
    [REQUEST_TIME_FLOAT] => 1605784570.8851
    [REQUEST_TIME] => 1605784570
)

19-11-2020 : christoph.schulz@rohlfs-group.de,Array
(
    [CONTENT_LENGTH] => 4229
    [CONTENT_TYPE] => multipart/form-data; boundary=---------------------------67918497618866789861634623805
    [CONTEXT_DOCUMENT_ROOT] => /home/mtde/public_html/my
    [CONTEXT_PREFIX] => 
    [DOCUMENT_ROOT] => /home/mtde/public_html/my
    [GATEWAY_INTERFACE] => CGI/1.1
    [HTTPS] => on
    [HTTP_ACCEPT] => text/html,application/xhtml+xml,application/xml;q=0.9,image/webp,*/*;q=0.8
    [HTTP_ACCEPT_ENCODING] => gzip, deflate, br
    [HTTP_ACCEPT_LANGUAGE] => de,en-US;q=0.7,en;q=0.3
    [HTTP_CONNECTION] => keep-alive
    [HTTP_COOKIE] => PHPSESSID=esdj6bvcmqm97mokis0a1fmq93
    [HTTP_HOST] => my.medical-tribune.de
    [HTTP_ORIGIN] => https://my.medical-tribune.de
    [HTTP_REFERER] => https://my.medical-tribune.de/register.php?mode=1
    [HTTP_UPGRADE_INSECURE_REQUESTS] => 1
    [HTTP_USER_AGENT] => Mozilla/5.0 (Windows NT 6.1; Win64; x64; rv:83.0) Gecko/20100101 Firefox/83.0
    [PATH] => /bin:/usr/bin
    [QUERY_STRING] => mode=1
    [REDIRECT_STATUS] => 200
    [REMOTE_ADDR] => 87.139.32.245
    [REMOTE_PORT] => 33747
    [REQUEST_METHOD] => POST
    [REQUEST_SCHEME] => https
    [REQUEST_URI] => /register.php?mode=1
    [SCRIPT_FILENAME] => /home/mtde/public_html/my/register.php
    [SCRIPT_NAME] => /register.php
    [SERVER_ADDR] => 46.232.181.187
    [SERVER_ADMIN] => webmaster@my.medical-tribune.de
    [SERVER_NAME] => my.medical-tribune.de
    [SERVER_PORT] => 443
    [SERVER_PROTOCOL] => HTTP/1.1
    [SERVER_SIGNATURE] => 
    [SERVER_SOFTWARE] => Apache
    [SSL_TLS_SNI] => my.medical-tribune.de
    [TZ] => Europe/Zurich
    [UNIQUE_ID] => X7ZW2u3pOqbyDJtwHewhUgAAAQU
    [PHP_SELF] => /register.php
    [REQUEST_TIME_FLOAT] => 1605785306.2182
    [REQUEST_TIME] => 1605785306
)

19-11-2020 : valentyna.pysarenko@sana.de,Array
(
    [CONTENT_LENGTH] => 3305
    [CONTENT_TYPE] => multipart/form-data; boundary=---------------------------7e49a1b1e068a
    [CONTEXT_DOCUMENT_ROOT] => /home/mtde/public_html/my
    [CONTEXT_PREFIX] => 
    [DOCUMENT_ROOT] => /home/mtde/public_html/my
    [GATEWAY_INTERFACE] => CGI/1.1
    [HTTPS] => on
    [HTTP_ACCEPT] => text/html, application/xhtml+xml, */*
    [HTTP_ACCEPT_ENCODING] => gzip, deflate
    [HTTP_ACCEPT_LANGUAGE] => de-DE
    [HTTP_CACHE_CONTROL] => no-cache
    [HTTP_CONNECTION] => Keep-Alive
    [HTTP_COOKIE] => consentUUID=cdda7503-aa31-43b3-915b-839b7ea38bb0; euconsent-v2=CO9H0czO9H0czAGABCENBACgAP_AAAdAAAYgGMwIQADAAKAAqABkAEEAJwAoABVACwALQAZAA0gCIAI0ATABPAC2AGEAP0AgwCEAEYAJiAUgBSgDSAHEAQgAiwBLQC6gHNAPQAfoBGoCwwFtALzAYyBJ0AMAhABdQEnAEjIAYAKgAmALzEQAQAVBIBgAFQAMgAgABUADSAIgAigBMACeAIQAUoB6AF5hoAIAKhUAMAFQATAF5joB4AFQAMgAgABUADSAIgAigBMACeAIQATAApQCLAF1APQAvMhAFAAyACoAJgB6AFtEoA4AGQAiABMAEIAKUAuoC8ykA0ACoAGQAQAAqABpAEQARQAmABPAEIAKUAiwB6AF5gAA.YAAAAAAAAAAA; _ga=GA1.2.2043272240.1605784556; _gid=GA1.2.1305843674.1605784556; ssm_au=qOYf4eDd5gJfCsjZDZdVeVVWWVcImtWvnXImPkChG1JOGXggHm2WrnPEAte6rocl6bFmCL95HjWmuOdNa1NJzMlRbVI3c4j; PHPSESSID=ufb69lftc9gc4vj9pabu3tl5s3
    [HTTP_HOST] => my.medical-tribune.de
    [HTTP_REFERER] => https://my.medical-tribune.de/register.php?mode=1
    [HTTP_USER_AGENT] => Mozilla/5.0 (Windows NT 6.3; WOW64; Trident/7.0; rv:11.0) like Gecko
    [HTTP_X_FORWARDED_FOR] => 62.245.167.70
    [PATH] => /bin:/usr/bin
    [QUERY_STRING] => mode=1
    [REDIRECT_STATUS] => 200
    [REMOTE_ADDR] => 165.225.73.22
    [REMOTE_PORT] => 39972
    [REQUEST_METHOD] => POST
    [REQUEST_SCHEME] => https
    [REQUEST_URI] => /register.php?mode=1
    [SCRIPT_FILENAME] => /home/mtde/public_html/my/register.php
    [SCRIPT_NAME] => /register.php
    [SERVER_ADDR] => 46.232.181.187
    [SERVER_ADMIN] => webmaster@my.medical-tribune.de
    [SERVER_NAME] => my.medical-tribune.de
    [SERVER_PORT] => 443
    [SERVER_PROTOCOL] => HTTP/1.1
    [SERVER_SIGNATURE] => 
    [SERVER_SOFTWARE] => Apache
    [SSL_TLS_SNI] => my.medical-tribune.de
    [TZ] => Europe/Zurich
    [UNIQUE_ID] => X7ZY9-5RrNnXWyaSkaVdjQAAAIU
    [isproxyrequest] => 1
    [PHP_SELF] => /register.php
    [REQUEST_TIME_FLOAT] => 1605785847.4079
    [REQUEST_TIME] => 1605785847
)

19-11-2020 : dr.puk@me.com,Array
(
    [CONTENT_LENGTH] => 3109
    [CONTENT_TYPE] => multipart/form-data; boundary=----WebKitFormBoundaryKrUuqeYXzJ80Kkse
    [CONTEXT_DOCUMENT_ROOT] => /home/mtde/public_html/my
    [CONTEXT_PREFIX] => 
    [DOCUMENT_ROOT] => /home/mtde/public_html/my
    [GATEWAY_INTERFACE] => CGI/1.1
    [HTTPS] => on
    [HTTP_ACCEPT] => text/html,application/xhtml+xml,application/xml;q=0.9,*/*;q=0.8
    [HTTP_ACCEPT_ENCODING] => gzip, deflate, br
    [HTTP_ACCEPT_LANGUAGE] => de-de
    [HTTP_CONNECTION] => keep-alive
    [HTTP_COOKIE] => _ga=GA1.2.160654258.1605788863; _gid=GA1.2.89481781.1605788863; PHPSESSID=pqgnhv6detel4u43ph5obdnta1; consentUUID=9be7a016-f740-4c49-9fa6-a58c1b43a4a0; euconsent-v2=CO9H-9yO9H-9yAGABCENBACgAP_AAAdAAAYgGMwIQADAAKAAqABkAEEAJwAoABVACwALQAZAA0gCIAI0ATABPAC2AGEAP0AgwCEAEYAJiAUgBSgDSAHEAQgAiwBLQC6gHNAPQAfoBGoCwwFtALzAYyBJ0AMAhABdQEnAEjIAYAKgAmALzEQAQAVBIBgAFQAMgAgABUADSAIgAigBMACeAIQAUoB6AF5hoAIAKhUAMAFQATAF5joB4AFQAMgAgABUADSAIgAigBMACeAIQATAApQCLAF1APQAvMhAFAAyACoAJgB6AFtEoA4AGQAiABMAEIAKUAuoC8ykA0ACoAGQAQAAqABpAEQARQAmABPAEIAKUAiwB6AF5gAA.YAAAAAAAAAAA
    [HTTP_HOST] => my.medical-tribune.de
    [HTTP_ORIGIN] => https://my.medical-tribune.de
    [HTTP_REFERER] => https://my.medical-tribune.de/register.php?mode=1
    [HTTP_USER_AGENT] => Mozilla/5.0 (iPhone; CPU iPhone OS 14_2 like Mac OS X) AppleWebKit/605.1.15 (KHTML, like Gecko) Version/14.0.1 Mobile/15E148 Safari/604.1
    [PATH] => /bin:/usr/bin
    [QUERY_STRING] => mode=1
    [REDIRECT_STATUS] => 200
    [REMOTE_ADDR] => 217.234.179.89
    [REMOTE_PORT] => 33959
    [REQUEST_METHOD] => POST
    [REQUEST_SCHEME] => https
    [REQUEST_URI] => /register.php?mode=1
    [SCRIPT_FILENAME] => /home/mtde/public_html/my/register.php
    [SCRIPT_NAME] => /register.php
    [SERVER_ADDR] => 46.232.181.187
    [SERVER_ADMIN] => webmaster@my.medical-tribune.de
    [SERVER_NAME] => my.medical-tribune.de
    [SERVER_PORT] => 443
    [SERVER_PROTOCOL] => HTTP/1.1
    [SERVER_SIGNATURE] => 
    [SERVER_SOFTWARE] => Apache
    [SSL_TLS_SNI] => my.medical-tribune.de
    [TZ] => Europe/Zurich
    [UNIQUE_ID] => X7ZlbO3pOqbyDJtwHewvGAAAAQI
    [PHP_SELF] => /register.php
    [REQUEST_TIME_FLOAT] => 1605789036.5885
    [REQUEST_TIME] => 1605789036
)

19-11-2020 : clpolzin@t-online.de,Array
(
    [CONTENT_LENGTH] => 3699
    [CONTENT_TYPE] => multipart/form-data; boundary=---------------------------5996759301501850633926431709
    [CONTEXT_DOCUMENT_ROOT] => /home/mtde/public_html/my
    [CONTEXT_PREFIX] => 
    [DOCUMENT_ROOT] => /home/mtde/public_html/my
    [GATEWAY_INTERFACE] => CGI/1.1
    [HTTPS] => on
    [HTTP_ACCEPT] => text/html,application/xhtml+xml,application/xml;q=0.9,image/webp,*/*;q=0.8
    [HTTP_ACCEPT_ENCODING] => gzip, deflate, br
    [HTTP_ACCEPT_LANGUAGE] => de,en-US;q=0.7,en;q=0.3
    [HTTP_CONNECTION] => keep-alive
    [HTTP_COOKIE] => consentUUID=11abf3bf-49e1-46ee-95e4-dec2b7c8ac76; euconsent-v2=CO9ID59O9ID59AGABCENBACgAP_AAAdAAAYgGMwIQADAAKAAqABkAEEAJwAoABVACwALQAZAA0gCIAI0ATABPAC2AGEAP0AgwCEAEYAJiAUgBSgDSAHEAQgAiwBLQC6gHNAPQAfoBGoCwwFtALzAYyBJ0AMAhABdQEnAEjIAYAKgAmALzEQAQAVBIBgAFQAMgAgABUADSAIgAigBMACeAIQAUoB6AF5hoAIAKhUAMAFQATAF5joB4AFQAMgAgABUADSAIgAigBMACeAIQATAApQCLAF1APQAvMhAFAAyACoAJgB6AFtEoA4AGQAiABMAEIAKUAuoC8ykA0ACoAGQAQAAqABpAEQARQAmABPAEIAKUAiwB6AF5gAA.YAAAAAAAAAAA; PHPSESSID=hn4cemkq67goir6pmli7ppq4i4
    [HTTP_DNT] => 1
    [HTTP_HOST] => my.medical-tribune.de
    [HTTP_ORIGIN] => https://my.medical-tribune.de
    [HTTP_REFERER] => https://my.medical-tribune.de/register.php?mode=1
    [HTTP_UPGRADE_INSECURE_REQUESTS] => 1
    [HTTP_USER_AGENT] => Mozilla/5.0 (Windows NT 10.0; Win64; x64; rv:82.0) Gecko/20100101 Firefox/82.0
    [PATH] => /bin:/usr/bin
    [QUERY_STRING] => mode=1
    [REDIRECT_STATUS] => 200
    [REMOTE_ADDR] => 87.148.3.187
    [REMOTE_PORT] => 63026
    [REQUEST_METHOD] => POST
    [REQUEST_SCHEME] => https
    [REQUEST_URI] => /register.php?mode=1
    [SCRIPT_FILENAME] => /home/mtde/public_html/my/register.php
    [SCRIPT_NAME] => /register.php
    [SERVER_ADDR] => 46.232.181.187
    [SERVER_ADMIN] => webmaster@my.medical-tribune.de
    [SERVER_NAME] => my.medical-tribune.de
    [SERVER_PORT] => 443
    [SERVER_PROTOCOL] => HTTP/1.1
    [SERVER_SIGNATURE] => 
    [SERVER_SOFTWARE] => Apache
    [SSL_TLS_SNI] => my.medical-tribune.de
    [TZ] => Europe/Zurich
    [UNIQUE_ID] => X7ZuBP5RrNnXWyaSkaVxhQAAAIQ
    [PHP_SELF] => /register.php
    [REQUEST_TIME_FLOAT] => 1605791236.8965
    [REQUEST_TIME] => 1605791236
)

19-11-2020 : geerdts.christin@gmail.com,Array
(
    [CONTENT_LENGTH] => 2596
    [CONTENT_TYPE] => multipart/form-data; boundary=----WebKitFormBoundaryDqFBclR6AbIKYjjr
    [CONTEXT_DOCUMENT_ROOT] => /home/mtde/public_html/my
    [CONTEXT_PREFIX] => 
    [DOCUMENT_ROOT] => /home/mtde/public_html/my
    [GATEWAY_INTERFACE] => CGI/1.1
    [HTTPS] => on
    [HTTP_ACCEPT] => text/html,application/xhtml+xml,application/xml;q=0.9,*/*;q=0.8
    [HTTP_ACCEPT_ENCODING] => gzip, deflate, br
    [HTTP_ACCEPT_LANGUAGE] => de-de
    [HTTP_CONNECTION] => keep-alive
    [HTTP_COOKIE] => _ga=GA1.2.1727059379.1605772853; _gac_UA-1204464-17=1.1605772853.EAIaIQobChMIqJDf-5GO7QIVGs93Ch0Y3gNREAAYASAAEgIm8vD_BwE; _gac_UA-173639924-1=1.1605772853.EAIaIQobChMIqJDf-5GO7QIVGs93Ch0Y3gNREAAYASAAEgIm8vD_BwE; _gid=GA1.2.45388226.1605772853; consentUUID=0ce501e8-75f6-493d-9e32-a84c01823434; PHPSESSID=3c0jpgvvikhl7p65btql60cbf7; euconsent-v2=CO9HX4MO9HX4MAGABCENBACgAP_AAAdAAAYgGMwIQADAAKAAqABkAEEAJwAoABVACwALQAZAA0gCIAI0ATABPAC2AGEAP0AgwCEAEYAJiAUgBSgDSAHEAQgAiwBLQC6gHNAPQAfoBGoCwwFtALzAYyBJ0AMAhABdQEnAEjIAYAKgAmALzEQAQAVBIBgAFQAMgAgABUADSAIgAigBMACeAIQAUoB6AF5hoAIAKhUAMAFQATAF5joB4AFQAMgAgABUADSAIgAigBMACeAIQATAApQCLAF1APQAvMhAFAAyACoAJgB6AFtEoA4AGQAiABMAEIAKUAuoC8ykA0ACoAGQAQAAqABpAEQARQAmABPAEIAKUAiwB6AF5gAA.YAAAAAAAAAAA
    [HTTP_HOST] => my.medical-tribune.de
    [HTTP_ORIGIN] => https://my.medical-tribune.de
    [HTTP_REFERER] => https://my.medical-tribune.de/register.php?mode=1
    [HTTP_USER_AGENT] => Mozilla/5.0 (iPhone; CPU iPhone OS 14_2 like Mac OS X) AppleWebKit/605.1.15 (KHTML, like Gecko) Version/14.0.1 Mobile/15E148 Safari/604.1
    [PATH] => /bin:/usr/bin
    [QUERY_STRING] => mode=1
    [REDIRECT_STATUS] => 200
    [REMOTE_ADDR] => 83.135.30.162
    [REMOTE_PORT] => 64257
    [REQUEST_METHOD] => POST
    [REQUEST_SCHEME] => https
    [REQUEST_URI] => /register.php?mode=1
    [SCRIPT_FILENAME] => /home/mtde/public_html/my/register.php
    [SCRIPT_NAME] => /register.php
    [SERVER_ADDR] => 46.232.181.187
    [SERVER_ADMIN] => webmaster@my.medical-tribune.de
    [SERVER_NAME] => my.medical-tribune.de
    [SERVER_PORT] => 443
    [SERVER_PROTOCOL] => HTTP/1.1
    [SERVER_SIGNATURE] => 
    [SERVER_SOFTWARE] => Apache
    [SSL_TLS_SNI] => my.medical-tribune.de
    [TZ] => Europe/Zurich
    [UNIQUE_ID] => X7Zy3O3pOqbyDJtwHew8IAAAAQY
    [PHP_SELF] => /register.php
    [REQUEST_TIME_FLOAT] => 1605792476.9909
    [REQUEST_TIME] => 1605792476
)

19-11-2020 : bm.wittig@gmx.de,Array
(
    [CONTENT_LENGTH] => 3270
    [CONTENT_TYPE] => multipart/form-data; boundary=----WebKitFormBoundaryQPGeykuwIDPX7gxR
    [CONTEXT_DOCUMENT_ROOT] => /home/mtde/public_html/my
    [CONTEXT_PREFIX] => 
    [DOCUMENT_ROOT] => /home/mtde/public_html/my
    [GATEWAY_INTERFACE] => CGI/1.1
    [HTTPS] => on
    [HTTP_ACCEPT] => text/html,application/xhtml+xml,application/xml;q=0.9,*/*;q=0.8
    [HTTP_ACCEPT_ENCODING] => gzip, deflate, br
    [HTTP_ACCEPT_LANGUAGE] => de-de
    [HTTP_CONNECTION] => keep-alive
    [HTTP_COOKIE] => PHPSESSID=rqoj2t9k6tesu3212j667ccqb6; _ga=GA1.2.1064966249.1605796942; _gid=GA1.2.1465117528.1605796942; consentUUID=02c86d57-5aaa-4bf9-a76a-575746cd77c4; euconsent-v2=CO9ISsKO9ISsKAGABCENBACgAP_AAAdAAAYgGMwIQADAAKAAqABkAEEAJwAoABVACwALQAZAA0gCIAI0ATABPAC2AGEAP0AgwCEAEYAJiAUgBSgDSAHEAQgAiwBLQC6gHNAPQAfoBGoCwwFtALzAYyBJ0AMAhABdQEnAEjIAYAKgAmALzEQAQAVBIBgAFQAMgAgABUADSAIgAigBMACeAIQAUoB6AF5hoAIAKhUAMAFQATAF5joB4AFQAMgAgABUADSAIgAigBMACeAIQATAApQCLAF1APQAvMhAFAAyACoAJgB6AFtEoA4AGQAiABMAEIAKUAuoC8ykA0ACoAGQAQAAqABpAEQARQAmABPAEIAKUAiwB6AF5gAA.YAAAAAAAAAAA
    [HTTP_HOST] => my.medical-tribune.de
    [HTTP_ORIGIN] => https://my.medical-tribune.de
    [HTTP_REFERER] => https://my.medical-tribune.de/register.php?mode=1
    [HTTP_USER_AGENT] => Mozilla/5.0 (iPhone; CPU iPhone OS 14_2 like Mac OS X) AppleWebKit/605.1.15 (KHTML, like Gecko) Version/14.0.1 Mobile/15E148 Safari/604.1
    [PATH] => /bin:/usr/bin
    [QUERY_STRING] => mode=1
    [REDIRECT_STATUS] => 200
    [REMOTE_ADDR] => 87.152.150.148
    [REMOTE_PORT] => 59075
    [REQUEST_METHOD] => POST
    [REQUEST_SCHEME] => https
    [REQUEST_URI] => /register.php?mode=1
    [SCRIPT_FILENAME] => /home/mtde/public_html/my/register.php
    [SCRIPT_NAME] => /register.php
    [SERVER_ADDR] => 46.232.181.187
    [SERVER_ADMIN] => webmaster@my.medical-tribune.de
    [SERVER_NAME] => my.medical-tribune.de
    [SERVER_PORT] => 443
    [SERVER_PROTOCOL] => HTTP/1.1
    [SERVER_SIGNATURE] => 
    [SERVER_SOFTWARE] => Apache
    [SSL_TLS_SNI] => my.medical-tribune.de
    [TZ] => Europe/Zurich
    [UNIQUE_ID] => X7aFicVgTgFHlUhxvej@LQAAAEA
    [PHP_SELF] => /register.php
    [REQUEST_TIME_FLOAT] => 1605797257.9204
    [REQUEST_TIME] => 1605797257
)

19-11-2020 : kersten.mausch@googlemail.com,Array
(
    [CONTENT_LENGTH] => 3516
    [CONTENT_TYPE] => multipart/form-data; boundary=----WebKitFormBoundarysbUyagfkH5OyyV8y
    [CONTEXT_DOCUMENT_ROOT] => /home/mtde/public_html/my
    [CONTEXT_PREFIX] => 
    [DOCUMENT_ROOT] => /home/mtde/public_html/my
    [GATEWAY_INTERFACE] => CGI/1.1
    [HTTPS] => on
    [HTTP_ACCEPT] => text/html,application/xhtml+xml,application/xml;q=0.9,image/avif,image/webp,image/apng,*/*;q=0.8,application/signed-exchange;v=b3;q=0.9
    [HTTP_ACCEPT_ENCODING] => gzip, deflate, br
    [HTTP_ACCEPT_LANGUAGE] => de-DE,de;q=0.9,en-US;q=0.8,en;q=0.7
    [HTTP_CACHE_CONTROL] => max-age=0
    [HTTP_CONNECTION] => keep-alive
    [HTTP_COOKIE] => consentUUID=5025fc9f-9d36-4073-b569-ed5abba49191; euconsent-v2=CO9ITW1O9ITW1AGABCENBACgAP_AAAdAAAYgGMwIQADAAKAAqABkAEEAJwAoABVACwALQAZAA0gCIAI0ATABPAC2AGEAP0AgwCEAEYAJiAUgBSgDSAHEAQgAiwBLQC6gHNAPQAfoBGoCwwFtALzAYyBJ0AMAhABdQEnAEjIAYAKgAmALzEQAQAVBIBgAFQAMgAgABUADSAIgAigBMACeAIQAUoB6AF5hoAIAKhUAMAFQATAF5joB4AFQAMgAgABUADSAIgAigBMACeAIQATAApQCLAF1APQAvMhAFAAyACoAJgB6AFtEoA4AGQAiABMAEIAKUAuoC8ykA0ACoAGQAQAAqABpAEQARQAmABPAEIAKUAiwB6AF5gAA.YAAAAAAAAAAA; _ga=GA1.2.1149580622.1605800648; _gid=GA1.2.1788223595.1605800648; PHPSESSID=ga7m9sc1am9usd6hgmg01a73h6
    [HTTP_HOST] => my.medical-tribune.de
    [HTTP_ORIGIN] => https://my.medical-tribune.de
    [HTTP_REFERER] => https://my.medical-tribune.de/register.php?mode=1
    [HTTP_SEC_FETCH_DEST] => iframe
    [HTTP_SEC_FETCH_MODE] => navigate
    [HTTP_SEC_FETCH_SITE] => same-origin
    [HTTP_SEC_FETCH_USER] => ?1
    [HTTP_UPGRADE_INSECURE_REQUESTS] => 1
    [HTTP_USER_AGENT] => Mozilla/5.0 (Windows NT 10.0; Win64; x64) AppleWebKit/537.36 (KHTML, like Gecko) Chrome/86.0.4240.198 Safari/537.36
    [PATH] => /bin:/usr/bin
    [QUERY_STRING] => mode=1
    [REDIRECT_STATUS] => 200
    [REMOTE_ADDR] => 46.91.33.221
    [REMOTE_PORT] => 58296
    [REQUEST_METHOD] => POST
    [REQUEST_SCHEME] => https
    [REQUEST_URI] => /register.php?mode=1
    [SCRIPT_FILENAME] => /home/mtde/public_html/my/register.php
    [SCRIPT_NAME] => /register.php
    [SERVER_ADDR] => 46.232.181.187
    [SERVER_ADMIN] => webmaster@my.medical-tribune.de
    [SERVER_NAME] => my.medical-tribune.de
    [SERVER_PORT] => 443
    [SERVER_PROTOCOL] => HTTP/1.1
    [SERVER_SIGNATURE] => 
    [SERVER_SOFTWARE] => Apache
    [SSL_TLS_SNI] => my.medical-tribune.de
    [TZ] => Europe/Zurich
    [UNIQUE_ID] => X7aHK8VgTgFHlUhxvej-0gAAAEg
    [PHP_SELF] => /register.php
    [REQUEST_TIME_FLOAT] => 1605797675.4197
    [REQUEST_TIME] => 1605797675
)

19-11-2020 : wir-wollen@ok.de,Array
(
    [CONTENT_LENGTH] => 2351
    [CONTENT_TYPE] => multipart/form-data; boundary=----WebKitFormBoundaryfQncGGpkxAne0joy
    [CONTEXT_DOCUMENT_ROOT] => /home/mtde/public_html/my
    [CONTEXT_PREFIX] => 
    [DOCUMENT_ROOT] => /home/mtde/public_html/my
    [GATEWAY_INTERFACE] => CGI/1.1
    [HTTPS] => on
    [HTTP_ACCEPT] => text/html,application/xhtml+xml,application/xml;q=0.9,image/webp,image/apng,*/*;q=0.8,application/signed-exchange;v=b3;q=0.9
    [HTTP_ACCEPT_ENCODING] => gzip, deflate
    [HTTP_ACCEPT_LANGUAGE] => de-DE,de;q=0.9,en-US;q=0.8,en;q=0.7
    [HTTP_CACHE_CONTROL] => max-age=0
    [HTTP_CONNECTION] => keep-alive
    [HTTP_COOKIE] => consentUUID=3ccfca4b-9fde-42f0-b516-2e1595202530; euconsent-v2=CO9IUgVO9IUgVAGABBDEBACgAAAAAAdAAAYgAAAJOgBgEIALqAk4AAAA.YAAAAAAAAAAA; PHPSESSID=vvkq7qva43dg3l54tkjk98nnd6
    [HTTP_HOST] => my.medical-tribune.de
    [HTTP_ORIGIN] => https://my.medical-tribune.de
    [HTTP_REFERER] => https://my.medical-tribune.de/register.php?mode=1
    [HTTP_SEC_FETCH_DEST] => iframe
    [HTTP_SEC_FETCH_MODE] => navigate
    [HTTP_SEC_FETCH_SITE] => same-origin
    [HTTP_SEC_FETCH_USER] => ?1
    [HTTP_UPGRADE_INSECURE_REQUESTS] => 1
    [HTTP_USER_AGENT] => Mozilla/5.0 (Linux; Android 9; SM-G955F Build/PPR1.180610.011; wv) AppleWebKit/537.36 (KHTML, like Gecko) Version/4.0 Chrome/86.0.4240.198 Mobile Safari/537.36 [FB_IAB/FB4A;FBAV/296.0.0.44.119;]
    [HTTP_X_REQUESTED_WITH] => com.facebook.katana
    [PATH] => /bin:/usr/bin
    [QUERY_STRING] => mode=1
    [REDIRECT_STATUS] => 200
    [REMOTE_ADDR] => 37.201.118.132
    [REMOTE_PORT] => 38048
    [REQUEST_METHOD] => POST
    [REQUEST_SCHEME] => https
    [REQUEST_URI] => /register.php?mode=1
    [SCRIPT_FILENAME] => /home/mtde/public_html/my/register.php
    [SCRIPT_NAME] => /register.php
    [SERVER_ADDR] => 46.232.181.187
    [SERVER_ADMIN] => webmaster@my.medical-tribune.de
    [SERVER_NAME] => my.medical-tribune.de
    [SERVER_PORT] => 443
    [SERVER_PROTOCOL] => HTTP/1.1
    [SERVER_SIGNATURE] => 
    [SERVER_SOFTWARE] => Apache
    [SSL_TLS_SNI] => my.medical-tribune.de
    [TZ] => Europe/Zurich
    [UNIQUE_ID] => X7aIbM-50XDA08vfHEGJTwAAAMY
    [PHP_SELF] => /register.php
    [REQUEST_TIME_FLOAT] => 1605797996.1706
    [REQUEST_TIME] => 1605797996
)

19-11-2020 : sarpost2361@gmail.com,Array
(
    [CONTENT_LENGTH] => 3260
    [CONTENT_TYPE] => multipart/form-data; boundary=----WebKitFormBoundaryyKMf6Yo1AiKveqxo
    [CONTEXT_DOCUMENT_ROOT] => /home/mtde/public_html/my
    [CONTEXT_PREFIX] => 
    [DOCUMENT_ROOT] => /home/mtde/public_html/my
    [GATEWAY_INTERFACE] => CGI/1.1
    [HTTPS] => on
    [HTTP_ACCEPT] => text/html,application/xhtml+xml,application/xml;q=0.9,image/webp,image/apng,*/*;q=0.8,application/signed-exchange;v=b3;q=0.9
    [HTTP_ACCEPT_ENCODING] => gzip, deflate
    [HTTP_ACCEPT_LANGUAGE] => de-DE,de;q=0.9,en-US;q=0.8,en;q=0.7
    [HTTP_CACHE_CONTROL] => max-age=0
    [HTTP_CONNECTION] => keep-alive
    [HTTP_COOKIE] => consentUUID=4ae3555b-43b2-408f-a709-cd881114b134; euconsent-v2=CO9IWygO9IWygAGABCENBACgAP_AAAdAAAYgGMwIQADAAKAAqABkAEEAJwAoABVACwALQAZAA0gCIAI0ATABPAC2AGEAP0AgwCEAEYAJiAUgBSgDSAHEAQgAiwBLQC6gHNAPQAfoBGoCwwFtALzAYyBJ0AMAhABdQEnAEjIAYAKgAmALzEQAQAVBIBgAFQAMgAgABUADSAIgAigBMACeAIQAUoB6AF5hoAIAKhUAMAFQATAF5joB4AFQAMgAgABUADSAIgAigBMACeAIQATAApQCLAF1APQAvMhAFAAyACoAJgB6AFtEoA4AGQAiABMAEIAKUAuoC8ykA0ACoAGQAQAAqABpAEQARQAmABPAEIAKUAiwB6AF5gAA.YAAAAAAAAAAA; _ga=GA1.2.286659785.1605798621; _gid=GA1.2.818102156.1605798621; PHPSESSID=iu6qor2tj7o33043auvffg3q83
    [HTTP_HOST] => my.medical-tribune.de
    [HTTP_ORIGIN] => https://my.medical-tribune.de
    [HTTP_REFERER] => https://my.medical-tribune.de/register.php?mode=1
    [HTTP_SEC_FETCH_DEST] => iframe
    [HTTP_SEC_FETCH_MODE] => navigate
    [HTTP_SEC_FETCH_SITE] => same-origin
    [HTTP_SEC_FETCH_USER] => ?1
    [HTTP_UPGRADE_INSECURE_REQUESTS] => 1
    [HTTP_USER_AGENT] => Mozilla/5.0 (Linux; Android 11; Pixel 4a Build/RP1A.201105.002; wv) AppleWebKit/537.36 (KHTML, like Gecko) Version/4.0 Chrome/86.0.4240.110 Mobile Safari/537.36 [FB_IAB/FB4A;FBAV/293.0.0.43.120;]
    [HTTP_X_REQUESTED_WITH] => com.facebook.katana
    [PATH] => /bin:/usr/bin
    [QUERY_STRING] => mode=1
    [REDIRECT_STATUS] => 200
    [REMOTE_ADDR] => 80.187.67.30
    [REMOTE_PORT] => 26918
    [REQUEST_METHOD] => POST
    [REQUEST_SCHEME] => https
    [REQUEST_URI] => /register.php?mode=1
    [SCRIPT_FILENAME] => /home/mtde/public_html/my/register.php
    [SCRIPT_NAME] => /register.php
    [SERVER_ADDR] => 46.232.181.187
    [SERVER_ADMIN] => webmaster@my.medical-tribune.de
    [SERVER_NAME] => my.medical-tribune.de
    [SERVER_PORT] => 443
    [SERVER_PROTOCOL] => HTTP/1.1
    [SERVER_SIGNATURE] => 
    [SERVER_SOFTWARE] => Apache
    [SSL_TLS_SNI] => my.medical-tribune.de
    [TZ] => Europe/Zurich
    [UNIQUE_ID] => X7aM5-5RrNnXWyaSkaWObwAAAIY
    [PHP_SELF] => /register.php
    [REQUEST_TIME_FLOAT] => 1605799143.8955
    [REQUEST_TIME] => 1605799143
)

19-11-2020 : praxis.heinen@t-online.de,Array
(
    [CONTENT_LENGTH] => 3520
    [CONTENT_TYPE] => multipart/form-data; boundary=----WebKitFormBoundaryEaoybTIC3fs2nswe
    [CONTEXT_DOCUMENT_ROOT] => /home/mtde/public_html/my
    [CONTEXT_PREFIX] => 
    [DOCUMENT_ROOT] => /home/mtde/public_html/my
    [GATEWAY_INTERFACE] => CGI/1.1
    [HTTPS] => on
    [HTTP_ACCEPT] => text/html,application/xhtml+xml,application/xml;q=0.9,image/avif,image/webp,image/apng,*/*;q=0.8,application/signed-exchange;v=b3;q=0.9
    [HTTP_ACCEPT_ENCODING] => gzip, deflate, br
    [HTTP_ACCEPT_LANGUAGE] => de-DE,de;q=0.9,en-US;q=0.8,en;q=0.7
    [HTTP_CACHE_CONTROL] => max-age=0
    [HTTP_CONNECTION] => keep-alive
    [HTTP_COOKIE] => consentUUID=0fba630b-5d9e-45df-a2e1-d3cc49766e8e; euconsent-v2=CO7lbFZO7lbFZAGABBDEA8CgAAAAAH_AAAYgAAAMjAIMBAUAgCEsAAQIFCIQAAQhiQAAAAFFCIBQJIAEigAWRwEcoIEACAxAQgQAgBBQAwCAAQAAJKAgBACAQCAAiAQAAgAEAIAAEAAILACQEAAAFQJCAAiACECAggAAg5BAgIgCCAFALGABQBtADwALEAbIBHokAEAA4Ac4gACAbwKADAGEARoBRIcACAA4MADANkAvoBkYoAIANoAeACPQF9DwAICKiYAEBFRUACAD4oABAHgA.YAAAAAAAAAAA; PHPSESSID=ggjrbva1ithtbfcttcplql8sb2
    [HTTP_HOST] => my.medical-tribune.de
    [HTTP_ORIGIN] => https://my.medical-tribune.de
    [HTTP_REFERER] => https://my.medical-tribune.de/register.php?mode=1
    [HTTP_SEC_FETCH_DEST] => iframe
    [HTTP_SEC_FETCH_MODE] => navigate
    [HTTP_SEC_FETCH_SITE] => same-origin
    [HTTP_SEC_FETCH_USER] => ?1
    [HTTP_UPGRADE_INSECURE_REQUESTS] => 1
    [HTTP_USER_AGENT] => Mozilla/5.0 (Windows NT 10.0; Win64; x64) AppleWebKit/537.36 (KHTML, like Gecko) Chrome/86.0.4240.198 Safari/537.36
    [PATH] => /bin:/usr/bin
    [QUERY_STRING] => mode=1
    [REDIRECT_STATUS] => 200
    [REMOTE_ADDR] => 93.224.46.247
    [REMOTE_PORT] => 33959
    [REQUEST_METHOD] => POST
    [REQUEST_SCHEME] => https
    [REQUEST_URI] => /register.php?mode=1
    [SCRIPT_FILENAME] => /home/mtde/public_html/my/register.php
    [SCRIPT_NAME] => /register.php
    [SERVER_ADDR] => 46.232.181.187
    [SERVER_ADMIN] => webmaster@my.medical-tribune.de
    [SERVER_NAME] => my.medical-tribune.de
    [SERVER_PORT] => 443
    [SERVER_PROTOCOL] => HTTP/1.1
    [SERVER_SIGNATURE] => 
    [SERVER_SOFTWARE] => Apache
    [SSL_TLS_SNI] => my.medical-tribune.de
    [TZ] => Europe/Zurich
    [UNIQUE_ID] => X7aTUM-50XDA08vfHEGSGAAAAM4
    [PHP_SELF] => /register.php
    [REQUEST_TIME_FLOAT] => 1605800784.7418
    [REQUEST_TIME] => 1605800784
)

19-11-2020 : huelya.eken@gmx.ch,Array
(
    [CONTENT_LENGTH] => 2427
    [CONTENT_TYPE] => multipart/form-data; boundary=---------------------------7e41f53a70b16
    [CONTEXT_DOCUMENT_ROOT] => /home/mtde/public_html/my
    [CONTEXT_PREFIX] => 
    [DOCUMENT_ROOT] => /home/mtde/public_html/my
    [GATEWAY_INTERFACE] => CGI/1.1
    [HTTPS] => on
    [HTTP_ACCEPT] => text/html, application/xhtml+xml, image/jxr, */*
    [HTTP_ACCEPT_ENCODING] => gzip, deflate
    [HTTP_ACCEPT_LANGUAGE] => de-CH
    [HTTP_CACHE_CONTROL] => no-cache
    [HTTP_CONNECTION] => Keep-Alive
    [HTTP_COOKIE] => consentUUID=6b58a3f4-e4c0-4890-9c5f-beec5e31ff87; euconsent-v2=CO9Ib2sO9Ib2sAGABCENBACgAP_AAAdAAAQ4GMwIQADAAKAAqABkAEEAJwAoABVACwALQAZAA0gCIAI0ATABPAC2AGEAP0AgwCEAEYAJiAUgBSgDSAHEAQgAiwBLQC6gHNAPQAfoBGoCwwFtALzAYyBJ0AMAhABdQEnAEjIAYAKgAmALzEQAQAVBIBgAFQAMgAgABUADSAIgAigBMACeAIQAUoB6AF5hoAIAKhUAMAFQATAF5joB4AFQAMgAgABUADSAIgAigBMACeAIQATAApQCLAF1APQAvMhAFAAyACoAJgB6AFtEoA4AGQAiABMAEIAKUAuoC8ykA0ACoAGQAQAAqABpAEQARQAmABPAEIAKUAiwB6AF5gAA.YAAAAAAAAAAA; _ga=GA1.2.448558275.1605800699; _gid=GA1.2.1620331124.1605800699; PHPSESSID=cmecpvno6ulkglsibqnl4oh0o0
    [HTTP_HOST] => my.medical-tribune.de
    [HTTP_REFERER] => https://my.medical-tribune.de/register.php?mode=1
    [HTTP_USER_AGENT] => Mozilla/5.0 (Windows NT 10.0; WOW64; Trident/7.0; Touch; rv:11.0) like Gecko
    [PATH] => /bin:/usr/bin
    [QUERY_STRING] => mode=1
    [REDIRECT_STATUS] => 200
    [REMOTE_ADDR] => 178.38.229.125
    [REMOTE_PORT] => 64448
    [REQUEST_METHOD] => POST
    [REQUEST_SCHEME] => https
    [REQUEST_URI] => /register.php?mode=1
    [SCRIPT_FILENAME] => /home/mtde/public_html/my/register.php
    [SCRIPT_NAME] => /register.php
    [SERVER_ADDR] => 46.232.181.187
    [SERVER_ADMIN] => webmaster@my.medical-tribune.de
    [SERVER_NAME] => my.medical-tribune.de
    [SERVER_PORT] => 443
    [SERVER_PROTOCOL] => HTTP/1.1
    [SERVER_SIGNATURE] => 
    [SERVER_SOFTWARE] => Apache
    [SSL_TLS_SNI] => my.medical-tribune.de
    [TZ] => Europe/Zurich
    [UNIQUE_ID] => X7aU18VgTgFHlUhxvegMBwAAAEc
    [PHP_SELF] => /register.php
    [REQUEST_TIME_FLOAT] => 1605801175.9414
    [REQUEST_TIME] => 1605801175
)

19-11-2020 : black_racing@t-online.de,Array
(
    [CONTENT_LENGTH] => 2358
    [CONTENT_TYPE] => multipart/form-data; boundary=----WebKitFormBoundaryUjXhqVfqCeKC9KI8
    [CONTEXT_DOCUMENT_ROOT] => /home/mtde/public_html/my
    [CONTEXT_PREFIX] => 
    [DOCUMENT_ROOT] => /home/mtde/public_html/my
    [GATEWAY_INTERFACE] => CGI/1.1
    [HTTPS] => on
    [HTTP_ACCEPT] => text/html,application/xhtml+xml,application/xml;q=0.9,image/avif,image/webp,image/apng,*/*;q=0.8,application/signed-exchange;v=b3;q=0.9
    [HTTP_ACCEPT_ENCODING] => gzip, deflate, br
    [HTTP_ACCEPT_LANGUAGE] => de-DE,de;q=0.9,en-US;q=0.8,en;q=0.7
    [HTTP_CACHE_CONTROL] => max-age=0
    [HTTP_CONNECTION] => keep-alive
    [HTTP_COOKIE] => consentUUID=55f90875-516e-4496-bb8a-fc7002c794ea; euconsent-v2=CO9IdTnO9IdTnAGABCENBACgAP_AAAdAAAYgGMwIQADAAKAAqABkAEEAJwAoABVACwALQAZAA0gCIAI0ATABPAC2AGEAP0AgwCEAEYAJiAUgBSgDSAHEAQgAiwBLQC6gHNAPQAfoBGoCwwFtALzAYyBJ0AMAhABdQEnAEjIAYAKgAmALzEQAQAVBIBgAFQAMgAgABUADSAIgAigBMACeAIQAUoB6AF5hoAIAKhUAMAFQATAF5joB4AFQAMgAgABUADSAIgAigBMACeAIQATAApQCLAF1APQAvMhAFAAyACoAJgB6AFtEoA4AGQAiABMAEIAKUAuoC8ykA0ACoAGQAQAAqABpAEQARQAmABPAEIAKUAiwB6AF5gAA.YAAAAAAAAAAA; _ga=GA1.2.566002203.1605801290; _gid=GA1.2.2130669913.1605801290; PHPSESSID=mb8v8n2t85vebadnsb05mr07l3
    [HTTP_DNT] => 1
    [HTTP_HOST] => my.medical-tribune.de
    [HTTP_ORIGIN] => https://my.medical-tribune.de
    [HTTP_REFERER] => https://my.medical-tribune.de/register.php?mode=1
    [HTTP_SEC_FETCH_DEST] => iframe
    [HTTP_SEC_FETCH_MODE] => navigate
    [HTTP_SEC_FETCH_SITE] => same-origin
    [HTTP_SEC_FETCH_USER] => ?1
    [HTTP_UPGRADE_INSECURE_REQUESTS] => 1
    [HTTP_USER_AGENT] => Mozilla/5.0 (Windows NT 10.0; Win64; x64) AppleWebKit/537.36 (KHTML, like Gecko) Chrome/86.0.4240.198 Safari/537.36
    [PATH] => /bin:/usr/bin
    [QUERY_STRING] => mode=1
    [REDIRECT_STATUS] => 200
    [REMOTE_ADDR] => 93.245.116.226
    [REMOTE_PORT] => 53485
    [REQUEST_METHOD] => POST
    [REQUEST_SCHEME] => https
    [REQUEST_URI] => /register.php?mode=1
    [SCRIPT_FILENAME] => /home/mtde/public_html/my/register.php
    [SCRIPT_NAME] => /register.php
    [SERVER_ADDR] => 46.232.181.187
    [SERVER_ADMIN] => webmaster@my.medical-tribune.de
    [SERVER_NAME] => my.medical-tribune.de
    [SERVER_PORT] => 443
    [SERVER_PROTOCOL] => HTTP/1.1
    [SERVER_SIGNATURE] => 
    [SERVER_SOFTWARE] => Apache
    [SSL_TLS_SNI] => my.medical-tribune.de
    [TZ] => Europe/Zurich
    [UNIQUE_ID] => X7aWOGiGHSFNAb95KgB1BQAAAAs
    [PHP_SELF] => /register.php
    [REQUEST_TIME_FLOAT] => 1605801528.6504
    [REQUEST_TIME] => 1605801528
)

19-11-2020 : thgraeve@t-online.de,Array
(
    [CONTENT_LENGTH] => 3619
    [CONTENT_TYPE] => multipart/form-data; boundary=---------------------------41195839673743404075397037599
    [CONTEXT_DOCUMENT_ROOT] => /home/mtde/public_html/my
    [CONTEXT_PREFIX] => 
    [DOCUMENT_ROOT] => /home/mtde/public_html/my
    [GATEWAY_INTERFACE] => CGI/1.1
    [HTTPS] => on
    [HTTP_ACCEPT] => text/html,application/xhtml+xml,application/xml;q=0.9,image/webp,*/*;q=0.8
    [HTTP_ACCEPT_ENCODING] => gzip, deflate, br
    [HTTP_ACCEPT_LANGUAGE] => de,en-US;q=0.7,en;q=0.3
    [HTTP_CONNECTION] => keep-alive
    [HTTP_COOKIE] => consentUUID=42e57e55-1a31-4f53-bf7b-5cca6ee513a7; euconsent-v2=CO9If8hO9If8hAGABCENBACgAP_AAAdAAAYgGMwIQADAAKAAqABkAEEAJwAoABVACwALQAZAA0gCIAI0ATABPAC2AGEAP0AgwCEAEYAJiAUgBSgDSAHEAQgAiwBLQC6gHNAPQAfoBGoCwwFtALzAYyBJ0AMAhABdQEnAEjIAYAKgAmALzEQAQAVBIBgAFQAMgAgABUADSAIgAigBMACeAIQAUoB6AF5hoAIAKhUAMAFQATAF5joB4AFQAMgAgABUADSAIgAigBMACeAIQATAApQCLAF1APQAvMhAFAAyACoAJgB6AFtEoA4AGQAiABMAEIAKUAuoC8ykA0ACoAGQAQAAqABpAEQARQAmABPAEIAKUAiwB6AF5gAA.YAAAAAAAAAAA; _ga=GA1.2.182987827.1605802373; _gid=GA1.2.417302478.1605802373; _gac_UA-1204464-17=1.1605802373.EAIaIQobChMI-pr--f-O7QIVWfhRCh0XjA-gEAAYASAAEgKv-vD_BwE; _gac_UA-173639924-1=1.1605802373.EAIaIQobChMI-pr--f-O7QIVWfhRCh0XjA-gEAAYASAAEgKv-vD_BwE; PHPSESSID=2i8hjovguq68tujimodk1fntf4
    [HTTP_HOST] => my.medical-tribune.de
    [HTTP_ORIGIN] => https://my.medical-tribune.de
    [HTTP_REFERER] => https://my.medical-tribune.de/register.php?mode=1
    [HTTP_UPGRADE_INSECURE_REQUESTS] => 1
    [HTTP_USER_AGENT] => Mozilla/5.0 (Windows NT 10.0; Win64; x64; rv:83.0) Gecko/20100101 Firefox/83.0
    [PATH] => /bin:/usr/bin
    [QUERY_STRING] => mode=1
    [REDIRECT_STATUS] => 200
    [REMOTE_ADDR] => 84.135.82.63
    [REMOTE_PORT] => 51401
    [REQUEST_METHOD] => POST
    [REQUEST_SCHEME] => https
    [REQUEST_URI] => /register.php?mode=1
    [SCRIPT_FILENAME] => /home/mtde/public_html/my/register.php
    [SCRIPT_NAME] => /register.php
    [SERVER_ADDR] => 46.232.181.187
    [SERVER_ADMIN] => webmaster@my.medical-tribune.de
    [SERVER_NAME] => my.medical-tribune.de
    [SERVER_PORT] => 443
    [SERVER_PROTOCOL] => HTTP/1.1
    [SERVER_SIGNATURE] => 
    [SERVER_SOFTWARE] => Apache
    [SSL_TLS_SNI] => my.medical-tribune.de
    [TZ] => Europe/Zurich
    [UNIQUE_ID] => X7abxf5RrNnXWyaSkaWcbwAAAII
    [PHP_SELF] => /register.php
    [REQUEST_TIME_FLOAT] => 1605802949.1852
    [REQUEST_TIME] => 1605802949
)

19-11-2020 : b.weller-boothe@bethanien-mvz.de,Array
(
    [CONTENT_LENGTH] => 3202
    [CONTENT_TYPE] => multipart/form-data; boundary=---------------------------7e42b815710814
    [CONTEXT_DOCUMENT_ROOT] => /home/mtde/public_html/my
    [CONTEXT_PREFIX] => 
    [DOCUMENT_ROOT] => /home/mtde/public_html/my
    [GATEWAY_INTERFACE] => CGI/1.1
    [HTTPS] => on
    [HTTP_ACCEPT] => text/html, application/xhtml+xml, */*
    [HTTP_ACCEPT_ENCODING] => gzip, deflate
    [HTTP_ACCEPT_LANGUAGE] => de-DE
    [HTTP_CACHE_CONTROL] => no-cache
    [HTTP_CONNECTION] => Keep-Alive
    [HTTP_COOKIE] => PHPSESSID=vufka0khv4psre44618n65l3m5
    [HTTP_DNT] => 1
    [HTTP_HOST] => my.medical-tribune.de
    [HTTP_REFERER] => https://my.medical-tribune.de/register.php?mode=1
    [HTTP_USER_AGENT] => Mozilla/5.0 (Windows NT 6.3; WOW64; Trident/7.0; rv:11.0) like Gecko
    [PATH] => /bin:/usr/bin
    [QUERY_STRING] => mode=1
    [REDIRECT_STATUS] => 200
    [REMOTE_ADDR] => 37.24.18.194
    [REMOTE_PORT] => 46476
    [REQUEST_METHOD] => POST
    [REQUEST_SCHEME] => https
    [REQUEST_URI] => /register.php?mode=1
    [SCRIPT_FILENAME] => /home/mtde/public_html/my/register.php
    [SCRIPT_NAME] => /register.php
    [SERVER_ADDR] => 46.232.181.187
    [SERVER_ADMIN] => webmaster@my.medical-tribune.de
    [SERVER_NAME] => my.medical-tribune.de
    [SERVER_PORT] => 443
    [SERVER_PROTOCOL] => HTTP/1.1
    [SERVER_SIGNATURE] => 
    [SERVER_SOFTWARE] => Apache
    [SSL_TLS_SNI] => my.medical-tribune.de
    [TZ] => Europe/Zurich
    [UNIQUE_ID] => X7ad2c-50XDA08vfHEGa8AAAAM0
    [PHP_SELF] => /register.php
    [REQUEST_TIME_FLOAT] => 1605803481.7204
    [REQUEST_TIME] => 1605803481
)

19-11-2020 : orlik_eva@yahoo.de,Array
(
    [CONTENT_LENGTH] => 2957
    [CONTENT_TYPE] => multipart/form-data; boundary=----WebKitFormBoundaryYClFy01IXVAcSMFo
    [CONTEXT_DOCUMENT_ROOT] => /home/mtde/public_html/my
    [CONTEXT_PREFIX] => 
    [DOCUMENT_ROOT] => /home/mtde/public_html/my
    [GATEWAY_INTERFACE] => CGI/1.1
    [HTTPS] => on
    [HTTP_ACCEPT] => text/html,application/xhtml+xml,application/xml;q=0.9,image/webp,image/apng,*/*;q=0.8,application/signed-exchange;v=b3;q=0.9
    [HTTP_ACCEPT_ENCODING] => gzip, deflate, br
    [HTTP_ACCEPT_LANGUAGE] => de-AT,de-DE;q=0.9,de;q=0.8,en-US;q=0.7,en;q=0.6,hu;q=0.5
    [HTTP_CACHE_CONTROL] => max-age=0
    [HTTP_CONNECTION] => keep-alive
    [HTTP_COOKIE] => consentUUID=0cd28e97-cd54-4f7f-b506-af02ef8e124f; euconsent-v2=CO9IxV8O9IxV8AGABCENBACgAP_AAAdAAACYGMwIQADAAKAAqABkAEEAJwAoABVACwALQAZAA0gCIAI0ATABPAC2AGEAP0AgwCEAEYAJiAUgBSgDSAHEAQgAiwBLQC6gHNAPQAfoBGoCwwFtALzAYyBJ0AMAhABdQEnAEjIAYAKgAmALzEQAQAVBIBgAFQAMgAgABUADSAIgAigBMACeAIQAUoB6AF5hoAIAKhUAMAFQATAF5joB4AFQAMgAgABUADSAIgAigBMACeAIQATAApQCLAF1APQAvMhAFAAyACoAJgB6AFtEoA4AGQAiABMAEIAKUAuoC8ykA0ACoAGQAQAAqABpAEQARQAmABPAEIAKUAiwB6AF5gAA.YAAAAAAAAAAA; _ga=GA1.2.2104138111.1605809497; _gid=GA1.2.193427821.1605809497; PHPSESSID=mg3punp2ls60ovc21a0rnlbcq5
    [HTTP_HOST] => my.medical-tribune.de
    [HTTP_ORIGIN] => https://my.medical-tribune.de
    [HTTP_REFERER] => https://my.medical-tribune.de/register.php?mode=1
    [HTTP_SAVE_DATA] => on
    [HTTP_SEC_CH_UA] => "Chromium";v="86", "\"Not\\A;Brand";v="99", "Google Chrome";v="86"
    [HTTP_SEC_CH_UA_MOBILE] => ?1
    [HTTP_SEC_FETCH_DEST] => iframe
    [HTTP_SEC_FETCH_MODE] => navigate
    [HTTP_SEC_FETCH_SITE] => same-origin
    [HTTP_SEC_FETCH_USER] => ?1
    [HTTP_UPGRADE_INSECURE_REQUESTS] => 1
    [HTTP_USER_AGENT] => Mozilla/5.0 (Linux; Android 10; SM-A105FN) AppleWebKit/537.36 (KHTML, like Gecko) Chrome/86.0.4240.198 Mobile Safari/537.36
    [PATH] => /bin:/usr/bin
    [QUERY_STRING] => mode=1
    [REDIRECT_STATUS] => 200
    [REMOTE_ADDR] => 217.149.164.34
    [REMOTE_PORT] => 44286
    [REQUEST_METHOD] => POST
    [REQUEST_SCHEME] => https
    [REQUEST_URI] => /register.php?mode=1
    [SCRIPT_FILENAME] => /home/mtde/public_html/my/register.php
    [SCRIPT_NAME] => /register.php
    [SERVER_ADDR] => 46.232.181.187
    [SERVER_ADMIN] => webmaster@my.medical-tribune.de
    [SERVER_NAME] => my.medical-tribune.de
    [SERVER_PORT] => 443
    [SERVER_PROTOCOL] => HTTP/1.1
    [SERVER_SIGNATURE] => 
    [SERVER_SOFTWARE] => Apache
    [SSL_TLS_SNI] => my.medical-tribune.de
    [TZ] => Europe/Zurich
    [UNIQUE_ID] => X7a2JhGRIvuz63VkJQrpwwAAANA
    [PHP_SELF] => /register.php
    [REQUEST_TIME_FLOAT] => 1605809702.314
    [REQUEST_TIME] => 1605809702
)

19-11-2020 : salam.alosman@gmail.com,Array
(
    [CONTENT_LENGTH] => 3240
    [CONTENT_TYPE] => multipart/form-data; boundary=----WebKitFormBoundarynNeXGQwsCVs4YBK9
    [CONTEXT_DOCUMENT_ROOT] => /home/mtde/public_html/my
    [CONTEXT_PREFIX] => 
    [DOCUMENT_ROOT] => /home/mtde/public_html/my
    [GATEWAY_INTERFACE] => CGI/1.1
    [HTTPS] => on
    [HTTP_ACCEPT] => text/html,application/xhtml+xml,application/xml;q=0.9,*/*;q=0.8
    [HTTP_ACCEPT_ENCODING] => gzip, deflate, br
    [HTTP_ACCEPT_LANGUAGE] => de-de
    [HTTP_CONNECTION] => keep-alive
    [HTTP_COOKIE] => _ga=GA1.2.569028493.1605809596; _gid=GA1.2.369496787.1605809596; consentUUID=f4b679ac-c4e3-404b-9ddb-eff1a47570e2; PHPSESSID=bg35d8ok0ve4cop1shqec9soj6; euconsent-v2=CO9IxlYO9IxlYAGABCENBACgAP_AAAdAAAYgGMwIQADAAKAAqABkAEEAJwAoABVACwALQAZAA0gCIAI0ATABPAC2AGEAP0AgwCEAEYAJiAUgBSgDSAHEAQgAiwBLQC6gHNAPQAfoBGoCwwFtALzAYyBJ0AMAhABdQEnAEjIAYAKgAmALzEQAQAVBIBgAFQAMgAgABUADSAIgAigBMACeAIQAUoB6AF5hoAIAKhUAMAFQATAF5joB4AFQAMgAgABUADSAIgAigBMACeAIQATAApQCLAF1APQAvMhAFAAyACoAJgB6AFtEoA4AGQAiABMAEIAKUAuoC8ykA0ACoAGQAQAAqABpAEQARQAmABPAEIAKUAiwB6AF5gAA.YAAAAAAAAAAA
    [HTTP_HOST] => my.medical-tribune.de
    [HTTP_ORIGIN] => https://my.medical-tribune.de
    [HTTP_REFERER] => https://my.medical-tribune.de/register.php?mode=1
    [HTTP_USER_AGENT] => Mozilla/5.0 (iPhone; CPU iPhone OS 14_2 like Mac OS X) AppleWebKit/605.1.15 (KHTML, like Gecko) CriOS/86.0.4240.93 Mobile/15E148 Safari/604.1
    [PATH] => /bin:/usr/bin
    [QUERY_STRING] => mode=1
    [REDIRECT_STATUS] => 200
    [REMOTE_ADDR] => 31.17.250.33
    [REMOTE_PORT] => 18022
    [REQUEST_METHOD] => POST
    [REQUEST_SCHEME] => https
    [REQUEST_URI] => /register.php?mode=1
    [SCRIPT_FILENAME] => /home/mtde/public_html/my/register.php
    [SCRIPT_NAME] => /register.php
    [SERVER_ADDR] => 46.232.181.187
    [SERVER_ADMIN] => webmaster@my.medical-tribune.de
    [SERVER_NAME] => my.medical-tribune.de
    [SERVER_PORT] => 443
    [SERVER_PROTOCOL] => HTTP/1.1
    [SERVER_SIGNATURE] => 
    [SERVER_SOFTWARE] => Apache
    [SSL_TLS_SNI] => my.medical-tribune.de
    [TZ] => Europe/Zurich
    [UNIQUE_ID] => X7a4UbGjGxpt2cq-zE6OrQAAAIY
    [PHP_SELF] => /register.php
    [REQUEST_TIME_FLOAT] => 1605810257.9284
    [REQUEST_TIME] => 1605810257
)

19-11-2020 : christiane.chabloz@gmail.com,Array
(
    [CONTENT_LENGTH] => 2941
    [CONTENT_TYPE] => multipart/form-data; boundary=----WebKitFormBoundary0qnNeXRIBZtkfLeJ
    [CONTEXT_DOCUMENT_ROOT] => /home/mtde/public_html/my
    [CONTEXT_PREFIX] => 
    [DOCUMENT_ROOT] => /home/mtde/public_html/my
    [GATEWAY_INTERFACE] => CGI/1.1
    [HTTPS] => on
    [HTTP_ACCEPT] => text/html,application/xhtml+xml,application/xml;q=0.9,*/*;q=0.8
    [HTTP_ACCEPT_ENCODING] => br, gzip, deflate
    [HTTP_ACCEPT_LANGUAGE] => de-ch
    [HTTP_CONNECTION] => keep-alive
    [HTTP_COOKIE] => PHPSESSID=f2p96rn88bv9ge9ciee2os27i6; consentUUID=b7285cdf-d560-4202-8e7c-3ae42bc09436; euconsent-v2=CO9I6wFO9I6wFAGABBDEBACgAAAAAAdAAAQ4AAAJOgBgEIALqAk4AAAA.YAAAAAAAAAAA
    [HTTP_HOST] => my.medical-tribune.de
    [HTTP_ORIGIN] => https://my.medical-tribune.de
    [HTTP_REFERER] => https://my.medical-tribune.de/register.php?mode=1
    [HTTP_USER_AGENT] => Mozilla/5.0 (Macintosh; Intel Mac OS X 10_13_6) AppleWebKit/605.1.15 (KHTML, like Gecko) Version/13.1.2 Safari/605.1.15
    [PATH] => /bin:/usr/bin
    [QUERY_STRING] => mode=1
    [REDIRECT_STATUS] => 200
    [REMOTE_ADDR] => 84.226.207.87
    [REMOTE_PORT] => 52822
    [REQUEST_METHOD] => POST
    [REQUEST_SCHEME] => https
    [REQUEST_URI] => /register.php?mode=1
    [SCRIPT_FILENAME] => /home/mtde/public_html/my/register.php
    [SCRIPT_NAME] => /register.php
    [SERVER_ADDR] => 46.232.181.187
    [SERVER_ADMIN] => webmaster@my.medical-tribune.de
    [SERVER_NAME] => my.medical-tribune.de
    [SERVER_PORT] => 443
    [SERVER_PROTOCOL] => HTTP/1.1
    [SERVER_SIGNATURE] => 
    [SERVER_SOFTWARE] => Apache
    [SSL_TLS_SNI] => my.medical-tribune.de
    [TZ] => Europe/Zurich
    [UNIQUE_ID] => X7bFeVqcMWX6lCqjXM8OUAAAABE
    [PHP_SELF] => /register.php
    [REQUEST_TIME_FLOAT] => 1605813625.4605
    [REQUEST_TIME] => 1605813625
)

19-11-2020 : info@physioflow.eu,Array
(
    [CONTENT_LENGTH] => 2913
    [CONTENT_TYPE] => multipart/form-data; boundary=----WebKitFormBoundaryAVrAaBMdoxC2uS2j
    [CONTEXT_DOCUMENT_ROOT] => /home/mtde/public_html/my
    [CONTEXT_PREFIX] => 
    [DOCUMENT_ROOT] => /home/mtde/public_html/my
    [GATEWAY_INTERFACE] => CGI/1.1
    [HTTPS] => on
    [HTTP_ACCEPT] => text/html,application/xhtml+xml,application/xml;q=0.9,image/webp,image/apng,*/*;q=0.8,application/signed-exchange;v=b3;q=0.9
    [HTTP_ACCEPT_ENCODING] => gzip, deflate, br
    [HTTP_ACCEPT_LANGUAGE] => de-DE,de;q=0.9,en-US;q=0.8,en;q=0.7
    [HTTP_CACHE_CONTROL] => max-age=0
    [HTTP_CONNECTION] => keep-alive
    [HTTP_COOKIE] => _ga=GA1.2.57416578.1585393360; consentUUID=c12d8c8d-7f85-403d-9612-8c55bfc8e26a; euconsent-v2=CO9I_lsO9I_lsAGABCENBACgAP_AAAdAAAYgGMwIQADAAKAAqABkAEEAJwAoABVACwALQAZAA0gCIAI0ATABPAC2AGEAP0AgwCEAEYAJiAUgBSgDSAHEAQgAiwBLQC6gHNAPQAfoBGoCwwFtALzAYyBJ0AMAhABdQEnAEjIAYAKgAmALzEQAQAVBIBgAFQAMgAgABUADSAIgAigBMACeAIQAUoB6AF5hoAIAKhUAMAFQATAF5joB4AFQAMgAgABUADSAIgAigBMACeAIQATAApQCLAF1APQAvMhAFAAyACoAJgB6AFtEoA4AGQAiABMAEIAKUAuoC8ykA0ACoAGQAQAAqABpAEQARQAmABPAEIAKUAiwB6AF5gAA.YAAAAAAAAAAA; _gid=GA1.2.468750715.1605815332; PHPSESSID=0jng7jpikg57oh54c2656lq851
    [HTTP_HOST] => my.medical-tribune.de
    [HTTP_ORIGIN] => https://my.medical-tribune.de
    [HTTP_REFERER] => https://my.medical-tribune.de/register.php?mode=1
    [HTTP_SEC_FETCH_DEST] => iframe
    [HTTP_SEC_FETCH_MODE] => navigate
    [HTTP_SEC_FETCH_SITE] => same-origin
    [HTTP_SEC_FETCH_USER] => ?1
    [HTTP_UPGRADE_INSECURE_REQUESTS] => 1
    [HTTP_USER_AGENT] => Mozilla/5.0 (Linux; Android 8.0.0; SM-A520F) AppleWebKit/537.36 (KHTML, like Gecko) Chrome/86.0.4240.198 Mobile Safari/537.36
    [PATH] => /bin:/usr/bin
    [QUERY_STRING] => mode=1
    [REDIRECT_STATUS] => 200
    [REMOTE_ADDR] => 81.173.181.64
    [REMOTE_PORT] => 38036
    [REQUEST_METHOD] => POST
    [REQUEST_SCHEME] => https
    [REQUEST_URI] => /register.php?mode=1
    [SCRIPT_FILENAME] => /home/mtde/public_html/my/register.php
    [SCRIPT_NAME] => /register.php
    [SERVER_ADDR] => 46.232.181.187
    [SERVER_ADMIN] => webmaster@my.medical-tribune.de
    [SERVER_NAME] => my.medical-tribune.de
    [SERVER_PORT] => 443
    [SERVER_PROTOCOL] => HTTP/1.1
    [SERVER_SIGNATURE] => 
    [SERVER_SOFTWARE] => Apache
    [SSL_TLS_SNI] => my.medical-tribune.de
    [TZ] => Europe/Zurich
    [UNIQUE_ID] => X7bTd7GjGxpt2cq-zE6lEAAAAJA
    [PHP_SELF] => /register.php
    [REQUEST_TIME_FLOAT] => 1605817208.035
    [REQUEST_TIME] => 1605817208
)

19-11-2020 : susan.pohl@t-online.de,Array
(
    [CONTENT_LENGTH] => 3314
    [CONTENT_TYPE] => multipart/form-data; boundary=----WebKitFormBoundaryWJJdfR9Vqmx8daWM
    [CONTEXT_DOCUMENT_ROOT] => /home/mtde/public_html/my
    [CONTEXT_PREFIX] => 
    [DOCUMENT_ROOT] => /home/mtde/public_html/my
    [GATEWAY_INTERFACE] => CGI/1.1
    [HTTPS] => on
    [HTTP_ACCEPT] => text/html,application/xhtml+xml,application/xml;q=0.9,image/webp,image/apng,*/*;q=0.8,application/signed-exchange;v=b3;q=0.9
    [HTTP_ACCEPT_ENCODING] => gzip, deflate, br
    [HTTP_ACCEPT_LANGUAGE] => de-DE,de;q=0.9,en-US;q=0.8,en;q=0.7
    [HTTP_CACHE_CONTROL] => max-age=0
    [HTTP_CONNECTION] => keep-alive
    [HTTP_COOKIE] => consentUUID=f1600ece-6e31-40e0-95ec-27b3b35641ba; euconsent-v2=CO9JF-0O9JF-0AGABCENBACgAP_AAAdAAAYgGMwIQADAAKAAqABkAEEAJwAoABVACwALQAZAA0gCIAI0ATABPAC2AGEAP0AgwCEAEYAJiAUgBSgDSAHEAQgAiwBLQC6gHNAPQAfoBGoCwwFtALzAYyBJ0AMAhABdQEnAEjIAYAKgAmALzEQAQAVBIBgAFQAMgAgABUADSAIgAigBMACeAIQAUoB6AF5hoAIAKhUAMAFQATAF5joB4AFQAMgAgABUADSAIgAigBMACeAIQATAApQCLAF1APQAvMhAFAAyACoAJgB6AFtEoA4AGQAiABMAEIAKUAuoC8ykA0ACoAGQAQAAqABpAEQARQAmABPAEIAKUAiwB6AF5gAA.YAAAAAAAAAAA; _ga=GA1.2.398568448.1605817951; _gid=GA1.2.726624284.1605817951; PHPSESSID=sbmbevvra238e7cpeh3fnq9sa4
    [HTTP_HOST] => my.medical-tribune.de
    [HTTP_ORIGIN] => https://my.medical-tribune.de
    [HTTP_REFERER] => https://my.medical-tribune.de/register.php?mode=1
    [HTTP_SEC_FETCH_DEST] => iframe
    [HTTP_SEC_FETCH_MODE] => navigate
    [HTTP_SEC_FETCH_SITE] => same-origin
    [HTTP_SEC_FETCH_USER] => ?1
    [HTTP_UPGRADE_INSECURE_REQUESTS] => 1
    [HTTP_USER_AGENT] => Mozilla/5.0 (Linux; Android 5.1.1; KFDOWI) AppleWebKit/537.36 (KHTML, like Gecko) Silk/86.2.31 like Chrome/86.0.4240.185 Safari/537.36
    [PATH] => /bin:/usr/bin
    [QUERY_STRING] => mode=1
    [REDIRECT_STATUS] => 200
    [REMOTE_ADDR] => 79.204.221.169
    [REMOTE_PORT] => 50671
    [REQUEST_METHOD] => POST
    [REQUEST_SCHEME] => https
    [REQUEST_URI] => /register.php?mode=1
    [SCRIPT_FILENAME] => /home/mtde/public_html/my/register.php
    [SCRIPT_NAME] => /register.php
    [SERVER_ADDR] => 46.232.181.187
    [SERVER_ADMIN] => webmaster@my.medical-tribune.de
    [SERVER_NAME] => my.medical-tribune.de
    [SERVER_PORT] => 443
    [SERVER_PROTOCOL] => HTTP/1.1
    [SERVER_SIGNATURE] => 
    [SERVER_SOFTWARE] => Apache
    [SSL_TLS_SNI] => my.medical-tribune.de
    [TZ] => Europe/Zurich
    [UNIQUE_ID] => X7bYPAtUB-G3vDrVTBgPZAAAAQ0
    [PHP_SELF] => /register.php
    [REQUEST_TIME_FLOAT] => 1605818428.3168
    [REQUEST_TIME] => 1605818428
)

19-11-2020 : albrechta2966@gmail.com,Array
(
    [CONTENT_LENGTH] => 3405
    [CONTENT_TYPE] => multipart/form-data; boundary=----WebKitFormBoundary6CEByK6B5YVyBoL2
    [CONTEXT_DOCUMENT_ROOT] => /home/mtde/public_html/my
    [CONTEXT_PREFIX] => 
    [DOCUMENT_ROOT] => /home/mtde/public_html/my
    [GATEWAY_INTERFACE] => CGI/1.1
    [HTTPS] => on
    [HTTP_ACCEPT] => text/html,application/xhtml+xml,application/xml;q=0.9,image/avif,image/webp,image/apng,*/*;q=0.8,application/signed-exchange;v=b3;q=0.9
    [HTTP_ACCEPT_ENCODING] => gzip, deflate, br
    [HTTP_ACCEPT_LANGUAGE] => de-DE,de;q=0.9
    [HTTP_CACHE_CONTROL] => max-age=0
    [HTTP_CONNECTION] => keep-alive
    [HTTP_COOKIE] => consentUUID=323b0156-03ff-4d0b-b592-8b5e6a4d2de0; euconsent-v2=CO9JKQnO9JKQnAGABCENBACgAP_AAAdAAAYgGMwIQADAAKAAqABkAEEAJwAoABVACwALQAZAA0gCIAI0ATABPAC2AGEAP0AgwCEAEYAJiAUgBSgDSAHEAQgAiwBLQC6gHNAPQAfoBGoCwwFtALzAYyBJ0AMAhABdQEnAEjIAYAKgAmALzEQAQAVBIBgAFQAMgAgABUADSAIgAigBMACeAIQAUoB6AF5hoAIAKhUAMAFQATAF5joB4AFQAMgAgABUADSAIgAigBMACeAIQATAApQCLAF1APQAvMhAFAAyACoAJgB6AFtEoA4AGQAiABMAEIAKUAuoC8ykA0ACoAGQAQAAqABpAEQARQAmABPAEIAKUAiwB6AF5gAA.YAAAAAAAAAAA; _ga=GA1.2.1861641266.1605819704; _gid=GA1.2.1321459398.1605819704; PHPSESSID=69l8k07prv2ckng5bsjj63d2q5
    [HTTP_HOST] => my.medical-tribune.de
    [HTTP_ORIGIN] => https://my.medical-tribune.de
    [HTTP_REFERER] => https://my.medical-tribune.de/register.php?mode=1
    [HTTP_SEC_FETCH_DEST] => iframe
    [HTTP_SEC_FETCH_MODE] => navigate
    [HTTP_SEC_FETCH_SITE] => same-origin
    [HTTP_SEC_FETCH_USER] => ?1
    [HTTP_UPGRADE_INSECURE_REQUESTS] => 1
    [HTTP_USER_AGENT] => Mozilla/5.0 (Windows NT 10.0; Win64; x64) AppleWebKit/537.36 (KHTML, like Gecko) Chrome/86.0.4240.183 Safari/537.36
    [PATH] => /bin:/usr/bin
    [QUERY_STRING] => mode=1
    [REDIRECT_STATUS] => 200
    [REMOTE_ADDR] => 213.162.148.160
    [REMOTE_PORT] => 58392
    [REQUEST_METHOD] => POST
    [REQUEST_SCHEME] => https
    [REQUEST_URI] => /register.php?mode=1
    [SCRIPT_FILENAME] => /home/mtde/public_html/my/register.php
    [SCRIPT_NAME] => /register.php
    [SERVER_ADDR] => 46.232.181.187
    [SERVER_ADMIN] => webmaster@my.medical-tribune.de
    [SERVER_NAME] => my.medical-tribune.de
    [SERVER_PORT] => 443
    [SERVER_PROTOCOL] => HTTP/1.1
    [SERVER_SIGNATURE] => 
    [SERVER_SOFTWARE] => Apache
    [SSL_TLS_SNI] => my.medical-tribune.de
    [TZ] => Europe/Zurich
    [UNIQUE_ID] => X7biIThHX1vtv@KKtvm2MwAAABA
    [PHP_SELF] => /register.php
    [REQUEST_TIME_FLOAT] => 1605820961.9659
    [REQUEST_TIME] => 1605820961
)

