30-08-2020 : ortlepp.oliverg@gmail.com,Array
(
    [CONTENT_LENGTH] => 2357
    [CONTENT_TYPE] => multipart/form-data; boundary=----WebKitFormBoundaryJBVaO2EVACRwgfX8
    [CONTEXT_DOCUMENT_ROOT] => /home/mtde/public_html/my
    [CONTEXT_PREFIX] => 
    [DOCUMENT_ROOT] => /home/mtde/public_html/my
    [GATEWAY_INTERFACE] => CGI/1.1
    [HTTPS] => on
    [HTTP_ACCEPT] => text/html,application/xhtml+xml,application/xml;q=0.9,image/webp,image/apng,*/*;q=0.8,application/signed-exchange;v=b3;q=0.9
    [HTTP_ACCEPT_ENCODING] => gzip, deflate, br
    [HTTP_ACCEPT_LANGUAGE] => de
    [HTTP_CACHE_CONTROL] => max-age=0
    [HTTP_CONNECTION] => keep-alive
    [HTTP_COOKIE] => _ga=GA1.2.2108718770.1598746902; _gid=GA1.2.100571202.1598746902; consentUUID=18860ddb-6567-4c4d-8be7-b8d683fa6304; euconsent-v2=CO47Wr8O47Wr8AGABCENA1CgAP_AAH_AAAYgGVtf_X9fb2_j-_5999t0eY1f9_63t-wzjgeNs-8NyZ_X_J4Xr2MyvB34pqYKmR4EunLBAQdlHGHcTQgAwIkFqTLsYk2MizNKJ7JEilMbc2dYGG1vn8XT_ZCY70-_f__7v3-_-___6oGUEEGAAKAQBCWAAIEihEIQAIQxIAIAACihEAgEkACRQALI4COUACABAYgIQIAQAgoAYBAAIAAElAQAgAAIBQARAIAAQADAEAACAAEFgBIiAAACoEhAARABKBAQUAAQcggQFQBBACBASGQGAAKAAqACGAEwALgAjgBSADLAGoAOIAfgBGACOAFLAKuAVsA3gCYgE2AKbAWiAwIBh4DIhgAUAbQA8ACxAGyAR6IgOgAqACsAFwAQwApABkADLAGoANkAcQA_ACMAEiAKWAVcA1gB8gENgIvASIAmwBOwChwFIgLkAYEAwkBh4DJxIAIABwA5xAAEA3gSCKAAgABcAFAAVAAyABwADwAIAARAAqAB4AD6AIYAiABMgCqAKwAWAAuABvADmAHoAQ0AiACJAEsAJoAUoAwwBkADLAGoANkAcQA7wB7AD4gH2AfoBGACRAFLAL8AYQAxQBrADaAG4AN4AegA-QCGwEVAIvASIAmIBMoCbAE7AKRAU2ArABYoC2AFyALvAYEAwYBhIDDQGHgMiAZIAycKABAUSGgQAAqACsAFwAQwApABkADLAGkANQAbIA4gB-AEYAKWAVeAtAC0gGsAN4AfIBDYCLwEiAJsATsAocBSIC5AGBAMJAYeAxgBk4cACAA4MAEANkAdQBfQDIxUBkACgAKgAhgBMAC4AI4AUgAywBqADiAH4ARgAjgBSwCrwFoAWkA3gCQQExAJsAU2AuQBgQDDwGRCgAgA2gB4AI9AX0OgigALgAoACoAFwAMgAcABAACIAGIAPoAhgCIAEyAKoArABYAC4AGIAMwAbwA5gB6AEMAIgASwAmABNQCjAKUAZAAyoBogGkANQAbMA3wDgAHEAO8Ae0A-wD8AIwAWKAtAC0gFzALyAX4AwgBigDcQHTAdQA9ACGwERAIvASCAkQBNgCdoFNAU2AqwBYsC2ALZAXAAuQBdoC7wGEgMNAYeAxIBjADHgGSAMnIQKwAFgAUAAyACIAGIAQwAmABVAC4AGYAN4AegBHACkAGUANQAb4A4gB3gD8AIGARgAocBaAFpAL8AYQAxQB1AD0AJBASIAmyBTQFNgLFAWjAtgC2gFwALkAXaAw8BiQDIgGTkoEYACAAFgAUAAuABkADgAMQAiABMACqAFwAMQAZgA2gCGgEQARMApAClAGUANIAbIA7wB-AEYgLQAtIBigDcAHUAReAkQBNgCxQF2gMPAZEAycpA1AAXABQAFQALgAZAA4ACAAGMAQwBEACYAFIAKoAWAAuABiADMAHMAQwAiIBRgFKAMqAaIBpADZAHEAO-AfYB-AEYAI4AUMArYBeQDCAG0ANwAdQA9ACLwEiAJsATtApoCmwFbALFAWwAuABcgC7QGGgMPAYkAxgBkQDJAGTlQAIAPigAEAeA.YAAAAAAAAAAA; PHPSESSID=lpgpptsajd27e4sae894kih406
    [HTTP_HOST] => my.medical-tribune.de
    [HTTP_ORIGIN] => https://my.medical-tribune.de
    [HTTP_REFERER] => https://my.medical-tribune.de/register.php?mode=1
    [HTTP_SEC_FETCH_DEST] => iframe
    [HTTP_SEC_FETCH_MODE] => navigate
    [HTTP_SEC_FETCH_SITE] => same-origin
    [HTTP_SEC_FETCH_USER] => ?1
    [HTTP_UPGRADE_INSECURE_REQUESTS] => 1
    [HTTP_USER_AGENT] => Mozilla/5.0 (Linux; Android 10; MAR-LX1A) AppleWebKit/537.36 (KHTML, like Gecko) Chrome/85.0.4183.81 Mobile Safari/537.36
    [PATH] => /bin:/usr/bin
    [QUERY_STRING] => mode=1
    [REDIRECT_STATUS] => 200
    [REMOTE_ADDR] => 109.41.0.122
    [REMOTE_PORT] => 28810
    [REQUEST_METHOD] => POST
    [REQUEST_SCHEME] => https
    [REQUEST_URI] => /register.php?mode=1
    [SCRIPT_FILENAME] => /home/mtde/public_html/my/register.php
    [SCRIPT_NAME] => /register.php
    [SERVER_ADDR] => 46.232.181.187
    [SERVER_ADMIN] => webmaster@my.medical-tribune.de
    [SERVER_NAME] => my.medical-tribune.de
    [SERVER_PORT] => 443
    [SERVER_PROTOCOL] => HTTP/1.1
    [SERVER_SIGNATURE] => 
    [SERVER_SOFTWARE] => Apache
    [SSL_TLS_SNI] => my.medical-tribune.de
    [UNIQUE_ID] => X0ryHRF4c8nXTgt1Ab7E3wAAABE
    [PHP_SELF] => /register.php
    [REQUEST_TIME_FLOAT] => 1598747165.8807
    [REQUEST_TIME] => 1598747165
)

30-08-2020 : angelikalachner1981@gmail.com,Array
(
    [CONTENT_LENGTH] => 3157
    [CONTENT_TYPE] => multipart/form-data; boundary=----WebKitFormBoundaryStpdPPDN3y4Beb48
    [CONTEXT_DOCUMENT_ROOT] => /home/mtde/public_html/my
    [CONTEXT_PREFIX] => 
    [DOCUMENT_ROOT] => /home/mtde/public_html/my
    [GATEWAY_INTERFACE] => CGI/1.1
    [HTTPS] => on
    [HTTP_ACCEPT] => text/html,application/xhtml+xml,application/xml;q=0.9,image/webp,image/apng,*/*;q=0.8,application/signed-exchange;v=b3;q=0.9
    [HTTP_ACCEPT_ENCODING] => gzip, deflate
    [HTTP_ACCEPT_LANGUAGE] => de-DE,de;q=0.9,en-US;q=0.8,en;q=0.7
    [HTTP_CACHE_CONTROL] => max-age=0
    [HTTP_CONNECTION] => keep-alive
    [HTTP_COOKIE] => consentUUID=75f26fe5-2791-4d9e-b974-62a76c020cb6; _ga=GA1.2.1966104642.1598762510; _gid=GA1.2.1453521160.1598762510; euconsent-v2=CO478ysO478ysAGABCENA1CgAP_AAH_AAAYgGVtf_X9fb2_j-_5999t0eY1f9_63t-wzjgeNs-8NyZ_X_J4Xr2MyvB34pqYKmR4EunLBAQdlHGHcTQgAwIkFqTLsYk2MizNKJ7JEilMbc2dYGG1vn8XT_ZCY70-_f__7v3-_-___6oGUEEGAAKAQBCWAAIEihEIQAIQxIAIAACihEAgEkACRQALI4COUACABAYgIQIAQAgoAYBAAIAAElAQAgAAIBQARAIAAQADAEAACAAEFgBIiAAACoEhAARABKBAQUAAQcggQFQBBACBASGQGAAKAAqACGAEwALgAjgBSADLAGoAOIAfgBGACOAFLAKuAVsA3gCYgE2AKbAWiAwIBh4DIhgAUAbQA8ACxAGyAR6IgOgAqACsAFwAQwApABkADLAGoANkAcQA_ACMAEiAKWAVcA1gB8gENgIvASIAmwBOwChwFIgLkAYEAwkBh4DJxIAIABwA5xAAEA3gSCKAAgABcAFAAVAAyABwADwAIAARAAqAB4AD6AIYAiABMgCqAKwAWAAuABvADmAHoAQ0AiACJAEsAJoAUoAwwBkADLAGoANkAcQA7wB7AD4gH2AfoBGACRAFLAL8AYQAxQBrADaAG4AN4AegA-QCGwEVAIvASIAmIBMoCbAE7AKRAU2ArABYoC2AFyALvAYEAwYBhIDDQGHgMiAZIAycKABAUSGgQAAqACsAFwAQwApABkADLAGkANQAbIA4gB-AEYAKWAVeAtAC0gGsAN4AfIBDYCLwEiAJsATsAocBSIC5AGBAMJAYeAxgBk4cACAA4MAEANkAdQBfQDIxUBkACgAKgAhgBMAC4AI4AUgAywBqADiAH4ARgAjgBSwCrwFoAWkA3gCQQExAJsAU2AuQBgQDDwGRCgAgA2gB4AI9AX0OgigALgAoACoAFwAMgAcABAACIAGIAPoAhgCIAEyAKoArABYAC4AGIAMwAbwA5gB6AEMAIgASwAmABNQCjAKUAZAAyoBogGkANQAbMA3wDgAHEAO8Ae0A-wD8AIwAWKAtAC0gFzALyAX4AwgBigDcQHTAdQA9ACGwERAIvASCAkQBNgCdoFNAU2AqwBYsC2ALZAXAAuQBdoC7wGEgMNAYeAxIBjADHgGSAMnIQKwAFgAUAAyACIAGIAQwAmABVAC4AGYAN4AegBHACkAGUANQAb4A4gB3gD8AIGARgAocBaAFpAL8AYQAxQB1AD0AJBASIAmyBTQFNgLFAWjAtgC2gFwALkAXaAw8BiQDIgGTkoEYACAAFgAUAAuABkADgAMQAiABMACqAFwAMQAZgA2gCGgEQARMApAClAGUANIAbIA7wB-AEYgLQAtIBigDcAHUAReAkQBNgCxQF2gMPAZEAycpA1AAXABQAFQALgAZAA4ACAAGMAQwBEACYAFIAKoAWAAuABiADMAHMAQwAiIBRgFKAMqAaIBpADZAHEAO-AfYB-AEYAI4AUMArYBeQDCAG0ANwAdQA9ACLwEiAJsATtApoCmwFbALFAWwAuABcgC7QGGgMPAYkAxgBkQDJAGTlQAIAPigAEAeA.YAAAAAAAAAAA; PHPSESSID=t30dkdj2p8b61uogigufjnm5m6
    [HTTP_HOST] => my.medical-tribune.de
    [HTTP_ORIGIN] => https://my.medical-tribune.de
    [HTTP_REFERER] => https://my.medical-tribune.de/register.php?mode=1
    [HTTP_SEC_FETCH_DEST] => iframe
    [HTTP_SEC_FETCH_MODE] => navigate
    [HTTP_SEC_FETCH_SITE] => same-origin
    [HTTP_SEC_FETCH_USER] => ?1
    [HTTP_UPGRADE_INSECURE_REQUESTS] => 1
    [HTTP_USER_AGENT] => Mozilla/5.0 (Linux; Android 10; Nokia 7 plus Build/QKQ1.190828.002; wv) AppleWebKit/537.36 (KHTML, like Gecko) Version/4.0 Chrome/84.0.4147.125 Mobile Safari/537.36 [FB_IAB/FB4A;FBAV/284.0.0.50.107;]
    [HTTP_X_REQUESTED_WITH] => com.facebook.katana
    [PATH] => /bin:/usr/bin
    [QUERY_STRING] => mode=1
    [REDIRECT_STATUS] => 200
    [REMOTE_ADDR] => 93.199.190.251
    [REMOTE_PORT] => 43198
    [REQUEST_METHOD] => POST
    [REQUEST_SCHEME] => https
    [REQUEST_URI] => /register.php?mode=1
    [SCRIPT_FILENAME] => /home/mtde/public_html/my/register.php
    [SCRIPT_NAME] => /register.php
    [SERVER_ADDR] => 46.232.181.187
    [SERVER_ADMIN] => webmaster@my.medical-tribune.de
    [SERVER_NAME] => my.medical-tribune.de
    [SERVER_PORT] => 443
    [SERVER_PROTOCOL] => HTTP/1.1
    [SERVER_SIGNATURE] => 
    [SERVER_SOFTWARE] => Apache
    [SSL_TLS_SNI] => my.medical-tribune.de
    [UNIQUE_ID] => X0svphF4c8nXTgt1Ab7PbwAAABM
    [PHP_SELF] => /register.php
    [REQUEST_TIME_FLOAT] => 1598762918.4022
    [REQUEST_TIME] => 1598762918
)

30-08-2020 : mmuellem@t-online.de,Array
(
    [CONTENT_LENGTH] => 3336
    [CONTENT_TYPE] => multipart/form-data; boundary=----WebKitFormBoundary6veW1nBFlUy1iXDp
    [CONTEXT_DOCUMENT_ROOT] => /home/mtde/public_html/my
    [CONTEXT_PREFIX] => 
    [DOCUMENT_ROOT] => /home/mtde/public_html/my
    [GATEWAY_INTERFACE] => CGI/1.1
    [HTTPS] => on
    [HTTP_ACCEPT] => text/html,application/xhtml+xml,application/xml;q=0.9,image/webp,image/apng,*/*;q=0.8,application/signed-exchange;v=b3;q=0.9
    [HTTP_ACCEPT_ENCODING] => gzip, deflate, br
    [HTTP_ACCEPT_LANGUAGE] => de-DE,de;q=0.9,en-US;q=0.8,en;q=0.7
    [HTTP_CACHE_CONTROL] => max-age=0
    [HTTP_CONNECTION] => keep-alive
    [HTTP_COOKIE] => _ga=GA1.2.415088939.1598766248; _gid=GA1.2.1281116865.1598766248; consentUUID=68e7852c-51af-4ac9-b300-6208b1b667e3; euconsent-v2=CO48F7qO48F7qAGABCENA1CgAP_AAH_AABCYGVtf_X9fb2_j-_5999t0eY1f9_63t-wzjgeNs-8NyZ_X_J4Xr2MyvB34pqYKmR4EunLBAQdlHGHcTQgAwIkFqTLsYk2MizNKJ7JEilMbc2dYGG1vn8XT_ZCY70-_f__7v3-_-___6oGUEEGAAKAQBCWAAIEihEIQAIQxIAIAACihEAgEkACRQALI4COUACABAYgIQIAQAgoAYBAAIAAElAQAgAAIBQARAIAAQADAEAACAAEFgBIiAAACoEhAARABKBAQUAAQcggQFQBBACBASGQGAAKAAqACGAEwALgAjgBSADLAGoAOIAfgBGACOAFLAKuAVsA3gCYgE2AKbAWiAwIBh4DIhgAUAbQA8ACxAGyAR6IgOgAqACsAFwAQwApABkADLAGoANkAcQA_ACMAEiAKWAVcA1gB8gENgIvASIAmwBOwChwFIgLkAYEAwkBh4DJxIAIABwA5xAAEA3gSCKAAgABcAFAAVAAyABwADwAIAARAAqAB4AD6AIYAiABMgCqAKwAWAAuABvADmAHoAQ0AiACJAEsAJoAUoAwwBkADLAGoANkAcQA7wB7AD4gH2AfoBGACRAFLAL8AYQAxQBrADaAG4AN4AegA-QCGwEVAIvASIAmIBMoCbAE7AKRAU2ArABYoC2AFyALvAYEAwYBhIDDQGHgMiAZIAycKABAUSGgQAAqACsAFwAQwApABkADLAGkANQAbIA4gB-AEYAKWAVeAtAC0gGsAN4AfIBDYCLwEiAJsATsAocBSIC5AGBAMJAYeAxgBk4cACAA4MAEANkAdQBfQDIxUBkACgAKgAhgBMAC4AI4AUgAywBqADiAH4ARgAjgBSwCrwFoAWkA3gCQQExAJsAU2AuQBgQDDwGRCgAgA2gB4AI9AX0OgigALgAoACoAFwAMgAcABAACIAGIAPoAhgCIAEyAKoArABYAC4AGIAMwAbwA5gB6AEMAIgASwAmABNQCjAKUAZAAyoBogGkANQAbMA3wDgAHEAO8Ae0A-wD8AIwAWKAtAC0gFzALyAX4AwgBigDcQHTAdQA9ACGwERAIvASCAkQBNgCdoFNAU2AqwBYsC2ALZAXAAuQBdoC7wGEgMNAYeAxIBjADHgGSAMnIQKwAFgAUAAyACIAGIAQwAmABVAC4AGYAN4AegBHACkAGUANQAb4A4gB3gD8AIGARgAocBaAFpAL8AYQAxQB1AD0AJBASIAmyBTQFNgLFAWjAtgC2gFwALkAXaAw8BiQDIgGTkoEYACAAFgAUAAuABkADgAMQAiABMACqAFwAMQAZgA2gCGgEQARMApAClAGUANIAbIA7wB-AEYgLQAtIBigDcAHUAReAkQBNgCxQF2gMPAZEAycpA1AAXABQAFQALgAZAA4ACAAGMAQwBEACYAFIAKoAWAAuABiADMAHMAQwAiIBRgFKAMqAaIBpADZAHEAO-AfYB-AEYAI4AUMArYBeQDCAG0ANwAdQA9ACLwEiAJsATtApoCmwFbALFAWwAuABcgC7QGGgMPAYkAxgBkQDJAGTlQAIAPigAEAeA.YAAAAAAAAAAA; PHPSESSID=3869cn3mdbpsv70dl8gue95ge4
    [HTTP_HOST] => my.medical-tribune.de
    [HTTP_ORIGIN] => https://my.medical-tribune.de
    [HTTP_REFERER] => https://my.medical-tribune.de/register.php?mode=1
    [HTTP_SAVE_DATA] => on
    [HTTP_SEC_FETCH_DEST] => iframe
    [HTTP_SEC_FETCH_MODE] => navigate
    [HTTP_SEC_FETCH_SITE] => same-origin
    [HTTP_SEC_FETCH_USER] => ?1
    [HTTP_UPGRADE_INSECURE_REQUESTS] => 1
    [HTTP_USER_AGENT] => Mozilla/5.0 (Linux; Android 10; VOG-L29) AppleWebKit/537.36 (KHTML, like Gecko) Chrome/84.0.4147.125 Mobile Safari/537.36
    [PATH] => /bin:/usr/bin
    [QUERY_STRING] => mode=1
    [REDIRECT_STATUS] => 200
    [REMOTE_ADDR] => 80.187.100.238
    [REMOTE_PORT] => 9878
    [REQUEST_METHOD] => POST
    [REQUEST_SCHEME] => https
    [REQUEST_URI] => /register.php?mode=1
    [SCRIPT_FILENAME] => /home/mtde/public_html/my/register.php
    [SCRIPT_NAME] => /register.php
    [SERVER_ADDR] => 46.232.181.187
    [SERVER_ADMIN] => webmaster@my.medical-tribune.de
    [SERVER_NAME] => my.medical-tribune.de
    [SERVER_PORT] => 443
    [SERVER_PROTOCOL] => HTTP/1.1
    [SERVER_SIGNATURE] => 
    [SERVER_SOFTWARE] => Apache
    [SSL_TLS_SNI] => my.medical-tribune.de
    [UNIQUE_ID] => X0tCNl67JzPcHNMKnU7FqgAAAIs
    [PHP_SELF] => /register.php
    [REQUEST_TIME_FLOAT] => 1598767670.5296
    [REQUEST_TIME] => 1598767670
)

30-08-2020 : rotmann@dr-rotmann.de,Array
(
    [CONTENT_LENGTH] => 3181
    [CONTENT_TYPE] => multipart/form-data; boundary=----WebKitFormBoundaryrqUipDGubBcDfDED
    [CONTEXT_DOCUMENT_ROOT] => /home/mtde/public_html/my
    [CONTEXT_PREFIX] => 
    [DOCUMENT_ROOT] => /home/mtde/public_html/my
    [GATEWAY_INTERFACE] => CGI/1.1
    [HTTPS] => on
    [HTTP_ACCEPT] => text/html,application/xhtml+xml,application/xml;q=0.9,*/*;q=0.8
    [HTTP_ACCEPT_ENCODING] => gzip, deflate, br
    [HTTP_ACCEPT_LANGUAGE] => de-de
    [HTTP_CONNECTION] => keep-alive
    [HTTP_COOKIE] => PHPSESSID=107ok0k6tsptd9mnm450n953m5; _ga=GA1.2.1202035562.1598529358; _gid=GA1.2.281736081.1598768277; consentUUID=95daa874-b273-47a6-ac77-568f35d82d36; euconsent-v2=CO4zDknO4zDknAGABCENA0CgAP_AAH_AAAYgGVtf_X9fb2_j-_5999t0eY1f9_63t-wzjgeNs-8NyZ_X_J4Xr2MyvB34pqYKmR4EunLBAQdlHGHcTQgAwIkFqTLsYk2MizNKJ7JEilMbc2dYGG1vn8XT_ZCY70-_f__7v3-_-___6oGUEEGAAKAQBCWAAIEihEIQAIQxIAIAACihEAgEkACRQALI4COUACABAYgIQIAQAgoAYBAAIAAElAQAgAAIBQARAIAAQADAEAACAAEFgBIiAAACoEhAARABKBAQUAAQcggQFQBBACBARGQGAAKAAqACGAEwALgAjgBSADLAGoAOIAfgBGACOAFLAKuAVsA3gCYgE2AKbAWiAwIBh4DIhgAUAbQA8ACxAGyAR6IgOgAqACsAFwAQwAiQBSADIAGWANQAbIA4gB-AEYAKWAVcA1gB8gENgIvASIAmwBOwChwFIgLkAYEAwkBh4DJxIAIABwA5xAAEA3gSCIAAgABcAFAAVAAyABwADwAIAARAAqAB4AD6AIYAiABMgCqAKwAWAAuABvADmAHoAQ0AiACJAEsAJoAUoAwwBkADLAGoANkAcQA7wB7AD4gH2AfoBGAClgF-AMIAYoA1gBtADcAG8APQAfIBDYCKgEXgJEATEAmUBNgCdgFIgKbAVgAsUBbAC5AF3gMCAYMAwkBhoDDwGRAMkAZOGgQgAqACsAFwAQwAiQBSADIAGWANIAagA2QBxAD8AIwAUsAq8BaAFpANYAbwA-QCGwEXgJEATYAnYBQ4CkQFyAMCAYSAw8BjADJw4AEABwYAIAbIA6gC-gGRioDIAFAAVABDACYAFwARwApABlgDUAHEAPwAjABHAClgFXgLQAtIBvAEggJiATYApsBcgDAgGHgMiFABABtADwAR6AvodBGAAXABQAFQALgAZAA4ACAAEQAMQAfABBgCGAIgATIAqgCsAFgALgAYgAzABvADmAHoAQwAiABLACYAE1AKMApQBkADKgGiAaQA1ABswDfAOAAcQA7wB7QD7APwAjABYoC0ALSAXMAvIBfgDCAGKANxAdMB1AD0AIbAREAi8BIICRAE2AJ2gU0BTYCrAFiwLYAtkBcAC5AF2gLvAYSAw0Bh4DEgGMAMeAZIAychAsAAWABQADIAIgAYgBBACGAEwAKoAXAAzABvAD0AI4AUgAygBqADfAHEAO8AfgBAwCMAFDgLQAtIBfgDCAGKAOoAegBIICRAE2QKaApsBYoC0YFsAW0AuABcgC7QGHgMSAZEAyclAjAAQAAsACgAFwAMgAcABiAEQAJgAVQAuABiADMAG0AQ0AiACJgFIAUoAygBpADZAHeAPwAjEBaAFpAMUAbgA6gCLwEiAJsAWKAu0Bh4DIgGTlIGoAC4AKAAqABcADIAHAAQAAxgCGAIgATAApABVACwAFwAMQAZgA5gCGAERAKMApQBlQDRANIAbIA4gB3wD7APwAjABHAChgFbALyAYQA2gBuADqAHoAReAkQBNgCdoFNAU2ArYBYoC2AFwALkAXaAw0Bh4DEgGMAMiAZIAycqABAB8UAAgDwA.YAAAAAAAAAAA
    [HTTP_HOST] => my.medical-tribune.de
    [HTTP_ORIGIN] => https://my.medical-tribune.de
    [HTTP_REFERER] => https://my.medical-tribune.de/register.php?mode=1
    [HTTP_USER_AGENT] => Mozilla/5.0 (iPhone; CPU iPhone OS 13_6_1 like Mac OS X) AppleWebKit/605.1.15 (KHTML, like Gecko) Mobile/15E148
    [PATH] => /bin:/usr/bin
    [QUERY_STRING] => mode=1
    [REDIRECT_STATUS] => 200
    [REMOTE_ADDR] => 87.142.17.46
    [REMOTE_PORT] => 63964
    [REQUEST_METHOD] => POST
    [REQUEST_SCHEME] => https
    [REQUEST_URI] => /register.php?mode=1
    [SCRIPT_FILENAME] => /home/mtde/public_html/my/register.php
    [SCRIPT_NAME] => /register.php
    [SERVER_ADDR] => 46.232.181.187
    [SERVER_ADMIN] => webmaster@my.medical-tribune.de
    [SERVER_NAME] => my.medical-tribune.de
    [SERVER_PORT] => 443
    [SERVER_PROTOCOL] => HTTP/1.1
    [SERVER_SIGNATURE] => 
    [SERVER_SOFTWARE] => Apache
    [SSL_TLS_SNI] => my.medical-tribune.de
    [UNIQUE_ID] => X0tH5167JzPcHNMKnU7IRwAAAIc
    [PHP_SELF] => /register.php
    [REQUEST_TIME_FLOAT] => 1598769127.6528
    [REQUEST_TIME] => 1598769127
)

30-08-2020 : bmeyernoack1@web.de,Array
(
    [CONTENT_LENGTH] => 3681
    [CONTENT_TYPE] => multipart/form-data; boundary=---------------------------81144674224535731812930637428
    [CONTEXT_DOCUMENT_ROOT] => /home/mtde/public_html/my
    [CONTEXT_PREFIX] => 
    [DOCUMENT_ROOT] => /home/mtde/public_html/my
    [GATEWAY_INTERFACE] => CGI/1.1
    [HTTPS] => on
    [HTTP_ACCEPT] => text/html,application/xhtml+xml,application/xml;q=0.9,image/webp,*/*;q=0.8
    [HTTP_ACCEPT_ENCODING] => gzip, deflate, br
    [HTTP_ACCEPT_LANGUAGE] => de,en-US;q=0.7,en;q=0.3
    [HTTP_CONNECTION] => keep-alive
    [HTTP_COOKIE] => consentUUID=9991da4f-ebcd-4924-87c9-8de077406e71; _ga=GA1.2.684819745.1598771984; _gid=GA1.2.378104787.1598771984; _gac_UA-173639924-1=1.1598771987.EAIaIQobChMI5uu_2bHC6wIVC7h3Ch2cLwvKEAMYASAAEgK_zvD_BwE; euconsent-v2=CO48T6dO48T6dAGABCENA1CgAP_AAH_AAAYgGVtf_X9fb2_j-_5999t0eY1f9_63t-wzjgeNs-8NyZ_X_J4Xr2MyvB34pqYKmR4EunLBAQdlHGHcTQgAwIkFqTLsYk2MizNKJ7JEilMbc2dYGG1vn8XT_ZCY70-_f__7v3-_-___6oGUEEGAAKAQBCWAAIEihEIQAIQxIAIAACihEAgEkACRQALI4COUACABAYgIQIAQAgoAYBAAIAAElAQAgAAIBQARAIAAQADAEAACAAEFgBIiAAACoEhAARABKBAQUAAQcggQFQBBACBASGQGAAKAAqACGAEwALgAjgBSADLAGoAOIAfgBGACOAFLAKuAVsA3gCYgE2AKbAWiAwIBh4DIhgAUAbQA8ACxAGyAR6IgOgAqACsAFwAQwApABkADLAGoANkAcQA_ACMAEiAKWAVcA1gB8gENgIvASIAmwBOwChwFIgLkAYEAwkBh4DJxIAIABwA5xAAEA3gSCKAAgABcAFAAVAAyABwADwAIAARAAqAB4AD6AIYAiABMgCqAKwAWAAuABvADmAHoAQ0AiACJAEsAJoAUoAwwBkADLAGoANkAcQA7wB7AD4gH2AfoBGACRAFLAL8AYQAxQBrADaAG4AN4AegA-QCGwEVAIvASIAmIBMoCbAE7AKRAU2ArABYoC2AFyALvAYEAwYBhIDDQGHgMiAZIAycKABAUSGgQAAqACsAFwAQwApABkADLAGkANQAbIA4gB-AEYAKWAVeAtAC0gGsAN4AfIBDYCLwEiAJsATsAocBSIC5AGBAMJAYeAxgBk4cACAA4MAEANkAdQBfQDIxUBkACgAKgAhgBMAC4AI4AUgAywBqADiAH4ARgAjgBSwCrwFoAWkA3gCQQExAJsAU2AuQBgQDDwGRCgAgA2gB4AI9AX0OgigALgAoACoAFwAMgAcABAACIAGIAPoAhgCIAEyAKoArABYAC4AGIAMwAbwA5gB6AEMAIgASwAmABNQCjAKUAZAAyoBogGkANQAbMA3wDgAHEAO8Ae0A-wD8AIwAWKAtAC0gFzALyAX4AwgBigDcQHTAdQA9ACGwERAIvASCAkQBNgCdoFNAU2AqwBYsC2ALZAXAAuQBdoC7wGEgMNAYeAxIBjADHgGSAMnIQKwAFgAUAAyACIAGIAQwAmABVAC4AGYAN4AegBHACkAGUANQAb4A4gB3gD8AIGARgAocBaAFpAL8AYQAxQB1AD0AJBASIAmyBTQFNgLFAWjAtgC2gFwALkAXaAw8BiQDIgGTkoEYACAAFgAUAAuABkADgAMQAiABMACqAFwAMQAZgA2gCGgEQARMApAClAGUANIAbIA7wB-AEYgLQAtIBigDcAHUAReAkQBNgCxQF2gMPAZEAycpA1AAXABQAFQALgAZAA4ACAAGMAQwBEACYAFIAKoAWAAuABiADMAHMAQwAiIBRgFKAMqAaIBpADZAHEAO-AfYB-AEYAI4AUMArYBeQDCAG0ANwAdQA9ACLwEiAJsATtApoCmwFbALFAWwAuABcgC7QGGgMPAYkAxgBkQDJAGTlQAIAPigAEAeA.YAAAAAAAAAAA; _gac_UA-1204464-17=1.1598771987.EAIaIQobChMI5uu_2bHC6wIVC7h3Ch2cLwvKEAMYASAAEgK_zvD_BwE; PHPSESSID=d4u2pnirltrg32eebp1ddjm8h6
    [HTTP_HOST] => my.medical-tribune.de
    [HTTP_ORIGIN] => https://my.medical-tribune.de
    [HTTP_REFERER] => https://my.medical-tribune.de/register.php?mode=1
    [HTTP_UPGRADE_INSECURE_REQUESTS] => 1
    [HTTP_USER_AGENT] => Mozilla/5.0 (Windows NT 10.0; Win64; x64; rv:79.0) Gecko/20100101 Firefox/79.0
    [PATH] => /bin:/usr/bin
    [QUERY_STRING] => mode=1
    [REDIRECT_STATUS] => 200
    [REMOTE_ADDR] => 62.143.105.91
    [REMOTE_PORT] => 58529
    [REQUEST_METHOD] => POST
    [REQUEST_SCHEME] => https
    [REQUEST_URI] => /register.php?mode=1
    [SCRIPT_FILENAME] => /home/mtde/public_html/my/register.php
    [SCRIPT_NAME] => /register.php
    [SERVER_ADDR] => 46.232.181.187
    [SERVER_ADMIN] => webmaster@my.medical-tribune.de
    [SERVER_NAME] => my.medical-tribune.de
    [SERVER_PORT] => 443
    [SERVER_PROTOCOL] => HTTP/1.1
    [SERVER_SIGNATURE] => 
    [SERVER_SOFTWARE] => Apache
    [SSL_TLS_SNI] => my.medical-tribune.de
    [UNIQUE_ID] => X0tUICtJ54NgeIXKMzPz2wAAAMk
    [PHP_SELF] => /register.php
    [REQUEST_TIME_FLOAT] => 1598772256.7511
    [REQUEST_TIME] => 1598772256
)

30-08-2020 : t.legkaya@yandex.ru,Array
(
    [CONTENT_LENGTH] => 3002
    [CONTENT_TYPE] => multipart/form-data; boundary=----WebKitFormBoundary5OG3XMeIF3VTv30e
    [CONTEXT_DOCUMENT_ROOT] => /home/mtde/public_html/my
    [CONTEXT_PREFIX] => 
    [DOCUMENT_ROOT] => /home/mtde/public_html/my
    [GATEWAY_INTERFACE] => CGI/1.1
    [HTTPS] => on
    [HTTP_ACCEPT] => text/html,application/xhtml+xml,application/xml;q=0.9,*/*;q=0.8
    [HTTP_ACCEPT_ENCODING] => gzip, deflate, br
    [HTTP_ACCEPT_LANGUAGE] => de-de
    [HTTP_CONNECTION] => keep-alive
    [HTTP_COOKIE] => PHPSESSID=77c9m13ia1dgdslvlmiup14e51; _ga=GA1.2.466228078.1598775434; _gid=GA1.2.869571704.1598775434; consentUUID=a53d424c-a9a1-4e60-9f2e-14d29cb95a51; euconsent-v2=CO48cV0O48cV0AGABCENA1CgAP_AAH_AAAYgGVtf_X9fb2_j-_5999t0eY1f9_63t-wzjgeNs-8NyZ_X_J4Xr2MyvB34pqYKmR4EunLBAQdlHGHcTQgAwIkFqTLsYk2MizNKJ7JEilMbc2dYGG1vn8XT_ZCY70-_f__7v3-_-___6oGUEEGAAKAQBCWAAIEihEIQAIQxIAIAACihEAgEkACRQALI4COUACABAYgIQIAQAgoAYBAAIAAElAQAgAAIBQARAIAAQADAEAACAAEFgBIiAAACoEhAARABKBAQUAAQcggQFQBBACBASGQGAAKAAqACGAEwALgAjgBSADLAGoAOIAfgBGACOAFLAKuAVsA3gCYgE2AKbAWiAwIBh4DIhgAUAbQA8ACxAGyAR6IgOgAqACsAFwAQwApABkADLAGoANkAcQA_ACMAEiAKWAVcA1gB8gENgIvASIAmwBOwChwFIgLkAYEAwkBh4DJxIAIABwA5xAAEA3gSCKAAgABcAFAAVAAyABwADwAIAARAAqAB4AD6AIYAiABMgCqAKwAWAAuABvADmAHoAQ0AiACJAEsAJoAUoAwwBkADLAGoANkAcQA7wB7AD4gH2AfoBGACRAFLAL8AYQAxQBrADaAG4AN4AegA-QCGwEVAIvASIAmIBMoCbAE7AKRAU2ArABYoC2AFyALvAYEAwYBhIDDQGHgMiAZIAycKABAUSGgQAAqACsAFwAQwApABkADLAGkANQAbIA4gB-AEYAKWAVeAtAC0gGsAN4AfIBDYCLwEiAJsATsAocBSIC5AGBAMJAYeAxgBk4cACAA4MAEANkAdQBfQDIxUBkACgAKgAhgBMAC4AI4AUgAywBqADiAH4ARgAjgBSwCrwFoAWkA3gCQQExAJsAU2AuQBgQDDwGRCgAgA2gB4AI9AX0OgigALgAoACoAFwAMgAcABAACIAGIAPoAhgCIAEyAKoArABYAC4AGIAMwAbwA5gB6AEMAIgASwAmABNQCjAKUAZAAyoBogGkANQAbMA3wDgAHEAO8Ae0A-wD8AIwAWKAtAC0gFzALyAX4AwgBigDcQHTAdQA9ACGwERAIvASCAkQBNgCdoFNAU2AqwBYsC2ALZAXAAuQBdoC7wGEgMNAYeAxIBjADHgGSAMnIQKwAFgAUAAyACIAGIAQwAmABVAC4AGYAN4AegBHACkAGUANQAb4A4gB3gD8AIGARgAocBaAFpAL8AYQAxQB1AD0AJBASIAmyBTQFNgLFAWjAtgC2gFwALkAXaAw8BiQDIgGTkoEYACAAFgAUAAuABkADgAMQAiABMACqAFwAMQAZgA2gCGgEQARMApAClAGUANIAbIA7wB-AEYgLQAtIBigDcAHUAReAkQBNgCxQF2gMPAZEAycpA1AAXABQAFQALgAZAA4ACAAGMAQwBEACYAFIAKoAWAAuABiADMAHMAQwAiIBRgFKAMqAaIBpADZAHEAO-AfYB-AEYAI4AUMArYBeQDCAG0ANwAdQA9ACLwEiAJsATtApoCmwFbALFAWwAuABcgC7QGGgMPAYkAxgBkQDJAGTlQAIAPigAEAeA.YAAAAAAAAAAA
    [HTTP_HOST] => my.medical-tribune.de
    [HTTP_ORIGIN] => https://my.medical-tribune.de
    [HTTP_REFERER] => https://my.medical-tribune.de/register.php?mode=1
    [HTTP_USER_AGENT] => Mozilla/5.0 (iPhone; CPU iPhone OS 13_6 like Mac OS X) AppleWebKit/605.1.15 (KHTML, like Gecko) Version/13.1.2 Mobile/15E148 Safari/604.1
    [PATH] => /bin:/usr/bin
    [QUERY_STRING] => mode=1
    [REDIRECT_STATUS] => 200
    [REMOTE_ADDR] => 46.114.149.201
    [REMOTE_PORT] => 50670
    [REQUEST_METHOD] => POST
    [REQUEST_SCHEME] => https
    [REQUEST_URI] => /register.php?mode=1
    [SCRIPT_FILENAME] => /home/mtde/public_html/my/register.php
    [SCRIPT_NAME] => /register.php
    [SERVER_ADDR] => 46.232.181.187
    [SERVER_ADMIN] => webmaster@my.medical-tribune.de
    [SERVER_NAME] => my.medical-tribune.de
    [SERVER_PORT] => 443
    [SERVER_PROTOCOL] => HTTP/1.1
    [SERVER_SIGNATURE] => 
    [SERVER_SOFTWARE] => Apache
    [SSL_TLS_SNI] => my.medical-tribune.de
    [UNIQUE_ID] => X0ticxF4c8nXTgt1Ab7kvwAAAAA
    [PHP_SELF] => /register.php
    [REQUEST_TIME_FLOAT] => 1598775923.7206
    [REQUEST_TIME] => 1598775923
)

30-08-2020 : lissbraun@aol.com,Array
(
    [CONTENT_LENGTH] => 3746
    [CONTENT_TYPE] => multipart/form-data; boundary=----WebKitFormBoundaryMGvBrKkVnn4KgPxM
    [CONTEXT_DOCUMENT_ROOT] => /home/mtde/public_html/my
    [CONTEXT_PREFIX] => 
    [DOCUMENT_ROOT] => /home/mtde/public_html/my
    [GATEWAY_INTERFACE] => CGI/1.1
    [HTTPS] => on
    [HTTP_ACCEPT] => text/html,application/xhtml+xml,application/xml;q=0.9,image/webp,image/apng,*/*;q=0.8
    [HTTP_ACCEPT_ENCODING] => gzip, deflate, br
    [HTTP_ACCEPT_LANGUAGE] => de-DE,de;q=0.9,en-US;q=0.8,en;q=0.7
    [HTTP_CACHE_CONTROL] => max-age=0
    [HTTP_CONNECTION] => keep-alive
    [HTTP_COOKIE] => _ga=GA1.2.433979653.1598778807; _gid=GA1.2.825882517.1598778807; consentUUID=8badd63d-6728-456d-a5b8-020e54ee7b1b; euconsent-v2=CO48kleO48kleAGABCENA1CgAP_AAH_AAAYgGVtf_X9fb2_j-_5999t0eY1f9_63t-wzjgeNs-8NyZ_X_J4Xr2MyvB34pqYKmR4EunLBAQdlHGHcTQgAwIkFqTLsYk2MizNKJ7JEilMbc2dYGG1vn8XT_ZCY70-_f__7v3-_-___6oGUEEGAAKAQBCWAAIEihEIQAIQxIAIAACihEAgEkACRQALI4COUACABAYgIQIAQAgoAYBAAIAAElAQAgAAIBQARAIAAQADAEAACAAEFgBIiAAACoEhAARABKBAQUAAQcggQFQBBACBASGQGAAKAAqACGAEwALgAjgBSADLAGoAOIAfgBGACOAFLAKuAVsA3gCYgE2AKbAWiAwIBh4DIhgAUAbQA8ACxAGyAR6IgOgAqACsAFwAQwApABkADLAGoANkAcQA_ACMAEiAKWAVcA1gB8gENgIvASIAmwBOwChwFIgLkAYEAwkBh4DJxIAIABwA5xAAEA3gSCKAAgABcAFAAVAAyABwADwAIAARAAqAB4AD6AIYAiABMgCqAKwAWAAuABvADmAHoAQ0AiACJAEsAJoAUoAwwBkADLAGoANkAcQA7wB7AD4gH2AfoBGACRAFLAL8AYQAxQBrADaAG4AN4AegA-QCGwEVAIvASIAmIBMoCbAE7AKRAU2ArABYoC2AFyALvAYEAwYBhIDDQGHgMiAZIAycKABAUSGgQAAqACsAFwAQwApABkADLAGkANQAbIA4gB-AEYAKWAVeAtAC0gGsAN4AfIBDYCLwEiAJsATsAocBSIC5AGBAMJAYeAxgBk4cACAA4MAEANkAdQBfQDIxUBkACgAKgAhgBMAC4AI4AUgAywBqADiAH4ARgAjgBSwCrwFoAWkA3gCQQExAJsAU2AuQBgQDDwGRCgAgA2gB4AI9AX0OgigALgAoACoAFwAMgAcABAACIAGIAPoAhgCIAEyAKoArABYAC4AGIAMwAbwA5gB6AEMAIgASwAmABNQCjAKUAZAAyoBogGkANQAbMA3wDgAHEAO8Ae0A-wD8AIwAWKAtAC0gFzALyAX4AwgBigDcQHTAdQA9ACGwERAIvASCAkQBNgCdoFNAU2AqwBYsC2ALZAXAAuQBdoC7wGEgMNAYeAxIBjADHgGSAMnIQKwAFgAUAAyACIAGIAQwAmABVAC4AGYAN4AegBHACkAGUANQAb4A4gB3gD8AIGARgAocBaAFpAL8AYQAxQB1AD0AJBASIAmyBTQFNgLFAWjAtgC2gFwALkAXaAw8BiQDIgGTkoEYACAAFgAUAAuABkADgAMQAiABMACqAFwAMQAZgA2gCGgEQARMApAClAGUANIAbIA7wB-AEYgLQAtIBigDcAHUAReAkQBNgCxQF2gMPAZEAycpA1AAXABQAFQALgAZAA4ACAAGMAQwBEACYAFIAKoAWAAuABiADMAHMAQwAiIBRgFKAMqAaIBpADZAHEAO-AfYB-AEYAI4AUMArYBeQDCAG0ANwAdQA9ACLwEiAJsATtApoCmwFbALFAWwAuABcgC7QGGgMPAYkAxgBkQDJAGTlQAIAPigAEAeA.YAAAAAAAAAAA; PHPSESSID=tjdqorju0n6hejhjnkuun9vs52
    [HTTP_HOST] => my.medical-tribune.de
    [HTTP_ORIGIN] => https://my.medical-tribune.de
    [HTTP_REFERER] => https://my.medical-tribune.de/register.php?mode=1
    [HTTP_UPGRADE_INSECURE_REQUESTS] => 1
    [HTTP_USER_AGENT] => Mozilla/5.0 (Macintosh; Intel Mac OS X 10_9_5) AppleWebKit/537.36 (KHTML, like Gecko) Chrome/65.0.3325.181 Safari/537.36
    [PATH] => /bin:/usr/bin
    [QUERY_STRING] => mode=1
    [REDIRECT_STATUS] => 200
    [REMOTE_ADDR] => 95.90.232.3
    [REMOTE_PORT] => 62766
    [REQUEST_METHOD] => POST
    [REQUEST_SCHEME] => https
    [REQUEST_URI] => /register.php?mode=1
    [SCRIPT_FILENAME] => /home/mtde/public_html/my/register.php
    [SCRIPT_NAME] => /register.php
    [SERVER_ADDR] => 46.232.181.187
    [SERVER_ADMIN] => webmaster@my.medical-tribune.de
    [SERVER_NAME] => my.medical-tribune.de
    [SERVER_PORT] => 443
    [SERVER_PROTOCOL] => HTTP/1.1
    [SERVER_SIGNATURE] => 
    [SERVER_SOFTWARE] => Apache
    [SSL_TLS_SNI] => my.medical-tribune.de
    [UNIQUE_ID] => X0twvitJ54NgeIXKMzMBvgAAANg
    [PHP_SELF] => /register.php
    [REQUEST_TIME_FLOAT] => 1598779582.432
    [REQUEST_TIME] => 1598779582
)

30-08-2020 : pontepete@yahoo.de,Array
(
    [CONTENT_LENGTH] => 3144
    [CONTENT_TYPE] => multipart/form-data; boundary=----WebKitFormBoundaryatPo7tnBlRmkzZIM
    [CONTEXT_DOCUMENT_ROOT] => /home/mtde/public_html/my
    [CONTEXT_PREFIX] => 
    [DOCUMENT_ROOT] => /home/mtde/public_html/my
    [GATEWAY_INTERFACE] => CGI/1.1
    [HTTPS] => on
    [HTTP_ACCEPT] => text/html,application/xhtml+xml,application/xml;q=0.9,*/*;q=0.8
    [HTTP_ACCEPT_ENCODING] => gzip, deflate, br
    [HTTP_ACCEPT_LANGUAGE] => de-de
    [HTTP_CONNECTION] => keep-alive
    [HTTP_COOKIE] => _ga=GA1.2.1582929016.1598786378; _gid=GA1.2.801333425.1598786378; consentUUID=0406db99-60d2-4881-86fc-c3ccbbcdefb2; PHPSESSID=mj23aakcrau63kvuj7s9d66365; euconsent-v2=CO483EDO483EDAGABCENA1CgAP_AAH_AAAYgGVtf_X9fb2_j-_5999t0eY1f9_63t-wzjgeNs-8NyZ_X_J4Xr2MyvB34pqYKmR4EunLBAQdlHGHcTQgAwIkFqTLsYk2MizNKJ7JEilMbc2dYGG1vn8XT_ZCY70-_f__7v3-_-___6oGUEEGAAKAQBCWAAIEihEIQAIQxIAIAACihEAgEkACRQALI4COUACABAYgIQIAQAgoAYBAAIAAElAQAgAAIBQARAIAAQADAEAACAAEFgBIiAAACoEhAARABKBAQUAAQcggQFQBBACBASGQGAAKAAqACGAEwALgAjgBSADLAGoAOIAfgBGACOAFLAKuAVsA3gCYgE2AKbAWiAwIBh4DIhgAUAbQA8ACxAGyAR6IgOgAqACsAFwAQwApABkADLAGoANkAcQA_ACMAEiAKWAVcA1gB8gENgIvASIAmwBOwChwFIgLkAYEAwkBh4DJxIAIABwA5xAAEA3gSCKAAgABcAFAAVAAyABwADwAIAARAAqAB4AD6AIYAiABMgCqAKwAWAAuABvADmAHoAQ0AiACJAEsAJoAUoAwwBkADLAGoANkAcQA7wB7AD4gH2AfoBGACRAFLAL8AYQAxQBrADaAG4AN4AegA-QCGwEVAIvASIAmIBMoCbAE7AKRAU2ArABYoC2AFyALvAYEAwYBhIDDQGHgMiAZIAycKABAUSGgQAAqACsAFwAQwApABkADLAGkANQAbIA4gB-AEYAKWAVeAtAC0gGsAN4AfIBDYCLwEiAJsATsAocBSIC5AGBAMJAYeAxgBk4cACAA4MAEANkAdQBfQDIxUBkACgAKgAhgBMAC4AI4AUgAywBqADiAH4ARgAjgBSwCrwFoAWkA3gCQQExAJsAU2AuQBgQDDwGRCgAgA2gB4AI9AX0OgigALgAoACoAFwAMgAcABAACIAGIAPoAhgCIAEyAKoArABYAC4AGIAMwAbwA5gB6AEMAIgASwAmABNQCjAKUAZAAyoBogGkANQAbMA3wDgAHEAO8Ae0A-wD8AIwAWKAtAC0gFzALyAX4AwgBigDcQHTAdQA9ACGwERAIvASCAkQBNgCdoFNAU2AqwBYsC2ALZAXAAuQBdoC7wGEgMNAYeAxIBjADHgGSAMnIQKwAFgAUAAyACIAGIAQwAmABVAC4AGYAN4AegBHACkAGUANQAb4A4gB3gD8AIGARgAocBaAFpAL8AYQAxQB1AD0AJBASIAmyBTQFNgLFAWjAtgC2gFwALkAXaAw8BiQDIgGTkoEYACAAFgAUAAuABkADgAMQAiABMACqAFwAMQAZgA2gCGgEQARMApAClAGUANIAbIA7wB-AEYgLQAtIBigDcAHUAReAkQBNgCxQF2gMPAZEAycpA1AAXABQAFQALgAZAA4ACAAGMAQwBEACYAFIAKoAWAAuABiADMAHMAQwAiIBRgFKAMqAaIBpADZAHEAO-AfYB-AEYAI4AUMArYBeQDCAG0ANwAdQA9ACLwEiAJsATtApoCmwFbALFAWwAuABcgC7QGGgMPAYkAxgBkQDJAGTlQAIAPigAEAeA.YAAAAAAAAAAA
    [HTTP_HOST] => my.medical-tribune.de
    [HTTP_ORIGIN] => https://my.medical-tribune.de
    [HTTP_REFERER] => https://my.medical-tribune.de/register.php?mode=1
    [HTTP_USER_AGENT] => Mozilla/5.0 (iPhone; CPU iPhone OS 13_6 like Mac OS X) AppleWebKit/605.1.15 (KHTML, like Gecko) Version/13.1.2 Mobile/15E148 Safari/604.1
    [PATH] => /bin:/usr/bin
    [QUERY_STRING] => mode=1
    [REDIRECT_STATUS] => 200
    [REMOTE_ADDR] => 93.228.43.78
    [REMOTE_PORT] => 34379
    [REQUEST_METHOD] => POST
    [REQUEST_SCHEME] => https
    [REQUEST_URI] => /register.php?mode=1
    [SCRIPT_FILENAME] => /home/mtde/public_html/my/register.php
    [SCRIPT_NAME] => /register.php
    [SERVER_ADDR] => 46.232.181.187
    [SERVER_ADMIN] => webmaster@my.medical-tribune.de
    [SERVER_NAME] => my.medical-tribune.de
    [SERVER_PORT] => 443
    [SERVER_PROTOCOL] => HTTP/1.1
    [SERVER_SIGNATURE] => 
    [SERVER_SOFTWARE] => Apache
    [SSL_TLS_SNI] => my.medical-tribune.de
    [UNIQUE_ID] => X0uNRRF4c8nXTgt1Ab735QAAAAY
    [PHP_SELF] => /register.php
    [REQUEST_TIME_FLOAT] => 1598786885.8575
    [REQUEST_TIME] => 1598786885
)

30-08-2020 : claus.walter@email.de,Array
(
    [CONTENT_LENGTH] => 2250
    [CONTENT_TYPE] => multipart/form-data; boundary=----WebKitFormBoundarymOAwEaACKyYKknzi
    [CONTEXT_DOCUMENT_ROOT] => /home/mtde/public_html/my
    [CONTEXT_PREFIX] => 
    [DOCUMENT_ROOT] => /home/mtde/public_html/my
    [GATEWAY_INTERFACE] => CGI/1.1
    [HTTPS] => on
    [HTTP_ACCEPT] => text/html,application/xhtml+xml,application/xml;q=0.9,image/avif,image/webp,image/apng,*/*;q=0.8,application/signed-exchange;v=b3;q=0.9
    [HTTP_ACCEPT_ENCODING] => gzip, deflate, br
    [HTTP_ACCEPT_LANGUAGE] => de-DE,de;q=0.9,en-US;q=0.8,en;q=0.7
    [HTTP_CACHE_CONTROL] => max-age=0
    [HTTP_CONNECTION] => keep-alive
    [HTTP_COOKIE] => _ga=GA1.2.1564313963.1598788534; _gid=GA1.2.1516938529.1598788534; consentUUID=98a1e9d3-5b3f-463c-9bf0-e4c7335e200e; euconsent-v2=CO488UvO488UvAGABCENA1CgAP_AAH_AAAYgGVtf_X9fb2_j-_5999t0eY1f9_63t-wzjgeNs-8NyZ_X_J4Xr2MyvB34pqYKmR4EunLBAQdlHGHcTQgAwIkFqTLsYk2MizNKJ7JEilMbc2dYGG1vn8XT_ZCY70-_f__7v3-_-___6oGUEEGAAKAQBCWAAIEihEIQAIQxIAIAACihEAgEkACRQALI4COUACABAYgIQIAQAgoAYBAAIAAElAQAgAAIBQARAIAAQADAEAACAAEFgBIiAAACoEhAARABKBAQUAAQcggQFQBBACBASGQGAAKAAqACGAEwALgAjgBSADLAGoAOIAfgBGACOAFLAKuAVsA3gCYgE2AKbAWiAwIBh4DIhgAUAbQA8ACxAGyAR6IgOgAqACsAFwAQwApABkADLAGoANkAcQA_ACMAEiAKWAVcA1gB8gENgIvASIAmwBOwChwFIgLkAYEAwkBh4DJxIAIABwA5xAAEA3gSCKAAgABcAFAAVAAyABwADwAIAARAAqAB4AD6AIYAiABMgCqAKwAWAAuABvADmAHoAQ0AiACJAEsAJoAUoAwwBkADLAGoANkAcQA7wB7AD4gH2AfoBGACRAFLAL8AYQAxQBrADaAG4AN4AegA-QCGwEVAIvASIAmIBMoCbAE7AKRAU2ArABYoC2AFyALvAYEAwYBhIDDQGHgMiAZIAycKABAUSGgQAAqACsAFwAQwApABkADLAGkANQAbIA4gB-AEYAKWAVeAtAC0gGsAN4AfIBDYCLwEiAJsATsAocBSIC5AGBAMJAYeAxgBk4cACAA4MAEANkAdQBfQDIxUBkACgAKgAhgBMAC4AI4AUgAywBqADiAH4ARgAjgBSwCrwFoAWkA3gCQQExAJsAU2AuQBgQDDwGRCgAgA2gB4AI9AX0OgigALgAoACoAFwAMgAcABAACIAGIAPoAhgCIAEyAKoArABYAC4AGIAMwAbwA5gB6AEMAIgASwAmABNQCjAKUAZAAyoBogGkANQAbMA3wDgAHEAO8Ae0A-wD8AIwAWKAtAC0gFzALyAX4AwgBigDcQHTAdQA9ACGwERAIvASCAkQBNgCdoFNAU2AqwBYsC2ALZAXAAuQBdoC7wGEgMNAYeAxIBjADHgGSAMnIQKwAFgAUAAyACIAGIAQwAmABVAC4AGYAN4AegBHACkAGUANQAb4A4gB3gD8AIGARgAocBaAFpAL8AYQAxQB1AD0AJBASIAmyBTQFNgLFAWjAtgC2gFwALkAXaAw8BiQDIgGTkoEYACAAFgAUAAuABkADgAMQAiABMACqAFwAMQAZgA2gCGgEQARMApAClAGUANIAbIA7wB-AEYgLQAtIBigDcAHUAReAkQBNgCxQF2gMPAZEAycpA1AAXABQAFQALgAZAA4ACAAGMAQwBEACYAFIAKoAWAAuABiADMAHMAQwAiIBRgFKAMqAaIBpADZAHEAO-AfYB-AEYAI4AUMArYBeQDCAG0ANwAdQA9ACLwEiAJsATtApoCmwFbALFAWwAuABcgC7QGGgMPAYkAxgBkQDJAGTlQAIAPigAEAeA.YAAAAAAAAAAA; PHPSESSID=rlku785ne07ushhm3l5nmcrrd7
    [HTTP_HOST] => my.medical-tribune.de
    [HTTP_ORIGIN] => https://my.medical-tribune.de
    [HTTP_REFERER] => https://my.medical-tribune.de/register.php?mode=1
    [HTTP_SEC_FETCH_DEST] => iframe
    [HTTP_SEC_FETCH_MODE] => navigate
    [HTTP_SEC_FETCH_SITE] => same-origin
    [HTTP_SEC_FETCH_USER] => ?1
    [HTTP_UPGRADE_INSECURE_REQUESTS] => 1
    [HTTP_USER_AGENT] => Mozilla/5.0 (Windows NT 10.0; Win64; x64) AppleWebKit/537.36 (KHTML, like Gecko) Chrome/85.0.4183.83 Safari/537.36
    [PATH] => /bin:/usr/bin
    [QUERY_STRING] => mode=1
    [REDIRECT_STATUS] => 200
    [REMOTE_ADDR] => 188.195.52.66
    [REMOTE_PORT] => 58989
    [REQUEST_METHOD] => POST
    [REQUEST_SCHEME] => https
    [REQUEST_URI] => /register.php?mode=1
    [SCRIPT_FILENAME] => /home/mtde/public_html/my/register.php
    [SCRIPT_NAME] => /register.php
    [SERVER_ADDR] => 46.232.181.187
    [SERVER_ADMIN] => webmaster@my.medical-tribune.de
    [SERVER_NAME] => my.medical-tribune.de
    [SERVER_PORT] => 443
    [SERVER_PROTOCOL] => HTTP/1.1
    [SERVER_SIGNATURE] => 
    [SERVER_SOFTWARE] => Apache
    [SSL_TLS_SNI] => my.medical-tribune.de
    [UNIQUE_ID] => X0uUZBF4c8nXTgt1Ab777gAAAAg
    [PHP_SELF] => /register.php
    [REQUEST_TIME_FLOAT] => 1598788708.7522
    [REQUEST_TIME] => 1598788708
)

30-08-2020 : giselakinner@aol.com,Array
(
    [CONTENT_LENGTH] => 3583
    [CONTENT_TYPE] => multipart/form-data; boundary=---------------------------6663738854028052579799064880
    [CONTEXT_DOCUMENT_ROOT] => /home/mtde/public_html/my
    [CONTEXT_PREFIX] => 
    [DOCUMENT_ROOT] => /home/mtde/public_html/my
    [GATEWAY_INTERFACE] => CGI/1.1
    [HTTPS] => on
    [HTTP_ACCEPT] => text/html,application/xhtml+xml,application/xml;q=0.9,image/webp,*/*;q=0.8
    [HTTP_ACCEPT_ENCODING] => gzip, deflate, br
    [HTTP_ACCEPT_LANGUAGE] => de,en-US;q=0.7,en;q=0.3
    [HTTP_CONNECTION] => keep-alive
    [HTTP_COOKIE] => PHPSESSID=grqsv2k96ghvmjd4hv67al9f61
    [HTTP_DNT] => 1
    [HTTP_HOST] => my.medical-tribune.de
    [HTTP_ORIGIN] => https://my.medical-tribune.de
    [HTTP_REFERER] => https://my.medical-tribune.de/register.php?mode=1
    [HTTP_UPGRADE_INSECURE_REQUESTS] => 1
    [HTTP_USER_AGENT] => Mozilla/5.0 (Windows NT 10.0; Win64; x64; rv:80.0) Gecko/20100101 Firefox/80.0
    [PATH] => /bin:/usr/bin
    [QUERY_STRING] => mode=1
    [REDIRECT_STATUS] => 200
    [REMOTE_ADDR] => 46.89.16.128
    [REMOTE_PORT] => 50244
    [REQUEST_METHOD] => POST
    [REQUEST_SCHEME] => https
    [REQUEST_URI] => /register.php?mode=1
    [SCRIPT_FILENAME] => /home/mtde/public_html/my/register.php
    [SCRIPT_NAME] => /register.php
    [SERVER_ADDR] => 46.232.181.187
    [SERVER_ADMIN] => webmaster@my.medical-tribune.de
    [SERVER_NAME] => my.medical-tribune.de
    [SERVER_PORT] => 443
    [SERVER_PROTOCOL] => HTTP/1.1
    [SERVER_SIGNATURE] => 
    [SERVER_SOFTWARE] => Apache
    [SSL_TLS_SNI] => my.medical-tribune.de
    [UNIQUE_ID] => X0uqVTfJMb-Bykd24NjLYQAAAVA
    [PHP_SELF] => /register.php
    [REQUEST_TIME_FLOAT] => 1598794325.6179
    [REQUEST_TIME] => 1598794325
)

30-08-2020 : Pflegeberatung@suek.de,Array
(
    [CONTENT_LENGTH] => 2525
    [CONTENT_TYPE] => multipart/form-data; boundary=----WebKitFormBoundaryCNQozxMX50XPSYNR
    [CONTEXT_DOCUMENT_ROOT] => /home/mtde/public_html/my
    [CONTEXT_PREFIX] => 
    [DOCUMENT_ROOT] => /home/mtde/public_html/my
    [GATEWAY_INTERFACE] => CGI/1.1
    [HTTPS] => on
    [HTTP_ACCEPT] => text/html,application/xhtml+xml,application/xml;q=0.9,*/*;q=0.8
    [HTTP_ACCEPT_ENCODING] => gzip, deflate, br
    [HTTP_ACCEPT_LANGUAGE] => de-de
    [HTTP_CONNECTION] => keep-alive
    [HTTP_COOKIE] => PHPSESSID=ikn4781tmo40i27n63h4p91b87; _ga=GA1.2.160533912.1598797326; _gid=GA1.2.434864072.1598797326; consentUUID=37c48eb4-676a-4c2a-8a8c-e24b3900e0a1; euconsent-v2=CO49RyjO49RyjAGABCENA1CgAP_AAH_AAAYgGVtf_X9fb2_j-_5999t0eY1f9_63t-wzjgeNs-8NyZ_X_J4Xr2MyvB34pqYKmR4EunLBAQdlHGHcTQgAwIkFqTLsYk2MizNKJ7JEilMbc2dYGG1vn8XT_ZCY70-_f__7v3-_-___6oGUEEGAAKAQBCWAAIEihEIQAIQxIAIAACihEAgEkACRQALI4COUACABAYgIQIAQAgoAYBAAIAAElAQAgAAIBQARAIAAQADAEAACAAEFgBIiAAACoEhAARABKBAQUAAQcggQFQBBACBASGQGAAKAAqACGAEwALgAjgBSADLAGoAOIAfgBGACOAFLAKuAVsA3gCYgE2AKbAWiAwIBh4DIhgAUAbQA8ACxAGyAR6IgOgAqACsAFwAQwApABkADLAGoANkAcQA_ACMAEiAKWAVcA1gB8gENgIvASIAmwBOwChwFIgLkAYEAwkBh4DJxIAIABwA5xAAEA3gSCKAAgABcAFAAVAAyABwADwAIAARAAqAB4AD6AIYAiABMgCqAKwAWAAuABvADmAHoAQ0AiACJAEsAJoAUoAwwBkADLAGoANkAcQA7wB7AD4gH2AfoBGACRAFLAL8AYQAxQBrADaAG4AN4AegA-QCGwEVAIvASIAmIBMoCbAE7AKRAU2ArABYoC2AFyALvAYEAwYBhIDDQGHgMiAZIAycKABAUSGgQAAqACsAFwAQwApABkADLAGkANQAbIA4gB-AEYAKWAVeAtAC0gGsAN4AfIBDYCLwEiAJsATsAocBSIC5AGBAMJAYeAxgBk4cACAA4MAEANkAdQBfQDIxUBkACgAKgAhgBMAC4AI4AUgAywBqADiAH4ARgAjgBSwCrwFoAWkA3gCQQExAJsAU2AuQBgQDDwGRCgAgA2gB4AI9AX0OgigALgAoACoAFwAMgAcABAACIAGIAPoAhgCIAEyAKoArABYAC4AGIAMwAbwA5gB6AEMAIgASwAmABNQCjAKUAZAAyoBogGkANQAbMA3wDgAHEAO8Ae0A-wD8AIwAWKAtAC0gFzALyAX4AwgBigDcQHTAdQA9ACGwERAIvASCAkQBNgCdoFNAU2AqwBYsC2ALZAXAAuQBdoC7wGEgMNAYeAxIBjADHgGSAMnIQKwAFgAUAAyACIAGIAQwAmABVAC4AGYAN4AegBHACkAGUANQAb4A4gB3gD8AIGARgAocBaAFpAL8AYQAxQB1AD0AJBASIAmyBTQFNgLFAWjAtgC2gFwALkAXaAw8BiQDIgGTkoEYACAAFgAUAAuABkADgAMQAiABMACqAFwAMQAZgA2gCGgEQARMApAClAGUANIAbIA7wB-AEYgLQAtIBigDcAHUAReAkQBNgCxQF2gMPAZEAycpA1AAXABQAFQALgAZAA4ACAAGMAQwBEACYAFIAKoAWAAuABiADMAHMAQwAiIBRgFKAMqAaIBpADZAHEAO-AfYB-AEYAI4AUMArYBeQDCAG0ANwAdQA9ACLwEiAJsATtApoCmwFbALFAWwAuABcgC7QGGgMPAYkAxgBkQDJAGTlQAIAPigAEAeA.YAAAAAAAAAAA
    [HTTP_HOST] => my.medical-tribune.de
    [HTTP_ORIGIN] => https://my.medical-tribune.de
    [HTTP_REFERER] => https://my.medical-tribune.de/register.php?mode=1
    [HTTP_USER_AGENT] => Mozilla/5.0 (Macintosh; Intel Mac OS X 10_15_4) AppleWebKit/605.1.15 (KHTML, like Gecko) Version/13.1.2 Safari/605.1.15
    [PATH] => /bin:/usr/bin
    [QUERY_STRING] => mode=1
    [REDIRECT_STATUS] => 200
    [REMOTE_ADDR] => 79.214.162.53
    [REMOTE_PORT] => 55741
    [REQUEST_METHOD] => POST
    [REQUEST_SCHEME] => https
    [REQUEST_URI] => /register.php?mode=1
    [SCRIPT_FILENAME] => /home/mtde/public_html/my/register.php
    [SCRIPT_NAME] => /register.php
    [SERVER_ADDR] => 46.232.181.187
    [SERVER_ADMIN] => webmaster@my.medical-tribune.de
    [SERVER_NAME] => my.medical-tribune.de
    [SERVER_PORT] => 443
    [SERVER_PROTOCOL] => HTTP/1.1
    [SERVER_SIGNATURE] => 
    [SERVER_SOFTWARE] => Apache
    [SSL_TLS_SNI] => my.medical-tribune.de
    [UNIQUE_ID] => X0u4ox3PaihpAyI6OunmIQAAAA4
    [PHP_SELF] => /register.php
    [REQUEST_TIME_FLOAT] => 1598797987.4194
    [REQUEST_TIME] => 1598797987
)

30-08-2020 : mike_lastlow@yahoo.de,Array
(
    [CONTENT_LENGTH] => 3172
    [CONTENT_TYPE] => multipart/form-data; boundary=----WebKitFormBoundaryPyuBBtTxYY7dsOl1
    [CONTEXT_DOCUMENT_ROOT] => /home/mtde/public_html/my
    [CONTEXT_PREFIX] => 
    [DOCUMENT_ROOT] => /home/mtde/public_html/my
    [GATEWAY_INTERFACE] => CGI/1.1
    [HTTPS] => on
    [HTTP_ACCEPT] => text/html,application/xhtml+xml,application/xml;q=0.9,*/*;q=0.8
    [HTTP_ACCEPT_ENCODING] => gzip, deflate, br
    [HTTP_ACCEPT_LANGUAGE] => de-de
    [HTTP_CONNECTION] => keep-alive
    [HTTP_COOKIE] => _ga=GA1.2.1672292706.1598796928; _gid=GA1.2.1500164148.1598796928; consentUUID=c4ee03fb-44dc-49db-b7b3-d8a1ddf698b5; PHPSESSID=onup7bkhob2upjjn6mgc6b9kg2; euconsent-v2=CO49Q0fO49Q0fAGABCENA1CgAP_AAH_AAAYgGVtf_X9fb2_j-_5999t0eY1f9_63t-wzjgeNs-8NyZ_X_J4Xr2MyvB34pqYKmR4EunLBAQdlHGHcTQgAwIkFqTLsYk2MizNKJ7JEilMbc2dYGG1vn8XT_ZCY70-_f__7v3-_-___6oGUEEGAAKAQBCWAAIEihEIQAIQxIAIAACihEAgEkACRQALI4COUACABAYgIQIAQAgoAYBAAIAAElAQAgAAIBQARAIAAQADAEAACAAEFgBIiAAACoEhAARABKBAQUAAQcggQFQBBACBASGQGAAKAAqACGAEwALgAjgBSADLAGoAOIAfgBGACOAFLAKuAVsA3gCYgE2AKbAWiAwIBh4DIhgAUAbQA8ACxAGyAR6IgOgAqACsAFwAQwApABkADLAGoANkAcQA_ACMAEiAKWAVcA1gB8gENgIvASIAmwBOwChwFIgLkAYEAwkBh4DJxIAIABwA5xAAEA3gSCKAAgABcAFAAVAAyABwADwAIAARAAqAB4AD6AIYAiABMgCqAKwAWAAuABvADmAHoAQ0AiACJAEsAJoAUoAwwBkADLAGoANkAcQA7wB7AD4gH2AfoBGACRAFLAL8AYQAxQBrADaAG4AN4AegA-QCGwEVAIvASIAmIBMoCbAE7AKRAU2ArABYoC2AFyALvAYEAwYBhIDDQGHgMiAZIAycKABAUSGgQAAqACsAFwAQwApABkADLAGkANQAbIA4gB-AEYAKWAVeAtAC0gGsAN4AfIBDYCLwEiAJsATsAocBSIC5AGBAMJAYeAxgBk4cACAA4MAEANkAdQBfQDIxUBkACgAKgAhgBMAC4AI4AUgAywBqADiAH4ARgAjgBSwCrwFoAWkA3gCQQExAJsAU2AuQBgQDDwGRCgAgA2gB4AI9AX0OgigALgAoACoAFwAMgAcABAACIAGIAPoAhgCIAEyAKoArABYAC4AGIAMwAbwA5gB6AEMAIgASwAmABNQCjAKUAZAAyoBogGkANQAbMA3wDgAHEAO8Ae0A-wD8AIwAWKAtAC0gFzALyAX4AwgBigDcQHTAdQA9ACGwERAIvASCAkQBNgCdoFNAU2AqwBYsC2ALZAXAAuQBdoC7wGEgMNAYeAxIBjADHgGSAMnIQKwAFgAUAAyACIAGIAQwAmABVAC4AGYAN4AegBHACkAGUANQAb4A4gB3gD8AIGARgAocBaAFpAL8AYQAxQB1AD0AJBASIAmyBTQFNgLFAWjAtgC2gFwALkAXaAw8BiQDIgGTkoEYACAAFgAUAAuABkADgAMQAiABMACqAFwAMQAZgA2gCGgEQARMApAClAGUANIAbIA7wB-AEYgLQAtIBigDcAHUAReAkQBNgCxQF2gMPAZEAycpA1AAXABQAFQALgAZAA4ACAAGMAQwBEACYAFIAKoAWAAuABiADMAHMAQwAiIBRgFKAMqAaIBpADZAHEAO-AfYB-AEYAI4AUMArYBeQDCAG0ANwAdQA9ACLwEiAJsATtApoCmwFbALFAWwAuABcgC7QGGgMPAYkAxgBkQDJAGTlQAIAPigAEAeA.YAAAAAAAAAAA
    [HTTP_HOST] => my.medical-tribune.de
    [HTTP_ORIGIN] => https://my.medical-tribune.de
    [HTTP_REFERER] => https://my.medical-tribune.de/register.php?mode=1
    [HTTP_USER_AGENT] => Mozilla/5.0 (iPhone; CPU iPhone OS 13_6_1 like Mac OS X) AppleWebKit/605.1.15 (KHTML, like Gecko) Version/13.1.2 Mobile/15E148 Safari/604.1
    [PATH] => /bin:/usr/bin
    [QUERY_STRING] => mode=1
    [REDIRECT_STATUS] => 200
    [REMOTE_ADDR] => 93.238.229.199
    [REMOTE_PORT] => 59084
    [REQUEST_METHOD] => POST
    [REQUEST_SCHEME] => https
    [REQUEST_URI] => /register.php?mode=1
    [SCRIPT_FILENAME] => /home/mtde/public_html/my/register.php
    [SCRIPT_NAME] => /register.php
    [SERVER_ADDR] => 46.232.181.187
    [SERVER_ADMIN] => webmaster@my.medical-tribune.de
    [SERVER_NAME] => my.medical-tribune.de
    [SERVER_PORT] => 443
    [SERVER_PROTOCOL] => HTTP/1.1
    [SERVER_SIGNATURE] => 
    [SERVER_SOFTWARE] => Apache
    [SSL_TLS_SNI] => my.medical-tribune.de
    [UNIQUE_ID] => X0vJHh3PaihpAyI6OunvqQAAAAU
    [PHP_SELF] => /register.php
    [REQUEST_TIME_FLOAT] => 1598802206.3109
    [REQUEST_TIME] => 1598802206
)

30-08-2020 : Mansuree@gmail.com,Array
(
    [CONTENT_LENGTH] => 3465
    [CONTENT_TYPE] => multipart/form-data; boundary=----WebKitFormBoundaryzfGrlfWwAYJJSlDd
    [CONTEXT_DOCUMENT_ROOT] => /home/mtde/public_html/my
    [CONTEXT_PREFIX] => 
    [DOCUMENT_ROOT] => /home/mtde/public_html/my
    [GATEWAY_INTERFACE] => CGI/1.1
    [HTTPS] => on
    [HTTP_ACCEPT] => text/html,application/xhtml+xml,application/xml;q=0.9,image/webp,image/apng,*/*;q=0.8,application/signed-exchange;v=b3;q=0.9
    [HTTP_ACCEPT_ENCODING] => gzip, deflate, br
    [HTTP_ACCEPT_LANGUAGE] => de-DE,de;q=0.9,en-GB;q=0.8,en;q=0.7,ar-LY;q=0.6,ar;q=0.5,en-US;q=0.4
    [HTTP_CACHE_CONTROL] => max-age=0
    [HTTP_CONNECTION] => keep-alive
    [HTTP_COOKIE] => _ga=GA1.2.1145059447.1598802285; _gid=GA1.2.806472675.1598802285; consentUUID=9446dbc1-543d-46f6-9646-cbdddac4f58d; _gac_UA-173639924-1=1.1598802287.CjwKCAjwnK36BRBVEiwAsMT8WKOZiFT5eUSA07sgBStXnt79S3swCAYP-psWyVY11WdsiaT-GH-EbhoCUqoQAvD_BwE; euconsent-v2=CO49d5nO49d5nAGABCENA1CgAP_AAH_AAAYgGVtf_X9fb2_j-_5999t0eY1f9_63t-wzjgeNs-8NyZ_X_J4Xr2MyvB34pqYKmR4EunLBAQdlHGHcTQgAwIkFqTLsYk2MizNKJ7JEilMbc2dYGG1vn8XT_ZCY70-_f__7v3-_-___6oGUEEGAAKAQBCWAAIEihEIQAIQxIAIAACihEAgEkACRQALI4COUACABAYgIQIAQAgoAYBAAIAAElAQAgAAIBQARAIAAQADAEAACAAEFgBIiAAACoEhAARABKBAQUAAQcggQFQBBACBASGQGAAKAAqACGAEwALgAjgBSADLAGoAOIAfgBGACOAFLAKuAVsA3gCYgE2AKbAWiAwIBh4DIhgAUAbQA8ACxAGyAR6IgOgAqACsAFwAQwApABkADLAGoANkAcQA_ACMAEiAKWAVcA1gB8gENgIvASIAmwBOwChwFIgLkAYEAwkBh4DJxIAIABwA5xAAEA3gSCKAAgABcAFAAVAAyABwADwAIAARAAqAB4AD6AIYAiABMgCqAKwAWAAuABvADmAHoAQ0AiACJAEsAJoAUoAwwBkADLAGoANkAcQA7wB7AD4gH2AfoBGACRAFLAL8AYQAxQBrADaAG4AN4AegA-QCGwEVAIvASIAmIBMoCbAE7AKRAU2ArABYoC2AFyALvAYEAwYBhIDDQGHgMiAZIAycKABAUSGgQAAqACsAFwAQwApABkADLAGkANQAbIA4gB-AEYAKWAVeAtAC0gGsAN4AfIBDYCLwEiAJsATsAocBSIC5AGBAMJAYeAxgBk4cACAA4MAEANkAdQBfQDIxUBkACgAKgAhgBMAC4AI4AUgAywBqADiAH4ARgAjgBSwCrwFoAWkA3gCQQExAJsAU2AuQBgQDDwGRCgAgA2gB4AI9AX0OgigALgAoACoAFwAMgAcABAACIAGIAPoAhgCIAEyAKoArABYAC4AGIAMwAbwA5gB6AEMAIgASwAmABNQCjAKUAZAAyoBogGkANQAbMA3wDgAHEAO8Ae0A-wD8AIwAWKAtAC0gFzALyAX4AwgBigDcQHTAdQA9ACGwERAIvASCAkQBNgCdoFNAU2AqwBYsC2ALZAXAAuQBdoC7wGEgMNAYeAxIBjADHgGSAMnIQKwAFgAUAAyACIAGIAQwAmABVAC4AGYAN4AegBHACkAGUANQAb4A4gB3gD8AIGARgAocBaAFpAL8AYQAxQB1AD0AJBASIAmyBTQFNgLFAWjAtgC2gFwALkAXaAw8BiQDIgGTkoEYACAAFgAUAAuABkADgAMQAiABMACqAFwAMQAZgA2gCGgEQARMApAClAGUANIAbIA7wB-AEYgLQAtIBigDcAHUAReAkQBNgCxQF2gMPAZEAycpA1AAXABQAFQALgAZAA4ACAAGMAQwBEACYAFIAKoAWAAuABiADMAHMAQwAiIBRgFKAMqAaIBpADZAHEAO-AfYB-AEYAI4AUMArYBeQDCAG0ANwAdQA9ACLwEiAJsATtApoCmwFbALFAWwAuABcgC7QGGgMPAYkAxgBkQDJAGTlQAIAPigAEAeA.YAAAAAAAAAAA; _gac_UA-1204464-17=1.1598802288.CjwKCAjwnK36BRBVEiwAsMT8WKOZiFT5eUSA07sgBStXnt79S3swCAYP-psWyVY11WdsiaT-GH-EbhoCUqoQAvD_BwE; PHPSESSID=14g1a4jpfsvgctds9q4i0ggrr7
    [HTTP_HOST] => my.medical-tribune.de
    [HTTP_ORIGIN] => https://my.medical-tribune.de
    [HTTP_REFERER] => https://my.medical-tribune.de/register.php?mode=1
    [HTTP_SEC_FETCH_DEST] => iframe
    [HTTP_SEC_FETCH_MODE] => navigate
    [HTTP_SEC_FETCH_SITE] => same-origin
    [HTTP_SEC_FETCH_USER] => ?1
    [HTTP_UPGRADE_INSECURE_REQUESTS] => 1
    [HTTP_USER_AGENT] => Mozilla/5.0 (Linux; Android 10; MAR-LX1B) AppleWebKit/537.36 (KHTML, like Gecko) Chrome/85.0.4183.81 Mobile Safari/537.36
    [PATH] => /bin:/usr/bin
    [QUERY_STRING] => mode=1
    [REDIRECT_STATUS] => 200
    [REMOTE_ADDR] => 31.17.254.90
    [REMOTE_PORT] => 30448
    [REQUEST_METHOD] => POST
    [REQUEST_SCHEME] => https
    [REQUEST_URI] => /register.php?mode=1
    [SCRIPT_FILENAME] => /home/mtde/public_html/my/register.php
    [SCRIPT_NAME] => /register.php
    [SERVER_ADDR] => 46.232.181.187
    [SERVER_ADMIN] => webmaster@my.medical-tribune.de
    [SERVER_NAME] => my.medical-tribune.de
    [SERVER_PORT] => 443
    [SERVER_PROTOCOL] => HTTP/1.1
    [SERVER_SIGNATURE] => 
    [SERVER_SOFTWARE] => Apache
    [SSL_TLS_SNI] => my.medical-tribune.de
    [UNIQUE_ID] => X0vLCrkRGhOqE6gvPrW69gAAAQ0
    [PHP_SELF] => /register.php
    [REQUEST_TIME_FLOAT] => 1598802698.09
    [REQUEST_TIME] => 1598802698
)

30-08-2020 : specialtime2003@aol.com,Array
(
    [CONTENT_LENGTH] => 2853
    [CONTENT_TYPE] => multipart/form-data; boundary=---------------------------96531107112335
    [CONTEXT_DOCUMENT_ROOT] => /home/mtde/public_html/my
    [CONTEXT_PREFIX] => 
    [DOCUMENT_ROOT] => /home/mtde/public_html/my
    [GATEWAY_INTERFACE] => CGI/1.1
    [HTTPS] => on
    [HTTP_ACCEPT] => text/html,application/xhtml+xml,application/xml;q=0.9,*/*;q=0.8
    [HTTP_ACCEPT_ENCODING] => gzip, deflate, br
    [HTTP_ACCEPT_LANGUAGE] => de,en-US;q=0.7,en;q=0.3
    [HTTP_CONNECTION] => keep-alive
    [HTTP_COOKIE] => _ga=GA1.2.1170840373.1598802080; _gid=GA1.2.728198235.1598802080; consentUUID=9a950d87-9e3b-48b1-90f8-20db93dd60f0; euconsent-v2=CO49dZ3O49dZ3AGABCENA1CgAP_AAH_AAAYgGVtf_X9fb2_j-_5999t0eY1f9_63t-wzjgeNs-8NyZ_X_J4Xr2MyvB34pqYKmR4EunLBAQdlHGHcTQgAwIkFqTLsYk2MizNKJ7JEilMbc2dYGG1vn8XT_ZCY70-_f__7v3-_-___6oGUEEGAAKAQBCWAAIEihEIQAIQxIAIAACihEAgEkACRQALI4COUACABAYgIQIAQAgoAYBAAIAAElAQAgAAIBQARAIAAQADAEAACAAEFgBIiAAACoEhAARABKBAQUAAQcggQFQBBACBASGQGAAKAAqACGAEwALgAjgBSADLAGoAOIAfgBGACOAFLAKuAVsA3gCYgE2AKbAWiAwIBh4DIhgAUAbQA8ACxAGyAR6IgOgAqACsAFwAQwApABkADLAGoANkAcQA_ACMAEiAKWAVcA1gB8gENgIvASIAmwBOwChwFIgLkAYEAwkBh4DJxIAIABwA5xAAEA3gSCKAAgABcAFAAVAAyABwADwAIAARAAqAB4AD6AIYAiABMgCqAKwAWAAuABvADmAHoAQ0AiACJAEsAJoAUoAwwBkADLAGoANkAcQA7wB7AD4gH2AfoBGACRAFLAL8AYQAxQBrADaAG4AN4AegA-QCGwEVAIvASIAmIBMoCbAE7AKRAU2ArABYoC2AFyALvAYEAwYBhIDDQGHgMiAZIAycKABAUSGgQAAqACsAFwAQwApABkADLAGkANQAbIA4gB-AEYAKWAVeAtAC0gGsAN4AfIBDYCLwEiAJsATsAocBSIC5AGBAMJAYeAxgBk4cACAA4MAEANkAdQBfQDIxUBkACgAKgAhgBMAC4AI4AUgAywBqADiAH4ARgAjgBSwCrwFoAWkA3gCQQExAJsAU2AuQBgQDDwGRCgAgA2gB4AI9AX0OgigALgAoACoAFwAMgAcABAACIAGIAPoAhgCIAEyAKoArABYAC4AGIAMwAbwA5gB6AEMAIgASwAmABNQCjAKUAZAAyoBogGkANQAbMA3wDgAHEAO8Ae0A-wD8AIwAWKAtAC0gFzALyAX4AwgBigDcQHTAdQA9ACGwERAIvASCAkQBNgCdoFNAU2AqwBYsC2ALZAXAAuQBdoC7wGEgMNAYeAxIBjADHgGSAMnIQKwAFgAUAAyACIAGIAQwAmABVAC4AGYAN4AegBHACkAGUANQAb4A4gB3gD8AIGARgAocBaAFpAL8AYQAxQB1AD0AJBASIAmyBTQFNgLFAWjAtgC2gFwALkAXaAw8BiQDIgGTkoEYACAAFgAUAAuABkADgAMQAiABMACqAFwAMQAZgA2gCGgEQARMApAClAGUANIAbIA7wB-AEYgLQAtIBigDcAHUAReAkQBNgCxQF2gMPAZEAycpA1AAXABQAFQALgAZAA4ACAAGMAQwBEACYAFIAKoAWAAuABiADMAHMAQwAiIBRgFKAMqAaIBpADZAHEAO-AfYB-AEYAI4AUMArYBeQDCAG0ANwAdQA9ACLwEiAJsATtApoCmwFbALFAWwAuABcgC7QGGgMPAYkAxgBkQDJAGTlQAIAPigAEAeA.YAAAAAAAAAAA; PHPSESSID=kp39n74gi5480h3ahb5e4rciq5
    [HTTP_HOST] => my.medical-tribune.de
    [HTTP_REFERER] => https://my.medical-tribune.de/register.php?mode=1
    [HTTP_UPGRADE_INSECURE_REQUESTS] => 1
    [HTTP_USER_AGENT] => Mozilla/5.0 (Windows NT 6.0; rv:52.0) Gecko/20100101 Firefox/52.0
    [PATH] => /bin:/usr/bin
    [QUERY_STRING] => mode=1
    [REDIRECT_STATUS] => 200
    [REMOTE_ADDR] => 37.201.7.138
    [REMOTE_PORT] => 64882
    [REQUEST_METHOD] => POST
    [REQUEST_SCHEME] => https
    [REQUEST_URI] => /register.php?mode=1
    [SCRIPT_FILENAME] => /home/mtde/public_html/my/register.php
    [SCRIPT_NAME] => /register.php
    [SERVER_ADDR] => 46.232.181.187
    [SERVER_ADMIN] => webmaster@my.medical-tribune.de
    [SERVER_NAME] => my.medical-tribune.de
    [SERVER_PORT] => 443
    [SERVER_PROTOCOL] => HTTP/1.1
    [SERVER_SIGNATURE] => 
    [SERVER_SOFTWARE] => Apache
    [SSL_TLS_SNI] => my.medical-tribune.de
    [UNIQUE_ID] => X0vLs4ORB84OIFUXug3b7AAAAIA
    [PHP_SELF] => /register.php
    [REQUEST_TIME_FLOAT] => 1598802867.5267
    [REQUEST_TIME] => 1598802867
)

30-08-2020 : thedoc@magenta.de,Array
(
    [CONTENT_LENGTH] => 2819
    [CONTENT_TYPE] => multipart/form-data; boundary=----WebKitFormBoundary6xwqcF3BM1EWZIph
    [CONTEXT_DOCUMENT_ROOT] => /home/mtde/public_html/my
    [CONTEXT_PREFIX] => 
    [DOCUMENT_ROOT] => /home/mtde/public_html/my
    [GATEWAY_INTERFACE] => CGI/1.1
    [HTTPS] => on
    [HTTP_ACCEPT] => text/html,application/xhtml+xml,application/xml;q=0.9,image/webp,image/apng,*/*;q=0.8,application/signed-exchange;v=b3;q=0.9
    [HTTP_ACCEPT_ENCODING] => gzip, deflate, br
    [HTTP_ACCEPT_LANGUAGE] => de-DE,de;q=0.9,en-US;q=0.8,en;q=0.7
    [HTTP_CACHE_CONTROL] => max-age=0
    [HTTP_CONNECTION] => keep-alive
    [HTTP_COOKIE] => _ga=GA1.2.792746612.1598803626; _gid=GA1.2.179817506.1598803626; consentUUID=372a320d-ab83-47c6-9527-6c91391b3654; euconsent-v2=CO49hKlO49hKlAGABCENA1CgAP_AAH_AAAYgGVtf_X9fb2_j-_5999t0eY1f9_63t-wzjgeNs-8NyZ_X_J4Xr2MyvB34pqYKmR4EunLBAQdlHGHcTQgAwIkFqTLsYk2MizNKJ7JEilMbc2dYGG1vn8XT_ZCY70-_f__7v3-_-___6oGUEEGAAKAQBCWAAIEihEIQAIQxIAIAACihEAgEkACRQALI4COUACABAYgIQIAQAgoAYBAAIAAElAQAgAAIBQARAIAAQADAEAACAAEFgBIiAAACoEhAARABKBAQUAAQcggQFQBBACBASGQGAAKAAqACGAEwALgAjgBSADLAGoAOIAfgBGACOAFLAKuAVsA3gCYgE2AKbAWiAwIBh4DIhgAUAbQA8ACxAGyAR6IgOgAqACsAFwAQwApABkADLAGoANkAcQA_ACMAEiAKWAVcA1gB8gENgIvASIAmwBOwChwFIgLkAYEAwkBh4DJxIAIABwA5xAAEA3gSCKAAgABcAFAAVAAyABwADwAIAARAAqAB4AD6AIYAiABMgCqAKwAWAAuABvADmAHoAQ0AiACJAEsAJoAUoAwwBkADLAGoANkAcQA7wB7AD4gH2AfoBGACRAFLAL8AYQAxQBrADaAG4AN4AegA-QCGwEVAIvASIAmIBMoCbAE7AKRAU2ArABYoC2AFyALvAYEAwYBhIDDQGHgMiAZIAycKABAUSGgQAAqACsAFwAQwApABkADLAGkANQAbIA4gB-AEYAKWAVeAtAC0gGsAN4AfIBDYCLwEiAJsATsAocBSIC5AGBAMJAYeAxgBk4cACAA4MAEANkAdQBfQDIxUBkACgAKgAhgBMAC4AI4AUgAywBqADiAH4ARgAjgBSwCrwFoAWkA3gCQQExAJsAU2AuQBgQDDwGRCgAgA2gB4AI9AX0OgigALgAoACoAFwAMgAcABAACIAGIAPoAhgCIAEyAKoArABYAC4AGIAMwAbwA5gB6AEMAIgASwAmABNQCjAKUAZAAyoBogGkANQAbMA3wDgAHEAO8Ae0A-wD8AIwAWKAtAC0gFzALyAX4AwgBigDcQHTAdQA9ACGwERAIvASCAkQBNgCdoFNAU2AqwBYsC2ALZAXAAuQBdoC7wGEgMNAYeAxIBjADHgGSAMnIQKwAFgAUAAyACIAGIAQwAmABVAC4AGYAN4AegBHACkAGUANQAb4A4gB3gD8AIGARgAocBaAFpAL8AYQAxQB1AD0AJBASIAmyBTQFNgLFAWjAtgC2gFwALkAXaAw8BiQDIgGTkoEYACAAFgAUAAuABkADgAMQAiABMACqAFwAMQAZgA2gCGgEQARMApAClAGUANIAbIA7wB-AEYgLQAtIBigDcAHUAReAkQBNgCxQF2gMPAZEAycpA1AAXABQAFQALgAZAA4ACAAGMAQwBEACYAFIAKoAWAAuABiADMAHMAQwAiIBRgFKAMqAaIBpADZAHEAO-AfYB-AEYAI4AUMArYBeQDCAG0ANwAdQA9ACLwEiAJsATtApoCmwFbALFAWwAuABcgC7QGGgMPAYkAxgBkQDJAGTlQAIAPigAEAeA.YAAAAAAAAAAA; PHPSESSID=fhrkbjqv3bjba31r9sc40c40a7
    [HTTP_HOST] => my.medical-tribune.de
    [HTTP_ORIGIN] => https://my.medical-tribune.de
    [HTTP_REFERER] => https://my.medical-tribune.de/register.php?mode=1
    [HTTP_SEC_FETCH_MODE] => nested-navigate
    [HTTP_SEC_FETCH_SITE] => same-origin
    [HTTP_SEC_FETCH_USER] => ?1
    [HTTP_UPGRADE_INSECURE_REQUESTS] => 1
    [HTTP_USER_AGENT] => Mozilla/5.0 (Linux; Android 10; SAMSUNG SM-A705FN) AppleWebKit/537.36 (KHTML, like Gecko) SamsungBrowser/12.1 Chrome/79.0.3945.136 Mobile Safari/537.36
    [PATH] => /bin:/usr/bin
    [QUERY_STRING] => mode=1
    [REDIRECT_STATUS] => 200
    [REMOTE_ADDR] => 93.226.94.21
    [REMOTE_PORT] => 60992
    [REQUEST_METHOD] => POST
    [REQUEST_SCHEME] => https
    [REQUEST_URI] => /register.php?mode=1
    [SCRIPT_FILENAME] => /home/mtde/public_html/my/register.php
    [SCRIPT_NAME] => /register.php
    [SERVER_ADDR] => 46.232.181.187
    [SERVER_ADMIN] => webmaster@my.medical-tribune.de
    [SERVER_NAME] => my.medical-tribune.de
    [SERVER_PORT] => 443
    [SERVER_PROTOCOL] => HTTP/1.1
    [SERVER_SIGNATURE] => 
    [SERVER_SOFTWARE] => Apache
    [SSL_TLS_SNI] => my.medical-tribune.de
    [UNIQUE_ID] => X0vPsvw2zgfNkYqy9XvVZAAAAEc
    [PHP_SELF] => /register.php
    [REQUEST_TIME_FLOAT] => 1598803890.4826
    [REQUEST_TIME] => 1598803890
)

30-08-2020 : paulsandra@gmx.de,Array
(
    [CONTENT_LENGTH] => 3352
    [CONTENT_TYPE] => multipart/form-data; boundary=----WebKitFormBoundary77gGrlWNcZBhp6AX
    [CONTEXT_DOCUMENT_ROOT] => /home/mtde/public_html/my
    [CONTEXT_PREFIX] => 
    [DOCUMENT_ROOT] => /home/mtde/public_html/my
    [GATEWAY_INTERFACE] => CGI/1.1
    [HTTPS] => on
    [HTTP_ACCEPT] => text/html,application/xhtml+xml,application/xml;q=0.9,image/webp,image/apng,*/*;q=0.8,application/signed-exchange;v=b3;q=0.9
    [HTTP_ACCEPT_ENCODING] => gzip, deflate, br
    [HTTP_ACCEPT_LANGUAGE] => de-DE,de;q=0.9,en-US;q=0.8,en;q=0.7
    [HTTP_CACHE_CONTROL] => max-age=0
    [HTTP_CONNECTION] => keep-alive
    [HTTP_COOKIE] => _ga=GA1.2.1021209489.1598805169; _gid=GA1.2.487969443.1598805169; consentUUID=85737cc0-b5c1-4c3b-ae74-7cbe9e144116; euconsent-v2=CO49k87O49k87AGABBENA1CgAAAAAH_AAAYgGQkEGAAKAQBCWAAIEghEIAAIQxIAAAACigEAoEkACRQALI4CKUACABAYgIQIAQAAoAIBAAIAAEFAQAgAAIAAARAIAAQACAEAACAAAFABICAAACgEhAARABCAAQQAAQcggQEQABACBlBBBgACgEAQlgACBIoRCAACEMSAAAAAooRAKBJAAkUACyOAjlAAgAQGICECAEAIKAGAQACAABJQEAIAACAQAEQCAAEAAwBAAAgABBYASAgAAAqBIQAEQASgQEEAAEHIIEBUAQQAgQEhkAoAFQAjgBlgDUAI4AUsAq4BvAExAMCGABQBtADwALEAbIBHoiAUACoAKwAywBqAFLAKuAawA-QChwGBCQAQADgBziAAIBvAkBQABAAKgAeAA-ACsAIkAZYA1AB-gFLAMUAawA2gBvAD5AIqATEAmUBgQDBgoAEBRIaAWACoAKwAywBqAFLAKuAawA3gB8gFDgMCDgAQAHBgAQBsgF9CoBQAKgBHADLAGoARwApYBVwDeAJiAYEKACADaAHgAj0BfQ6AOAD4AKwA1ACxAFzAMUAu0hAGAEcANQAgYBQwDFALtJQBQAEABtAESAYoBdpSAKARwAoYBtAFbALtKgAQAfFAAIA8AAAA.YAAAAAAAAAAA; PHPSESSID=klkm6o7flf6dp5rpdepedeq1q7
    [HTTP_HOST] => my.medical-tribune.de
    [HTTP_ORIGIN] => https://my.medical-tribune.de
    [HTTP_REFERER] => https://my.medical-tribune.de/register.php?mode=1
    [HTTP_SEC_FETCH_DEST] => iframe
    [HTTP_SEC_FETCH_MODE] => navigate
    [HTTP_SEC_FETCH_SITE] => same-origin
    [HTTP_SEC_FETCH_USER] => ?1
    [HTTP_UPGRADE_INSECURE_REQUESTS] => 1
    [HTTP_USER_AGENT] => Mozilla/5.0 (Linux; Android 8.0.0; WAS-LX1A) AppleWebKit/537.36 (KHTML, like Gecko) Chrome/84.0.4147.125 Mobile Safari/537.36
    [PATH] => /bin:/usr/bin
    [QUERY_STRING] => mode=1
    [REDIRECT_STATUS] => 200
    [REMOTE_ADDR] => 91.46.146.145
    [REMOTE_PORT] => 35402
    [REQUEST_METHOD] => POST
    [REQUEST_SCHEME] => https
    [REQUEST_URI] => /register.php?mode=1
    [SCRIPT_FILENAME] => /home/mtde/public_html/my/register.php
    [SCRIPT_NAME] => /register.php
    [SERVER_ADDR] => 46.232.181.187
    [SERVER_ADMIN] => webmaster@my.medical-tribune.de
    [SERVER_NAME] => my.medical-tribune.de
    [SERVER_PORT] => 443
    [SERVER_PROTOCOL] => HTTP/1.1
    [SERVER_SIGNATURE] => 
    [SERVER_SOFTWARE] => Apache
    [SSL_TLS_SNI] => my.medical-tribune.de
    [UNIQUE_ID] => X0vWQc5nw3tc1mAsEMBpGAAAAMI
    [PHP_SELF] => /register.php
    [REQUEST_TIME_FLOAT] => 1598805569.9663
    [REQUEST_TIME] => 1598805569
)

30-08-2020 : mb@wildkind.de,Array
(
    [CONTENT_LENGTH] => 3642
    [CONTENT_TYPE] => multipart/form-data; boundary=---------------------------30375849403405382972974366069
    [CONTEXT_DOCUMENT_ROOT] => /home/mtde/public_html/my
    [CONTEXT_PREFIX] => 
    [DOCUMENT_ROOT] => /home/mtde/public_html/my
    [GATEWAY_INTERFACE] => CGI/1.1
    [HTTPS] => on
    [HTTP_ACCEPT] => text/html,application/xhtml+xml,application/xml;q=0.9,image/webp,*/*;q=0.8
    [HTTP_ACCEPT_ENCODING] => gzip, deflate, br
    [HTTP_ACCEPT_LANGUAGE] => de,en-US;q=0.7,en;q=0.3
    [HTTP_CONNECTION] => keep-alive
    [HTTP_COOKIE] => consentUUID=e8277e06-953b-4e0a-9334-e1dbf5ebebfb; euconsent-v2=CO49lK6O49lK6AGABCENA1CgAP_AAH_AAAYgGVtf_X9fb2_j-_5999t0eY1f9_63t-wzjgeNs-8NyZ_X_J4Xr2MyvB34pqYKmR4EunLBAQdlHGHcTQgAwIkFqTLsYk2MizNKJ7JEilMbc2dYGG1vn8XT_ZCY70-_f__7v3-_-___6oGUEEGAAKAQBCWAAIEihEIQAIQxIAIAACihEAgEkACRQALI4COUACABAYgIQIAQAgoAYBAAIAAElAQAgAAIBQARAIAAQADAEAACAAEFgBIiAAACoEhAARABKBAQUAAQcggQFQBBACBASGQGAAKAAqACGAEwALgAjgBSADLAGoAOIAfgBGACOAFLAKuAVsA3gCYgE2AKbAWiAwIBh4DIhgAUAbQA8ACxAGyAR6IgOgAqACsAFwAQwApABkADLAGoANkAcQA_ACMAEiAKWAVcA1gB8gENgIvASIAmwBOwChwFIgLkAYEAwkBh4DJxIAIABwA5xAAEA3gSCKAAgABcAFAAVAAyABwADwAIAARAAqAB4AD6AIYAiABMgCqAKwAWAAuABvADmAHoAQ0AiACJAEsAJoAUoAwwBkADLAGoANkAcQA7wB7AD4gH2AfoBGACRAFLAL8AYQAxQBrADaAG4AN4AegA-QCGwEVAIvASIAmIBMoCbAE7AKRAU2ArABYoC2AFyALvAYEAwYBhIDDQGHgMiAZIAycKABAUSGgQAAqACsAFwAQwApABkADLAGkANQAbIA4gB-AEYAKWAVeAtAC0gGsAN4AfIBDYCLwEiAJsATsAocBSIC5AGBAMJAYeAxgBk4cACAA4MAEANkAdQBfQDIxUBkACgAKgAhgBMAC4AI4AUgAywBqADiAH4ARgAjgBSwCrwFoAWkA3gCQQExAJsAU2AuQBgQDDwGRCgAgA2gB4AI9AX0OgigALgAoACoAFwAMgAcABAACIAGIAPoAhgCIAEyAKoArABYAC4AGIAMwAbwA5gB6AEMAIgASwAmABNQCjAKUAZAAyoBogGkANQAbMA3wDgAHEAO8Ae0A-wD8AIwAWKAtAC0gFzALyAX4AwgBigDcQHTAdQA9ACGwERAIvASCAkQBNgCdoFNAU2AqwBYsC2ALZAXAAuQBdoC7wGEgMNAYeAxIBjADHgGSAMnIQKwAFgAUAAyACIAGIAQwAmABVAC4AGYAN4AegBHACkAGUANQAb4A4gB3gD8AIGARgAocBaAFpAL8AYQAxQB1AD0AJBASIAmyBTQFNgLFAWjAtgC2gFwALkAXaAw8BiQDIgGTkoEYACAAFgAUAAuABkADgAMQAiABMACqAFwAMQAZgA2gCGgEQARMApAClAGUANIAbIA7wB-AEYgLQAtIBigDcAHUAReAkQBNgCxQF2gMPAZEAycpA1AAXABQAFQALgAZAA4ACAAGMAQwBEACYAFIAKoAWAAuABiADMAHMAQwAiIBRgFKAMqAaIBpADZAHEAO-AfYB-AEYAI4AUMArYBeQDCAG0ANwAdQA9ACLwEiAJsATtApoCmwFbALFAWwAuABcgC7QGGgMPAYkAxgBkQDJAGTlQAIAPigAEAeA.YAAAAAAAAAAA; PHPSESSID=cars78e7am0404qnbu9lu5rki0
    [HTTP_DNT] => 1
    [HTTP_HOST] => my.medical-tribune.de
    [HTTP_ORIGIN] => https://my.medical-tribune.de
    [HTTP_REFERER] => https://my.medical-tribune.de/register.php?mode=1
    [HTTP_UPGRADE_INSECURE_REQUESTS] => 1
    [HTTP_USER_AGENT] => Mozilla/5.0 (Windows NT 10.0; Win64; x64; rv:80.0) Gecko/20100101 Firefox/80.0
    [PATH] => /bin:/usr/bin
    [QUERY_STRING] => mode=1
    [REDIRECT_STATUS] => 200
    [REMOTE_ADDR] => 87.123.199.167
    [REMOTE_PORT] => 7636
    [REQUEST_METHOD] => POST
    [REQUEST_SCHEME] => https
    [REQUEST_URI] => /register.php?mode=1
    [SCRIPT_FILENAME] => /home/mtde/public_html/my/register.php
    [SCRIPT_NAME] => /register.php
    [SERVER_ADDR] => 46.232.181.187
    [SERVER_ADMIN] => webmaster@my.medical-tribune.de
    [SERVER_NAME] => my.medical-tribune.de
    [SERVER_PORT] => 443
    [SERVER_PROTOCOL] => HTTP/1.1
    [SERVER_SIGNATURE] => 
    [SERVER_SOFTWARE] => Apache
    [SSL_TLS_SNI] => my.medical-tribune.de
    [UNIQUE_ID] => X0vWbvw2zgfNkYqy9XvZNQAAAEI
    [PHP_SELF] => /register.php
    [REQUEST_TIME_FLOAT] => 1598805614.5787
    [REQUEST_TIME] => 1598805614
)

30-08-2020 : ebockhacker@web.de,Array
(
    [CONTENT_LENGTH] => 3143
    [CONTENT_TYPE] => multipart/form-data; boundary=---------------------------26197599464720231602124616950
    [CONTEXT_DOCUMENT_ROOT] => /home/mtde/public_html/my
    [CONTEXT_PREFIX] => 
    [DOCUMENT_ROOT] => /home/mtde/public_html/my
    [GATEWAY_INTERFACE] => CGI/1.1
    [HTTPS] => on
    [HTTP_ACCEPT] => text/html,application/xhtml+xml,application/xml;q=0.9,image/webp,*/*;q=0.8
    [HTTP_ACCEPT_ENCODING] => gzip, deflate, br
    [HTTP_ACCEPT_LANGUAGE] => de,en-US;q=0.7,en;q=0.3
    [HTTP_CONNECTION] => keep-alive
    [HTTP_COOKIE] => PHPSESSID=buivtmos4tl8sjjhghr3of63l6
    [HTTP_HOST] => my.medical-tribune.de
    [HTTP_ORIGIN] => https://my.medical-tribune.de
    [HTTP_REFERER] => https://my.medical-tribune.de/register.php?mode=1
    [HTTP_UPGRADE_INSECURE_REQUESTS] => 1
    [HTTP_USER_AGENT] => Mozilla/5.0 (Windows NT 10.0; Win64; x64; rv:80.0) Gecko/20100101 Firefox/80.0
    [PATH] => /bin:/usr/bin
    [QUERY_STRING] => mode=1
    [REDIRECT_STATUS] => 200
    [REMOTE_ADDR] => 109.192.162.12
    [REMOTE_PORT] => 50950
    [REQUEST_METHOD] => POST
    [REQUEST_SCHEME] => https
    [REQUEST_URI] => /register.php?mode=1
    [SCRIPT_FILENAME] => /home/mtde/public_html/my/register.php
    [SCRIPT_NAME] => /register.php
    [SERVER_ADDR] => 46.232.181.187
    [SERVER_ADMIN] => webmaster@my.medical-tribune.de
    [SERVER_NAME] => my.medical-tribune.de
    [SERVER_PORT] => 443
    [SERVER_PROTOCOL] => HTTP/1.1
    [SERVER_SIGNATURE] => 
    [SERVER_SOFTWARE] => Apache
    [SSL_TLS_SNI] => my.medical-tribune.de
    [UNIQUE_ID] => X0vadYORB84OIFUXug3kugAAAIA
    [PHP_SELF] => /register.php
    [REQUEST_TIME_FLOAT] => 1598806645.6286
    [REQUEST_TIME] => 1598806645
)

30-08-2020 : hondablue@web.de,Array
(
    [CONTENT_LENGTH] => 2723
    [CONTENT_TYPE] => multipart/form-data; boundary=----WebKitFormBoundary5P3xshfq0hZWXwll
    [CONTEXT_DOCUMENT_ROOT] => /home/mtde/public_html/my
    [CONTEXT_PREFIX] => 
    [DOCUMENT_ROOT] => /home/mtde/public_html/my
    [GATEWAY_INTERFACE] => CGI/1.1
    [HTTPS] => on
    [HTTP_ACCEPT] => text/html,application/xhtml+xml,application/xml;q=0.9,image/webp,image/apng,*/*;q=0.8,application/signed-exchange;v=b3;q=0.9
    [HTTP_ACCEPT_ENCODING] => gzip, deflate, br
    [HTTP_ACCEPT_LANGUAGE] => de,de-DE;q=0.9,en;q=0.8,en-GB;q=0.7,en-US;q=0.6
    [HTTP_CACHE_CONTROL] => max-age=0
    [HTTP_CONNECTION] => keep-alive
    [HTTP_COOKIE] => _ga=GA1.2.2060569154.1598806503; _gid=GA1.2.56684442.1598806503; consentUUID=80a12b7b-95ee-4ae2-9707-65671ae3dda8; euconsent-v2=CO49oMpO49oMpAGABCENA1CgAP_AAH_AAAYgGVtf_X9fb2_j-_5999t0eY1f9_63t-wzjgeNs-8NyZ_X_J4Xr2MyvB34pqYKmR4EunLBAQdlHGHcTQgAwIkFqTLsYk2MizNKJ7JEilMbc2dYGG1vn8XT_ZCY70-_f__7v3-_-___6oGUEEGAAKAQBCWAAIEihEIQAIQxIAIAACihEAgEkACRQALI4COUACABAYgIQIAQAgoAYBAAIAAElAQAgAAIBQARAIAAQADAEAACAAEFgBIiAAACoEhAARABKBAQUAAQcggQFQBBACBASGQGAAKAAqACGAEwALgAjgBSADLAGoAOIAfgBGACOAFLAKuAVsA3gCYgE2AKbAWiAwIBh4DIhgAUAbQA8ACxAGyAR6IgOgAqACsAFwAQwApABkADLAGoANkAcQA_ACMAEiAKWAVcA1gB8gENgIvASIAmwBOwChwFIgLkAYEAwkBh4DJxIAIABwA5xAAEA3gSCKAAgABcAFAAVAAyABwADwAIAARAAqAB4AD6AIYAiABMgCqAKwAWAAuABvADmAHoAQ0AiACJAEsAJoAUoAwwBkADLAGoANkAcQA7wB7AD4gH2AfoBGACRAFLAL8AYQAxQBrADaAG4AN4AegA-QCGwEVAIvASIAmIBMoCbAE7AKRAU2ArABYoC2AFyALvAYEAwYBhIDDQGHgMiAZIAycKABAUSGgQAAqACsAFwAQwApABkADLAGkANQAbIA4gB-AEYAKWAVeAtAC0gGsAN4AfIBDYCLwEiAJsATsAocBSIC5AGBAMJAYeAxgBk4cACAA4MAEANkAdQBfQDIxUBkACgAKgAhgBMAC4AI4AUgAywBqADiAH4ARgAjgBSwCrwFoAWkA3gCQQExAJsAU2AuQBgQDDwGRCgAgA2gB4AI9AX0OgigALgAoACoAFwAMgAcABAACIAGIAPoAhgCIAEyAKoArABYAC4AGIAMwAbwA5gB6AEMAIgASwAmABNQCjAKUAZAAyoBogGkANQAbMA3wDgAHEAO8Ae0A-wD8AIwAWKAtAC0gFzALyAX4AwgBigDcQHTAdQA9ACGwERAIvASCAkQBNgCdoFNAU2AqwBYsC2ALZAXAAuQBdoC7wGEgMNAYeAxIBjADHgGSAMnIQKwAFgAUAAyACIAGIAQwAmABVAC4AGYAN4AegBHACkAGUANQAb4A4gB3gD8AIGARgAocBaAFpAL8AYQAxQB1AD0AJBASIAmyBTQFNgLFAWjAtgC2gFwALkAXaAw8BiQDIgGTkoEYACAAFgAUAAuABkADgAMQAiABMACqAFwAMQAZgA2gCGgEQARMApAClAGUANIAbIA7wB-AEYgLQAtIBigDcAHUAReAkQBNgCxQF2gMPAZEAycpA1AAXABQAFQALgAZAA4ACAAGMAQwBEACYAFIAKoAWAAuABiADMAHMAQwAiIBRgFKAMqAaIBpADZAHEAO-AfYB-AEYAI4AUMArYBeQDCAG0ANwAdQA9ACLwEiAJsATtApoCmwFbALFAWwAuABcgC7QGGgMPAYkAxgBkQDJAGTlQAIAPigAEAeA.YAAAAAAAAAAA; PHPSESSID=tca7st0r5hsns33httpqi6iqm6
    [HTTP_HOST] => my.medical-tribune.de
    [HTTP_ORIGIN] => https://my.medical-tribune.de
    [HTTP_REFERER] => https://my.medical-tribune.de/register.php?mode=1
    [HTTP_SEC_FETCH_DEST] => iframe
    [HTTP_SEC_FETCH_MODE] => navigate
    [HTTP_SEC_FETCH_SITE] => same-origin
    [HTTP_SEC_FETCH_USER] => ?1
    [HTTP_UPGRADE_INSECURE_REQUESTS] => 1
    [HTTP_USER_AGENT] => Mozilla/5.0 (Windows NT 10.0; Win64; x64) AppleWebKit/537.36 (KHTML, like Gecko) Chrome/85.0.4183.83 Safari/537.36 Edg/85.0.564.41
    [PATH] => /bin:/usr/bin
    [QUERY_STRING] => mode=1
    [REDIRECT_STATUS] => 200
    [REMOTE_ADDR] => 84.134.189.33
    [REMOTE_PORT] => 53899
    [REQUEST_METHOD] => POST
    [REQUEST_SCHEME] => https
    [REQUEST_URI] => /register.php?mode=1
    [SCRIPT_FILENAME] => /home/mtde/public_html/my/register.php
    [SCRIPT_NAME] => /register.php
    [SERVER_ADDR] => 46.232.181.187
    [SERVER_ADMIN] => webmaster@my.medical-tribune.de
    [SERVER_NAME] => my.medical-tribune.de
    [SERVER_PORT] => 443
    [SERVER_PROTOCOL] => HTTP/1.1
    [SERVER_SIGNATURE] => 
    [SERVER_SOFTWARE] => Apache
    [SSL_TLS_SNI] => my.medical-tribune.de
    [UNIQUE_ID] => X0veyTfJMb-Bykd24NjqJwAAAVc
    [PHP_SELF] => /register.php
    [REQUEST_TIME_FLOAT] => 1598807753.7617
    [REQUEST_TIME] => 1598807753
)

30-08-2020 : irawindelen@web.de,Array
(
    [CONTENT_LENGTH] => 3120
    [CONTENT_TYPE] => multipart/form-data; boundary=----WebKitFormBoundarywbJAnsyektmgPL48
    [CONTEXT_DOCUMENT_ROOT] => /home/mtde/public_html/my
    [CONTEXT_PREFIX] => 
    [DOCUMENT_ROOT] => /home/mtde/public_html/my
    [GATEWAY_INTERFACE] => CGI/1.1
    [HTTPS] => on
    [HTTP_ACCEPT] => text/html,application/xhtml+xml,application/xml;q=0.9,*/*;q=0.8
    [HTTP_ACCEPT_ENCODING] => gzip, deflate, br
    [HTTP_ACCEPT_LANGUAGE] => de-de
    [HTTP_CONNECTION] => keep-alive
    [HTTP_COOKIE] => PHPSESSID=2pkb2g7k0kk8lk3hbqhn6a0g52; _ga=GA1.2.666453150.1598813091; _gid=GA1.2.1526280952.1598813091; consentUUID=478b367a-3cc7-4412-915c-57aee323cd13; euconsent-v2=CO494R-O494R-AGABCENA1CgAP_AAH_AAAYgGVtf_X9fb2_j-_5999t0eY1f9_63t-wzjgeNs-8NyZ_X_J4Xr2MyvB34pqYKmR4EunLBAQdlHGHcTQgAwIkFqTLsYk2MizNKJ7JEilMbc2dYGG1vn8XT_ZCY70-_f__7v3-_-___6oGUEEGAAKAQBCWAAIEihEIQAIQxIAIAACihEAgEkACRQALI4COUACABAYgIQIAQAgoAYBAAIAAElAQAgAAIBQARAIAAQADAEAACAAEFgBIiAAACoEhAARABKBAQUAAQcggQFQBBACBASGQGAAKAAqACGAEwALgAjgBSADLAGoAOIAfgBGACOAFLAKuAVsA3gCYgE2AKbAWiAwIBh4DIhgAUAbQA8ACxAGyAR6IgOgAqACsAFwAQwApABkADLAGoANkAcQA_ACMAEiAKWAVcA1gB8gENgIvASIAmwBOwChwFIgLkAYEAwkBh4DJxIAIABwA5xAAEA3gSCKAAgABcAFAAVAAyABwADwAIAARAAqAB4AD6AIYAiABMgCqAKwAWAAuABvADmAHoAQ0AiACJAEsAJoAUoAwwBkADLAGoANkAcQA7wB7AD4gH2AfoBGACRAFLAL8AYQAxQBrADaAG4AN4AegA-QCGwEVAIvASIAmIBMoCbAE7AKRAU2ArABYoC2AFyALvAYEAwYBhIDDQGHgMiAZIAycKABAUSGgQAAqACsAFwAQwApABkADLAGkANQAbIA4gB-AEYAKWAVeAtAC0gGsAN4AfIBDYCLwEiAJsATsAocBSIC5AGBAMJAYeAxgBk4cACAA4MAEANkAdQBfQDIxUBkACgAKgAhgBMAC4AI4AUgAywBqADiAH4ARgAjgBSwCrwFoAWkA3gCQQExAJsAU2AuQBgQDDwGRCgAgA2gB4AI9AX0OgigALgAoACoAFwAMgAcABAACIAGIAPoAhgCIAEyAKoArABYAC4AGIAMwAbwA5gB6AEMAIgASwAmABNQCjAKUAZAAyoBogGkANQAbMA3wDgAHEAO8Ae0A-wD8AIwAWKAtAC0gFzALyAX4AwgBigDcQHTAdQA9ACGwERAIvASCAkQBNgCdoFNAU2AqwBYsC2ALZAXAAuQBdoC7wGEgMNAYeAxIBjADHgGSAMnIQKwAFgAUAAyACIAGIAQwAmABVAC4AGYAN4AegBHACkAGUANQAb4A4gB3gD8AIGARgAocBaAFpAL8AYQAxQB1AD0AJBASIAmyBTQFNgLFAWjAtgC2gFwALkAXaAw8BiQDIgGTkoEYACAAFgAUAAuABkADgAMQAiABMACqAFwAMQAZgA2gCGgEQARMApAClAGUANIAbIA7wB-AEYgLQAtIBigDcAHUAReAkQBNgCxQF2gMPAZEAycpA1AAXABQAFQALgAZAA4ACAAGMAQwBEACYAFIAKoAWAAuABiADMAHMAQwAiIBRgFKAMqAaIBpADZAHEAO-AfYB-AEYAI4AUMArYBeQDCAG0ANwAdQA9ACLwEiAJsATtApoCmwFbALFAWwAuABcgC7QGGgMPAYkAxgBkQDJAGTlQAIAPigAEAeA.YAAAAAAAAAAA
    [HTTP_HOST] => my.medical-tribune.de
    [HTTP_ORIGIN] => https://my.medical-tribune.de
    [HTTP_REFERER] => https://my.medical-tribune.de/register.php?mode=1
    [HTTP_USER_AGENT] => Mozilla/5.0 (iPhone; CPU iPhone OS 13_6 like Mac OS X) AppleWebKit/605.1.15 (KHTML, like Gecko) GSA/114.0.318129667 Mobile/15E148 Safari/604.1
    [PATH] => /bin:/usr/bin
    [QUERY_STRING] => mode=1
    [REDIRECT_STATUS] => 200
    [REMOTE_ADDR] => 178.200.236.1
    [REMOTE_PORT] => 58157
    [REQUEST_METHOD] => POST
    [REQUEST_SCHEME] => https
    [REQUEST_URI] => /register.php?mode=1
    [SCRIPT_FILENAME] => /home/mtde/public_html/my/register.php
    [SCRIPT_NAME] => /register.php
    [SERVER_ADDR] => 46.232.181.187
    [SERVER_ADMIN] => webmaster@my.medical-tribune.de
    [SERVER_NAME] => my.medical-tribune.de
    [SERVER_PORT] => 443
    [SERVER_PROTOCOL] => HTTP/1.1
    [SERVER_SIGNATURE] => 
    [SERVER_SOFTWARE] => Apache
    [SSL_TLS_SNI] => my.medical-tribune.de
    [UNIQUE_ID] => X0v23M5nw3tc1mAsEMB8AQAAAME
    [PHP_SELF] => /register.php
    [REQUEST_TIME_FLOAT] => 1598813916.8278
    [REQUEST_TIME] => 1598813916
)

30-08-2020 : andreaboegel@gmx.de,Array
(
    [CONTENT_LENGTH] => 3761
    [CONTENT_TYPE] => multipart/form-data; boundary=---------------------------127161561225945590133666530142
    [CONTEXT_DOCUMENT_ROOT] => /home/mtde/public_html/my
    [CONTEXT_PREFIX] => 
    [DOCUMENT_ROOT] => /home/mtde/public_html/my
    [GATEWAY_INTERFACE] => CGI/1.1
    [HTTPS] => on
    [HTTP_ACCEPT] => text/html,application/xhtml+xml,application/xml;q=0.9,image/webp,*/*;q=0.8
    [HTTP_ACCEPT_ENCODING] => gzip, deflate, br
    [HTTP_ACCEPT_LANGUAGE] => de,en;q=0.5
    [HTTP_CONNECTION] => keep-alive
    [HTTP_COOKIE] => consentUUID=468d2c5b-dc97-4066-ab12-2294116bba70; _ga=GA1.2.1504937743.1598808941; _gid=GA1.2.183035662.1598808941; euconsent-v2=CO49vK9O49vK9AGABCENA1CgAP_AAH_AAAYgGVtf_X9fb2_j-_5999t0eY1f9_63t-wzjgeNs-8NyZ_X_J4Xr2MyvB34pqYKmR4EunLBAQdlHGHcTQgAwIkFqTLsYk2MizNKJ7JEilMbc2dYGG1vn8XT_ZCY70-_f__7v3-_-___6oGUEEGAAKAQBCWAAIEihEIQAIQxIAIAACihEAgEkACRQALI4COUACABAYgIQIAQAgoAYBAAIAAElAQAgAAIBQARAIAAQADAEAACAAEFgBIiAAACoEhAARABKBAQUAAQcggQFQBBACBASGQGAAKAAqACGAEwALgAjgBSADLAGoAOIAfgBGACOAFLAKuAVsA3gCYgE2AKbAWiAwIBh4DIhgAUAbQA8ACxAGyAR6IgOgAqACsAFwAQwApABkADLAGoANkAcQA_ACMAEiAKWAVcA1gB8gENgIvASIAmwBOwChwFIgLkAYEAwkBh4DJxIAIABwA5xAAEA3gSCKAAgABcAFAAVAAyABwADwAIAARAAqAB4AD6AIYAiABMgCqAKwAWAAuABvADmAHoAQ0AiACJAEsAJoAUoAwwBkADLAGoANkAcQA7wB7AD4gH2AfoBGACRAFLAL8AYQAxQBrADaAG4AN4AegA-QCGwEVAIvASIAmIBMoCbAE7AKRAU2ArABYoC2AFyALvAYEAwYBhIDDQGHgMiAZIAycKABAUSGgQAAqACsAFwAQwApABkADLAGkANQAbIA4gB-AEYAKWAVeAtAC0gGsAN4AfIBDYCLwEiAJsATsAocBSIC5AGBAMJAYeAxgBk4cACAA4MAEANkAdQBfQDIxUBkACgAKgAhgBMAC4AI4AUgAywBqADiAH4ARgAjgBSwCrwFoAWkA3gCQQExAJsAU2AuQBgQDDwGRCgAgA2gB4AI9AX0OgigALgAoACoAFwAMgAcABAACIAGIAPoAhgCIAEyAKoArABYAC4AGIAMwAbwA5gB6AEMAIgASwAmABNQCjAKUAZAAyoBogGkANQAbMA3wDgAHEAO8Ae0A-wD8AIwAWKAtAC0gFzALyAX4AwgBigDcQHTAdQA9ACGwERAIvASCAkQBNgCdoFNAU2AqwBYsC2ALZAXAAuQBdoC7wGEgMNAYeAxIBjADHgGSAMnIQKwAFgAUAAyACIAGIAQwAmABVAC4AGYAN4AegBHACkAGUANQAb4A4gB3gD8AIGARgAocBaAFpAL8AYQAxQB1AD0AJBASIAmyBTQFNgLFAWjAtgC2gFwALkAXaAw8BiQDIgGTkoEYACAAFgAUAAuABkADgAMQAiABMACqAFwAMQAZgA2gCGgEQARMApAClAGUANIAbIA7wB-AEYgLQAtIBigDcAHUAReAkQBNgCxQF2gMPAZEAycpA1AAXABQAFQALgAZAA4ACAAGMAQwBEACYAFIAKoAWAAuABiADMAHMAQwAiIBRgFKAMqAaIBpADZAHEAO-AfYB-AEYAI4AUMArYBeQDCAG0ANwAdQA9ACLwEiAJsATtApoCmwFbALFAWwAuABcgC7QGGgMPAYkAxgBkQDJAGTlQAIAPigAEAeA.YAAAAAAAAAAA; PHPSESSID=t9me2da47a8n3pu22ibdktg3r5
    [HTTP_DNT] => 1
    [HTTP_HOST] => my.medical-tribune.de
    [HTTP_ORIGIN] => https://my.medical-tribune.de
    [HTTP_REFERER] => https://my.medical-tribune.de/register.php?mode=1
    [HTTP_UPGRADE_INSECURE_REQUESTS] => 1
    [HTTP_USER_AGENT] => Mozilla/5.0 (X11; Linux x86_64; rv:79.0) Gecko/20100101 Firefox/79.0
    [PATH] => /bin:/usr/bin
    [QUERY_STRING] => mode=1
    [REDIRECT_STATUS] => 200
    [REMOTE_ADDR] => 109.91.206.164
    [REMOTE_PORT] => 39506
    [REQUEST_METHOD] => POST
    [REQUEST_SCHEME] => https
    [REQUEST_URI] => /register.php?mode=1
    [SCRIPT_FILENAME] => /home/mtde/public_html/my/register.php
    [SCRIPT_NAME] => /register.php
    [SERVER_ADDR] => 46.232.181.187
    [SERVER_ADMIN] => webmaster@my.medical-tribune.de
    [SERVER_NAME] => my.medical-tribune.de
    [SERVER_PORT] => 443
    [SERVER_PROTOCOL] => HTTP/1.1
    [SERVER_SIGNATURE] => 
    [SERVER_SOFTWARE] => Apache
    [SSL_TLS_SNI] => my.medical-tribune.de
    [UNIQUE_ID] => X0v@fB3PaihpAyI6OukPIQAAAAc
    [PHP_SELF] => /register.php
    [REQUEST_TIME_FLOAT] => 1598815868.0697
    [REQUEST_TIME] => 1598815868
)

30-08-2020 : jonaslemp@gmx.de,Array
(
    [CONTENT_LENGTH] => 3167
    [CONTENT_TYPE] => multipart/form-data; boundary=----WebKitFormBoundaryaVxZze8vfgotmb8y
    [CONTEXT_DOCUMENT_ROOT] => /home/mtde/public_html/my
    [CONTEXT_PREFIX] => 
    [DOCUMENT_ROOT] => /home/mtde/public_html/my
    [GATEWAY_INTERFACE] => CGI/1.1
    [HTTPS] => on
    [HTTP_ACCEPT] => text/html,application/xhtml+xml,application/xml;q=0.9,image/webp,image/apng,*/*;q=0.8,application/signed-exchange;v=b3;q=0.9
    [HTTP_ACCEPT_ENCODING] => gzip, deflate, br
    [HTTP_ACCEPT_LANGUAGE] => de-DE,de;q=0.9,en-US;q=0.8,en;q=0.7
    [HTTP_CACHE_CONTROL] => max-age=0
    [HTTP_CONNECTION] => keep-alive
    [HTTP_COOKIE] => _ga=GA1.2.431007871.1598816618; _gid=GA1.2.950745287.1598816618; consentUUID=d6a9e9d3-a4f3-4616-ae3b-4a42819c343b; euconsent-v2=CO4-A5HO4-A5HAGABCENA1CgAP_AAH_AAAYgGVtf_X9fb2_j-_5999t0eY1f9_63t-wzjgeNs-8NyZ_X_J4Xr2MyvB34pqYKmR4EunLBAQdlHGHcTQgAwIkFqTLsYk2MizNKJ7JEilMbc2dYGG1vn8XT_ZCY70-_f__7v3-_-___6oGUEEGAAKAQBCWAAIEihEIQAIQxIAIAACihEAgEkACRQALI4COUACABAYgIQIAQAgoAYBAAIAAElAQAgAAIBQARAIAAQADAEAACAAEFgBIiAAACoEhAARABKBAQUAAQcggQFQBBACBASGQGAAKAAqACGAEwALgAjgBSADLAGoAOIAfgBGACOAFLAKuAVsA3gCYgE2AKbAWiAwIBh4DIhgAUAbQA8ACxAGyAR6IgOgAqACsAFwAQwApABkADLAGoANkAcQA_ACMAEiAKWAVcA1gB8gENgIvASIAmwBOwChwFIgLkAYEAwkBh4DJxIAIABwA5xAAEA3gSCKAAgABcAFAAVAAyABwADwAIAARAAqAB4AD6AIYAiABMgCqAKwAWAAuABvADmAHoAQ0AiACJAEsAJoAUoAwwBkADLAGoANkAcQA7wB7AD4gH2AfoBGACRAFLAL8AYQAxQBrADaAG4AN4AegA-QCGwEVAIvASIAmIBMoCbAE7AKRAU2ArABYoC2AFyALvAYEAwYBhIDDQGHgMiAZIAycKABAUSGgQAAqACsAFwAQwApABkADLAGkANQAbIA4gB-AEYAKWAVeAtAC0gGsAN4AfIBDYCLwEiAJsATsAocBSIC5AGBAMJAYeAxgBk4cACAA4MAEANkAdQBfQDIxUBkACgAKgAhgBMAC4AI4AUgAywBqADiAH4ARgAjgBSwCrwFoAWkA3gCQQExAJsAU2AuQBgQDDwGRCgAgA2gB4AI9AX0OgigALgAoACoAFwAMgAcABAACIAGIAPoAhgCIAEyAKoArABYAC4AGIAMwAbwA5gB6AEMAIgASwAmABNQCjAKUAZAAyoBogGkANQAbMA3wDgAHEAO8Ae0A-wD8AIwAWKAtAC0gFzALyAX4AwgBigDcQHTAdQA9ACGwERAIvASCAkQBNgCdoFNAU2AqwBYsC2ALZAXAAuQBdoC7wGEgMNAYeAxIBjADHgGSAMnIQKwAFgAUAAyACIAGIAQwAmABVAC4AGYAN4AegBHACkAGUANQAb4A4gB3gD8AIGARgAocBaAFpAL8AYQAxQB1AD0AJBASIAmyBTQFNgLFAWjAtgC2gFwALkAXaAw8BiQDIgGTkoEYACAAFgAUAAuABkADgAMQAiABMACqAFwAMQAZgA2gCGgEQARMApAClAGUANIAbIA7wB-AEYgLQAtIBigDcAHUAReAkQBNgCxQF2gMPAZEAycpA1AAXABQAFQALgAZAA4ACAAGMAQwBEACYAFIAKoAWAAuABiADMAHMAQwAiIBRgFKAMqAaIBpADZAHEAO-AfYB-AEYAI4AUMArYBeQDCAG0ANwAdQA9ACLwEiAJsATtApoCmwFbALFAWwAuABcgC7QGGgMPAYkAxgBkQDJAGTlQAIAPigAEAeA.YAAAAAAAAAAA; PHPSESSID=8qkgoqgv9ts0j4umgkqhcd8c20
    [HTTP_HOST] => my.medical-tribune.de
    [HTTP_ORIGIN] => https://my.medical-tribune.de
    [HTTP_REFERER] => https://my.medical-tribune.de/register.php?mode=1
    [HTTP_SEC_FETCH_DEST] => iframe
    [HTTP_SEC_FETCH_MODE] => navigate
    [HTTP_SEC_FETCH_SITE] => same-origin
    [HTTP_SEC_FETCH_USER] => ?1
    [HTTP_UPGRADE_INSECURE_REQUESTS] => 1
    [HTTP_USER_AGENT] => Mozilla/5.0 (Linux; Android 10; SM-G973F) AppleWebKit/537.36 (KHTML, like Gecko) Chrome/85.0.4183.81 Mobile Safari/537.36
    [PATH] => /bin:/usr/bin
    [QUERY_STRING] => mode=1
    [REDIRECT_STATUS] => 200
    [REMOTE_ADDR] => 178.200.115.116
    [REMOTE_PORT] => 58454
    [REQUEST_METHOD] => POST
    [REQUEST_SCHEME] => https
    [REQUEST_URI] => /register.php?mode=1
    [SCRIPT_FILENAME] => /home/mtde/public_html/my/register.php
    [SCRIPT_NAME] => /register.php
    [SERVER_ADDR] => 46.232.181.187
    [SERVER_ADMIN] => webmaster@my.medical-tribune.de
    [SERVER_NAME] => my.medical-tribune.de
    [SERVER_PORT] => 443
    [SERVER_PROTOCOL] => HTTP/1.1
    [SERVER_SIGNATURE] => 
    [SERVER_SOFTWARE] => Apache
    [SSL_TLS_SNI] => my.medical-tribune.de
    [UNIQUE_ID] => X0wCYrkRGhOqE6gvPrXcuwAAAQU
    [PHP_SELF] => /register.php
    [REQUEST_TIME_FLOAT] => 1598816866.2132
    [REQUEST_TIME] => 1598816866
)

30-08-2020 : chickenpox@web.de,Array
(
    [CONTENT_LENGTH] => 3264
    [CONTENT_TYPE] => multipart/form-data; boundary=----WebKitFormBoundarymnnBdfCYrwXJBC3F
    [CONTEXT_DOCUMENT_ROOT] => /home/mtde/public_html/my
    [CONTEXT_PREFIX] => 
    [DOCUMENT_ROOT] => /home/mtde/public_html/my
    [GATEWAY_INTERFACE] => CGI/1.1
    [HTTPS] => on
    [HTTP_ACCEPT] => text/html,application/xhtml+xml,application/xml;q=0.9,image/webp,image/apng,*/*;q=0.8,application/signed-exchange;v=b3;q=0.9
    [HTTP_ACCEPT_ENCODING] => gzip, deflate, br
    [HTTP_ACCEPT_LANGUAGE] => de-DE,de;q=0.9,en-US;q=0.8,en;q=0.7
    [HTTP_CACHE_CONTROL] => max-age=0
    [HTTP_CONNECTION] => keep-alive
    [HTTP_COOKIE] => _ga=GA1.2.1053668218.1598817037; _gid=GA1.2.1302221267.1598817037; consentUUID=233c4ccf-44f0-464e-af59-e96813ce7afa; euconsent-v2=CO4-CXFO4-CXFAGABCENA1CgAP_AAH_AAAYgGVtf_X9fb2_j-_5999t0eY1f9_63t-wzjgeNs-8NyZ_X_J4Xr2MyvB34pqYKmR4EunLBAQdlHGHcTQgAwIkFqTLsYk2MizNKJ7JEilMbc2dYGG1vn8XT_ZCY70-_f__7v3-_-___6oGUEEGAAKAQBCWAAIEihEIQAIQxIAIAACihEAgEkACRQALI4COUACABAYgIQIAQAgoAYBAAIAAElAQAgAAIBQARAIAAQADAEAACAAEFgBIiAAACoEhAARABKBAQUAAQcggQFQBBACBASGQGAAKAAqACGAEwALgAjgBSADLAGoAOIAfgBGACOAFLAKuAVsA3gCYgE2AKbAWiAwIBh4DIhgAUAbQA8ACxAGyAR6IgOgAqACsAFwAQwApABkADLAGoANkAcQA_ACMAEiAKWAVcA1gB8gENgIvASIAmwBOwChwFIgLkAYEAwkBh4DJxIAIABwA5xAAEA3gSCKAAgABcAFAAVAAyABwADwAIAARAAqAB4AD6AIYAiABMgCqAKwAWAAuABvADmAHoAQ0AiACJAEsAJoAUoAwwBkADLAGoANkAcQA7wB7AD4gH2AfoBGACRAFLAL8AYQAxQBrADaAG4AN4AegA-QCGwEVAIvASIAmIBMoCbAE7AKRAU2ArABYoC2AFyALvAYEAwYBhIDDQGHgMiAZIAycKABAUSGgQAAqACsAFwAQwApABkADLAGkANQAbIA4gB-AEYAKWAVeAtAC0gGsAN4AfIBDYCLwEiAJsATsAocBSIC5AGBAMJAYeAxgBk4cACAA4MAEANkAdQBfQDIxUBkACgAKgAhgBMAC4AI4AUgAywBqADiAH4ARgAjgBSwCrwFoAWkA3gCQQExAJsAU2AuQBgQDDwGRCgAgA2gB4AI9AX0OgigALgAoACoAFwAMgAcABAACIAGIAPoAhgCIAEyAKoArABYAC4AGIAMwAbwA5gB6AEMAIgASwAmABNQCjAKUAZAAyoBogGkANQAbMA3wDgAHEAO8Ae0A-wD8AIwAWKAtAC0gFzALyAX4AwgBigDcQHTAdQA9ACGwERAIvASCAkQBNgCdoFNAU2AqwBYsC2ALZAXAAuQBdoC7wGEgMNAYeAxIBjADHgGSAMnIQKwAFgAUAAyACIAGIAQwAmABVAC4AGYAN4AegBHACkAGUANQAb4A4gB3gD8AIGARgAocBaAFpAL8AYQAxQB1AD0AJBASIAmyBTQFNgLFAWjAtgC2gFwALkAXaAw8BiQDIgGTkoEYACAAFgAUAAuABkADgAMQAiABMACqAFwAMQAZgA2gCGgEQARMApAClAGUANIAbIA7wB-AEYgLQAtIBigDcAHUAReAkQBNgCxQF2gMPAZEAycpA1AAXABQAFQALgAZAA4ACAAGMAQwBEACYAFIAKoAWAAuABiADMAHMAQwAiIBRgFKAMqAaIBpADZAHEAO-AfYB-AEYAI4AUMArYBeQDCAG0ANwAdQA9ACLwEiAJsATtApoCmwFbALFAWwAuABcgC7QGGgMPAYkAxgBkQDJAGTlQAIAPigAEAeA.YAAAAAAAAAAA; PHPSESSID=22pud1hghvof5f65unalcrl2e2
    [HTTP_HOST] => my.medical-tribune.de
    [HTTP_ORIGIN] => https://my.medical-tribune.de
    [HTTP_REFERER] => https://my.medical-tribune.de/register.php?mode=1
    [HTTP_SAVE_DATA] => on
    [HTTP_SEC_FETCH_DEST] => iframe
    [HTTP_SEC_FETCH_MODE] => navigate
    [HTTP_SEC_FETCH_SITE] => same-origin
    [HTTP_SEC_FETCH_USER] => ?1
    [HTTP_UPGRADE_INSECURE_REQUESTS] => 1
    [HTTP_USER_AGENT] => Mozilla/5.0 (Linux; Android 8.0.0; PIC-LX9) AppleWebKit/537.36 (KHTML, like Gecko) Chrome/84.0.4147.125 Mobile Safari/537.36
    [PATH] => /bin:/usr/bin
    [QUERY_STRING] => mode=1
    [REDIRECT_STATUS] => 200
    [REMOTE_ADDR] => 62.157.34.29
    [REMOTE_PORT] => 53870
    [REQUEST_METHOD] => POST
    [REQUEST_SCHEME] => https
    [REQUEST_URI] => /register.php?mode=1
    [SCRIPT_FILENAME] => /home/mtde/public_html/my/register.php
    [SCRIPT_NAME] => /register.php
    [SERVER_ADDR] => 46.232.181.187
    [SERVER_ADMIN] => webmaster@my.medical-tribune.de
    [SERVER_NAME] => my.medical-tribune.de
    [SERVER_PORT] => 443
    [SERVER_PROTOCOL] => HTTP/1.1
    [SERVER_SIGNATURE] => 
    [SERVER_SOFTWARE] => Apache
    [SSL_TLS_SNI] => my.medical-tribune.de
    [UNIQUE_ID] => X0wGBc5nw3tc1mAsEMCFywAAANQ
    [PHP_SELF] => /register.php
    [REQUEST_TIME_FLOAT] => 1598817797.764
    [REQUEST_TIME] => 1598817797
)

