27-01-2020 : ruthjust@web.de,Array
(
    [CONTENT_LENGTH] => 2608
    [CONTENT_TYPE] => multipart/form-data; boundary=----WebKitFormBoundaryotFU8loBoNJpOeKU
    [CONTEXT_DOCUMENT_ROOT] => /home/mtde/public_html/my
    [CONTEXT_PREFIX] => 
    [DOCUMENT_ROOT] => /home/mtde/public_html/my
    [GATEWAY_INTERFACE] => CGI/1.1
    [HTTPS] => on
    [HTTP_ACCEPT] => text/html,application/xhtml+xml,application/xml;q=0.9,*/*;q=0.8
    [HTTP_ACCEPT_ENCODING] => br, gzip, deflate
    [HTTP_ACCEPT_LANGUAGE] => de-de
    [HTTP_CONNECTION] => keep-alive
    [HTTP_COOKIE] => PHPSESSID=ia06rtk7vki20cfaeieoms83p2; _gid=GA1.2.1384819974.1580109068; _ga=GA1.2.489764924.1580109068
    [HTTP_HOST] => my.medical-tribune.de
    [HTTP_ORIGIN] => https://my.medical-tribune.de
    [HTTP_REFERER] => https://my.medical-tribune.de/register.php?mode=1
    [HTTP_USER_AGENT] => Mozilla/5.0 (Macintosh; Intel Mac OS X 10_13_6) AppleWebKit/605.1.15 (KHTML, like Gecko) Version/13.0.4 Safari/605.1.15
    [PATH] => /bin:/usr/bin
    [QUERY_STRING] => mode=1
    [REDIRECT_STATUS] => 200
    [REMOTE_ADDR] => 92.219.63.116
    [REMOTE_PORT] => 59256
    [REQUEST_METHOD] => POST
    [REQUEST_SCHEME] => https
    [REQUEST_URI] => /register.php?mode=1
    [SCRIPT_FILENAME] => /home/mtde/public_html/my/register.php
    [SCRIPT_NAME] => /register.php
    [SERVER_ADDR] => 46.232.181.187
    [SERVER_ADMIN] => webmaster@my.medical-tribune.de
    [SERVER_NAME] => my.medical-tribune.de
    [SERVER_PORT] => 443
    [SERVER_PROTOCOL] => HTTP/1.1
    [SERVER_SIGNATURE] => 
    [SERVER_SOFTWARE] => Apache
    [SSL_TLS_SNI] => my.medical-tribune.de
    [TZ] => Europe/Zurich
    [UNIQUE_ID] => Xi6Ovjbq-AopqgIkOZDO1wAAAU8
    [PHP_SELF] => /register.php
    [REQUEST_TIME_FLOAT] => 1580109502.2721
    [REQUEST_TIME] => 1580109502
)

27-01-2020 : christine.vonalm@email.de,Array
(
    [CONTENT_LENGTH] => 3034
    [CONTENT_TYPE] => multipart/form-data; boundary=----WebKitFormBoundary5feUhffkEOlAD5Xg
    [CONTEXT_DOCUMENT_ROOT] => /home/mtde/public_html/my
    [CONTEXT_PREFIX] => 
    [DOCUMENT_ROOT] => /home/mtde/public_html/my
    [GATEWAY_INTERFACE] => CGI/1.1
    [HTTPS] => on
    [HTTP_ACCEPT] => text/html,application/xhtml+xml,application/xml;q=0.9,*/*;q=0.8
    [HTTP_ACCEPT_ENCODING] => gzip, deflate, br
    [HTTP_ACCEPT_LANGUAGE] => de-de
    [HTTP_CONNECTION] => keep-alive
    [HTTP_COOKIE] => PHPSESSID=2qer559shvke866j71375elkg3; _ga=GA1.2.1211535518.1580109490; _gid=GA1.2.501369599.1580109490
    [HTTP_HOST] => my.medical-tribune.de
    [HTTP_ORIGIN] => https://my.medical-tribune.de
    [HTTP_REFERER] => https://my.medical-tribune.de/register.php?mode=1
    [HTTP_USER_AGENT] => Mozilla/5.0 (Macintosh; Intel Mac OS X 10_15) AppleWebKit/605.1.15 (KHTML, like Gecko) Version/13.0.4 Safari/605.1.15
    [PATH] => /bin:/usr/bin
    [QUERY_STRING] => mode=1
    [REDIRECT_STATUS] => 200
    [REMOTE_ADDR] => 95.116.182.214
    [REMOTE_PORT] => 50159
    [REQUEST_METHOD] => POST
    [REQUEST_SCHEME] => https
    [REQUEST_URI] => /register.php?mode=1
    [SCRIPT_FILENAME] => /home/mtde/public_html/my/register.php
    [SCRIPT_NAME] => /register.php
    [SERVER_ADDR] => 46.232.181.187
    [SERVER_ADMIN] => webmaster@my.medical-tribune.de
    [SERVER_NAME] => my.medical-tribune.de
    [SERVER_PORT] => 443
    [SERVER_PROTOCOL] => HTTP/1.1
    [SERVER_SIGNATURE] => 
    [SERVER_SOFTWARE] => Apache
    [SSL_TLS_SNI] => my.medical-tribune.de
    [TZ] => Europe/Zurich
    [UNIQUE_ID] => Xi6QDd6H-Vxxo@xNxn-fdAAAAJA
    [PHP_SELF] => /register.php
    [REQUEST_TIME_FLOAT] => 1580109837.7822
    [REQUEST_TIME] => 1580109837
)

27-01-2020 : graf-lisy@gmx.de,Array
(
    [CONTENT_LENGTH] => 3329
    [CONTENT_TYPE] => multipart/form-data; boundary=----WebKitFormBoundaryXZxKyTFBXiGcJmr2
    [CONTEXT_DOCUMENT_ROOT] => /home/mtde/public_html/my
    [CONTEXT_PREFIX] => 
    [DOCUMENT_ROOT] => /home/mtde/public_html/my
    [GATEWAY_INTERFACE] => CGI/1.1
    [HTTPS] => on
    [HTTP_ACCEPT] => text/html,application/xhtml+xml,application/xml;q=0.9,*/*;q=0.8
    [HTTP_ACCEPT_ENCODING] => gzip, deflate
    [HTTP_ACCEPT_LANGUAGE] => de-de
    [HTTP_CONNECTION] => keep-alive
    [HTTP_COOKIE] => PHPSESSID=j041d4ropcki0abigd22tma375; _ga=GA1.2.2045187388.1580113849; _gid=GA1.2.1175565898.1580113849
    [HTTP_DNT] => 1
    [HTTP_HOST] => my.medical-tribune.de
    [HTTP_ORIGIN] => https://my.medical-tribune.de
    [HTTP_REFERER] => https://my.medical-tribune.de/register.php?mode=1
    [HTTP_USER_AGENT] => Mozilla/5.0 (iPad; CPU OS 9_3_6 like Mac OS X) AppleWebKit/601.1.46 (KHTML, like Gecko) Version/9.0 Mobile/13G37 Safari/601.1
    [PATH] => /bin:/usr/bin
    [QUERY_STRING] => mode=1
    [REDIRECT_STATUS] => 200
    [REMOTE_ADDR] => 178.27.193.229
    [REMOTE_PORT] => 62637
    [REQUEST_METHOD] => POST
    [REQUEST_SCHEME] => https
    [REQUEST_URI] => /register.php?mode=1
    [SCRIPT_FILENAME] => /home/mtde/public_html/my/register.php
    [SCRIPT_NAME] => /register.php
    [SERVER_ADDR] => 46.232.181.187
    [SERVER_ADMIN] => webmaster@my.medical-tribune.de
    [SERVER_NAME] => my.medical-tribune.de
    [SERVER_PORT] => 443
    [SERVER_PROTOCOL] => HTTP/1.1
    [SERVER_SIGNATURE] => 
    [SERVER_SOFTWARE] => Apache
    [SSL_TLS_SNI] => my.medical-tribune.de
    [TZ] => Europe/Zurich
    [UNIQUE_ID] => Xi6iU96H-Vxxo@xNxn-vGQAAAJY
    [PHP_SELF] => /register.php
    [REQUEST_TIME_FLOAT] => 1580114515.4965
    [REQUEST_TIME] => 1580114515
)

27-01-2020 : dr.juergen.feuerstein@gmail.com,Array
(
    [CONTENT_LENGTH] => 2447
    [CONTENT_TYPE] => multipart/form-data; boundary=---------------------------7e414920301ce
    [CONTEXT_DOCUMENT_ROOT] => /home/mtde/public_html/my
    [CONTEXT_PREFIX] => 
    [DOCUMENT_ROOT] => /home/mtde/public_html/my
    [GATEWAY_INTERFACE] => CGI/1.1
    [HTTPS] => on
    [HTTP_ACCEPT] => text/html,application/xhtml+xml,application/xml;q=0.9,*/*;q=0.8
    [HTTP_ACCEPT_ENCODING] => gzip, deflate, br
    [HTTP_ACCEPT_LANGUAGE] => de-DE,de;q=0.8,en-GB;q=0.7,en;q=0.5,fr-FR;q=0.3,fr;q=0.2
    [HTTP_CACHE_CONTROL] => max-age=0
    [HTTP_CONNECTION] => Keep-Alive
    [HTTP_COOKIE] => _gid=GA1.2.1735774703.1580114531; _ga=GA1.2.512391802.1580114531; PHPSESSID=e8387hmbu5s0kopkgk1jdlere1
    [HTTP_DNT] => 1
    [HTTP_HOST] => my.medical-tribune.de
    [HTTP_REFERER] => https://my.medical-tribune.de/register.php?mode=1
    [HTTP_UPGRADE_INSECURE_REQUESTS] => 1
    [HTTP_USER_AGENT] => Mozilla/5.0 (Windows NT 10.0; Win64; x64) AppleWebKit/537.36 (KHTML, like Gecko) Chrome/70.0.3538.102 Safari/537.36 Edge/18.18363
    [PATH] => /bin:/usr/bin
    [QUERY_STRING] => mode=1
    [REDIRECT_STATUS] => 200
    [REMOTE_ADDR] => 213.144.12.187
    [REMOTE_PORT] => 29848
    [REQUEST_METHOD] => POST
    [REQUEST_SCHEME] => https
    [REQUEST_URI] => /register.php?mode=1
    [SCRIPT_FILENAME] => /home/mtde/public_html/my/register.php
    [SCRIPT_NAME] => /register.php
    [SERVER_ADDR] => 46.232.181.187
    [SERVER_ADMIN] => webmaster@my.medical-tribune.de
    [SERVER_NAME] => my.medical-tribune.de
    [SERVER_PORT] => 443
    [SERVER_PROTOCOL] => HTTP/1.1
    [SERVER_SIGNATURE] => 
    [SERVER_SOFTWARE] => Apache
    [SSL_TLS_SNI] => my.medical-tribune.de
    [TZ] => Europe/Zurich
    [UNIQUE_ID] => Xi6kzeoVyEGO@AyHlUr4pAAAABA
    [PHP_SELF] => /register.php
    [REQUEST_TIME_FLOAT] => 1580115149.4959
    [REQUEST_TIME] => 1580115149
)

27-01-2020 : barbara-schmidt@gmx.de,Array
(
    [CONTENT_LENGTH] => 3126
    [CONTENT_TYPE] => multipart/form-data; boundary=----WebKitFormBoundaryMMQ77R0tKMuFTcqd
    [CONTEXT_DOCUMENT_ROOT] => /home/mtde/public_html/my
    [CONTEXT_PREFIX] => 
    [DOCUMENT_ROOT] => /home/mtde/public_html/my
    [GATEWAY_INTERFACE] => CGI/1.1
    [HTTPS] => on
    [HTTP_ACCEPT] => text/html,application/xhtml+xml,application/xml;q=0.9,*/*;q=0.8
    [HTTP_ACCEPT_ENCODING] => br, gzip, deflate
    [HTTP_ACCEPT_LANGUAGE] => de-de
    [HTTP_CONNECTION] => keep-alive
    [HTTP_COOKIE] => PHPSESSID=fktaq8ossdtn3h60621dto2dj0; _ga=GA1.2.1162533021.1580119938; _gid=GA1.2.317419406.1580119938
    [HTTP_HOST] => my.medical-tribune.de
    [HTTP_ORIGIN] => https://my.medical-tribune.de
    [HTTP_REFERER] => https://my.medical-tribune.de/register.php?mode=1
    [HTTP_USER_AGENT] => Mozilla/5.0 (iPad; CPU OS 12_4_4 like Mac OS X) AppleWebKit/605.1.15 (KHTML, like Gecko) Version/12.1.2 Mobile/15E148 Safari/604.1
    [PATH] => /bin:/usr/bin
    [QUERY_STRING] => mode=1
    [REDIRECT_STATUS] => 200
    [REMOTE_ADDR] => 93.197.242.224
    [REMOTE_PORT] => 49423
    [REQUEST_METHOD] => POST
    [REQUEST_SCHEME] => https
    [REQUEST_URI] => /register.php?mode=1
    [SCRIPT_FILENAME] => /home/mtde/public_html/my/register.php
    [SCRIPT_NAME] => /register.php
    [SERVER_ADDR] => 46.232.181.187
    [SERVER_ADMIN] => webmaster@my.medical-tribune.de
    [SERVER_NAME] => my.medical-tribune.de
    [SERVER_PORT] => 443
    [SERVER_PROTOCOL] => HTTP/1.1
    [SERVER_SIGNATURE] => 
    [SERVER_SOFTWARE] => Apache
    [SSL_TLS_SNI] => my.medical-tribune.de
    [TZ] => Europe/Zurich
    [UNIQUE_ID] => Xi65pDO-KTdESbLOq@2LkAAAAE4
    [PHP_SELF] => /register.php
    [REQUEST_TIME_FLOAT] => 1580120484.5219
    [REQUEST_TIME] => 1580120484
)

27-01-2020 : Anja.Gerstner@web.de,Array
(
    [CONTENT_LENGTH] => 2280
    [CONTENT_TYPE] => multipart/form-data; boundary=---------------------------26561175996995
    [CONTEXT_DOCUMENT_ROOT] => /home/mtde/public_html/my
    [CONTEXT_PREFIX] => 
    [DOCUMENT_ROOT] => /home/mtde/public_html/my
    [GATEWAY_INTERFACE] => CGI/1.1
    [HTTPS] => on
    [HTTP_ACCEPT] => text/html,application/xhtml+xml,application/xml;q=0.9,image/webp,*/*;q=0.8
    [HTTP_ACCEPT_ENCODING] => gzip, deflate, br
    [HTTP_ACCEPT_LANGUAGE] => de,en-US;q=0.7,en;q=0.3
    [HTTP_CONNECTION] => keep-alive
    [HTTP_COOKIE] => _ga=GA1.2.51516648.1580119413; _gid=GA1.2.452594175.1580119413; PHPSESSID=iqf430hfisdb68i4n6hqo6b740
    [HTTP_HOST] => my.medical-tribune.de
    [HTTP_ORIGIN] => https://my.medical-tribune.de
    [HTTP_REFERER] => https://my.medical-tribune.de/register.php?mode=1
    [HTTP_UPGRADE_INSECURE_REQUESTS] => 1
    [HTTP_USER_AGENT] => Mozilla/5.0 (Windows NT 6.1; Win64; x64; rv:72.0) Gecko/20100101 Firefox/72.0
    [PATH] => /bin:/usr/bin
    [QUERY_STRING] => mode=1
    [REDIRECT_STATUS] => 200
    [REMOTE_ADDR] => 80.155.31.218
    [REMOTE_PORT] => 54467
    [REQUEST_METHOD] => POST
    [REQUEST_SCHEME] => https
    [REQUEST_URI] => /register.php?mode=1
    [SCRIPT_FILENAME] => /home/mtde/public_html/my/register.php
    [SCRIPT_NAME] => /register.php
    [SERVER_ADDR] => 46.232.181.187
    [SERVER_ADMIN] => webmaster@my.medical-tribune.de
    [SERVER_NAME] => my.medical-tribune.de
    [SERVER_PORT] => 443
    [SERVER_PROTOCOL] => HTTP/1.1
    [SERVER_SIGNATURE] => 
    [SERVER_SOFTWARE] => Apache
    [SSL_TLS_SNI] => my.medical-tribune.de
    [TZ] => Europe/Zurich
    [UNIQUE_ID] => Xi68uc9g1aNeXOlDTLHvoQAAAVA
    [PHP_SELF] => /register.php
    [REQUEST_TIME_FLOAT] => 1580121273.5676
    [REQUEST_TIME] => 1580121273
)

27-01-2020 : celine.geretschlaeger@web.de,Array
(
    [CONTENT_LENGTH] => 2312
    [CONTENT_TYPE] => multipart/form-data; boundary=---------------------------7e428bad40712
    [CONTEXT_DOCUMENT_ROOT] => /home/mtde/public_html/my
    [CONTEXT_PREFIX] => 
    [DOCUMENT_ROOT] => /home/mtde/public_html/my
    [GATEWAY_INTERFACE] => CGI/1.1
    [HTTPS] => on
    [HTTP_ACCEPT] => text/html, application/xhtml+xml, */*
    [HTTP_ACCEPT_ENCODING] => gzip, deflate
    [HTTP_ACCEPT_LANGUAGE] => de-DE
    [HTTP_CACHE_CONTROL] => no-cache
    [HTTP_CONNECTION] => Keep-Alive
    [HTTP_COOKIE] => _ga=GA1.2.346584615.1573545887; _gid=GA1.2.1512900772.1580121911; PHPSESSID=ergbl1uopj0ims055ubhpfder6
    [HTTP_HOST] => my.medical-tribune.de
    [HTTP_REFERER] => https://my.medical-tribune.de/register.php?mode=1
    [HTTP_USER_AGENT] => Mozilla/5.0 (Windows NT 6.1; WOW64; Trident/7.0; rv:11.0) like Gecko
    [PATH] => /bin:/usr/bin
    [QUERY_STRING] => mode=1
    [REDIRECT_STATUS] => 200
    [REMOTE_ADDR] => 217.111.83.126
    [REMOTE_PORT] => 37082
    [REQUEST_METHOD] => POST
    [REQUEST_SCHEME] => https
    [REQUEST_URI] => /register.php?mode=1
    [SCRIPT_FILENAME] => /home/mtde/public_html/my/register.php
    [SCRIPT_NAME] => /register.php
    [SERVER_ADDR] => 46.232.181.187
    [SERVER_ADMIN] => webmaster@my.medical-tribune.de
    [SERVER_NAME] => my.medical-tribune.de
    [SERVER_PORT] => 443
    [SERVER_PROTOCOL] => HTTP/1.1
    [SERVER_SIGNATURE] => 
    [SERVER_SOFTWARE] => Apache
    [SSL_TLS_SNI] => my.medical-tribune.de
    [TZ] => Europe/Zurich
    [UNIQUE_ID] => Xi7CQq31EDxH6gbQFIuhvAAAAI4
    [PHP_SELF] => /register.php
    [REQUEST_TIME_FLOAT] => 1580122690.3223
    [REQUEST_TIME] => 1580122690
)

27-01-2020 : sibylle.schlepp@mdk-bayern.de,Array
(
    [CONTENT_LENGTH] => 3257
    [CONTENT_TYPE] => multipart/form-data; boundary=---------------------------7e4235173d087a
    [CONTEXT_DOCUMENT_ROOT] => /home/mtde/public_html/my
    [CONTEXT_PREFIX] => 
    [DOCUMENT_ROOT] => /home/mtde/public_html/my
    [GATEWAY_INTERFACE] => CGI/1.1
    [HTTPS] => on
    [HTTP_ACCEPT] => text/html, application/xhtml+xml, image/jxr, */*
    [HTTP_ACCEPT_ENCODING] => gzip, deflate
    [HTTP_ACCEPT_LANGUAGE] => de-DE,de;q=0.5
    [HTTP_CACHE_CONTROL] => no-cache
    [HTTP_CONNECTION] => Keep-Alive
    [HTTP_COOKIE] => _gid=GA1.2.423859400.1580122339; _ga=GA1.2.1125951065.1552988193; PHPSESSID=3d0ei6t2lt8nvmtr7q454skl60
    [HTTP_DNT] => 1
    [HTTP_HOST] => my.medical-tribune.de
    [HTTP_REFERER] => https://my.medical-tribune.de/register.php?mode=1
    [HTTP_USER_AGENT] => Mozilla/5.0 (Windows NT 10.0; WOW64; Trident/7.0; rv:11.0) like Gecko
    [PATH] => /bin:/usr/bin
    [QUERY_STRING] => mode=1
    [REDIRECT_STATUS] => 200
    [REMOTE_ADDR] => 212.14.67.234
    [REMOTE_PORT] => 11102
    [REQUEST_METHOD] => POST
    [REQUEST_SCHEME] => https
    [REQUEST_URI] => /register.php?mode=1
    [SCRIPT_FILENAME] => /home/mtde/public_html/my/register.php
    [SCRIPT_NAME] => /register.php
    [SERVER_ADDR] => 46.232.181.187
    [SERVER_ADMIN] => webmaster@my.medical-tribune.de
    [SERVER_NAME] => my.medical-tribune.de
    [SERVER_PORT] => 443
    [SERVER_PROTOCOL] => HTTP/1.1
    [SERVER_SIGNATURE] => 
    [SERVER_SOFTWARE] => Apache
    [SSL_TLS_SNI] => my.medical-tribune.de
    [TZ] => Europe/Zurich
    [UNIQUE_ID] => Xi7F05S-hjhQaONRLJa6iQAAAQE
    [PHP_SELF] => /register.php
    [REQUEST_TIME_FLOAT] => 1580123603.5745
    [REQUEST_TIME] => 1580123603
)

27-01-2020 : jan.muenstermann@charite.de,Array
(
    [CONTENT_LENGTH] => 2210
    [CONTENT_TYPE] => multipart/form-data; boundary=----WebKitFormBoundaryZvw8RtsJzoIKrA7B
    [CONTEXT_DOCUMENT_ROOT] => /home/mtde/public_html/my
    [CONTEXT_PREFIX] => 
    [DOCUMENT_ROOT] => /home/mtde/public_html/my
    [GATEWAY_INTERFACE] => CGI/1.1
    [HTTPS] => on
    [HTTP_ACCEPT] => text/html,application/xhtml+xml,application/xml;q=0.9,*/*;q=0.8
    [HTTP_ACCEPT_ENCODING] => gzip, deflate, br
    [HTTP_ACCEPT_LANGUAGE] => de-de
    [HTTP_CONNECTION] => keep-alive
    [HTTP_COOKIE] => PHPSESSID=v6cisul7h2d2na361bmjekq531; _ga=GA1.2.863039466.1580124831; _gid=GA1.2.376708082.1580124831
    [HTTP_HOST] => my.medical-tribune.de
    [HTTP_ORIGIN] => https://my.medical-tribune.de
    [HTTP_REFERER] => https://my.medical-tribune.de/register.php?mode=1
    [HTTP_USER_AGENT] => Mozilla/5.0 (Macintosh; Intel Mac OS X 10_15_2) AppleWebKit/605.1.15 (KHTML, like Gecko) Version/13.0.4 Safari/605.1.15
    [PATH] => /bin:/usr/bin
    [QUERY_STRING] => mode=1
    [REDIRECT_STATUS] => 200
    [REMOTE_ADDR] => 188.103.97.202
    [REMOTE_PORT] => 63363
    [REQUEST_METHOD] => POST
    [REQUEST_SCHEME] => https
    [REQUEST_URI] => /register.php?mode=1
    [SCRIPT_FILENAME] => /home/mtde/public_html/my/register.php
    [SCRIPT_NAME] => /register.php
    [SERVER_ADDR] => 46.232.181.187
    [SERVER_ADMIN] => webmaster@my.medical-tribune.de
    [SERVER_NAME] => my.medical-tribune.de
    [SERVER_PORT] => 443
    [SERVER_PROTOCOL] => HTTP/1.1
    [SERVER_SIGNATURE] => 
    [SERVER_SOFTWARE] => Apache
    [SSL_TLS_SNI] => my.medical-tribune.de
    [TZ] => Europe/Zurich
    [UNIQUE_ID] => Xi7NWlOoIvJ1lwlRXURkJgAAABc
    [PHP_SELF] => /register.php
    [REQUEST_TIME_FLOAT] => 1580125530.7216
    [REQUEST_TIME] => 1580125530
)

27-01-2020 : susanne.hahne@gmx.de,Array
(
    [CONTENT_LENGTH] => 2997
    [CONTENT_TYPE] => multipart/form-data; boundary=---------------------------7e46f13180272
    [CONTEXT_DOCUMENT_ROOT] => /home/mtde/public_html/my
    [CONTEXT_PREFIX] => 
    [DOCUMENT_ROOT] => /home/mtde/public_html/my
    [GATEWAY_INTERFACE] => CGI/1.1
    [HTTPS] => on
    [HTTP_ACCEPT] => text/html,application/xhtml+xml,application/xml;q=0.9,*/*;q=0.8
    [HTTP_ACCEPT_ENCODING] => gzip, deflate, br
    [HTTP_ACCEPT_LANGUAGE] => de-DE,de;q=0.5
    [HTTP_CACHE_CONTROL] => max-age=0
    [HTTP_CONNECTION] => Keep-Alive
    [HTTP_COOKIE] => _ga=GA1.2.1518470812.1580127686; _gid=GA1.2.176325591.1580127686; PHPSESSID=i1kmderdt0e9ldreqvm34rb8c3
    [HTTP_HOST] => my.medical-tribune.de
    [HTTP_REFERER] => https://my.medical-tribune.de/register.php?mode=1
    [HTTP_UPGRADE_INSECURE_REQUESTS] => 1
    [HTTP_USER_AGENT] => Mozilla/5.0 (Windows NT 10.0; Win64; x64) AppleWebKit/537.36 (KHTML, like Gecko) Chrome/70.0.3538.102 Safari/537.36 Edge/18.18362
    [PATH] => /bin:/usr/bin
    [QUERY_STRING] => mode=1
    [REDIRECT_STATUS] => 200
    [REMOTE_ADDR] => 95.33.138.253
    [REMOTE_PORT] => 53639
    [REQUEST_METHOD] => POST
    [REQUEST_SCHEME] => https
    [REQUEST_URI] => /register.php?mode=1
    [SCRIPT_FILENAME] => /home/mtde/public_html/my/register.php
    [SCRIPT_NAME] => /register.php
    [SERVER_ADDR] => 46.232.181.187
    [SERVER_ADMIN] => webmaster@my.medical-tribune.de
    [SERVER_NAME] => my.medical-tribune.de
    [SERVER_PORT] => 443
    [SERVER_PROTOCOL] => HTTP/1.1
    [SERVER_SIGNATURE] => 
    [SERVER_SOFTWARE] => Apache
    [SSL_TLS_SNI] => my.medical-tribune.de
    [TZ] => Europe/Zurich
    [UNIQUE_ID] => Xi7XJc9g1aNeXOlDTLEL@AAAAVg
    [PHP_SELF] => /register.php
    [REQUEST_TIME_FLOAT] => 1580128037.6016
    [REQUEST_TIME] => 1580128037
)

27-01-2020 : a.riedel@aerzteverlagshaus.at,Array
(
    [CONTENT_LENGTH] => 2500
    [CONTENT_TYPE] => multipart/form-data; boundary=---------------------------7e41b13920208
    [CONTEXT_DOCUMENT_ROOT] => /home/mtde/public_html/my
    [CONTEXT_PREFIX] => 
    [DOCUMENT_ROOT] => /home/mtde/public_html/my
    [GATEWAY_INTERFACE] => CGI/1.1
    [HTTPS] => on
    [HTTP_ACCEPT] => text/html,application/xhtml+xml,application/xml;q=0.9,*/*;q=0.8
    [HTTP_ACCEPT_ENCODING] => gzip, deflate, br
    [HTTP_ACCEPT_LANGUAGE] => de-AT
    [HTTP_CACHE_CONTROL] => max-age=0
    [HTTP_CONNECTION] => Keep-Alive
    [HTTP_COOKIE] => _ga=GA1.2.2120856442.1580138406; _gid=GA1.2.1376668655.1580138406; PHPSESSID=5qgqhrq477g08aj368b1nrs211
    [HTTP_HOST] => my.medical-tribune.de
    [HTTP_REFERER] => https://my.medical-tribune.de/register.php?mode=1
    [HTTP_UPGRADE_INSECURE_REQUESTS] => 1
    [HTTP_USER_AGENT] => Mozilla/5.0 (Windows NT 10.0; Win64; x64) AppleWebKit/537.36 (KHTML, like Gecko) Chrome/64.0.3282.140 Safari/537.36 Edge/18.17763
    [PATH] => /bin:/usr/bin
    [QUERY_STRING] => mode=1
    [REDIRECT_STATUS] => 200
    [REMOTE_ADDR] => 83.68.136.210
    [REMOTE_PORT] => 64651
    [REQUEST_METHOD] => POST
    [REQUEST_SCHEME] => https
    [REQUEST_URI] => /register.php?mode=1
    [SCRIPT_FILENAME] => /home/mtde/public_html/my/register.php
    [SCRIPT_NAME] => /register.php
    [SERVER_ADDR] => 46.232.181.187
    [SERVER_ADMIN] => webmaster@my.medical-tribune.de
    [SERVER_NAME] => my.medical-tribune.de
    [SERVER_PORT] => 443
    [SERVER_PROTOCOL] => HTTP/1.1
    [SERVER_SIGNATURE] => 
    [SERVER_SOFTWARE] => Apache
    [SSL_TLS_SNI] => my.medical-tribune.de
    [TZ] => Europe/Zurich
    [UNIQUE_ID] => Xi8AUA6JkQi2ni8M9lkIZAAAAQg
    [PHP_SELF] => /register.php
    [REQUEST_TIME_FLOAT] => 1580138576.8871
    [REQUEST_TIME] => 1580138576
)

27-01-2020 : hartmann@medizinkommunikation.org,Array
(
    [CONTENT_LENGTH] => 2287
    [CONTENT_TYPE] => multipart/form-data; boundary=---------------------------2059663167450
    [CONTEXT_DOCUMENT_ROOT] => /home/mtde/public_html/my
    [CONTEXT_PREFIX] => 
    [DOCUMENT_ROOT] => /home/mtde/public_html/my
    [GATEWAY_INTERFACE] => CGI/1.1
    [HTTPS] => on
    [HTTP_ACCEPT] => text/html,application/xhtml+xml,application/xml;q=0.9,image/webp,*/*;q=0.8
    [HTTP_ACCEPT_ENCODING] => gzip, deflate, br
    [HTTP_ACCEPT_LANGUAGE] => de,en-US;q=0.7,en;q=0.3
    [HTTP_CONNECTION] => keep-alive
    [HTTP_COOKIE] => _ga=GA1.2.1797259915.1579874304; _gid=GA1.2.1200970373.1580138613; PHPSESSID=3b60sb9kt9g4ogv3lhrt0sq9s1
    [HTTP_HOST] => my.medical-tribune.de
    [HTTP_ORIGIN] => https://my.medical-tribune.de
    [HTTP_REFERER] => https://my.medical-tribune.de/register.php?mode=1
    [HTTP_UPGRADE_INSECURE_REQUESTS] => 1
    [HTTP_USER_AGENT] => Mozilla/5.0 (Windows NT 10.0; Win64; x64; rv:72.0) Gecko/20100101 Firefox/72.0
    [PATH] => /bin:/usr/bin
    [QUERY_STRING] => mode=1
    [REDIRECT_STATUS] => 200
    [REMOTE_ADDR] => 91.208.107.57
    [REMOTE_PORT] => 57374
    [REQUEST_METHOD] => POST
    [REQUEST_SCHEME] => https
    [REQUEST_URI] => /register.php?mode=1
    [SCRIPT_FILENAME] => /home/mtde/public_html/my/register.php
    [SCRIPT_NAME] => /register.php
    [SERVER_ADDR] => 46.232.181.187
    [SERVER_ADMIN] => webmaster@my.medical-tribune.de
    [SERVER_NAME] => my.medical-tribune.de
    [SERVER_PORT] => 443
    [SERVER_PROTOCOL] => HTTP/1.1
    [SERVER_SIGNATURE] => 
    [SERVER_SOFTWARE] => Apache
    [SSL_TLS_SNI] => my.medical-tribune.de
    [TZ] => Europe/Zurich
    [UNIQUE_ID] => Xi8BTalfZ32cut7NlZwggAAAAVU
    [PHP_SELF] => /register.php
    [REQUEST_TIME_FLOAT] => 1580138829.7572
    [REQUEST_TIME] => 1580138829
)

27-01-2020 : katinvercargill@gmail.com,Array
(
    [CONTENT_LENGTH] => 2562
    [CONTENT_TYPE] => multipart/form-data; boundary=----WebKitFormBoundaryp76Se4EHWTHhDolO
    [CONTEXT_DOCUMENT_ROOT] => /home/mtde/public_html/my
    [CONTEXT_PREFIX] => 
    [DOCUMENT_ROOT] => /home/mtde/public_html/my
    [GATEWAY_INTERFACE] => CGI/1.1
    [HTTPS] => on
    [HTTP_ACCEPT] => text/html,application/xhtml+xml,application/xml;q=0.9,image/webp,image/apng,*/*;q=0.8,application/signed-exchange;v=b3;q=0.9
    [HTTP_ACCEPT_ENCODING] => gzip, deflate, br
    [HTTP_ACCEPT_LANGUAGE] => de-DE,de;q=0.9,en-US;q=0.8,en;q=0.7,es;q=0.6
    [HTTP_CACHE_CONTROL] => max-age=0
    [HTTP_CONNECTION] => keep-alive
    [HTTP_COOKIE] => _ga=GA1.2.1313093148.1580139781; _gid=GA1.2.496441709.1580139781; PHPSESSID=4i7n16rjsljul58jg0gveitn01
    [HTTP_HOST] => my.medical-tribune.de
    [HTTP_ORIGIN] => https://my.medical-tribune.de
    [HTTP_REFERER] => https://my.medical-tribune.de/register.php?mode=1
    [HTTP_SEC_FETCH_MODE] => nested-navigate
    [HTTP_SEC_FETCH_SITE] => same-origin
    [HTTP_SEC_FETCH_USER] => ?1
    [HTTP_UPGRADE_INSECURE_REQUESTS] => 1
    [HTTP_USER_AGENT] => Mozilla/5.0 (Windows NT 10.0; Win64; x64) AppleWebKit/537.36 (KHTML, like Gecko) Chrome/79.0.3945.117 Safari/537.36
    [PATH] => /bin:/usr/bin
    [QUERY_STRING] => mode=1
    [REDIRECT_STATUS] => 200
    [REMOTE_ADDR] => 200.57.203.227
    [REMOTE_PORT] => 50734
    [REQUEST_METHOD] => POST
    [REQUEST_SCHEME] => https
    [REQUEST_URI] => /register.php?mode=1
    [SCRIPT_FILENAME] => /home/mtde/public_html/my/register.php
    [SCRIPT_NAME] => /register.php
    [SERVER_ADDR] => 46.232.181.187
    [SERVER_ADMIN] => webmaster@my.medical-tribune.de
    [SERVER_NAME] => my.medical-tribune.de
    [SERVER_PORT] => 443
    [SERVER_PROTOCOL] => HTTP/1.1
    [SERVER_SIGNATURE] => 
    [SERVER_SOFTWARE] => Apache
    [SSL_TLS_SNI] => my.medical-tribune.de
    [TZ] => Europe/Zurich
    [UNIQUE_ID] => Xi8FmFOoIvJ1lwlRXUSX1AAAABQ
    [PHP_SELF] => /register.php
    [REQUEST_TIME_FLOAT] => 1580139928.5067
    [REQUEST_TIME] => 1580139928
)

27-01-2020 : rehapotheke.privat@gmx.d,Array
(
    [CONTENT_LENGTH] => 2645
    [CONTENT_TYPE] => multipart/form-data; boundary=----WebKitFormBoundaryZq5qoXgcTJG6LPRp
    [CONTEXT_DOCUMENT_ROOT] => /home/mtde/public_html/my
    [CONTEXT_PREFIX] => 
    [DOCUMENT_ROOT] => /home/mtde/public_html/my
    [GATEWAY_INTERFACE] => CGI/1.1
    [HTTPS] => on
    [HTTP_ACCEPT] => text/html,application/xhtml+xml,application/xml;q=0.9,image/webp,image/apng,*/*;q=0.8
    [HTTP_ACCEPT_ENCODING] => gzip, deflate, br
    [HTTP_ACCEPT_LANGUAGE] => de-DE,de;q=0.9,en-GB;q=0.8,en;q=0.7,en-US;q=0.6
    [HTTP_CACHE_CONTROL] => max-age=0
    [HTTP_CONNECTION] => keep-alive
    [HTTP_COOKIE] => _ga=GA1.2.355693110.1561634207; _gid=GA1.2.1162572109.1580127887; PHPSESSID=jt4qqgtb2oiintcodeenpcdq77
    [HTTP_HOST] => my.medical-tribune.de
    [HTTP_ORIGIN] => https://my.medical-tribune.de
    [HTTP_REFERER] => https://my.medical-tribune.de/register.php?mode=1
    [HTTP_UPGRADE_INSECURE_REQUESTS] => 1
    [HTTP_USER_AGENT] => Mozilla/5.0 (Linux; Android 9; SAMSUNG SM-J400F) AppleWebKit/537.36 (KHTML, like Gecko) SamsungBrowser/10.2 Chrome/71.0.3578.99 Mobile Safari/537.36
    [PATH] => /bin:/usr/bin
    [QUERY_STRING] => mode=1
    [REDIRECT_STATUS] => 200
    [REMOTE_ADDR] => 80.69.197.177
    [REMOTE_PORT] => 20960
    [REQUEST_METHOD] => POST
    [REQUEST_SCHEME] => https
    [REQUEST_URI] => /register.php?mode=1
    [SCRIPT_FILENAME] => /home/mtde/public_html/my/register.php
    [SCRIPT_NAME] => /register.php
    [SERVER_ADDR] => 46.232.181.187
    [SERVER_ADMIN] => webmaster@my.medical-tribune.de
    [SERVER_NAME] => my.medical-tribune.de
    [SERVER_PORT] => 443
    [SERVER_PROTOCOL] => HTTP/1.1
    [SERVER_SIGNATURE] => 
    [SERVER_SOFTWARE] => Apache
    [SSL_TLS_SNI] => my.medical-tribune.de
    [TZ] => Europe/Zurich
    [UNIQUE_ID] => Xi8OliLvC6ZHXol3ThCPnwAAAEU
    [PHP_SELF] => /register.php
    [REQUEST_TIME_FLOAT] => 1580142230.643
    [REQUEST_TIME] => 1580142230
)

27-01-2020 : giuliano.oswald@posteo.de,Array
(
    [CONTENT_LENGTH] => 2228
    [CONTENT_TYPE] => multipart/form-data; boundary=----WebKitFormBoundary35yAcFNUxmKpm6uv
    [CONTEXT_DOCUMENT_ROOT] => /home/mtde/public_html/my
    [CONTEXT_PREFIX] => 
    [DOCUMENT_ROOT] => /home/mtde/public_html/my
    [GATEWAY_INTERFACE] => CGI/1.1
    [HTTPS] => on
    [HTTP_ACCEPT] => text/html,application/xhtml+xml,application/xml;q=0.9,*/*;q=0.8
    [HTTP_ACCEPT_ENCODING] => gzip, deflate, br
    [HTTP_ACCEPT_LANGUAGE] => de-de
    [HTTP_CONNECTION] => keep-alive
    [HTTP_COOKIE] => PHPSESSID=8r1bpq744lnl0hn6ncfr8upqs3; _ga=GA1.2.2091485943.1580142380; _gid=GA1.2.50129639.1580142380
    [HTTP_HOST] => my.medical-tribune.de
    [HTTP_ORIGIN] => https://my.medical-tribune.de
    [HTTP_REFERER] => https://my.medical-tribune.de/register.php?mode=1
    [HTTP_USER_AGENT] => Mozilla/5.0 (iPhone; CPU iPhone OS 13_3 like Mac OS X) AppleWebKit/605.1.15 (KHTML, like Gecko) CriOS/79.0.3945.73 Mobile/15E148 Safari/604.1
    [PATH] => /bin:/usr/bin
    [QUERY_STRING] => mode=1
    [REDIRECT_STATUS] => 200
    [REMOTE_ADDR] => 62.216.201.99
    [REMOTE_PORT] => 13288
    [REQUEST_METHOD] => POST
    [REQUEST_SCHEME] => https
    [REQUEST_URI] => /register.php?mode=1
    [SCRIPT_FILENAME] => /home/mtde/public_html/my/register.php
    [SCRIPT_NAME] => /register.php
    [SERVER_ADDR] => 46.232.181.187
    [SERVER_ADMIN] => webmaster@my.medical-tribune.de
    [SERVER_NAME] => my.medical-tribune.de
    [SERVER_PORT] => 443
    [SERVER_PROTOCOL] => HTTP/1.1
    [SERVER_SIGNATURE] => 
    [SERVER_SOFTWARE] => Apache
    [SSL_TLS_SNI] => my.medical-tribune.de
    [TZ] => Europe/Zurich
    [UNIQUE_ID] => Xi8QZ6lfZ32cut7NlZwtfgAAAUA
    [PHP_SELF] => /register.php
    [REQUEST_TIME_FLOAT] => 1580142695.5237
    [REQUEST_TIME] => 1580142695
)

27-01-2020 : w.posch@kufnet.at,Array
(
    [CONTENT_LENGTH] => 2947
    [CONTENT_TYPE] => multipart/form-data; boundary=---------------------------122652396924373
    [CONTEXT_DOCUMENT_ROOT] => /home/mtde/public_html/my
    [CONTEXT_PREFIX] => 
    [DOCUMENT_ROOT] => /home/mtde/public_html/my
    [GATEWAY_INTERFACE] => CGI/1.1
    [HTTPS] => on
    [HTTP_ACCEPT] => text/html,application/xhtml+xml,application/xml;q=0.9,image/webp,*/*;q=0.8
    [HTTP_ACCEPT_ENCODING] => gzip, deflate, br
    [HTTP_ACCEPT_LANGUAGE] => de-AT,en-US;q=0.7,en;q=0.3
    [HTTP_CONNECTION] => keep-alive
    [HTTP_COOKIE] => _ga=GA1.2.1950880464.1580145199; _gid=GA1.2.60901707.1580145199; PHPSESSID=m9pn9rnaqh4rog5eo3emi0pve0
    [HTTP_HOST] => my.medical-tribune.de
    [HTTP_ORIGIN] => https://my.medical-tribune.de
    [HTTP_REFERER] => https://my.medical-tribune.de/register.php?mode=1
    [HTTP_UPGRADE_INSECURE_REQUESTS] => 1
    [HTTP_USER_AGENT] => Mozilla/5.0 (Windows NT 10.0; rv:72.0) Gecko/20100101 Firefox/72.0
    [PATH] => /bin:/usr/bin
    [QUERY_STRING] => mode=1
    [REDIRECT_STATUS] => 200
    [REMOTE_ADDR] => 213.182.252.178
    [REMOTE_PORT] => 51943
    [REQUEST_METHOD] => POST
    [REQUEST_SCHEME] => https
    [REQUEST_URI] => /register.php?mode=1
    [SCRIPT_FILENAME] => /home/mtde/public_html/my/register.php
    [SCRIPT_NAME] => /register.php
    [SERVER_ADDR] => 46.232.181.187
    [SERVER_ADMIN] => webmaster@my.medical-tribune.de
    [SERVER_NAME] => my.medical-tribune.de
    [SERVER_PORT] => 443
    [SERVER_PROTOCOL] => HTTP/1.1
    [SERVER_SIGNATURE] => 
    [SERVER_SOFTWARE] => Apache
    [SSL_TLS_SNI] => my.medical-tribune.de
    [TZ] => Europe/Zurich
    [UNIQUE_ID] => Xi8bmq31EDxH6gbQFIvyiQAAAIE
    [PHP_SELF] => /register.php
    [REQUEST_TIME_FLOAT] => 1580145562.3423
    [REQUEST_TIME] => 1580145562
)

27-01-2020 : rudolf.schiller@web.de,Array
(
    [CONTENT_LENGTH] => 2501
    [CONTENT_TYPE] => multipart/form-data; boundary=----WebKitFormBoundarycPi4cd5APbtH0uIv
    [CONTEXT_DOCUMENT_ROOT] => /home/mtde/public_html/my
    [CONTEXT_PREFIX] => 
    [DOCUMENT_ROOT] => /home/mtde/public_html/my
    [GATEWAY_INTERFACE] => CGI/1.1
    [HTTPS] => on
    [HTTP_ACCEPT] => text/html,application/xhtml+xml,application/xml;q=0.9,image/webp,image/apng,*/*;q=0.8,application/signed-exchange;v=b3;q=0.9
    [HTTP_ACCEPT_ENCODING] => gzip, deflate, br
    [HTTP_ACCEPT_LANGUAGE] => de-DE,de;q=0.9,en-US;q=0.8,en;q=0.7
    [HTTP_CACHE_CONTROL] => max-age=0
    [HTTP_CONNECTION] => keep-alive
    [HTTP_COOKIE] => _ga=GA1.2.368268662.1544595524; _gid=GA1.2.135862197.1580147177; PHPSESSID=9kmoc0kub03l3o809cp7ek3rt6
    [HTTP_HOST] => my.medical-tribune.de
    [HTTP_ORIGIN] => https://my.medical-tribune.de
    [HTTP_REFERER] => https://my.medical-tribune.de/register.php?mode=1
    [HTTP_SEC_FETCH_MODE] => nested-navigate
    [HTTP_SEC_FETCH_SITE] => same-origin
    [HTTP_SEC_FETCH_USER] => ?1
    [HTTP_UPGRADE_INSECURE_REQUESTS] => 1
    [HTTP_USER_AGENT] => Mozilla/5.0 (Windows NT 10.0; Win64; x64) AppleWebKit/537.36 (KHTML, like Gecko) Chrome/79.0.3945.130 Safari/537.36
    [PATH] => /bin:/usr/bin
    [QUERY_STRING] => mode=1
    [REDIRECT_STATUS] => 200
    [REMOTE_ADDR] => 31.209.171.35
    [REMOTE_PORT] => 55290
    [REQUEST_METHOD] => POST
    [REQUEST_SCHEME] => https
    [REQUEST_URI] => /register.php?mode=1
    [SCRIPT_FILENAME] => /home/mtde/public_html/my/register.php
    [SCRIPT_NAME] => /register.php
    [SERVER_ADDR] => 46.232.181.187
    [SERVER_ADMIN] => webmaster@my.medical-tribune.de
    [SERVER_NAME] => my.medical-tribune.de
    [SERVER_PORT] => 443
    [SERVER_PROTOCOL] => HTTP/1.1
    [SERVER_SIGNATURE] => 
    [SERVER_SOFTWARE] => Apache
    [SSL_TLS_SNI] => my.medical-tribune.de
    [TZ] => Europe/Zurich
    [UNIQUE_ID] => Xi8i5yLvC6ZHXol3ThCeugAAAEs
    [PHP_SELF] => /register.php
    [REQUEST_TIME_FLOAT] => 1580147432.033
    [REQUEST_TIME] => 1580147432
)

27-01-2020 : s.dohmeyer@freenet.de,Array
(
    [CONTENT_LENGTH] => 3128
    [CONTENT_TYPE] => multipart/form-data; boundary=----WebKitFormBoundarydQ0mHFzBhbKQHUDO
    [CONTEXT_DOCUMENT_ROOT] => /home/mtde/public_html/my
    [CONTEXT_PREFIX] => 
    [DOCUMENT_ROOT] => /home/mtde/public_html/my
    [GATEWAY_INTERFACE] => CGI/1.1
    [HTTPS] => on
    [HTTP_ACCEPT] => text/html,application/xhtml+xml,application/xml;q=0.9,image/webp,image/apng,*/*;q=0.8
    [HTTP_ACCEPT_ENCODING] => gzip, deflate, br
    [HTTP_ACCEPT_LANGUAGE] => de-DE,de;q=0.9,en-US;q=0.8,en;q=0.7
    [HTTP_CACHE_CONTROL] => max-age=0
    [HTTP_CONNECTION] => keep-alive
    [HTTP_COOKIE] => _ga=GA1.2.556476253.1580155208; _gid=GA1.2.840410383.1580155208; PHPSESSID=qubijmv0gjqdn3vro4c7plgbb3
    [HTTP_HOST] => my.medical-tribune.de
    [HTTP_ORIGIN] => https://my.medical-tribune.de
    [HTTP_REFERER] => https://my.medical-tribune.de/register.php?mode=1
    [HTTP_UPGRADE_INSECURE_REQUESTS] => 1
    [HTTP_USER_AGENT] => Mozilla/5.0 (Linux; Android 8.0.0; SAMSUNG SM-A520F) AppleWebKit/537.36 (KHTML, like Gecko) SamsungBrowser/10.2 Chrome/71.0.3578.99 Mobile Safari/537.36
    [PATH] => /bin:/usr/bin
    [QUERY_STRING] => mode=1
    [REDIRECT_STATUS] => 200
    [REMOTE_ADDR] => 89.204.139.99
    [REMOTE_PORT] => 26932
    [REQUEST_METHOD] => POST
    [REQUEST_SCHEME] => https
    [REQUEST_URI] => /register.php?mode=1
    [SCRIPT_FILENAME] => /home/mtde/public_html/my/register.php
    [SCRIPT_NAME] => /register.php
    [SERVER_ADDR] => 46.232.181.187
    [SERVER_ADMIN] => webmaster@my.medical-tribune.de
    [SERVER_NAME] => my.medical-tribune.de
    [SERVER_PORT] => 443
    [SERVER_PROTOCOL] => HTTP/1.1
    [SERVER_SIGNATURE] => 
    [SERVER_SOFTWARE] => Apache
    [SSL_TLS_SNI] => my.medical-tribune.de
    [TZ] => Europe/Zurich
    [UNIQUE_ID] => Xi9CV2wx9t1HvEMkFJCI-AAAANI
    [PHP_SELF] => /register.php
    [REQUEST_TIME_FLOAT] => 1580155479.2698
    [REQUEST_TIME] => 1580155479
)

