05-09-2020 : wiechmann.astrid@me.com,Array
(
    [CONTENT_LENGTH] => 2865
    [CONTENT_TYPE] => multipart/form-data; boundary=----WebKitFormBoundaryA2c3vP7PiYcBs7bu
    [CONTEXT_DOCUMENT_ROOT] => /home/mtde/public_html/my
    [CONTEXT_PREFIX] => 
    [DOCUMENT_ROOT] => /home/mtde/public_html/my
    [GATEWAY_INTERFACE] => CGI/1.1
    [HTTPS] => on
    [HTTP_ACCEPT] => text/html,application/xhtml+xml,application/xml;q=0.9,*/*;q=0.8
    [HTTP_ACCEPT_ENCODING] => gzip, deflate, br
    [HTTP_ACCEPT_LANGUAGE] => de-de
    [HTTP_CONNECTION] => keep-alive
    [HTTP_COOKIE] => PHPSESSID=vovtqa8cllcv0k0a8g8smbdl97; _ga=GA1.2.1154538151.1599286727; _gid=GA1.2.2015285570.1599286727; consentUUID=bc13c41a-2397-48da-8d5a-99b6fa30c4c5; euconsent-v2=CO5P8ngO5P8ngAGABCENA2CgAP_AAH_AAAYgGVtf_X9fb2_j-_5999t0eY1f9_63t-wzjgeNs-8NyZ_X_J4Xr2MyvB34pqYKmR4EunLBAQdlHGHcTQgAwIkFqTLsYk2MizNKJ7JEilMbc2dYGG1vn8XT_ZCY70-_f__7v3-_-___6oGUEEGAAKAQBCWAAIEihEIQAIQxIAIAACihEAgEkACRQALI4COUACABAYgIQIAQAgoAYBAAIAAElAQAgAAIBQARAIAAQADAEAACAAEFgBIiAAACoEhAARABKBAQUAAQcggQFQBBACBASGQGQAKAAqACGAEwALgAjgBSADLAGoAOIAcgA_ACMAEcAKWAVcArYBvAExAJsAU2AtEBgQDDwGRDAAoA2gB4AFiANkAj0RAdABUAFYALgAhgBSADIAGWANQAbIA4gB-AEYAJEAUsAq4BrAD5AIbAReAkQBNgCdgFDgKRAXIAwIBhIDDwGTiQAQADgBziAAIBvAkEYABAAC4AKAAqABkADgAHgAQAAiABUADwAH0AQwBEACZAFUAVgAsABcADeAHMAPQAhoBEAESAJYATQApQBhgDIAGWANQAbIA4gByADvAHsAPiAfYB-gEYAJEAUsAvwBhADFAGsANoAbgA3gB6AD5AIbARUAi8BIgCYgEygJsATsApEBTYCsAFigLYAXIAu8BgQDBgGEgMNAYeAyIBkgDJwoAEBRIaBAACoAKwAXABDACkAGQAMsAaQA1ABsgDiAH4ARgApYBV4C0ALSAawA3gB8gENgIvASIAmwBOwChwFIgLkAYEAwkBh4DGAGThwAIADgwAQA2QB1AF9AMjFQGgAKAAqACGAEwALgAjgBSADLAGoAOIAcgA_ACMAEcAKWAVeAtAC0gG8ASCAmIBNgCmwFyAMCAYeAyIUAEAG0APABHoC-h0EYABcAFAAVAAuABkADgAIAARAAxAB9AEMARAAmQBVAFYALAAXAAxABmADeAHMAPQAhgBEACWAEwAJqAUYBSgDIAGVANEA0gBqADZgG-AcAA4gByADvAHtAPsA_ACMAFigLQAtIBcwC8gF-AMIAYoA3EB0wHUAPQAhsBEQCLwEggJEATYAnaBTQFNgKsAWLAtgC2QFwALkAXaAu8BhIDDQGHgMSAYwAx4BkgDJyECwABYAFAAMgAiABiAEMAJgAVQAuABmADeAHoARwApABlADUAG-AOIAcgA7wB-AEDAIwAUOAtAC0gF-AMIAYoA6gB6AEggJEATZApoCmwFigLRgWwBbQC4AFyALtAYeAxIBkQDJyUCMABAACwAKAAXAAyABwAGIARAAmABVAC4AGIAMwAbQBDQCIAImAUgBSgDKAGkANkAd4A_ACMQFoAWkAxQBuADqAIvASIAmwBYoC7QGHgMiAZOUgagALgAoACoAFwAMgAcABAADGAIYAiABMACkAFUALAAXAAxABmADmAIYAREAowClAGVANEA0gBsgDiAHfAPsA_ACMAEcAKGAVsAvIBhADaAG4AOoAegBF4CRAE2AJ2gU0BTYCtgFigLYAXAAuQBdoDDQGHgMSAYwAyIBkgDJyoAEAHxQACAPAAA.YAAAAAAAAAAA
    [HTTP_HOST] => my.medical-tribune.de
    [HTTP_ORIGIN] => https://my.medical-tribune.de
    [HTTP_REFERER] => https://my.medical-tribune.de/
    [HTTP_USER_AGENT] => Mozilla/5.0 (Macintosh; Intel Mac OS X 10_15_4) AppleWebKit/605.1.15 (KHTML, like Gecko) Version/13.1.2 Safari/605.1.15
    [PATH] => /bin:/usr/bin
    [QUERY_STRING] => mode=1
    [REDIRECT_STATUS] => 200
    [REMOTE_ADDR] => 89.1.213.112
    [REMOTE_PORT] => 31840
    [REQUEST_METHOD] => POST
    [REQUEST_SCHEME] => https
    [REQUEST_URI] => /register.php?mode=1
    [SCRIPT_FILENAME] => /home/mtde/public_html/my/register.php
    [SCRIPT_NAME] => /register.php
    [SERVER_ADDR] => 46.232.181.187
    [SERVER_ADMIN] => webmaster@my.medical-tribune.de
    [SERVER_NAME] => my.medical-tribune.de
    [SERVER_PORT] => 443
    [SERVER_PROTOCOL] => HTTP/1.1
    [SERVER_SIGNATURE] => 
    [SERVER_SOFTWARE] => Apache
    [SSL_TLS_SNI] => my.medical-tribune.de
    [UNIQUE_ID] => X1MvRZPiK5tGvcB732UJUwAAAQA
    [PHP_SELF] => /register.php
    [REQUEST_TIME_FLOAT] => 1599287109.9815
    [REQUEST_TIME] => 1599287109
)

05-09-2020 : wieland@praxis-ks.de,Array
(
    [CONTENT_LENGTH] => 2986
    [CONTENT_TYPE] => multipart/form-data; boundary=----WebKitFormBoundarytxSVUIMF9ADdq40Q
    [CONTEXT_DOCUMENT_ROOT] => /home/mtde/public_html/my
    [CONTEXT_PREFIX] => 
    [DOCUMENT_ROOT] => /home/mtde/public_html/my
    [GATEWAY_INTERFACE] => CGI/1.1
    [HTTPS] => on
    [HTTP_ACCEPT] => text/html,application/xhtml+xml,application/xml;q=0.9,*/*;q=0.8
    [HTTP_ACCEPT_ENCODING] => gzip, deflate, br
    [HTTP_ACCEPT_LANGUAGE] => de-de
    [HTTP_CONNECTION] => keep-alive
    [HTTP_COOKIE] => PHPSESSID=m9mg9rqoe44crcub9b7r8mti23; _ga=GA1.2.1506899349.1599288851; _gid=GA1.2.1383733014.1599288851; consentUUID=43167219-4896-4d55-9745-83d40c6120cf; euconsent-v2=CO5QB1EO5QB1EAGABBENA2CgAAAAAH_AAAYgAAAMoIIMAAUAgCEsAAQJFCIQAAQhiQAAAAFFCIBQJIAEigAWRwEcoAEACAxAQgQAgBBQAwCAAQAAJKAgBAAAQCAAiAQAAgAGAIAAEAAILACQEAAAFQJCAAiACUCAggAAg5BAgKgCCAECASMACgDaAHgAWIA2QCPRIAIABwA5xAAEA3gUACAokOABAAcGABAGyAX0KACADaAHgAj0BfRUACAD4oABAHgA.YAAAAAAAAAAA
    [HTTP_HOST] => my.medical-tribune.de
    [HTTP_ORIGIN] => https://my.medical-tribune.de
    [HTTP_REFERER] => https://my.medical-tribune.de/register.php?mode=1
    [HTTP_USER_AGENT] => Mozilla/5.0 (iPhone; CPU iPhone OS 13_5_1 like Mac OS X) AppleWebKit/605.1.15 (KHTML, like Gecko) Version/13.1.1 Mobile/15E148 Safari/604.1
    [PATH] => /bin:/usr/bin
    [QUERY_STRING] => mode=1
    [REDIRECT_STATUS] => 200
    [REMOTE_ADDR] => 217.81.229.97
    [REMOTE_PORT] => 54371
    [REQUEST_METHOD] => POST
    [REQUEST_SCHEME] => https
    [REQUEST_URI] => /register.php?mode=1
    [SCRIPT_FILENAME] => /home/mtde/public_html/my/register.php
    [SCRIPT_NAME] => /register.php
    [SERVER_ADDR] => 46.232.181.187
    [SERVER_ADMIN] => webmaster@my.medical-tribune.de
    [SERVER_NAME] => my.medical-tribune.de
    [SERVER_PORT] => 443
    [SERVER_PROTOCOL] => HTTP/1.1
    [SERVER_SIGNATURE] => 
    [SERVER_SOFTWARE] => Apache
    [SSL_TLS_SNI] => my.medical-tribune.de
    [UNIQUE_ID] => X1M6EVAYIIpdNd0mkS644AAAAFc
    [PHP_SELF] => /register.php
    [REQUEST_TIME_FLOAT] => 1599289873.1054
    [REQUEST_TIME] => 1599289873
)

05-09-2020 : the_fighter@gmx.ch,Array
(
    [CONTENT_LENGTH] => 2372
    [CONTENT_TYPE] => multipart/form-data; boundary=----WebKitFormBoundaryXAPwQjMmoATTkPf3
    [CONTEXT_DOCUMENT_ROOT] => /home/mtde/public_html/my
    [CONTEXT_PREFIX] => 
    [DOCUMENT_ROOT] => /home/mtde/public_html/my
    [GATEWAY_INTERFACE] => CGI/1.1
    [HTTPS] => on
    [HTTP_ACCEPT] => text/html,application/xhtml+xml,application/xml;q=0.9,image/webp,image/apng,*/*;q=0.8,application/signed-exchange;v=b3;q=0.9
    [HTTP_ACCEPT_ENCODING] => gzip, deflate, br
    [HTTP_ACCEPT_LANGUAGE] => de-DE,de;q=0.9,en-US;q=0.8,en;q=0.7
    [HTTP_CACHE_CONTROL] => max-age=0
    [HTTP_CONNECTION] => keep-alive
    [HTTP_COOKIE] => _ga=GA1.2.268500891.1599290570; _gid=GA1.2.2144413478.1599290570; consentUUID=de502e5a-17b0-4ed2-a003-3ed60a40810d; euconsent-v2=CO5QGA2O5QGA2AGABCENA2CgAP_AAH_AAAQ4GVtf_X9fb2_j-_5999t0eY1f9_63t-wzjgeNs-8NyZ_X_J4Xr2MyvB34pqYKmR4EunLBAQdlHGHcTQgAwIkFqTLsYk2MizNKJ7JEilMbc2dYGG1vn8XT_ZCY70-_f__7v3-_-___6oGUEEGAAKAQBCWAAIEihEIQAIQxIAIAACihEAgEkACRQALI4COUACABAYgIQIAQAgoAYBAAIAAElAQAgAAIBQARAIAAQADAEAACAAEFgBIiAAACoEhAARABKBAQUAAQcggQFQBBACBASGQGQAKAAqACGAEwALgAjgBSADLAGoAOIAcgA_ACMAEcAKWAVcArYBvAExAJsAU2AtEBgQDDwGRDAAoA2gB4AFiANkAj0RAdABUAFYALgAhgBSADIAGWANQAbIA4gB-AEYAJEAUsAq4BrAD5AIbAReAkQBNgCdgFDgKRAXIAwIBhIDDwGTiQAQADgBziAAIBvAkEYABAAC4AKAAqABkADgAHgAQAAiABUADwAH0AQwBEACZAFUAVgAsABcADeAHMAPQAhoBEAESAJYATQApQBhgDIAGWANQAbIA4gByADvAHsAPiAfYB-gEYAJEAUsAvwBhADFAGsANoAbgA3gB6AD5AIbARUAi8BIgCYgEygJsATsApEBTYCsAFigLYAXIAu8BgQDBgGEgMNAYeAyIBkgDJwoAEBRIaBAACoAKwAXABDACkAGQAMsAaQA1ABsgDiAH4ARgApYBV4C0ALSAawA3gB8gENgIvASIAmwBOwChwFIgLkAYEAwkBh4DGAGThwAIADgwAQA2QB1AF9AMjFQGgAKAAqACGAEwALgAjgBSADLAGoAOIAcgA_ACMAEcAKWAVeAtAC0gG8ASCAmIBNgCmwFyAMCAYeAyIUAEAG0APABHoC-h0EYABcAFAAVAAuABkADgAIAARAAxAB9AEMARAAmQBVAFYALAAXAAxABmADeAHMAPQAhgBEACWAEwAJqAUYBSgDIAGVANEA0gBqADZgG-AcAA4gByADvAHtAPsA_ACMAFigLQAtIBcwC8gF-AMIAYoA3EB0wHUAPQAhsBEQCLwEggJEATYAnaBTQFNgKsAWLAtgC2QFwALkAXaAu8BhIDDQGHgMSAYwAx4BkgDJyECwABYAFAAMgAiABiAEMAJgAVQAuABmADeAHoARwApABlADUAG-AOIAcgA7wB-AEDAIwAUOAtAC0gF-AMIAYoA6gB6AEggJEATZApoCmwFigLRgWwBbQC4AFyALtAYeAxIBkQDJyUCMABAACwAKAAXAAyABwAGIARAAmABVAC4AGIAMwAbQBDQCIAImAUgBSgDKAGkANkAd4A_ACMQFoAWkAxQBuADqAIvASIAmwBYoC7QGHgMiAZOUgagALgAoACoAFwAMgAcABAADGAIYAiABMACkAFUALAAXAAxABmADmAIYAREAowClAGVANEA0gBsgDiAHfAPsA_ACMAEcAKGAVsAvIBhADaAG4AOoAegBF4CRAE2AJ2gU0BTYCtgFigLYAXAAuQBdoDDQGHgMSAYwAyIBkgDJyoAEAHxQACAPAAA.YAAAAAAAAAAA; PHPSESSID=i7457n567lic1604iu706hbu85
    [HTTP_HOST] => my.medical-tribune.de
    [HTTP_ORIGIN] => https://my.medical-tribune.de
    [HTTP_REFERER] => https://my.medical-tribune.de/register.php?mode=1
    [HTTP_SEC_FETCH_DEST] => iframe
    [HTTP_SEC_FETCH_MODE] => navigate
    [HTTP_SEC_FETCH_SITE] => same-origin
    [HTTP_SEC_FETCH_USER] => ?1
    [HTTP_UPGRADE_INSECURE_REQUESTS] => 1
    [HTTP_USER_AGENT] => Mozilla/5.0 (Linux; Android 10; SM-G981B) AppleWebKit/537.36 (KHTML, like Gecko) Chrome/83.0.4103.106 Mobile Safari/537.36
    [PATH] => /bin:/usr/bin
    [QUERY_STRING] => mode=1
    [REDIRECT_STATUS] => 200
    [REMOTE_ADDR] => 194.230.148.253
    [REMOTE_PORT] => 20734
    [REQUEST_METHOD] => POST
    [REQUEST_SCHEME] => https
    [REQUEST_URI] => /register.php?mode=1
    [SCRIPT_FILENAME] => /home/mtde/public_html/my/register.php
    [SCRIPT_NAME] => /register.php
    [SERVER_ADDR] => 46.232.181.187
    [SERVER_ADMIN] => webmaster@my.medical-tribune.de
    [SERVER_NAME] => my.medical-tribune.de
    [SERVER_PORT] => 443
    [SERVER_PROTOCOL] => HTTP/1.1
    [SERVER_SIGNATURE] => 
    [SERVER_SOFTWARE] => Apache
    [SSL_TLS_SNI] => my.medical-tribune.de
    [UNIQUE_ID] => X1M9Z4TlmqUYBeM48spcFwAAAU4
    [PHP_SELF] => /register.php
    [REQUEST_TIME_FLOAT] => 1599290727.2198
    [REQUEST_TIME] => 1599290727
)

05-09-2020 : pleiss-schuerenberg@web.de,Array
(
    [CONTENT_LENGTH] => 2994
    [CONTENT_TYPE] => multipart/form-data; boundary=----WebKitFormBoundaryJZdeySQdQkoGE0DB
    [CONTEXT_DOCUMENT_ROOT] => /home/mtde/public_html/my
    [CONTEXT_PREFIX] => 
    [DOCUMENT_ROOT] => /home/mtde/public_html/my
    [GATEWAY_INTERFACE] => CGI/1.1
    [HTTPS] => on
    [HTTP_ACCEPT] => text/html,application/xhtml+xml,application/xml;q=0.9,*/*;q=0.8
    [HTTP_ACCEPT_ENCODING] => gzip, deflate, br
    [HTTP_ACCEPT_LANGUAGE] => de-de
    [HTTP_CONNECTION] => keep-alive
    [HTTP_COOKIE] => PHPSESSID=38bk276qkjig1q0g79jdomnom1; _ga=GA1.2.1332771472.1599292837; _gid=GA1.2.1418068229.1599292837; consentUUID=554976b6-6e59-4ab7-ad2e-a1a0e528418c; euconsent-v2=CO5QLjIO5QLjIAGABBENA2CgAAAAAH_AAAYgAAAMoIIMAAUAgCEsAAQJFCIQAAQhiQAAAAFFCIBQJIAEigAWRwEcoAEACAxAQgQAgBBQAwCAAQAAJKAgBAAAQCAAiAQAAgAGAIAAEAAILACQEAAAFQJCAAiACUCAggAAg5BAgKgCCAECASMACgDaAHgAWIA2QCPRIAIABwA5xAAEA3gUACAokOABAAcGABAGyAX0KACADaAHgAj0BfRUACAD4oABAHgA.YAAAAAAAAAAA
    [HTTP_HOST] => my.medical-tribune.de
    [HTTP_ORIGIN] => https://my.medical-tribune.de
    [HTTP_REFERER] => https://my.medical-tribune.de/register.php?mode=1
    [HTTP_USER_AGENT] => Mozilla/5.0 (Macintosh; Intel Mac OS X 10_15_4) AppleWebKit/605.1.15 (KHTML, like Gecko) Version/13.1.2 Safari/605.1.15
    [PATH] => /bin:/usr/bin
    [QUERY_STRING] => mode=1
    [REDIRECT_STATUS] => 200
    [REMOTE_ADDR] => 188.126.189.229
    [REMOTE_PORT] => 51685
    [REQUEST_METHOD] => POST
    [REQUEST_SCHEME] => https
    [REQUEST_URI] => /register.php?mode=1
    [SCRIPT_FILENAME] => /home/mtde/public_html/my/register.php
    [SCRIPT_NAME] => /register.php
    [SERVER_ADDR] => 46.232.181.187
    [SERVER_ADMIN] => webmaster@my.medical-tribune.de
    [SERVER_NAME] => my.medical-tribune.de
    [SERVER_PORT] => 443
    [SERVER_PROTOCOL] => HTTP/1.1
    [SERVER_SIGNATURE] => 
    [SERVER_SOFTWARE] => Apache
    [SSL_TLS_SNI] => my.medical-tribune.de
    [UNIQUE_ID] => X1NJ3FAYIIpdNd0mkS7BKAAAAEk
    [PHP_SELF] => /register.php
    [REQUEST_TIME_FLOAT] => 1599293917.2262
    [REQUEST_TIME] => 1599293917
)

05-09-2020 : harald@foe.st,Array
(
    [CONTENT_LENGTH] => 3505
    [CONTENT_TYPE] => multipart/form-data; boundary=----WebKitFormBoundaryZqM4k0R4SeF9q6om
    [CONTEXT_DOCUMENT_ROOT] => /home/mtde/public_html/my
    [CONTEXT_PREFIX] => 
    [DOCUMENT_ROOT] => /home/mtde/public_html/my
    [GATEWAY_INTERFACE] => CGI/1.1
    [HTTPS] => on
    [HTTP_ACCEPT] => text/html,application/xhtml+xml,application/xml;q=0.9,*/*;q=0.8
    [HTTP_ACCEPT_ENCODING] => gzip, deflate, br
    [HTTP_ACCEPT_LANGUAGE] => de-de
    [HTTP_CONNECTION] => keep-alive
    [HTTP_COOKIE] => PHPSESSID=7mdjfn2agk2rpamaoiu4teijp0; _ga=GA1.2.410098246.1595355453; _gid=GA1.2.1553564584.1599295027; consentUUID=965e23f5-839d-4cbb-80e8-a8cf7ace538c; euconsent-v2=CO5QQ4SO5QQ4SAGABCENA2CgAP_AAH_AAAYgGVtf_X9fb2_j-_5999t0eY1f9_63t-wzjgeNs-8NyZ_X_J4Xr2MyvB34pqYKmR4EunLBAQdlHGHcTQgAwIkFqTLsYk2MizNKJ7JEilMbc2dYGG1vn8XT_ZCY70-_f__7v3-_-___6oGUEEGAAKAQBCWAAIEihEIQAIQxIAIAACihEAgEkACRQALI4COUACABAYgIQIAQAgoAYBAAIAAElAQAgAAIBQARAIAAQADAEAACAAEFgBIiAAACoEhAARABKBAQUAAQcggQFQBBACBASGQGQAKAAqACGAEwALgAjgBSADLAGoAOIAcgA_ACMAEcAKWAVcArYBvAExAJsAU2AtEBgQDDwGRDAAoA2gB4AFiANkAj0RAdABUAFYALgAhgBSADIAGWANQAbIA4gB-AEYAJEAUsAq4BrAD5AIbAReAkQBNgCdgFDgKRAXIAwIBhIDDwGTiQAQADgBziAAIBvAkEYABAAC4AKAAqABkADgAHgAQAAiABUADwAH0AQwBEACZAFUAVgAsABcADeAHMAPQAhoBEAESAJYATQApQBhgDIAGWANQAbIA4gByADvAHsAPiAfYB-gEYAJEAUsAvwBhADFAGsANoAbgA3gB6AD5AIbARUAi8BIgCYgEygJsATsApEBTYCsAFigLYAXIAu8BgQDBgGEgMNAYeAyIBkgDJwoAEBRIaBAACoAKwAXABDACkAGQAMsAaQA1ABsgDiAH4ARgApYBV4C0ALSAawA3gB8gENgIvASIAmwBOwChwFIgLkAYEAwkBh4DGAGThwAIADgwAQA2QB1AF9AMjFQGgAKAAqACGAEwALgAjgBSADLAGoAOIAcgA_ACMAEcAKWAVeAtAC0gG8ASCAmIBNgCmwFyAMCAYeAyIUAEAG0APABHoC-h0EYABcAFAAVAAuABkADgAIAARAAxAB9AEMARAAmQBVAFYALAAXAAxABmADeAHMAPQAhgBEACWAEwAJqAUYBSgDIAGVANEA0gBqADZgG-AcAA4gByADvAHtAPsA_ACMAFigLQAtIBcwC8gF-AMIAYoA3EB0wHUAPQAhsBEQCLwEggJEATYAnaBTQFNgKsAWLAtgC2QFwALkAXaAu8BhIDDQGHgMSAYwAx4BkgDJyECwABYAFAAMgAiABiAEMAJgAVQAuABmADeAHoARwApABlADUAG-AOIAcgA7wB-AEDAIwAUOAtAC0gF-AMIAYoA6gB6AEggJEATZApoCmwFigLRgWwBbQC4AFyALtAYeAxIBkQDJyUCMABAACwAKAAXAAyABwAGIARAAmABVAC4AGIAMwAbQBDQCIAImAUgBSgDKAGkANkAd4A_ACMQFoAWkAxQBuADqAIvASIAmwBYoC7QGHgMiAZOUgagALgAoACoAFwAMgAcABAADGAIYAiABMACkAFUALAAXAAxABmADmAIYAREAowClAGVANEA0gBsgDiAHfAPsA_ACMAEcAKGAVsAvIBhADaAG4AOoAegBF4CRAE2AJ2gU0BTYCtgFigLYAXAAuQBdoDDQGHgMSAYwAyIBkgDJyoAEAHxQACAPAAA.YAAAAAAAAAAA
    [HTTP_HOST] => my.medical-tribune.de
    [HTTP_ORIGIN] => https://my.medical-tribune.de
    [HTTP_REFERER] => https://my.medical-tribune.de/register.php?mode=1
    [HTTP_USER_AGENT] => Mozilla/5.0 (iPhone; CPU iPhone OS 13_6_1 like Mac OS X) AppleWebKit/605.1.15 (KHTML, like Gecko) Version/13.1.2 Mobile/15E148 Safari/604.1
    [PATH] => /bin:/usr/bin
    [QUERY_STRING] => mode=1
    [REDIRECT_STATUS] => 200
    [REMOTE_ADDR] => 193.159.35.30
    [REMOTE_PORT] => 52691
    [REQUEST_METHOD] => POST
    [REQUEST_SCHEME] => https
    [REQUEST_URI] => /register.php?mode=1
    [SCRIPT_FILENAME] => /home/mtde/public_html/my/register.php
    [SCRIPT_NAME] => /register.php
    [SERVER_ADDR] => 46.232.181.187
    [SERVER_ADMIN] => webmaster@my.medical-tribune.de
    [SERVER_NAME] => my.medical-tribune.de
    [SERVER_PORT] => 443
    [SERVER_PROTOCOL] => HTTP/1.1
    [SERVER_SIGNATURE] => 
    [SERVER_SOFTWARE] => Apache
    [SSL_TLS_SNI] => my.medical-tribune.de
    [UNIQUE_ID] => X1NQwiUXOeGA7WBGrdd6UwAAAMs
    [PHP_SELF] => /register.php
    [REQUEST_TIME_FLOAT] => 1599295682.5653
    [REQUEST_TIME] => 1599295682
)

05-09-2020 : sonjakurzeja@yahoo.de,Array
(
    [CONTENT_LENGTH] => 3493
    [CONTENT_TYPE] => multipart/form-data; boundary=----WebKitFormBoundaryHcpz8bqb5tITBU1g
    [CONTEXT_DOCUMENT_ROOT] => /home/mtde/public_html/my
    [CONTEXT_PREFIX] => 
    [DOCUMENT_ROOT] => /home/mtde/public_html/my
    [GATEWAY_INTERFACE] => CGI/1.1
    [HTTPS] => on
    [HTTP_ACCEPT] => text/html,application/xhtml+xml,application/xml;q=0.9,image/webp,image/apng,*/*;q=0.8,application/signed-exchange;v=b3;q=0.9
    [HTTP_ACCEPT_ENCODING] => gzip, deflate, br
    [HTTP_ACCEPT_LANGUAGE] => de-DE,de;q=0.9,en-US;q=0.8,en;q=0.7
    [HTTP_CACHE_CONTROL] => max-age=0
    [HTTP_CONNECTION] => keep-alive
    [HTTP_COOKIE] => _ga=GA1.2.598351341.1599283808; _gid=GA1.2.1163266300.1599283808; consentUUID=b68b5d5b-f186-4408-b478-39b7af503931; euconsent-v2=CO5P1fmO5P1fmAGABCENA2CgAP_AAH_AAAYgGVtf_X9fb2_j-_5999t0eY1f9_63t-wzjgeNs-8NyZ_X_J4Xr2MyvB34pqYKmR4EunLBAQdlHGHcTQgAwIkFqTLsYk2MizNKJ7JEilMbc2dYGG1vn8XT_ZCY70-_f__7v3-_-___6oGUEEGAAKAQBCWAAIEihEIQAIQxIAIAACihEAgEkACRQALI4COUACABAYgIQIAQAgoAYBAAIAAElAQAgAAIBQARAIAAQADAEAACAAEFgBIiAAACoEhAARABKBAQUAAQcggQFQBBACBASGQGQAKAAqACGAEwALgAjgBSADLAGoAOIAcgA_ACMAEcAKWAVcArYBvAExAJsAU2AtEBgQDDwGRDAAoA2gB4AFiANkAj0RAdABUAFYALgAhgBSADIAGWANQAbIA4gB-AEYAJEAUsAq4BrAD5AIbAReAkQBNgCdgFDgKRAXIAwIBhIDDwGTiQAQADgBziAAIBvAkEYABAAC4AKAAqABkADgAHgAQAAiABUADwAH0AQwBEACZAFUAVgAsABcADeAHMAPQAhoBEAESAJYATQApQBhgDIAGWANQAbIA4gByADvAHsAPiAfYB-gEYAJEAUsAvwBhADFAGsANoAbgA3gB6AD5AIbARUAi8BIgCYgEygJsATsApEBTYCsAFigLYAXIAu8BgQDBgGEgMNAYeAyIBkgDJwoAEBRIaBAACoAKwAXABDACkAGQAMsAaQA1ABsgDiAH4ARgApYBV4C0ALSAawA3gB8gENgIvASIAmwBOwChwFIgLkAYEAwkBh4DGAGThwAIADgwAQA2QB1AF9AMjFQGgAKAAqACGAEwALgAjgBSADLAGoAOIAcgA_ACMAEcAKWAVeAtAC0gG8ASCAmIBNgCmwFyAMCAYeAyIUAEAG0APABHoC-h0EYABcAFAAVAAuABkADgAIAARAAxAB9AEMARAAmQBVAFYALAAXAAxABmADeAHMAPQAhgBEACWAEwAJqAUYBSgDIAGVANEA0gBqADZgG-AcAA4gByADvAHtAPsA_ACMAFigLQAtIBcwC8gF-AMIAYoA3EB0wHUAPQAhsBEQCLwEggJEATYAnaBTQFNgKsAWLAtgC2QFwALkAXaAu8BhIDDQGHgMSAYwAx4BkgDJyECwABYAFAAMgAiABiAEMAJgAVQAuABmADeAHoARwApABlADUAG-AOIAcgA7wB-AEDAIwAUOAtAC0gF-AMIAYoA6gB6AEggJEATZApoCmwFigLRgWwBbQC4AFyALtAYeAxIBkQDJyUCMABAACwAKAAXAAyABwAGIARAAmABVAC4AGIAMwAbQBDQCIAImAUgBSgDKAGkANkAd4A_ACMQFoAWkAxQBuADqAIvASIAmwBYoC7QGHgMiAZOUgagALgAoACoAFwAMgAcABAADGAIYAiABMACkAFUALAAXAAxABmADmAIYAREAowClAGVANEA0gBsgDiAHfAPsA_ACMAEcAKGAVsAvIBhADaAG4AOoAegBF4CRAE2AJ2gU0BTYCtgFigLYAXAAuQBdoDDQGHgMSAYwAyIBkgDJyoAEAHxQACAPAAA.YAAAAAAAAAAA; PHPSESSID=q690j73kbpca5k215cnupc23e6
    [HTTP_HOST] => my.medical-tribune.de
    [HTTP_ORIGIN] => https://my.medical-tribune.de
    [HTTP_REFERER] => https://my.medical-tribune.de/register.php?mode=1
    [HTTP_SEC_FETCH_DEST] => iframe
    [HTTP_SEC_FETCH_MODE] => navigate
    [HTTP_SEC_FETCH_SITE] => same-origin
    [HTTP_SEC_FETCH_USER] => ?1
    [HTTP_UPGRADE_INSECURE_REQUESTS] => 1
    [HTTP_USER_AGENT] => Mozilla/5.0 (Linux; Android 9; ANE-LX1) AppleWebKit/537.36 (KHTML, like Gecko) Chrome/85.0.4183.81 Mobile Safari/537.36
    [PATH] => /bin:/usr/bin
    [QUERY_STRING] => mode=1
    [REDIRECT_STATUS] => 200
    [REMOTE_ADDR] => 95.208.248.155
    [REMOTE_PORT] => 30750
    [REQUEST_METHOD] => POST
    [REQUEST_SCHEME] => https
    [REQUEST_URI] => /register.php?mode=1
    [SCRIPT_FILENAME] => /home/mtde/public_html/my/register.php
    [SCRIPT_NAME] => /register.php
    [SERVER_ADDR] => 46.232.181.187
    [SERVER_ADMIN] => webmaster@my.medical-tribune.de
    [SERVER_NAME] => my.medical-tribune.de
    [SERVER_PORT] => 443
    [SERVER_PROTOCOL] => HTTP/1.1
    [SERVER_SIGNATURE] => 
    [SERVER_SOFTWARE] => Apache
    [SSL_TLS_SNI] => my.medical-tribune.de
    [UNIQUE_ID] => X1Ne8pPiK5tGvcB732UhjwAAAQo
    [PHP_SELF] => /register.php
    [REQUEST_TIME_FLOAT] => 1599299314.8505
    [REQUEST_TIME] => 1599299314
)

05-09-2020 : bastiansamfass@googlemail.com,Array
(
    [CONTENT_LENGTH] => 2380
    [CONTENT_TYPE] => multipart/form-data; boundary=----WebKitFormBoundary6ME2hPtBrU3b3RGZ
    [CONTEXT_DOCUMENT_ROOT] => /home/mtde/public_html/my
    [CONTEXT_PREFIX] => 
    [DOCUMENT_ROOT] => /home/mtde/public_html/my
    [GATEWAY_INTERFACE] => CGI/1.1
    [HTTPS] => on
    [HTTP_ACCEPT] => text/html,application/xhtml+xml,application/xml;q=0.9,image/webp,image/apng,*/*;q=0.8,application/signed-exchange;v=b3;q=0.9
    [HTTP_ACCEPT_ENCODING] => gzip, deflate, br
    [HTTP_ACCEPT_LANGUAGE] => de-DE,de;q=0.9,en-US;q=0.8,en;q=0.7
    [HTTP_CACHE_CONTROL] => max-age=0
    [HTTP_CONNECTION] => keep-alive
    [HTTP_COOKIE] => consentUUID=689c41de-e2f2-4bf0-bf47-e561113de91d; _ga=GA1.2.1045082110.1599299391; _gid=GA1.2.1639597354.1599299391; euconsent-v2=CO5QbiPO5QbiPAGABCENA2CgAP_AAH_AAAYgGVtf_X9fb2_j-_5999t0eY1f9_63t-wzjgeNs-8NyZ_X_J4Xr2MyvB34pqYKmR4EunLBAQdlHGHcTQgAwIkFqTLsYk2MizNKJ7JEilMbc2dYGG1vn8XT_ZCY70-_f__7v3-_-___6oGUEEGAAKAQBCWAAIEihEIQAIQxIAIAACihEAgEkACRQALI4COUACABAYgIQIAQAgoAYBAAIAAElAQAgAAIBQARAIAAQADAEAACAAEFgBIiAAACoEhAARABKBAQUAAQcggQFQBBACBASGQGQAKAAqACGAEwALgAjgBSADLAGoAOIAcgA_ACMAEcAKWAVcArYBvAExAJsAU2AtEBgQDDwGRDAAoA2gB4AFiANkAj0RAdABUAFYALgAhgBSADIAGWANQAbIA4gB-AEYAJEAUsAq4BrAD5AIbAReAkQBNgCdgFDgKRAXIAwIBhIDDwGTiQAQADgBziAAIBvAkEYABAAC4AKAAqABkADgAHgAQAAiABUADwAH0AQwBEACZAFUAVgAsABcADeAHMAPQAhoBEAESAJYATQApQBhgDIAGWANQAbIA4gByADvAHsAPiAfYB-gEYAJEAUsAvwBhADFAGsANoAbgA3gB6AD5AIbARUAi8BIgCYgEygJsATsApEBTYCsAFigLYAXIAu8BgQDBgGEgMNAYeAyIBkgDJwoAEBRIaBAACoAKwAXABDACkAGQAMsAaQA1ABsgDiAH4ARgApYBV4C0ALSAawA3gB8gENgIvASIAmwBOwChwFIgLkAYEAwkBh4DGAGThwAIADgwAQA2QB1AF9AMjFQGgAKAAqACGAEwALgAjgBSADLAGoAOIAcgA_ACMAEcAKWAVeAtAC0gG8ASCAmIBNgCmwFyAMCAYeAyIUAEAG0APABHoC-h0EYABcAFAAVAAuABkADgAIAARAAxAB9AEMARAAmQBVAFYALAAXAAxABmADeAHMAPQAhgBEACWAEwAJqAUYBSgDIAGVANEA0gBqADZgG-AcAA4gByADvAHtAPsA_ACMAFigLQAtIBcwC8gF-AMIAYoA3EB0wHUAPQAhsBEQCLwEggJEATYAnaBTQFNgKsAWLAtgC2QFwALkAXaAu8BhIDDQGHgMSAYwAx4BkgDJyECwABYAFAAMgAiABiAEMAJgAVQAuABmADeAHoARwApABlADUAG-AOIAcgA7wB-AEDAIwAUOAtAC0gF-AMIAYoA6gB6AEggJEATZApoCmwFigLRgWwBbQC4AFyALtAYeAxIBkQDJyUCMABAACwAKAAXAAyABwAGIARAAmABVAC4AGIAMwAbQBDQCIAImAUgBSgDKAGkANkAd4A_ACMQFoAWkAxQBuADqAIvASIAmwBYoC7QGHgMiAZOUgagALgAoACoAFwAMgAcABAADGAIYAiABMACkAFUALAAXAAxABmADmAIYAREAowClAGVANEA0gBsgDiAHfAPsA_ACMAEcAKGAVsAvIBhADaAG4AOoAegBF4CRAE2AJ2gU0BTYCtgFigLYAXAAuQBdoDDQGHgMSAYwAyIBkgDJyoAEAHxQACAPAAA.YAAAAAAAAAAA; PHPSESSID=rtq20d6453l8rtjknpv5id13k3
    [HTTP_HOST] => my.medical-tribune.de
    [HTTP_ORIGIN] => https://my.medical-tribune.de
    [HTTP_REFERER] => https://my.medical-tribune.de/register.php?mode=1
    [HTTP_SEC_FETCH_DEST] => iframe
    [HTTP_SEC_FETCH_MODE] => navigate
    [HTTP_SEC_FETCH_SITE] => same-origin
    [HTTP_SEC_FETCH_USER] => ?1
    [HTTP_UPGRADE_INSECURE_REQUESTS] => 1
    [HTTP_USER_AGENT] => Mozilla/5.0 (Linux; Android 9; SM-J330F) AppleWebKit/537.36 (KHTML, like Gecko) Chrome/85.0.4183.81 Mobile Safari/537.36
    [PATH] => /bin:/usr/bin
    [QUERY_STRING] => mode=1
    [REDIRECT_STATUS] => 200
    [REMOTE_ADDR] => 2.203.164.54
    [REMOTE_PORT] => 49656
    [REQUEST_METHOD] => POST
    [REQUEST_SCHEME] => https
    [REQUEST_URI] => /register.php?mode=1
    [SCRIPT_FILENAME] => /home/mtde/public_html/my/register.php
    [SCRIPT_NAME] => /register.php
    [SERVER_ADDR] => 46.232.181.187
    [SERVER_ADMIN] => webmaster@my.medical-tribune.de
    [SERVER_NAME] => my.medical-tribune.de
    [SERVER_PORT] => 443
    [SERVER_PROTOCOL] => HTTP/1.1
    [SERVER_SIGNATURE] => 
    [SERVER_SOFTWARE] => Apache
    [SSL_TLS_SNI] => my.medical-tribune.de
    [UNIQUE_ID] => X1NgAlAYIIpdNd0mkS7MWQAAAEw
    [PHP_SELF] => /register.php
    [REQUEST_TIME_FLOAT] => 1599299586.8722
    [REQUEST_TIME] => 1599299586
)

05-09-2020 : bettina.mensing@t-online.de,Array
(
    [CONTENT_LENGTH] => 3613
    [CONTENT_TYPE] => multipart/form-data; boundary=----WebKitFormBoundaryV0Ys5VRyAozuNO6q
    [CONTEXT_DOCUMENT_ROOT] => /home/mtde/public_html/my
    [CONTEXT_PREFIX] => 
    [DOCUMENT_ROOT] => /home/mtde/public_html/my
    [GATEWAY_INTERFACE] => CGI/1.1
    [HTTPS] => on
    [HTTP_ACCEPT] => text/html,application/xhtml+xml,application/xml;q=0.9,*/*;q=0.8
    [HTTP_ACCEPT_ENCODING] => gzip, deflate, br
    [HTTP_ACCEPT_LANGUAGE] => de-de
    [HTTP_CONNECTION] => keep-alive
    [HTTP_COOKIE] => _ga=GA1.2.115825125.1524127335; _gid=GA1.2.108225175.1599299732; consentUUID=7098c0ae-d7de-4fee-97ec-67a7a3c25aad; PHPSESSID=p8unm8170680v71a072anmfbp0; euconsent-v2=CO5QcXgO5QcXgAGABCENA2CgAP_AAH_AAAYgGVtf_X9fb2_j-_5999t0eY1f9_63t-wzjgeNs-8NyZ_X_J4Xr2MyvB34pqYKmR4EunLBAQdlHGHcTQgAwIkFqTLsYk2MizNKJ7JEilMbc2dYGG1vn8XT_ZCY70-_f__7v3-_-___6oGUEEGAAKAQBCWAAIEihEIQAIQxIAIAACihEAgEkACRQALI4COUACABAYgIQIAQAgoAYBAAIAAElAQAgAAIBQARAIAAQADAEAACAAEFgBIiAAACoEhAARABKBAQUAAQcggQFQBBACBASGQGQAKAAqACGAEwALgAjgBSADLAGoAOIAcgA_ACMAEcAKWAVcArYBvAExAJsAU2AtEBgQDDwGRDAAoA2gB4AFiANkAj0RAdABUAFYALgAhgBSADIAGWANQAbIA4gB-AEYAJEAUsAq4BrAD5AIbAReAkQBNgCdgFDgKRAXIAwIBhIDDwGTiQAQADgBziAAIBvAkEYABAAC4AKAAqABkADgAHgAQAAiABUADwAH0AQwBEACZAFUAVgAsABcADeAHMAPQAhoBEAESAJYATQApQBhgDIAGWANQAbIA4gByADvAHsAPiAfYB-gEYAJEAUsAvwBhADFAGsANoAbgA3gB6AD5AIbARUAi8BIgCYgEygJsATsApEBTYCsAFigLYAXIAu8BgQDBgGEgMNAYeAyIBkgDJwoAEBRIaBAACoAKwAXABDACkAGQAMsAaQA1ABsgDiAH4ARgApYBV4C0ALSAawA3gB8gENgIvASIAmwBOwChwFIgLkAYEAwkBh4DGAGThwAIADgwAQA2QB1AF9AMjFQGgAKAAqACGAEwALgAjgBSADLAGoAOIAcgA_ACMAEcAKWAVeAtAC0gG8ASCAmIBNgCmwFyAMCAYeAyIUAEAG0APABHoC-h0EYABcAFAAVAAuABkADgAIAARAAxAB9AEMARAAmQBVAFYALAAXAAxABmADeAHMAPQAhgBEACWAEwAJqAUYBSgDIAGVANEA0gBqADZgG-AcAA4gByADvAHtAPsA_ACMAFigLQAtIBcwC8gF-AMIAYoA3EB0wHUAPQAhsBEQCLwEggJEATYAnaBTQFNgKsAWLAtgC2QFwALkAXaAu8BhIDDQGHgMSAYwAx4BkgDJyECwABYAFAAMgAiABiAEMAJgAVQAuABmADeAHoARwApABlADUAG-AOIAcgA7wB-AEDAIwAUOAtAC0gF-AMIAYoA6gB6AEggJEATZApoCmwFigLRgWwBbQC4AFyALtAYeAxIBkQDJyUCMABAACwAKAAXAAyABwAGIARAAmABVAC4AGIAMwAbQBDQCIAImAUgBSgDKAGkANkAd4A_ACMQFoAWkAxQBuADqAIvASIAmwBYoC7QGHgMiAZOUgagALgAoACoAFwAMgAcABAADGAIYAiABMACkAFUALAAXAAxABmADmAIYAREAowClAGVANEA0gBsgDiAHfAPsA_ACMAEcAKGAVsAvIBhADaAG4AOoAegBF4CRAE2AJ2gU0BTYCtgFigLYAXAAuQBdoDDQGHgMSAYwAyIBkgDJyoAEAHxQACAPAAA.YAAAAAAAAAAA
    [HTTP_HOST] => my.medical-tribune.de
    [HTTP_ORIGIN] => https://my.medical-tribune.de
    [HTTP_REFERER] => https://my.medical-tribune.de/register.php?mode=1
    [HTTP_USER_AGENT] => Mozilla/5.0 (iPhone; CPU iPhone OS 13_6_1 like Mac OS X) AppleWebKit/605.1.15 (KHTML, like Gecko) Version/13.1.2 Mobile/15E148 Safari/604.1
    [PATH] => /bin:/usr/bin
    [QUERY_STRING] => mode=1
    [REDIRECT_STATUS] => 200
    [REMOTE_ADDR] => 95.223.117.126
    [REMOTE_PORT] => 3129
    [REQUEST_METHOD] => POST
    [REQUEST_SCHEME] => https
    [REQUEST_URI] => /register.php?mode=1
    [SCRIPT_FILENAME] => /home/mtde/public_html/my/register.php
    [SCRIPT_NAME] => /register.php
    [SERVER_ADDR] => 46.232.181.187
    [SERVER_ADMIN] => webmaster@my.medical-tribune.de
    [SERVER_NAME] => my.medical-tribune.de
    [SERVER_PORT] => 443
    [SERVER_PROTOCOL] => HTTP/1.1
    [SERVER_SIGNATURE] => 
    [SERVER_SOFTWARE] => Apache
    [SSL_TLS_SNI] => my.medical-tribune.de
    [UNIQUE_ID] => X1Ni@mD2v5C6gqUP@oeg1QAAAAU
    [PHP_SELF] => /register.php
    [REQUEST_TIME_FLOAT] => 1599300346.4417
    [REQUEST_TIME] => 1599300346
)

05-09-2020 : RalfUnger@web.de,Array
(
    [CONTENT_LENGTH] => 3399
    [CONTENT_TYPE] => multipart/form-data; boundary=----WebKitFormBoundaryrIQX82WcOlufx4ve
    [CONTEXT_DOCUMENT_ROOT] => /home/mtde/public_html/my
    [CONTEXT_PREFIX] => 
    [DOCUMENT_ROOT] => /home/mtde/public_html/my
    [GATEWAY_INTERFACE] => CGI/1.1
    [HTTPS] => on
    [HTTP_ACCEPT] => text/html,application/xhtml+xml,application/xml;q=0.9,image/avif,image/webp,image/apng,*/*;q=0.8,application/signed-exchange;v=b3;q=0.9
    [HTTP_ACCEPT_ENCODING] => gzip, deflate, br
    [HTTP_ACCEPT_LANGUAGE] => de-DE,de;q=0.9,en-US;q=0.8,en;q=0.7
    [HTTP_CACHE_CONTROL] => max-age=0
    [HTTP_CONNECTION] => keep-alive
    [HTTP_COOKIE] => consentUUID=ebdd442c-3753-4158-8e3d-6b45ccb60c7c; _ga=GA1.2.581925821.1598017748; euconsent-v2=CO4fieOO4fieOAGABCENA0CgAP_AAH_AAAYgGVtf_X9fb2_j-_5999t0eY1f9_63t-wzjgeNs-8NyZ_X_J4Xr2MyvB34pqYKmR4EunLBAQdlHGHcTQgAwIkFqTLsYk2MizNKJ7JEilMbc2dYGG1vn8XT_ZCY70-_f__7v3-_-___6oGUEEGAAKAQBCWAAIEihEIQAIQxIAIAACihEAgEkACRQALI4COUACABAYgIQIAQAgoAYBAAIAAElAQAgAAIBQARAIAAQADAEAACAAEFgBIiAAACoEhAARABKBAQUAAQcggQFQBBACBARGQGAAKAAqACGAEwALgAjgBSADLAGoAOIAfgBGACOAFLAKuAVsA3gCYgE2AKbAWiAwIBh4DIhgAUAbQA8ACxAGyAR6IgOgAqACsAFwAQwAiQBSADIAGWANQAbIA4gB-AEYAKWAVcA1gB8gENgIvASIAmwBOwChwFIgLkAYEAwkBh4DJxIAIABwA5xAAEA3gSCIAAgABcAFAAVAAyABwADwAIAARAAqAB4AD6AIYAiABMgCqAKwAWAAuABvADmAHoAQ0AiACJAEsAJoAUoAwwBkADLAGoANkAcQA7wB7AD4gH2AfoBGAClgF-AMIAYoA1gBtADcAG8APQAfIBDYCKgEXgJEATEAmUBNgCdgFIgKbAVgAsUBbAC5AF3gMCAYMAwkBhoDDwGRAMkAZOGgQgAqACsAFwAQwAiQBSADIAGWANIAagA2QBxAD8AIwAUsAq8BaAFpANYAbwA-QCGwEXgJEATYAnYBQ4CkQFyAMCAYSAw8BjADJw4AEABwYAIAbIA6gC-gGRioDIAFAAVABDACYAFwARwApABlgDUAHEAPwAjABHAClgFXgLQAtIBvAEggJiATYApsBcgDAgGHgMiFABABtADwAR6AvodBGAAXABQAFQALgAZAA4ACAAEQAMQAfABBgCGAIgATIAqgCsAFgALgAYgAzABvADmAHoAQwAiABLACYAE1AKMApQBkADKgGiAaQA1ABswDfAOAAcQA7wB7QD7APwAjABYoC0ALSAXMAvIBfgDCAGKANxAdMB1AD0AIbAREAi8BIICRAE2AJ2gU0BTYCrAFiwLYAtkBcAC5AF2gLvAYSAw0Bh4DEgGMAMeAZIAychAsAAWABQADIAIgAYgBBACGAEwAKoAXAAzABvAD0AI4AUgAygBqADfAHEAO8AfgBAwCMAFDgLQAtIBfgDCAGKAOoAegBIICRAE2QKaApsBYoC0YFsAW0AuABcgC7QGHgMSAZEAyclAjAAQAAsACgAFwAMgAcABiAEQAJgAVQAuABiADMAG0AQ0AiACJgFIAUoAygBpADZAHeAPwAjEBaAFpAMUAbgA6gCLwEiAJsAWKAu0Bh4DIgGTlIGoAC4AKAAqABcADIAHAAQAAxgCGAIgATAApABVACwAFwAMQAZgA5gCGAERAKMApQBlQDRANIAbIA4gB3wD7APwAjABHAChgFbALyAYQA2gBuADqAHoAReAkQBNgCdoFNAU2ArYBYoC2AFwALkAXaAw0Bh4DEgGMAMiAZIAycqABAB8UAAgDwA.YAAAAAAAAAAA; _gid=GA1.2.794913276.1599310833; _gac_UA-173639924-1=1.1599310833.Cj0KCQjw7sz6BRDYARIsAPHzrNK38pYkrGAuV8XLcyGZNM8z5bSU3aqwUpquXLO0QkP_N9pzL3NSt9UaAldnEALw_wcB; _gac_UA-1204464-17=1.1599310833.Cj0KCQjw7sz6BRDYARIsAPHzrNK38pYkrGAuV8XLcyGZNM8z5bSU3aqwUpquXLO0QkP_N9pzL3NSt9UaAldnEALw_wcB; PHPSESSID=st3m1t0igu6f4l94qd9fcrlni2
    [HTTP_HOST] => my.medical-tribune.de
    [HTTP_ORIGIN] => https://my.medical-tribune.de
    [HTTP_REFERER] => https://my.medical-tribune.de/register.php?mode=1
    [HTTP_SEC_FETCH_DEST] => iframe
    [HTTP_SEC_FETCH_MODE] => navigate
    [HTTP_SEC_FETCH_SITE] => same-origin
    [HTTP_SEC_FETCH_USER] => ?1
    [HTTP_UPGRADE_INSECURE_REQUESTS] => 1
    [HTTP_USER_AGENT] => Mozilla/5.0 (Windows NT 6.1; Win64; x64) AppleWebKit/537.36 (KHTML, like Gecko) Chrome/85.0.4183.83 Safari/537.36
    [PATH] => /bin:/usr/bin
    [QUERY_STRING] => mode=1
    [REDIRECT_STATUS] => 200
    [REMOTE_ADDR] => 84.163.244.226
    [REMOTE_PORT] => 50199
    [REQUEST_METHOD] => POST
    [REQUEST_SCHEME] => https
    [REQUEST_URI] => /register.php?mode=1
    [SCRIPT_FILENAME] => /home/mtde/public_html/my/register.php
    [SCRIPT_NAME] => /register.php
    [SERVER_ADDR] => 46.232.181.187
    [SERVER_ADMIN] => webmaster@my.medical-tribune.de
    [SERVER_NAME] => my.medical-tribune.de
    [SERVER_PORT] => 443
    [SERVER_PROTOCOL] => HTTP/1.1
    [SERVER_SIGNATURE] => 
    [SERVER_SOFTWARE] => Apache
    [SSL_TLS_SNI] => my.medical-tribune.de
    [UNIQUE_ID] => X1ON45mJYA-2PiY2w0OnbQAAAAM
    [PHP_SELF] => /register.php
    [REQUEST_TIME_FLOAT] => 1599311332.1206
    [REQUEST_TIME] => 1599311332
)

05-09-2020 : nwaschik@gmail.com,Array
(
    [CONTENT_LENGTH] => 4159
    [CONTENT_TYPE] => multipart/form-data; boundary=----WebKitFormBoundary6IAIL38Xnudccz7z
    [CONTEXT_DOCUMENT_ROOT] => /home/mtde/public_html/my
    [CONTEXT_PREFIX] => 
    [DOCUMENT_ROOT] => /home/mtde/public_html/my
    [GATEWAY_INTERFACE] => CGI/1.1
    [HTTPS] => on
    [HTTP_ACCEPT] => text/html,application/xhtml+xml,application/xml;q=0.9,image/webp,image/apng,*/*;q=0.8,application/signed-exchange;v=b3;q=0.9
    [HTTP_ACCEPT_ENCODING] => gzip, deflate, br
    [HTTP_ACCEPT_LANGUAGE] => de-DE,de;q=0.9,en-US;q=0.8,en;q=0.7
    [HTTP_CACHE_CONTROL] => max-age=0
    [HTTP_CONNECTION] => keep-alive
    [HTTP_COOKIE] => consentUUID=32d3917f-64f4-4b86-82eb-e798a4d96781; _ga=GA1.2.33668792.1599311776; _gid=GA1.2.735079753.1599311776; euconsent-v2=CO5Q5xhO5Q5xhAGABCENA2CgAP_AAH_AAAYgGVtf_X9fb2_j-_5999t0eY1f9_63t-wzjgeNs-8NyZ_X_J4Xr2MyvB34pqYKmR4EunLBAQdlHGHcTQgAwIkFqTLsYk2MizNKJ7JEilMbc2dYGG1vn8XT_ZCY70-_f__7v3-_-___6oGUEEGAAKAQBCWAAIEihEIQAIQxIAIAACihEAgEkACRQALI4COUACABAYgIQIAQAgoAYBAAIAAElAQAgAAIBQARAIAAQADAEAACAAEFgBIiAAACoEhAARABKBAQUAAQcggQFQBBACBASGQGQAKAAqACGAEwALgAjgBSADLAGoAOIAcgA_ACMAEcAKWAVcArYBvAExAJsAU2AtEBgQDDwGRDAAoA2gB4AFiANkAj0RAdABUAFYALgAhgBSADIAGWANQAbIA4gB-AEYAJEAUsAq4BrAD5AIbAReAkQBNgCdgFDgKRAXIAwIBhIDDwGTiQAQADgBziAAIBvAkEYABAAC4AKAAqABkADgAHgAQAAiABUADwAH0AQwBEACZAFUAVgAsABcADeAHMAPQAhoBEAESAJYATQApQBhgDIAGWANQAbIA4gByADvAHsAPiAfYB-gEYAJEAUsAvwBhADFAGsANoAbgA3gB6AD5AIbARUAi8BIgCYgEygJsATsApEBTYCsAFigLYAXIAu8BgQDBgGEgMNAYeAyIBkgDJwoAEBRIaBAACoAKwAXABDACkAGQAMsAaQA1ABsgDiAH4ARgApYBV4C0ALSAawA3gB8gENgIvASIAmwBOwChwFIgLkAYEAwkBh4DGAGThwAIADgwAQA2QB1AF9AMjFQGgAKAAqACGAEwALgAjgBSADLAGoAOIAcgA_ACMAEcAKWAVeAtAC0gG8ASCAmIBNgCmwFyAMCAYeAyIUAEAG0APABHoC-h0EYABcAFAAVAAuABkADgAIAARAAxAB9AEMARAAmQBVAFYALAAXAAxABmADeAHMAPQAhgBEACWAEwAJqAUYBSgDIAGVANEA0gBqADZgG-AcAA4gByADvAHtAPsA_ACMAFigLQAtIBcwC8gF-AMIAYoA3EB0wHUAPQAhsBEQCLwEggJEATYAnaBTQFNgKsAWLAtgC2QFwALkAXaAu8BhIDDQGHgMSAYwAx4BkgDJyECwABYAFAAMgAiABiAEMAJgAVQAuABmADeAHoARwApABlADUAG-AOIAcgA7wB-AEDAIwAUOAtAC0gF-AMIAYoA6gB6AEggJEATZApoCmwFigLRgWwBbQC4AFyALtAYeAxIBkQDJyUCMABAACwAKAAXAAyABwAGIARAAmABVAC4AGIAMwAbQBDQCIAImAUgBSgDKAGkANkAd4A_ACMQFoAWkAxQBuADqAIvASIAmwBYoC7QGHgMiAZOUgagALgAoACoAFwAMgAcABAADGAIYAiABMACkAFUALAAXAAxABmADmAIYAREAowClAGVANEA0gBsgDiAHfAPsA_ACMAEcAKGAVsAvIBhADaAG4AOoAegBF4CRAE2AJ2gU0BTYCtgFigLYAXAAuQBdoDDQGHgMSAYwAyIBkgDJyoAEAHxQACAPAAA.YAAAAAAAAAAA; PHPSESSID=8p2je86r9hl2t95joicesencb4
    [HTTP_HOST] => my.medical-tribune.de
    [HTTP_ORIGIN] => https://my.medical-tribune.de
    [HTTP_REFERER] => https://my.medical-tribune.de/register.php?mode=1
    [HTTP_SEC_FETCH_DEST] => iframe
    [HTTP_SEC_FETCH_MODE] => navigate
    [HTTP_SEC_FETCH_SITE] => same-origin
    [HTTP_SEC_FETCH_USER] => ?1
    [HTTP_UPGRADE_INSECURE_REQUESTS] => 1
    [HTTP_USER_AGENT] => Mozilla/5.0 (Linux; Android 9; VTR-L09) AppleWebKit/537.36 (KHTML, like Gecko) Chrome/85.0.4183.81 Mobile Safari/537.36
    [PATH] => /bin:/usr/bin
    [QUERY_STRING] => mode=1
    [REDIRECT_STATUS] => 200
    [REMOTE_ADDR] => 87.157.180.202
    [REMOTE_PORT] => 57698
    [REQUEST_METHOD] => POST
    [REQUEST_SCHEME] => https
    [REQUEST_URI] => /register.php?mode=1
    [SCRIPT_FILENAME] => /home/mtde/public_html/my/register.php
    [SCRIPT_NAME] => /register.php
    [SERVER_ADDR] => 46.232.181.187
    [SERVER_ADMIN] => webmaster@my.medical-tribune.de
    [SERVER_NAME] => my.medical-tribune.de
    [SERVER_PORT] => 443
    [SERVER_PROTOCOL] => HTTP/1.1
    [SERVER_SIGNATURE] => 
    [SERVER_SOFTWARE] => Apache
    [SSL_TLS_SNI] => my.medical-tribune.de
    [UNIQUE_ID] => X1OQWyTxZWhojV56hWmetAAAAM8
    [PHP_SELF] => /register.php
    [REQUEST_TIME_FLOAT] => 1599311964.1266
    [REQUEST_TIME] => 1599311964
)

05-09-2020 : falkendoc@web.de,Array
(
    [CONTENT_LENGTH] => 3302
    [CONTENT_TYPE] => multipart/form-data; boundary=---------------------------30955995431382
    [CONTEXT_DOCUMENT_ROOT] => /home/mtde/public_html/my
    [CONTEXT_PREFIX] => 
    [DOCUMENT_ROOT] => /home/mtde/public_html/my
    [GATEWAY_INTERFACE] => CGI/1.1
    [HTTPS] => on
    [HTTP_ACCEPT] => text/html,application/xhtml+xml,application/xml;q=0.9,*/*;q=0.8
    [HTTP_ACCEPT_ENCODING] => gzip, deflate, br
    [HTTP_ACCEPT_LANGUAGE] => de,en-US;q=0.7,en;q=0.3
    [HTTP_CONNECTION] => keep-alive
    [HTTP_COOKIE] => _ga=GA1.2.1858774780.1599314763; _gid=GA1.2.658417079.1599314763; consentUUID=7dc06f08-a014-43ba-81f7-6fb62a58cccc; PHPSESSID=16kvc7aonmp6b03jq1s7c8pec0; euconsent-v2=CO5RBF1O5RBF1AGABCENA2CgAP_AAH_AAAYgGVtf_X9fb2_j-_5999t0eY1f9_63t-wzjgeNs-8NyZ_X_J4Xr2MyvB34pqYKmR4EunLBAQdlHGHcTQgAwIkFqTLsYk2MizNKJ7JEilMbc2dYGG1vn8XT_ZCY70-_f__7v3-_-___6oGUEEGAAKAQBCWAAIEihEIQAIQxIAIAACihEAgEkACRQALI4COUACABAYgIQIAQAgoAYBAAIAAElAQAgAAIBQARAIAAQADAEAACAAEFgBIiAAACoEhAARABKBAQUAAQcggQFQBBACBASGQGQAKAAqACGAEwALgAjgBSADLAGoAOIAcgA_ACMAEcAKWAVcArYBvAExAJsAU2AtEBgQDDwGRDAAoA2gB4AFiANkAj0RAdABUAFYALgAhgBSADIAGWANQAbIA4gB-AEYAJEAUsAq4BrAD5AIbAReAkQBNgCdgFDgKRAXIAwIBhIDDwGTiQAQADgBziAAIBvAkEYABAAC4AKAAqABkADgAHgAQAAiABUADwAH0AQwBEACZAFUAVgAsABcADeAHMAPQAhoBEAESAJYATQApQBhgDIAGWANQAbIA4gByADvAHsAPiAfYB-gEYAJEAUsAvwBhADFAGsANoAbgA3gB6AD5AIbARUAi8BIgCYgEygJsATsApEBTYCsAFigLYAXIAu8BgQDBgGEgMNAYeAyIBkgDJwoAEBRIaBAACoAKwAXABDACkAGQAMsAaQA1ABsgDiAH4ARgApYBV4C0ALSAawA3gB8gENgIvASIAmwBOwChwFIgLkAYEAwkBh4DGAGThwAIADgwAQA2QB1AF9AMjFQGgAKAAqACGAEwALgAjgBSADLAGoAOIAcgA_ACMAEcAKWAVeAtAC0gG8ASCAmIBNgCmwFyAMCAYeAyIUAEAG0APABHoC-h0EYABcAFAAVAAuABkADgAIAARAAxAB9AEMARAAmQBVAFYALAAXAAxABmADeAHMAPQAhgBEACWAEwAJqAUYBSgDIAGVANEA0gBqADZgG-AcAA4gByADvAHtAPsA_ACMAFigLQAtIBcwC8gF-AMIAYoA3EB0wHUAPQAhsBEQCLwEggJEATYAnaBTQFNgKsAWLAtgC2QFwALkAXaAu8BhIDDQGHgMSAYwAx4BkgDJyECwABYAFAAMgAiABiAEMAJgAVQAuABmADeAHoARwApABlADUAG-AOIAcgA7wB-AEDAIwAUOAtAC0gF-AMIAYoA6gB6AEggJEATZApoCmwFigLRgWwBbQC4AFyALtAYeAxIBkQDJyUCMABAACwAKAAXAAyABwAGIARAAmABVAC4AGIAMwAbQBDQCIAImAUgBSgDKAGkANkAd4A_ACMQFoAWkAxQBuADqAIvASIAmwBYoC7QGHgMiAZOUgagALgAoACoAFwAMgAcABAADGAIYAiABMACkAFUALAAXAAxABmADmAIYAREAowClAGVANEA0gBsgDiAHfAPsA_ACMAEcAKGAVsAvIBhADaAG4AOoAegBF4CRAE2AJ2gU0BTYCtgFigLYAXAAuQBdoDDQGHgMSAYwAyIBkgDJyoAEAHxQACAPAAA.YAAAAAAAAAAA
    [HTTP_DNT] => 1
    [HTTP_HOST] => my.medical-tribune.de
    [HTTP_REFERER] => https://my.medical-tribune.de/register.php?mode=1
    [HTTP_USER_AGENT] => Mozilla/5.0 (Windows NT 6.1; WOW64; rv:47.0) Gecko/20100101 Firefox/47.0
    [PATH] => /bin:/usr/bin
    [QUERY_STRING] => mode=1
    [REDIRECT_STATUS] => 200
    [REMOTE_ADDR] => 46.84.84.156
    [REMOTE_PORT] => 50097
    [REQUEST_METHOD] => POST
    [REQUEST_SCHEME] => https
    [REQUEST_URI] => /register.php?mode=1
    [SCRIPT_FILENAME] => /home/mtde/public_html/my/register.php
    [SCRIPT_NAME] => /register.php
    [SERVER_ADDR] => 46.232.181.187
    [SERVER_ADMIN] => webmaster@my.medical-tribune.de
    [SERVER_NAME] => my.medical-tribune.de
    [SERVER_PORT] => 443
    [SERVER_PROTOCOL] => HTTP/1.1
    [SERVER_SIGNATURE] => 
    [SERVER_SOFTWARE] => Apache
    [SSL_TLS_SNI] => my.medical-tribune.de
    [UNIQUE_ID] => X1OfcKvKY2EzWXoQUHY06AAAAIs
    [PHP_SELF] => /register.php
    [REQUEST_TIME_FLOAT] => 1599315824.0893
    [REQUEST_TIME] => 1599315824
)

05-09-2020 : falkenstrasse1@web.de,Array
(
    [CONTENT_LENGTH] => 3334
    [CONTENT_TYPE] => multipart/form-data; boundary=---------------------------172011681521700
    [CONTEXT_DOCUMENT_ROOT] => /home/mtde/public_html/my
    [CONTEXT_PREFIX] => 
    [DOCUMENT_ROOT] => /home/mtde/public_html/my
    [GATEWAY_INTERFACE] => CGI/1.1
    [HTTPS] => on
    [HTTP_ACCEPT] => text/html,application/xhtml+xml,application/xml;q=0.9,*/*;q=0.8
    [HTTP_ACCEPT_ENCODING] => gzip, deflate, br
    [HTTP_ACCEPT_LANGUAGE] => de,en-US;q=0.7,en;q=0.3
    [HTTP_CONNECTION] => keep-alive
    [HTTP_COOKIE] => PHPSESSID=cuckp7v95iaaca84tfgdnli531; _ga=GA1.2.1365970845.1599316387; _gid=GA1.2.1856335173.1599316387; consentUUID=cac98fa2-ca19-411e-a5c6-f94caf523901; euconsent-v2=CO5RFE2O5RFE2AGABCENA2CgAP_AAH_AAAYgGVtf_X9fb2_j-_5999t0eY1f9_63t-wzjgeNs-8NyZ_X_J4Xr2MyvB34pqYKmR4EunLBAQdlHGHcTQgAwIkFqTLsYk2MizNKJ7JEilMbc2dYGG1vn8XT_ZCY70-_f__7v3-_-___6oGUEEGAAKAQBCWAAIEihEIQAIQxIAIAACihEAgEkACRQALI4COUACABAYgIQIAQAgoAYBAAIAAElAQAgAAIBQARAIAAQADAEAACAAEFgBIiAAACoEhAARABKBAQUAAQcggQFQBBACBASGQGQAKAAqACGAEwALgAjgBSADLAGoAOIAcgA_ACMAEcAKWAVcArYBvAExAJsAU2AtEBgQDDwGRDAAoA2gB4AFiANkAj0RAdABUAFYALgAhgBSADIAGWANQAbIA4gB-AEYAJEAUsAq4BrAD5AIbAReAkQBNgCdgFDgKRAXIAwIBhIDDwGTiQAQADgBziAAIBvAkEYABAAC4AKAAqABkADgAHgAQAAiABUADwAH0AQwBEACZAFUAVgAsABcADeAHMAPQAhoBEAESAJYATQApQBhgDIAGWANQAbIA4gByADvAHsAPiAfYB-gEYAJEAUsAvwBhADFAGsANoAbgA3gB6AD5AIbARUAi8BIgCYgEygJsATsApEBTYCsAFigLYAXIAu8BgQDBgGEgMNAYeAyIBkgDJwoAEBRIaBAACoAKwAXABDACkAGQAMsAaQA1ABsgDiAH4ARgApYBV4C0ALSAawA3gB8gENgIvASIAmwBOwChwFIgLkAYEAwkBh4DGAGThwAIADgwAQA2QB1AF9AMjFQGgAKAAqACGAEwALgAjgBSADLAGoAOIAcgA_ACMAEcAKWAVeAtAC0gG8ASCAmIBNgCmwFyAMCAYeAyIUAEAG0APABHoC-h0EYABcAFAAVAAuABkADgAIAARAAxAB9AEMARAAmQBVAFYALAAXAAxABmADeAHMAPQAhgBEACWAEwAJqAUYBSgDIAGVANEA0gBqADZgG-AcAA4gByADvAHtAPsA_ACMAFigLQAtIBcwC8gF-AMIAYoA3EB0wHUAPQAhsBEQCLwEggJEATYAnaBTQFNgKsAWLAtgC2QFwALkAXaAu8BhIDDQGHgMSAYwAx4BkgDJyECwABYAFAAMgAiABiAEMAJgAVQAuABmADeAHoARwApABlADUAG-AOIAcgA7wB-AEDAIwAUOAtAC0gF-AMIAYoA6gB6AEggJEATZApoCmwFigLRgWwBbQC4AFyALtAYeAxIBkQDJyUCMABAACwAKAAXAAyABwAGIARAAmABVAC4AGIAMwAbQBDQCIAImAUgBSgDKAGkANkAd4A_ACMQFoAWkAxQBuADqAIvASIAmwBYoC7QGHgMiAZOUgagALgAoACoAFwAMgAcABAADGAIYAiABMACkAFUALAAXAAxABmADmAIYAREAowClAGVANEA0gBsgDiAHfAPsA_ACMAEcAKGAVsAvIBhADaAG4AOoAegBF4CRAE2AJ2gU0BTYCtgFigLYAXAAuQBdoDDQGHgMSAYwAyIBkgDJyoAEAHxQACAPAAA.YAAAAAAAAAAA
    [HTTP_DNT] => 1
    [HTTP_HOST] => my.medical-tribune.de
    [HTTP_REFERER] => https://my.medical-tribune.de/register.php?mode=1
    [HTTP_USER_AGENT] => Mozilla/5.0 (Windows NT 6.1; WOW64; rv:47.0) Gecko/20100101 Firefox/47.0
    [PATH] => /bin:/usr/bin
    [QUERY_STRING] => mode=1
    [REDIRECT_STATUS] => 200
    [REMOTE_ADDR] => 46.84.84.156
    [REMOTE_PORT] => 50700
    [REQUEST_METHOD] => POST
    [REQUEST_SCHEME] => https
    [REQUEST_URI] => /register.php?mode=1
    [SCRIPT_FILENAME] => /home/mtde/public_html/my/register.php
    [SCRIPT_NAME] => /register.php
    [SERVER_ADDR] => 46.232.181.187
    [SERVER_ADMIN] => webmaster@my.medical-tribune.de
    [SERVER_NAME] => my.medical-tribune.de
    [SERVER_PORT] => 443
    [SERVER_PROTOCOL] => HTTP/1.1
    [SERVER_SIGNATURE] => 
    [SERVER_SOFTWARE] => Apache
    [SSL_TLS_SNI] => my.medical-tribune.de
    [UNIQUE_ID] => X1Oqc2o8P3wpGTUtib--4wAAANg
    [PHP_SELF] => /register.php
    [REQUEST_TIME_FLOAT] => 1599318643.9429
    [REQUEST_TIME] => 1599318643
)

05-09-2020 : Andrea-Kost@gmx.de,Array
(
    [CONTENT_LENGTH] => 2109
    [CONTENT_TYPE] => multipart/form-data; boundary=----WebKitFormBoundarympmfLnRKIBxiwDIw
    [CONTEXT_DOCUMENT_ROOT] => /home/mtde/public_html/my
    [CONTEXT_PREFIX] => 
    [DOCUMENT_ROOT] => /home/mtde/public_html/my
    [GATEWAY_INTERFACE] => CGI/1.1
    [HTTPS] => on
    [HTTP_ACCEPT] => text/html,application/xhtml+xml,application/xml;q=0.9,image/webp,image/apng,*/*;q=0.8,application/signed-exchange;v=b3;q=0.9
    [HTTP_ACCEPT_ENCODING] => gzip, deflate, br
    [HTTP_ACCEPT_LANGUAGE] => de-DE,de;q=0.9,en-US;q=0.8,en;q=0.7
    [HTTP_CACHE_CONTROL] => max-age=0
    [HTTP_CONNECTION] => keep-alive
    [HTTP_COOKIE] => _ga=GA1.2.1253525837.1599319232; _gid=GA1.2.1214886726.1599319232; consentUUID=7c426d5e-a8ff-41c9-a7dd-8558adfddbcd; euconsent-v2=CO5RL-VO5RL-VAGABCENA2CgAP_AAH_AAAYgGVtf_X9fb2_j-_5999t0eY1f9_63t-wzjgeNs-8NyZ_X_J4Xr2MyvB34pqYKmR4EunLBAQdlHGHcTQgAwIkFqTLsYk2MizNKJ7JEilMbc2dYGG1vn8XT_ZCY70-_f__7v3-_-___6oGUEEGAAKAQBCWAAIEihEIQAIQxIAIAACihEAgEkACRQALI4COUACABAYgIQIAQAgoAYBAAIAAElAQAgAAIBQARAIAAQADAEAACAAEFgBIiAAACoEhAARABKBAQUAAQcggQFQBBACBASGQGQAKAAqACGAEwALgAjgBSADLAGoAOIAcgA_ACMAEcAKWAVcArYBvAExAJsAU2AtEBgQDDwGRDAAoA2gB4AFiANkAj0RAdABUAFYALgAhgBSADIAGWANQAbIA4gB-AEYAJEAUsAq4BrAD5AIbAReAkQBNgCdgFDgKRAXIAwIBhIDDwGTiQAQADgBziAAIBvAkEYABAAC4AKAAqABkADgAHgAQAAiABUADwAH0AQwBEACZAFUAVgAsABcADeAHMAPQAhoBEAESAJYATQApQBhgDIAGWANQAbIA4gByADvAHsAPiAfYB-gEYAJEAUsAvwBhADFAGsANoAbgA3gB6AD5AIbARUAi8BIgCYgEygJsATsApEBTYCsAFigLYAXIAu8BgQDBgGEgMNAYeAyIBkgDJwoAEBRIaBAACoAKwAXABDACkAGQAMsAaQA1ABsgDiAH4ARgApYBV4C0ALSAawA3gB8gENgIvASIAmwBOwChwFIgLkAYEAwkBh4DGAGThwAIADgwAQA2QB1AF9AMjFQGgAKAAqACGAEwALgAjgBSADLAGoAOIAcgA_ACMAEcAKWAVeAtAC0gG8ASCAmIBNgCmwFyAMCAYeAyIUAEAG0APABHoC-h0EYABcAFAAVAAuABkADgAIAARAAxAB9AEMARAAmQBVAFYALAAXAAxABmADeAHMAPQAhgBEACWAEwAJqAUYBSgDIAGVANEA0gBqADZgG-AcAA4gByADvAHtAPsA_ACMAFigLQAtIBcwC8gF-AMIAYoA3EB0wHUAPQAhsBEQCLwEggJEATYAnaBTQFNgKsAWLAtgC2QFwALkAXaAu8BhIDDQGHgMSAYwAx4BkgDJyECwABYAFAAMgAiABiAEMAJgAVQAuABmADeAHoARwApABlADUAG-AOIAcgA7wB-AEDAIwAUOAtAC0gF-AMIAYoA6gB6AEggJEATZApoCmwFigLRgWwBbQC4AFyALtAYeAxIBkQDJyUCMABAACwAKAAXAAyABwAGIARAAmABVAC4AGIAMwAbQBDQCIAImAUgBSgDKAGkANkAd4A_ACMQFoAWkAxQBuADqAIvASIAmwBYoC7QGHgMiAZOUgagALgAoACoAFwAMgAcABAADGAIYAiABMACkAFUALAAXAAxABmADmAIYAREAowClAGVANEA0gBsgDiAHfAPsA_ACMAEcAKGAVsAvIBhADaAG4AOoAegBF4CRAE2AJ2gU0BTYCtgFigLYAXAAuQBdoDDQGHgMSAYwAyIBkgDJyoAEAHxQACAPAAA.YAAAAAAAAAAA; PHPSESSID=6ru0k6rmgpk623feeoh9ul9645
    [HTTP_HOST] => my.medical-tribune.de
    [HTTP_ORIGIN] => https://my.medical-tribune.de
    [HTTP_REFERER] => https://my.medical-tribune.de/register.php?mode=1
    [HTTP_SEC_FETCH_MODE] => nested-navigate
    [HTTP_SEC_FETCH_SITE] => same-origin
    [HTTP_SEC_FETCH_USER] => ?1
    [HTTP_UPGRADE_INSECURE_REQUESTS] => 1
    [HTTP_USER_AGENT] => Mozilla/5.0 (Linux; Android 10; SAMSUNG SM-G975F/G975FXXU8CTG4) AppleWebKit/537.36 (KHTML, like Gecko) SamsungBrowser/12.1 Chrome/79.0.3945.136 Mobile Safari/537.36
    [PATH] => /bin:/usr/bin
    [QUERY_STRING] => mode=1
    [REDIRECT_STATUS] => 200
    [REMOTE_ADDR] => 37.201.6.211
    [REMOTE_PORT] => 31450
    [REQUEST_METHOD] => POST
    [REQUEST_SCHEME] => https
    [REQUEST_URI] => /register.php?mode=1
    [SCRIPT_FILENAME] => /home/mtde/public_html/my/register.php
    [SCRIPT_NAME] => /register.php
    [SERVER_ADDR] => 46.232.181.187
    [SERVER_ADMIN] => webmaster@my.medical-tribune.de
    [SERVER_NAME] => my.medical-tribune.de
    [SERVER_PORT] => 443
    [SERVER_PROTOCOL] => HTTP/1.1
    [SERVER_SIGNATURE] => 
    [SERVER_SOFTWARE] => Apache
    [SSL_TLS_SNI] => my.medical-tribune.de
    [UNIQUE_ID] => X1OuCB6eyBn1soneFicftwAAAJU
    [PHP_SELF] => /register.php
    [REQUEST_TIME_FLOAT] => 1599319560.3339
    [REQUEST_TIME] => 1599319560
)

05-09-2020 : cheefchen@yahoo.de,Array
(
    [CONTENT_LENGTH] => 2865
    [CONTENT_TYPE] => multipart/form-data; boundary=----WebKitFormBoundaryAG8jzZg2Uga7kh9R
    [CONTEXT_DOCUMENT_ROOT] => /home/mtde/public_html/my
    [CONTEXT_PREFIX] => 
    [DOCUMENT_ROOT] => /home/mtde/public_html/my
    [GATEWAY_INTERFACE] => CGI/1.1
    [HTTPS] => on
    [HTTP_ACCEPT] => text/html,application/xhtml+xml,application/xml;q=0.9,*/*;q=0.8
    [HTTP_ACCEPT_ENCODING] => gzip, deflate, br
    [HTTP_ACCEPT_LANGUAGE] => en-us
    [HTTP_CONNECTION] => keep-alive
    [HTTP_COOKIE] => PHPSESSID=nbb3ajp6nvarcn3n76mdb91la1; _ga=GA1.2.216420166.1599331228; _gid=GA1.2.850606232.1599331228; consentUUID=527f1457-f407-471f-83cf-9124768b2e49; euconsent-v2=CO5RpQuO5RpQuAGABCENA2CgAP_AAH_AAAYgGVtf_X9fb2_j-_5999t0eY1f9_63t-wzjgeNs-8NyZ_X_J4Xr2MyvB34pqYKmR4EunLBAQdlHGHcTQgAwIkFqTLsYk2MizNKJ7JEilMbc2dYGG1vn8XT_ZCY70-_f__7v3-_-___6oGUEEGAAKAQBCWAAIEihEIQAIQxIAIAACihEAgEkACRQALI4COUACABAYgIQIAQAgoAYBAAIAAElAQAgAAIBQARAIAAQADAEAACAAEFgBIiAAACoEhAARABKBAQUAAQcggQFQBBACBASGQGQAKAAqACGAEwALgAjgBSADLAGoAOIAcgA_ACMAEcAKWAVcArYBvAExAJsAU2AtEBgQDDwGRDAAoA2gB4AFiANkAj0RAdABUAFYALgAhgBSADIAGWANQAbIA4gB-AEYAJEAUsAq4BrAD5AIbAReAkQBNgCdgFDgKRAXIAwIBhIDDwGTiQAQADgBziAAIBvAkEYABAAC4AKAAqABkADgAHgAQAAiABUADwAH0AQwBEACZAFUAVgAsABcADeAHMAPQAhoBEAESAJYATQApQBhgDIAGWANQAbIA4gByADvAHsAPiAfYB-gEYAJEAUsAvwBhADFAGsANoAbgA3gB6AD5AIbARUAi8BIgCYgEygJsATsApEBTYCsAFigLYAXIAu8BgQDBgGEgMNAYeAyIBkgDJwoAEBRIaBAACoAKwAXABDACkAGQAMsAaQA1ABsgDiAH4ARgApYBV4C0ALSAawA3gB8gENgIvASIAmwBOwChwFIgLkAYEAwkBh4DGAGThwAIADgwAQA2QB1AF9AMjFQGgAKAAqACGAEwALgAjgBSADLAGoAOIAcgA_ACMAEcAKWAVeAtAC0gG8ASCAmIBNgCmwFyAMCAYeAyIUAEAG0APABHoC-h0EYABcAFAAVAAuABkADgAIAARAAxAB9AEMARAAmQBVAFYALAAXAAxABmADeAHMAPQAhgBEACWAEwAJqAUYBSgDIAGVANEA0gBqADZgG-AcAA4gByADvAHtAPsA_ACMAFigLQAtIBcwC8gF-AMIAYoA3EB0wHUAPQAhsBEQCLwEggJEATYAnaBTQFNgKsAWLAtgC2QFwALkAXaAu8BhIDDQGHgMSAYwAx4BkgDJyECwABYAFAAMgAiABiAEMAJgAVQAuABmADeAHoARwApABlADUAG-AOIAcgA7wB-AEDAIwAUOAtAC0gF-AMIAYoA6gB6AEggJEATZApoCmwFigLRgWwBbQC4AFyALtAYeAxIBkQDJyUCMABAACwAKAAXAAyABwAGIARAAmABVAC4AGIAMwAbQBDQCIAImAUgBSgDKAGkANkAd4A_ACMQFoAWkAxQBuADqAIvASIAmwBYoC7QGHgMiAZOUgagALgAoACoAFwAMgAcABAADGAIYAiABMACkAFUALAAXAAxABmADmAIYAREAowClAGVANEA0gBsgDiAHfAPsA_ACMAEcAKGAVsAvIBhADaAG4AOoAegBF4CRAE2AJ2gU0BTYCtgFigLYAXAAuQBdoDDQGHgMSAYwAyIBkgDJyoAEAHxQACAPAAA.YAAAAAAAAAAA
    [HTTP_HOST] => my.medical-tribune.de
    [HTTP_ORIGIN] => https://my.medical-tribune.de
    [HTTP_REFERER] => https://my.medical-tribune.de/register.php?mode=1
    [HTTP_USER_AGENT] => Mozilla/5.0 (iPhone; CPU iPhone OS 13_7 like Mac OS X) AppleWebKit/605.1.15 (KHTML, like Gecko) Version/13.1.2 Mobile/15E148 Safari/604.1
    [PATH] => /bin:/usr/bin
    [QUERY_STRING] => mode=1
    [REDIRECT_STATUS] => 200
    [REMOTE_ADDR] => 79.244.157.202
    [REMOTE_PORT] => 50551
    [REQUEST_METHOD] => POST
    [REQUEST_SCHEME] => https
    [REQUEST_URI] => /register.php?mode=1
    [SCRIPT_FILENAME] => /home/mtde/public_html/my/register.php
    [SCRIPT_NAME] => /register.php
    [SERVER_ADDR] => 46.232.181.187
    [SERVER_ADMIN] => webmaster@my.medical-tribune.de
    [SERVER_NAME] => my.medical-tribune.de
    [SERVER_PORT] => 443
    [SERVER_PROTOCOL] => HTTP/1.1
    [SERVER_SIGNATURE] => 
    [SERVER_SOFTWARE] => Apache
    [SSL_TLS_SNI] => my.medical-tribune.de
    [UNIQUE_ID] => X1PcnaC36naL2oXnDl3xLAAAAEc
    [PHP_SELF] => /register.php
    [REQUEST_TIME_FLOAT] => 1599331485.3711
    [REQUEST_TIME] => 1599331485
)

05-09-2020 : a_brauhardt@web.de,Array
(
    [CONTENT_LENGTH] => 3352
    [CONTENT_TYPE] => multipart/form-data; boundary=---------------------------36406123106485842581838584003
    [CONTEXT_DOCUMENT_ROOT] => /home/mtde/public_html/my
    [CONTEXT_PREFIX] => 
    [DOCUMENT_ROOT] => /home/mtde/public_html/my
    [GATEWAY_INTERFACE] => CGI/1.1
    [HTTPS] => on
    [HTTP_ACCEPT] => text/html,application/xhtml+xml,application/xml;q=0.9,image/webp,*/*;q=0.8
    [HTTP_ACCEPT_ENCODING] => gzip, deflate, br
    [HTTP_ACCEPT_LANGUAGE] => de,en-US;q=0.7,en;q=0.3
    [HTTP_CONNECTION] => keep-alive
    [HTTP_COOKIE] => consentUUID=e23b9633-69e9-4c88-9c0d-44c6735ed75b; _ga=GA1.2.377710525.1599332441; _gid=GA1.2.201781337.1599332441; euconsent-v2=CO5RsNxO5RsNxAGABCENA2CgAP_AAH_AAAYgGVtf_X9fb2_j-_5999t0eY1f9_63t-wzjgeNs-8NyZ_X_J4Xr2MyvB34pqYKmR4EunLBAQdlHGHcTQgAwIkFqTLsYk2MizNKJ7JEilMbc2dYGG1vn8XT_ZCY70-_f__7v3-_-___6oGUEEGAAKAQBCWAAIEihEIQAIQxIAIAACihEAgEkACRQALI4COUACABAYgIQIAQAgoAYBAAIAAElAQAgAAIBQARAIAAQADAEAACAAEFgBIiAAACoEhAARABKBAQUAAQcggQFQBBACBASGQGQAKAAqACGAEwALgAjgBSADLAGoAOIAcgA_ACMAEcAKWAVcArYBvAExAJsAU2AtEBgQDDwGRDAAoA2gB4AFiANkAj0RAdABUAFYALgAhgBSADIAGWANQAbIA4gB-AEYAJEAUsAq4BrAD5AIbAReAkQBNgCdgFDgKRAXIAwIBhIDDwGTiQAQADgBziAAIBvAkEYABAAC4AKAAqABkADgAHgAQAAiABUADwAH0AQwBEACZAFUAVgAsABcADeAHMAPQAhoBEAESAJYATQApQBhgDIAGWANQAbIA4gByADvAHsAPiAfYB-gEYAJEAUsAvwBhADFAGsANoAbgA3gB6AD5AIbARUAi8BIgCYgEygJsATsApEBTYCsAFigLYAXIAu8BgQDBgGEgMNAYeAyIBkgDJwoAEBRIaBAACoAKwAXABDACkAGQAMsAaQA1ABsgDiAH4ARgApYBV4C0ALSAawA3gB8gENgIvASIAmwBOwChwFIgLkAYEAwkBh4DGAGThwAIADgwAQA2QB1AF9AMjFQGgAKAAqACGAEwALgAjgBSADLAGoAOIAcgA_ACMAEcAKWAVeAtAC0gG8ASCAmIBNgCmwFyAMCAYeAyIUAEAG0APABHoC-h0EYABcAFAAVAAuABkADgAIAARAAxAB9AEMARAAmQBVAFYALAAXAAxABmADeAHMAPQAhgBEACWAEwAJqAUYBSgDIAGVANEA0gBqADZgG-AcAA4gByADvAHtAPsA_ACMAFigLQAtIBcwC8gF-AMIAYoA3EB0wHUAPQAhsBEQCLwEggJEATYAnaBTQFNgKsAWLAtgC2QFwALkAXaAu8BhIDDQGHgMSAYwAx4BkgDJyECwABYAFAAMgAiABiAEMAJgAVQAuABmADeAHoARwApABlADUAG-AOIAcgA7wB-AEDAIwAUOAtAC0gF-AMIAYoA6gB6AEggJEATZApoCmwFigLRgWwBbQC4AFyALtAYeAxIBkQDJyUCMABAACwAKAAXAAyABwAGIARAAmABVAC4AGIAMwAbQBDQCIAImAUgBSgDKAGkANkAd4A_ACMQFoAWkAxQBuADqAIvASIAmwBYoC7QGHgMiAZOUgagALgAoACoAFwAMgAcABAADGAIYAiABMACkAFUALAAXAAxABmADmAIYAREAowClAGVANEA0gBsgDiAHfAPsA_ACMAEcAKGAVsAvIBhADaAG4AOoAegBF4CRAE2AJ2gU0BTYCtgFigLYAXAAuQBdoDDQGHgMSAYwAyIBkgDJyoAEAHxQACAPAAA.YAAAAAAAAAAA; PHPSESSID=h08m4urjqkuo3rtfdguburnal3
    [HTTP_HOST] => my.medical-tribune.de
    [HTTP_ORIGIN] => https://my.medical-tribune.de
    [HTTP_REFERER] => https://my.medical-tribune.de/register.php?mode=1
    [HTTP_UPGRADE_INSECURE_REQUESTS] => 1
    [HTTP_USER_AGENT] => Mozilla/5.0 (Windows NT 10.0; Win64; x64; rv:80.0) Gecko/20100101 Firefox/80.0
    [PATH] => /bin:/usr/bin
    [QUERY_STRING] => mode=1
    [REDIRECT_STATUS] => 200
    [REMOTE_ADDR] => 88.217.224.96
    [REMOTE_PORT] => 23244
    [REQUEST_METHOD] => POST
    [REQUEST_SCHEME] => https
    [REQUEST_URI] => /register.php?mode=1
    [SCRIPT_FILENAME] => /home/mtde/public_html/my/register.php
    [SCRIPT_NAME] => /register.php
    [SERVER_ADDR] => 46.232.181.187
    [SERVER_ADMIN] => webmaster@my.medical-tribune.de
    [SERVER_NAME] => my.medical-tribune.de
    [SERVER_PORT] => 443
    [SERVER_PROTOCOL] => HTTP/1.1
    [SERVER_SIGNATURE] => 
    [SERVER_SOFTWARE] => Apache
    [SSL_TLS_SNI] => my.medical-tribune.de
    [UNIQUE_ID] => X1Ph0Hc@Rs5VCD4c5WN7pgAAARQ
    [PHP_SELF] => /register.php
    [REQUEST_TIME_FLOAT] => 1599332816.3984
    [REQUEST_TIME] => 1599332816
)

05-09-2020 : anja_pache@freenet.de,Array
(
    [CONTENT_LENGTH] => 2729
    [CONTENT_TYPE] => multipart/form-data; boundary=----WebKitFormBoundaryAenSpJu4iSaxKPTF
    [CONTEXT_DOCUMENT_ROOT] => /home/mtde/public_html/my
    [CONTEXT_PREFIX] => 
    [DOCUMENT_ROOT] => /home/mtde/public_html/my
    [GATEWAY_INTERFACE] => CGI/1.1
    [HTTPS] => on
    [HTTP_ACCEPT] => text/html,application/xhtml+xml,application/xml;q=0.9,image/webp,image/apng,*/*;q=0.8,application/signed-exchange;v=b3;q=0.9
    [HTTP_ACCEPT_ENCODING] => gzip, deflate, br
    [HTTP_ACCEPT_LANGUAGE] => de-DE,de;q=0.9,en-US;q=0.8,en;q=0.7,nl;q=0.6
    [HTTP_CACHE_CONTROL] => max-age=0
    [HTTP_CONNECTION] => keep-alive
    [HTTP_COOKIE] => _ga=GA1.2.1453288749.1595425338; consentUUID=ca41ce1a-9d81-439f-863e-4e4dcc21c592; _gid=GA1.2.545958543.1599336916; euconsent-v2=CO5R2qNO5R2qNAGABCENA2CgAP_AAH_AAAYgGVtf_X9fb2_j-_5999t0eY1f9_63t-wzjgeNs-8NyZ_X_J4Xr2MyvB34pqYKmR4EunLBAQdlHGHcTQgAwIkFqTLsYk2MizNKJ7JEilMbc2dYGG1vn8XT_ZCY70-_f__7v3-_-___6oGUEEGAAKAQBCWAAIEihEIQAIQxIAIAACihEAgEkACRQALI4COUACABAYgIQIAQAgoAYBAAIAAElAQAgAAIBQARAIAAQADAEAACAAEFgBIiAAACoEhAARABKBAQUAAQcggQFQBBACBASGQGQAKAAqACGAEwALgAjgBSADLAGoAOIAcgA_ACMAEcAKWAVcArYBvAExAJsAU2AtEBgQDDwGRDAAoA2gB4AFiANkAj0RAdABUAFYALgAhgBSADIAGWANQAbIA4gB-AEYAJEAUsAq4BrAD5AIbAReAkQBNgCdgFDgKRAXIAwIBhIDDwGTiQAQADgBziAAIBvAkEYABAAC4AKAAqABkADgAHgAQAAiABUADwAH0AQwBEACZAFUAVgAsABcADeAHMAPQAhoBEAESAJYATQApQBhgDIAGWANQAbIA4gByADvAHsAPiAfYB-gEYAJEAUsAvwBhADFAGsANoAbgA3gB6AD5AIbARUAi8BIgCYgEygJsATsApEBTYCsAFigLYAXIAu8BgQDBgGEgMNAYeAyIBkgDJwoAEBRIaBAACoAKwAXABDACkAGQAMsAaQA1ABsgDiAH4ARgApYBV4C0ALSAawA3gB8gENgIvASIAmwBOwChwFIgLkAYEAwkBh4DGAGThwAIADgwAQA2QB1AF9AMjFQGgAKAAqACGAEwALgAjgBSADLAGoAOIAcgA_ACMAEcAKWAVeAtAC0gG8ASCAmIBNgCmwFyAMCAYeAyIUAEAG0APABHoC-h0EYABcAFAAVAAuABkADgAIAARAAxAB9AEMARAAmQBVAFYALAAXAAxABmADeAHMAPQAhgBEACWAEwAJqAUYBSgDIAGVANEA0gBqADZgG-AcAA4gByADvAHtAPsA_ACMAFigLQAtIBcwC8gF-AMIAYoA3EB0wHUAPQAhsBEQCLwEggJEATYAnaBTQFNgKsAWLAtgC2QFwALkAXaAu8BhIDDQGHgMSAYwAx4BkgDJyECwABYAFAAMgAiABiAEMAJgAVQAuABmADeAHoARwApABlADUAG-AOIAcgA7wB-AEDAIwAUOAtAC0gF-AMIAYoA6gB6AEggJEATZApoCmwFigLRgWwBbQC4AFyALtAYeAxIBkQDJyUCMABAACwAKAAXAAyABwAGIARAAmABVAC4AGIAMwAbQBDQCIAImAUgBSgDKAGkANkAd4A_ACMQFoAWkAxQBuADqAIvASIAmwBYoC7QGHgMiAZOUgagALgAoACoAFwAMgAcABAADGAIYAiABMACkAFUALAAXAAxABmADmAIYAREAowClAGVANEA0gBsgDiAHfAPsA_ACMAEcAKGAVsAvIBhADaAG4AOoAegBF4CRAE2AJ2gU0BTYCtgFigLYAXAAuQBdoDDQGHgMSAYwAyIBkgDJyoAEAHxQACAPAAA.YAAAAAAAAAAA; PHPSESSID=3n7bt8h2goold3boeibbcvsu30
    [HTTP_HOST] => my.medical-tribune.de
    [HTTP_ORIGIN] => https://my.medical-tribune.de
    [HTTP_REFERER] => https://my.medical-tribune.de/register.php?mode=1
    [HTTP_SAVE_DATA] => on
    [HTTP_SEC_FETCH_DEST] => iframe
    [HTTP_SEC_FETCH_MODE] => navigate
    [HTTP_SEC_FETCH_SITE] => same-origin
    [HTTP_SEC_FETCH_USER] => ?1
    [HTTP_UPGRADE_INSECURE_REQUESTS] => 1
    [HTTP_USER_AGENT] => Mozilla/5.0 (Linux; Android 9; LM-Q610.FGN) AppleWebKit/537.36 (KHTML, like Gecko) Chrome/85.0.4183.81 Mobile Safari/537.36
    [PATH] => /bin:/usr/bin
    [QUERY_STRING] => mode=1
    [REDIRECT_STATUS] => 200
    [REMOTE_ADDR] => 78.55.204.246
    [REMOTE_PORT] => 48807
    [REQUEST_METHOD] => POST
    [REQUEST_SCHEME] => https
    [REQUEST_URI] => /register.php?mode=1
    [SCRIPT_FILENAME] => /home/mtde/public_html/my/register.php
    [SCRIPT_NAME] => /register.php
    [SERVER_ADDR] => 46.232.181.187
    [SERVER_ADMIN] => webmaster@my.medical-tribune.de
    [SERVER_NAME] => my.medical-tribune.de
    [SERVER_PORT] => 443
    [SERVER_PROTOCOL] => HTTP/1.1
    [SERVER_SIGNATURE] => 
    [SERVER_SOFTWARE] => Apache
    [SSL_TLS_SNI] => my.medical-tribune.de
    [UNIQUE_ID] => X1PzTB6eyBn1soneFidGUAAAAJE
    [PHP_SELF] => /register.php
    [REQUEST_TIME_FLOAT] => 1599337292.5954
    [REQUEST_TIME] => 1599337292
)

