09-10-2020 : jana.andres.3@gmail.com,Array
(
    [CONTENT_LENGTH] => 2367
    [CONTENT_TYPE] => multipart/form-data; boundary=----WebKitFormBoundarySMvTKwKxRPQI0EbG
    [CONTEXT_DOCUMENT_ROOT] => /home/mtde/public_html/my
    [CONTEXT_PREFIX] => 
    [DOCUMENT_ROOT] => /home/mtde/public_html/my
    [GATEWAY_INTERFACE] => CGI/1.1
    [HTTPS] => on
    [HTTP_ACCEPT] => text/html,application/xhtml+xml,application/xml;q=0.9,*/*;q=0.8
    [HTTP_ACCEPT_ENCODING] => gzip, deflate, br
    [HTTP_ACCEPT_LANGUAGE] => de-ch
    [HTTP_CONNECTION] => keep-alive
    [HTTP_COOKIE] => _ga=GA1.2.1719375685.1602224645; _gid=GA1.2.190300489.1602224645; consentUUID=105cc102-27b6-4cec-bc9a-361f23a49b69; PHPSESSID=du50d8iup050dt39ob5j47ein5; euconsent-v2=CO7ABQxO7ABQxAGABCENA7CgAP_AAH_AAAQ4GVtf_X9fb2_j-_5999t0eY1f9_63t-wzjgeNs-8NyZ_X_J4Xr2MyvB34pqYKmR4EunLBAQdlHGHcTQgAwIkFqTLsYk2MizNKJ7JEilMbM2dYGG1vn8XT_ZCY70-_f__7v3-_-___6oGUEEGAAKAQBCWAAIEChEIQAIQxIAIAACihEAgEkACRQALI4COUACABAYgIQIAQAgoAYBAAIAAElAQAgAAIBAARAIAAQADAEAACAAEFgBIiAAACoEhAARABKBAQUAAQcggQEQBBACBAUGQFgAKAAqACGAEwALgAjgBlgDUAH4ARgAjgBSwCrgFbAN4AmIBNgC0QFsAMCAYeAyIYAFAG0APAAsQBsgEeiIDYAKgAkgBWAC4AIYAZAAywBqADZAH4ARgApYBVwDWAHyAQ2Ai8BIgCbAE7AKHAUiAuQBgQDCQGHgMnEgAgAHADnEAAQDeBIIYACAAFwAUABUADIAHAAPAAgABEACoAGAAPIAhgCIAEkAJkAVQBWACwAFwAN4AcwA9ACGgEQARIAlgBNAClAGGAMgAZcA1ADVAGyAO8AewA-IB9gH6ARgApYBfgDCAGKANYAbQA3ABvAD0AHyAQ2AioBF4CRAExAJlATYAnYBSICsAFigLYAXIAu8BgQDBgGEgMNAYeAyIBkgDJwoAMAYQBGgFEhoDwAKgAkgBWAC4AIYAZAAywBqADZAH4ARgApYBV4C0ALSAawA3gB8gENgIvASIAmwBOwChwFIgLkAYEAwkBh4DGAGThwAIADgwAQA2QB1AF9AMjFQGAAKAAqACGAEwALgAjgBlgDUAH4ARgAjgBSwCrwFoAWkA3gCQQExAJsAU2AtgBcgDAgGHgMiFABABtADwAR6AvodBDAAXABQAFQAMgAcABAACKAGAAYgA-gCGAIgATIAqgCsAFgALgAYgAzABvADmAHoAQwAiABLACYAE0AKUAZAAygBogDUAGyAN8Ad4A9oB9gH4ARgAsUBaAFpALmAXkAvwBhADFAG4gOmA6gB6AENgIiAReAkEBIgCbAE7AKaAVYAsWBbAFsgLgAXIAu0Bd4DCQGGgMPAYkAxgBjwDJAGTjwAICKiECkABYAFAAMgAiABiAEMAJgAVQAuABmADeAHoARwAygBqADfAHeAPwAgYBGAChwFoAWkAvwBhADFAHUAPQAkEBIgCbAFNALFAWjAtgC2gFwALkAXaAw8BiQDIgGTkoEoACAAFgAUAAyABwAEUAMAAxACIAEwAKoAXAAxABmADaAIaARABEgClAGEAMoAaoA2QB3gD8AIxAWgBaQDFAG4AOoAi8BIgCbAFigLYAXaAw8BkQDJyYAEBFRSBmAAuACgAKgAZAA4ACCAGAAYwBDAEQAJgAUgAqgBYAC4AGIAMwAcwBDACIAFKAMoAaIA1QBsgDvgH2AfgBGACOAFDAK2AXkAwgBtADcAHoAReAkQBNgCdgFNAK2AWKAtgBcAC5AF2gMNAYeAxIBjADIgGSAMnKgAQAfFAAIA8A.YAAAAAAAAAAA
    [HTTP_HOST] => my.medical-tribune.de
    [HTTP_ORIGIN] => https://my.medical-tribune.de
    [HTTP_REFERER] => https://my.medical-tribune.de/register.php?mode=1
    [HTTP_USER_AGENT] => Mozilla/5.0 (Macintosh; Intel Mac OS X 10_15_6) AppleWebKit/605.1.15 (KHTML, like Gecko) Version/14.0 Safari/605.1.15
    [PATH] => /bin:/usr/bin
    [QUERY_STRING] => mode=1
    [REDIRECT_STATUS] => 200
    [REMOTE_ADDR] => 130.92.255.36
    [REMOTE_PORT] => 52585
    [REQUEST_METHOD] => POST
    [REQUEST_SCHEME] => https
    [REQUEST_URI] => /register.php?mode=1
    [SCRIPT_FILENAME] => /home/mtde/public_html/my/register.php
    [SCRIPT_NAME] => /register.php
    [SERVER_ADDR] => 46.232.181.187
    [SERVER_ADMIN] => webmaster@my.medical-tribune.de
    [SERVER_NAME] => my.medical-tribune.de
    [SERVER_PORT] => 443
    [SERVER_PROTOCOL] => HTTP/1.1
    [SERVER_SIGNATURE] => 
    [SERVER_SOFTWARE] => Apache
    [SSL_TLS_SNI] => my.medical-tribune.de
    [TZ] => Europe/Zurich
    [UNIQUE_ID] => X4ACuGkP5nea7KALjpG@qQAAAFQ
    [PHP_SELF] => /register.php
    [REQUEST_TIME_FLOAT] => 1602224824.8824
    [REQUEST_TIME] => 1602224824
)

09-10-2020 : vanessa.klenecky@uzh.ch,Array
(
    [CONTENT_LENGTH] => 2363
    [CONTENT_TYPE] => multipart/form-data; boundary=----WebKitFormBoundaryXMxDfdLKTGp82bWh
    [CONTEXT_DOCUMENT_ROOT] => /home/mtde/public_html/my
    [CONTEXT_PREFIX] => 
    [DOCUMENT_ROOT] => /home/mtde/public_html/my
    [GATEWAY_INTERFACE] => CGI/1.1
    [HTTPS] => on
    [HTTP_ACCEPT] => text/html,application/xhtml+xml,application/xml;q=0.9,*/*;q=0.8
    [HTTP_ACCEPT_ENCODING] => gzip, deflate, br
    [HTTP_ACCEPT_LANGUAGE] => en-us
    [HTTP_CONNECTION] => keep-alive
    [HTTP_COOKIE] => PHPSESSID=3qh0pkc3mqjfh4l17b25go2l16; _ga=GA1.2.1782036031.1602227426; _gid=GA1.2.383370273.1602227426; consentUUID=add937a5-0cc0-4f05-af78-5a7d327d8766; euconsent-v2=CO7AIDQO7AIDQAGABCENA7CgAP_AAH_AAAQ4GVtf_X9fb2_j-_5999t0eY1f9_63t-wzjgeNs-8NyZ_X_J4Xr2MyvB34pqYKmR4EunLBAQdlHGHcTQgAwIkFqTLsYk2MizNKJ7JEilMbM2dYGG1vn8XT_ZCY70-_f__7v3-_-___6oGUEEGAAKAQBCWAAIEChEIQAIQxIAIAACihEAgEkACRQALI4COUACABAYgIQIAQAgoAYBAAIAAElAQAgAAIBAARAIAAQADAEAACAAEFgBIiAAACoEhAARABKBAQUAAQcggQEQBBACBAUGQFgAKAAqACGAEwALgAjgBlgDUAH4ARgAjgBSwCrgFbAN4AmIBNgC0QFsAMCAYeAyIYAFAG0APAAsQBsgEeiIDYAKgAkgBWAC4AIYAZAAywBqADZAH4ARgApYBVwDWAHyAQ2Ai8BIgCbAE7AKHAUiAuQBgQDCQGHgMnEgAgAHADnEAAQDeBIIYACAAFwAUABUADIAHAAPAAgABEACoAGAAPIAhgCIAEkAJkAVQBWACwAFwAN4AcwA9ACGgEQARIAlgBNAClAGGAMgAZcA1ADVAGyAO8AewA-IB9gH6ARgApYBfgDCAGKANYAbQA3ABvAD0AHyAQ2AioBF4CRAExAJlATYAnYBSICsAFigLYAXIAu8BgQDBgGEgMNAYeAyIBkgDJwoAMAYQBGgFEhoDwAKgAkgBWAC4AIYAZAAywBqADZAH4ARgApYBV4C0ALSAawA3gB8gENgIvASIAmwBOwChwFIgLkAYEAwkBh4DGAGThwAIADgwAQA2QB1AF9AMjFQGAAKAAqACGAEwALgAjgBlgDUAH4ARgAjgBSwCrwFoAWkA3gCQQExAJsAU2AtgBcgDAgGHgMiFABABtADwAR6AvodBDAAXABQAFQAMgAcABAACKAGAAYgA-gCGAIgATIAqgCsAFgALgAYgAzABvADmAHoAQwAiABLACYAE0AKUAZAAygBogDUAGyAN8Ad4A9oB9gH4ARgAsUBaAFpALmAXkAvwBhADFAG4gOmA6gB6AENgIiAReAkEBIgCbAE7AKaAVYAsWBbAFsgLgAXIAu0Bd4DCQGGgMPAYkAxgBjwDJAGTjwAICKiECkABYAFAAMgAiABiAEMAJgAVQAuABmADeAHoARwAygBqADfAHeAPwAgYBGAChwFoAWkAvwBhADFAHUAPQAkEBIgCbAFNALFAWjAtgC2gFwALkAXaAw8BiQDIgGTkoEoACAAFgAUAAyABwAEUAMAAxACIAEwAKoAXAAxABmADaAIaARABEgClAGEAMoAaoA2QB3gD8AIxAWgBaQDFAG4AOoAi8BIgCbAFigLYAXaAw8BkQDJyYAEBFRSBmAAuACgAKgAZAA4ACCAGAAYwBDAEQAJgAUgAqgBYAC4AGIAMwAcwBDACIAFKAMoAaIA1QBsgDvgH2AfgBGACOAFDAK2AXkAwgBtADcAHoAReAkQBNgCdgFNAK2AWKAtgBcAC5AF2gMNAYeAxIBjADIgGSAMnKgAQAfFAAIA8A.YAAAAAAAAAAA
    [HTTP_HOST] => my.medical-tribune.de
    [HTTP_ORIGIN] => https://my.medical-tribune.de
    [HTTP_REFERER] => https://my.medical-tribune.de/register.php?mode=1
    [HTTP_USER_AGENT] => Mozilla/5.0 (Macintosh; Intel Mac OS X 10_15_6) AppleWebKit/605.1.15 (KHTML, like Gecko) Version/13.1.2 Safari/605.1.15
    [PATH] => /bin:/usr/bin
    [QUERY_STRING] => mode=1
    [REDIRECT_STATUS] => 200
    [REMOTE_ADDR] => 188.154.41.76
    [REMOTE_PORT] => 49387
    [REQUEST_METHOD] => POST
    [REQUEST_SCHEME] => https
    [REQUEST_URI] => /register.php?mode=1
    [SCRIPT_FILENAME] => /home/mtde/public_html/my/register.php
    [SCRIPT_NAME] => /register.php
    [SERVER_ADDR] => 46.232.181.187
    [SERVER_ADMIN] => webmaster@my.medical-tribune.de
    [SERVER_NAME] => my.medical-tribune.de
    [SERVER_PORT] => 443
    [SERVER_PROTOCOL] => HTTP/1.1
    [SERVER_SIGNATURE] => 
    [SERVER_SOFTWARE] => Apache
    [SSL_TLS_SNI] => my.medical-tribune.de
    [TZ] => Europe/Zurich
    [UNIQUE_ID] => X4ANcyfgAHfHBltiylbSVQAAAVQ
    [PHP_SELF] => /register.php
    [REQUEST_TIME_FLOAT] => 1602227571.8176
    [REQUEST_TIME] => 1602227571
)

09-10-2020 : goetz.hartleben@roche.com,Array
(
    [CONTENT_LENGTH] => 2345
    [CONTENT_TYPE] => multipart/form-data; boundary=----WebKitFormBoundaryrxntfJ1REWk2IwBr
    [CONTEXT_DOCUMENT_ROOT] => /home/mtde/public_html/my
    [CONTEXT_PREFIX] => 
    [DOCUMENT_ROOT] => /home/mtde/public_html/my
    [GATEWAY_INTERFACE] => CGI/1.1
    [HTTPS] => on
    [HTTP_ACCEPT] => text/html,application/xhtml+xml,application/xml;q=0.9,image/avif,image/webp,image/apng,*/*;q=0.8,application/signed-exchange;v=b3;q=0.9
    [HTTP_ACCEPT_ENCODING] => gzip, deflate, br
    [HTTP_ACCEPT_LANGUAGE] => de-DE,de;q=0.9,en-US;q=0.8,en;q=0.7
    [HTTP_CACHE_CONTROL] => max-age=0
    [HTTP_CONNECTION] => keep-alive
    [HTTP_COOKIE] => consentUUID=a1e1f63b-ef8c-460e-8b4c-77510c3365d0; euconsent-v2=CO7ALamO7ALamAGABCENA7CgAP_AAH_AAAQ4GVtf_X9fb2_j-_5999t0eY1f9_63t-wzjgeNs-8NyZ_X_J4Xr2MyvB34pqYKmR4EunLBAQdlHGHcTQgAwIkFqTLsYk2MizNKJ7JEilMbM2dYGG1vn8XT_ZCY70-_f__7v3-_-___6oGUEEGAAKAQBCWAAIEChEIQAIQxIAIAACihEAgEkACRQALI4COUACABAYgIQIAQAgoAYBAAIAAElAQAgAAIBAARAIAAQADAEAACAAEFgBIiAAACoEhAARABKBAQUAAQcggQEQBBACBAUGQFgAKAAqACGAEwALgAjgBlgDUAH4ARgAjgBSwCrgFbAN4AmIBNgC0QFsAMCAYeAyIYAFAG0APAAsQBsgEeiIDYAKgAkgBWAC4AIYAZAAywBqADZAH4ARgApYBVwDWAHyAQ2Ai8BIgCbAE7AKHAUiAuQBgQDCQGHgMnEgAgAHADnEAAQDeBIIYACAAFwAUABUADIAHAAPAAgABEACoAGAAPIAhgCIAEkAJkAVQBWACwAFwAN4AcwA9ACGgEQARIAlgBNAClAGGAMgAZcA1ADVAGyAO8AewA-IB9gH6ARgApYBfgDCAGKANYAbQA3ABvAD0AHyAQ2AioBF4CRAExAJlATYAnYBSICsAFigLYAXIAu8BgQDBgGEgMNAYeAyIBkgDJwoAMAYQBGgFEhoDwAKgAkgBWAC4AIYAZAAywBqADZAH4ARgApYBV4C0ALSAawA3gB8gENgIvASIAmwBOwChwFIgLkAYEAwkBh4DGAGThwAIADgwAQA2QB1AF9AMjFQGAAKAAqACGAEwALgAjgBlgDUAH4ARgAjgBSwCrwFoAWkA3gCQQExAJsAU2AtgBcgDAgGHgMiFABABtADwAR6AvodBDAAXABQAFQAMgAcABAACKAGAAYgA-gCGAIgATIAqgCsAFgALgAYgAzABvADmAHoAQwAiABLACYAE0AKUAZAAygBogDUAGyAN8Ad4A9oB9gH4ARgAsUBaAFpALmAXkAvwBhADFAG4gOmA6gB6AENgIiAReAkEBIgCbAE7AKaAVYAsWBbAFsgLgAXIAu0Bd4DCQGGgMPAYkAxgBjwDJAGTjwAICKiECkABYAFAAMgAiABiAEMAJgAVQAuABmADeAHoARwAygBqADfAHeAPwAgYBGAChwFoAWkAvwBhADFAHUAPQAkEBIgCbAFNALFAWjAtgC2gFwALkAXaAw8BiQDIgGTkoEoACAAFgAUAAyABwAEUAMAAxACIAEwAKoAXAAxABmADaAIaARABEgClAGEAMoAaoA2QB3gD8AIxAWgBaQDFAG4AOoAi8BIgCbAFigLYAXaAw8BkQDJyYAEBFRSBmAAuACgAKgAZAA4ACCAGAAYwBDAEQAJgAUgAqgBYAC4AGIAMwAcwBDACIAFKAMoAaIA1QBsgDvgH2AfgBGACOAFDAK2AXkAwgBtADcAHoAReAkQBNgCdgFNAK2AWKAtgBcAC5AF2gMNAYeAxIBjADIgGSAMnKgAQAfFAAIA8A.YAAAAAAAAAAA; _ga=GA1.2.1507639849.1602228804; _gid=GA1.2.1000263687.1602228804; PHPSESSID=448j34sf3phs9bbrgp0t7lap76
    [HTTP_HOST] => my.medical-tribune.de
    [HTTP_ORIGIN] => https://my.medical-tribune.de
    [HTTP_REFERER] => https://my.medical-tribune.de/register.php?mode=1
    [HTTP_SEC_FETCH_DEST] => iframe
    [HTTP_SEC_FETCH_MODE] => navigate
    [HTTP_SEC_FETCH_SITE] => same-origin
    [HTTP_SEC_FETCH_USER] => ?1
    [HTTP_UPGRADE_INSECURE_REQUESTS] => 1
    [HTTP_USER_AGENT] => Mozilla/5.0 (Windows NT 10.0; Win64; x64) AppleWebKit/537.36 (KHTML, like Gecko) Chrome/85.0.4183.121 Safari/537.36
    [PATH] => /bin:/usr/bin
    [QUERY_STRING] => mode=1
    [REDIRECT_STATUS] => 200
    [REMOTE_ADDR] => 196.3.50.248
    [REMOTE_PORT] => 8563
    [REQUEST_METHOD] => POST
    [REQUEST_SCHEME] => https
    [REQUEST_URI] => /register.php?mode=1
    [SCRIPT_FILENAME] => /home/mtde/public_html/my/register.php
    [SCRIPT_NAME] => /register.php
    [SERVER_ADDR] => 46.232.181.187
    [SERVER_ADMIN] => webmaster@my.medical-tribune.de
    [SERVER_NAME] => my.medical-tribune.de
    [SERVER_PORT] => 443
    [SERVER_PROTOCOL] => HTTP/1.1
    [SERVER_SIGNATURE] => 
    [SERVER_SOFTWARE] => Apache
    [SSL_TLS_SNI] => my.medical-tribune.de
    [TZ] => Europe/Zurich
    [UNIQUE_ID] => X4ATJp7h-L0BTtR@eMjAzQAAAAM
    [PHP_SELF] => /register.php
    [REQUEST_TIME_FLOAT] => 1602229031.0112
    [REQUEST_TIME] => 1602229031
)

09-10-2020 : dr-m-neuefeind@gmx.de,Array
(
    [CONTENT_LENGTH] => 3639
    [CONTENT_TYPE] => multipart/form-data; boundary=---------------------------134879824721465035633688984151
    [CONTEXT_DOCUMENT_ROOT] => /home/mtde/public_html/my
    [CONTEXT_PREFIX] => 
    [DOCUMENT_ROOT] => /home/mtde/public_html/my
    [GATEWAY_INTERFACE] => CGI/1.1
    [HTTPS] => on
    [HTTP_ACCEPT] => text/html,application/xhtml+xml,application/xml;q=0.9,image/webp,*/*;q=0.8
    [HTTP_ACCEPT_ENCODING] => gzip, deflate, br
    [HTTP_ACCEPT_LANGUAGE] => de,en-US;q=0.7,en;q=0.3
    [HTTP_CONNECTION] => keep-alive
    [HTTP_COOKIE] => consentUUID=797c1c2b-77d5-4187-a094-8fdef362315a; euconsent-v2=CO7AQH3O7AQH3AGABCENA7CgAP_AAH_AAAYgGVtf_X9fb2_j-_5999t0eY1f9_63t-wzjgeNs-8NyZ_X_J4Xr2MyvB34pqYKmR4EunLBAQdlHGHcTQgAwIkFqTLsYk2MizNKJ7JEilMbM2dYGG1vn8XT_ZCY70-_f__7v3-_-___6oGUEEGAAKAQBCWAAIEChEIQAIQxIAIAACihEAgEkACRQALI4COUACABAYgIQIAQAgoAYBAAIAAElAQAgAAIBAARAIAAQADAEAACAAEFgBIiAAACoEhAARABKBAQUAAQcggQEQBBACBAUGQFgAKAAqACGAEwALgAjgBlgDUAH4ARgAjgBSwCrgFbAN4AmIBNgC0QFsAMCAYeAyIYAFAG0APAAsQBsgEeiIDYAKgAkgBWAC4AIYAZAAywBqADZAH4ARgApYBVwDWAHyAQ2Ai8BIgCbAE7AKHAUiAuQBgQDCQGHgMnEgAgAHADnEAAQDeBIIYACAAFwAUABUADIAHAAPAAgABEACoAGAAPIAhgCIAEkAJkAVQBWACwAFwAN4AcwA9ACGgEQARIAlgBNAClAGGAMgAZcA1ADVAGyAO8AewA-IB9gH6ARgApYBfgDCAGKANYAbQA3ABvAD0AHyAQ2AioBF4CRAExAJlATYAnYBSICsAFigLYAXIAu8BgQDBgGEgMNAYeAyIBkgDJwoAMAYQBGgFEhoDwAKgAkgBWAC4AIYAZAAywBqADZAH4ARgApYBV4C0ALSAawA3gB8gENgIvASIAmwBOwChwFIgLkAYEAwkBh4DGAGThwAIADgwAQA2QB1AF9AMjFQGAAKAAqACGAEwALgAjgBlgDUAH4ARgAjgBSwCrwFoAWkA3gCQQExAJsAU2AtgBcgDAgGHgMiFABABtADwAR6AvodBDAAXABQAFQAMgAcABAACKAGAAYgA-gCGAIgATIAqgCsAFgALgAYgAzABvADmAHoAQwAiABLACYAE0AKUAZAAygBogDUAGyAN8Ad4A9oB9gH4ARgAsUBaAFpALmAXkAvwBhADFAG4gOmA6gB6AENgIiAReAkEBIgCbAE7AKaAVYAsWBbAFsgLgAXIAu0Bd4DCQGGgMPAYkAxgBjwDJAGTjwAICKiECkABYAFAAMgAiABiAEMAJgAVQAuABmADeAHoARwAygBqADfAHeAPwAgYBGAChwFoAWkAvwBhADFAHUAPQAkEBIgCbAFNALFAWjAtgC2gFwALkAXaAw8BiQDIgGTkoEoACAAFgAUAAyABwAEUAMAAxACIAEwAKoAXAAxABmADaAIaARABEgClAGEAMoAaoA2QB3gD8AIxAWgBaQDFAG4AOoAi8BIgCbAFigLYAXaAw8BkQDJyYAEBFRSBmAAuACgAKgAZAA4ACCAGAAYwBDAEQAJgAUgAqgBYAC4AGIAMwAcwBDACIAFKAMoAaIA1QBsgDvgH2AfgBGACOAFDAK2AXkAwgBtADcAHoAReAkQBNgCdgFNAK2AWKAtgBcAC5AF2gMNAYeAxIBjADIgGSAMnKgAQAfFAAIA8A.YAAAAAAAAAAA; _ga=GA1.2.1137245943.1602230732; _gid=GA1.2.89281020.1602230732; PHPSESSID=6a9jei5jghtmprev6rkfe4ihf0
    [HTTP_HOST] => my.medical-tribune.de
    [HTTP_ORIGIN] => https://my.medical-tribune.de
    [HTTP_REFERER] => https://my.medical-tribune.de/register.php?mode=1
    [HTTP_UPGRADE_INSECURE_REQUESTS] => 1
    [HTTP_USER_AGENT] => Mozilla/5.0 (Windows NT 10.0; Win64; x64; rv:81.0) Gecko/20100101 Firefox/81.0
    [PATH] => /bin:/usr/bin
    [QUERY_STRING] => mode=1
    [REDIRECT_STATUS] => 200
    [REMOTE_ADDR] => 195.14.217.65
    [REMOTE_PORT] => 57197
    [REQUEST_METHOD] => POST
    [REQUEST_SCHEME] => https
    [REQUEST_URI] => /register.php?mode=1
    [SCRIPT_FILENAME] => /home/mtde/public_html/my/register.php
    [SCRIPT_NAME] => /register.php
    [SERVER_ADDR] => 46.232.181.187
    [SERVER_ADMIN] => webmaster@my.medical-tribune.de
    [SERVER_NAME] => my.medical-tribune.de
    [SERVER_PORT] => 443
    [SERVER_PROTOCOL] => HTTP/1.1
    [SERVER_SIGNATURE] => 
    [SERVER_SOFTWARE] => Apache
    [SSL_TLS_SNI] => my.medical-tribune.de
    [TZ] => Europe/Zurich
    [UNIQUE_ID] => X4AbRjBUqTCxM-047xTMrgAAAMc
    [PHP_SELF] => /register.php
    [REQUEST_TIME_FLOAT] => 1602231110.6842
    [REQUEST_TIME] => 1602231110
)

09-10-2020 : drsensoy@web.de,Array
(
    [CONTENT_LENGTH] => 3380
    [CONTENT_TYPE] => multipart/form-data; boundary=----WebKitFormBoundaryUdanw06aZoeGFunX
    [CONTEXT_DOCUMENT_ROOT] => /home/mtde/public_html/my
    [CONTEXT_PREFIX] => 
    [DOCUMENT_ROOT] => /home/mtde/public_html/my
    [GATEWAY_INTERFACE] => CGI/1.1
    [HTTPS] => on
    [HTTP_ACCEPT] => text/html,application/xhtml+xml,application/xml;q=0.9,image/avif,image/webp,image/apng,*/*;q=0.8,application/signed-exchange;v=b3;q=0.9
    [HTTP_ACCEPT_ENCODING] => gzip, deflate, br
    [HTTP_ACCEPT_LANGUAGE] => de-DE,de;q=0.9,en-US;q=0.8,en;q=0.7
    [HTTP_CACHE_CONTROL] => max-age=0
    [HTTP_CONNECTION] => keep-alive
    [HTTP_COOKIE] => consentUUID=1c41a203-db82-4bcc-a80d-cfec356dadd7; euconsent-v2=CO7AVKZO7AVKZAGABCENA7CgAP_AAH_AAAYgGVtf_X9fb2_j-_5999t0eY1f9_63t-wzjgeNs-8NyZ_X_J4Xr2MyvB34pqYKmR4EunLBAQdlHGHcTQgAwIkFqTLsYk2MizNKJ7JEilMbM2dYGG1vn8XT_ZCY70-_f__7v3-_-___6oGUEEGAAKAQBCWAAIEChEIQAIQxIAIAACihEAgEkACRQALI4COUACABAYgIQIAQAgoAYBAAIAAElAQAgAAIBAARAIAAQADAEAACAAEFgBIiAAACoEhAARABKBAQUAAQcggQEQBBACBAUGQFgAKAAqACGAEwALgAjgBlgDUAH4ARgAjgBSwCrgFbAN4AmIBNgC0QFsAMCAYeAyIYAFAG0APAAsQBsgEeiIDYAKgAkgBWAC4AIYAZAAywBqADZAH4ARgApYBVwDWAHyAQ2Ai8BIgCbAE7AKHAUiAuQBgQDCQGHgMnEgAgAHADnEAAQDeBIIYACAAFwAUABUADIAHAAPAAgABEACoAGAAPIAhgCIAEkAJkAVQBWACwAFwAN4AcwA9ACGgEQARIAlgBNAClAGGAMgAZcA1ADVAGyAO8AewA-IB9gH6ARgApYBfgDCAGKANYAbQA3ABvAD0AHyAQ2AioBF4CRAExAJlATYAnYBSICsAFigLYAXIAu8BgQDBgGEgMNAYeAyIBkgDJwoAMAYQBGgFEhoDwAKgAkgBWAC4AIYAZAAywBqADZAH4ARgApYBV4C0ALSAawA3gB8gENgIvASIAmwBOwChwFIgLkAYEAwkBh4DGAGThwAIADgwAQA2QB1AF9AMjFQGAAKAAqACGAEwALgAjgBlgDUAH4ARgAjgBSwCrwFoAWkA3gCQQExAJsAU2AtgBcgDAgGHgMiFABABtADwAR6AvodBDAAXABQAFQAMgAcABAACKAGAAYgA-gCGAIgATIAqgCsAFgALgAYgAzABvADmAHoAQwAiABLACYAE0AKUAZAAygBogDUAGyAN8Ad4A9oB9gH4ARgAsUBaAFpALmAXkAvwBhADFAG4gOmA6gB6AENgIiAReAkEBIgCbAE7AKaAVYAsWBbAFsgLgAXIAu0Bd4DCQGGgMPAYkAxgBjwDJAGTjwAICKiECkABYAFAAMgAiABiAEMAJgAVQAuABmADeAHoARwAygBqADfAHeAPwAgYBGAChwFoAWkAvwBhADFAHUAPQAkEBIgCbAFNALFAWjAtgC2gFwALkAXaAw8BiQDIgGTkoEoACAAFgAUAAyABwAEUAMAAxACIAEwAKoAXAAxABmADaAIaARABEgClAGEAMoAaoA2QB3gD8AIxAWgBaQDFAG4AOoAi8BIgCbAFigLYAXaAw8BkQDJyYAEBFRSBmAAuACgAKgAZAA4ACCAGAAYwBDAEQAJgAUgAqgBYAC4AGIAMwAcwBDACIAFKAMoAaIA1QBsgDvgH2AfgBGACOAFDAK2AXkAwgBtADcAHoAReAkQBNgCdgFNAK2AWKAtgBcAC5AF2gMNAYeAxIBjADIgGSAMnKgAQAfFAAIA8A.YAAAAAAAAAAA; _ga=GA1.2.970511244.1602232796; _gid=GA1.2.2068612019.1602232796; PHPSESSID=ucsllmfonj7g16p1pc8fkeujl7
    [HTTP_HOST] => my.medical-tribune.de
    [HTTP_ORIGIN] => https://my.medical-tribune.de
    [HTTP_REFERER] => https://my.medical-tribune.de/register.php
    [HTTP_SEC_CH_UA] => "\\Not;A\"Brand";v="99", "Google Chrome";v="85", "Chromium";v="85"
    [HTTP_SEC_CH_UA_MOBILE] => ?0
    [HTTP_SEC_FETCH_DEST] => iframe
    [HTTP_SEC_FETCH_MODE] => navigate
    [HTTP_SEC_FETCH_SITE] => same-origin
    [HTTP_SEC_FETCH_USER] => ?1
    [HTTP_UPGRADE_INSECURE_REQUESTS] => 1
    [HTTP_USER_AGENT] => Mozilla/5.0 (Windows NT 10.0; Win64; x64) AppleWebKit/537.36 (KHTML, like Gecko) Chrome/85.0.4183.121 Safari/537.36
    [PATH] => /bin:/usr/bin
    [QUERY_STRING] => 
    [REDIRECT_STATUS] => 200
    [REMOTE_ADDR] => 82.149.162.80
    [REMOTE_PORT] => 53336
    [REQUEST_METHOD] => POST
    [REQUEST_SCHEME] => https
    [REQUEST_URI] => /register.php
    [SCRIPT_FILENAME] => /home/mtde/public_html/my/register.php
    [SCRIPT_NAME] => /register.php
    [SERVER_ADDR] => 46.232.181.187
    [SERVER_ADMIN] => webmaster@my.medical-tribune.de
    [SERVER_NAME] => my.medical-tribune.de
    [SERVER_PORT] => 443
    [SERVER_PROTOCOL] => HTTP/1.1
    [SERVER_SIGNATURE] => 
    [SERVER_SOFTWARE] => Apache
    [SSL_TLS_SNI] => my.medical-tribune.de
    [TZ] => Europe/Zurich
    [UNIQUE_ID] => X4AluIhbnqTaU-oZuBVXswAAAEI
    [PHP_SELF] => /register.php
    [REQUEST_TIME_FLOAT] => 1602233784.7104
    [REQUEST_TIME] => 1602233784
)

09-10-2020 : karo.kn@gmail.com,Array
(
    [CONTENT_LENGTH] => 2986
    [CONTENT_TYPE] => multipart/form-data; boundary=----WebKitFormBoundaryZq0nx67osTBWzjBa
    [CONTEXT_DOCUMENT_ROOT] => /home/mtde/public_html/my
    [CONTEXT_PREFIX] => 
    [DOCUMENT_ROOT] => /home/mtde/public_html/my
    [GATEWAY_INTERFACE] => CGI/1.1
    [HTTPS] => on
    [HTTP_ACCEPT] => text/html,application/xhtml+xml,application/xml;q=0.9,*/*;q=0.8
    [HTTP_ACCEPT_ENCODING] => gzip, deflate
    [HTTP_ACCEPT_LANGUAGE] => en-us
    [HTTP_CONNECTION] => keep-alive
    [HTTP_COOKIE] => PHPSESSID=2en8rjccfqf4ppttu7lldmjsn7; _ga=GA1.2.792020901.1602236797; _gid=GA1.2.605410564.1602236797; consentUUID=4c74db2a-3eca-414f-b6dd-fd6e83a568b5; euconsent-v2=CO7Ae11O7Ae11AGABCENA7CgAP_AAH_AAACYGVtf_X9fb2_j-_5999t0eY1f9_63t-wzjgeNs-8NyZ_X_J4Xr2MyvB34pqYKmR4EunLBAQdlHGHcTQgAwIkFqTLsYk2MizNKJ7JEilMbM2dYGG1vn8XT_ZCY70-_f__7v3-_-___6oGUEEGAAKAQBCWAAIEChEIQAIQxIAIAACihEAgEkACRQALI4COUACABAYgIQIAQAgoAYBAAIAAElAQAgAAIBAARAIAAQADAEAACAAEFgBIiAAACoEhAARABKBAQUAAQcggQEQBBACBAUGQFgAKAAqACGAEwALgAjgBlgDUAH4ARgAjgBSwCrgFbAN4AmIBNgC0QFsAMCAYeAyIYAFAG0APAAsQBsgEeiIDYAKgAkgBWAC4AIYAZAAywBqADZAH4ARgApYBVwDWAHyAQ2Ai8BIgCbAE7AKHAUiAuQBgQDCQGHgMnEgAgAHADnEAAQDeBIIYACAAFwAUABUADIAHAAPAAgABEACoAGAAPIAhgCIAEkAJkAVQBWACwAFwAN4AcwA9ACGgEQARIAlgBNAClAGGAMgAZcA1ADVAGyAO8AewA-IB9gH6ARgApYBfgDCAGKANYAbQA3ABvAD0AHyAQ2AioBF4CRAExAJlATYAnYBSICsAFigLYAXIAu8BgQDBgGEgMNAYeAyIBkgDJwoAMAYQBGgFEhoDwAKgAkgBWAC4AIYAZAAywBqADZAH4ARgApYBV4C0ALSAawA3gB8gENgIvASIAmwBOwChwFIgLkAYEAwkBh4DGAGThwAIADgwAQA2QB1AF9AMjFQGAAKAAqACGAEwALgAjgBlgDUAH4ARgAjgBSwCrwFoAWkA3gCQQExAJsAU2AtgBcgDAgGHgMiFABABtADwAR6AvodBDAAXABQAFQAMgAcABAACKAGAAYgA-gCGAIgATIAqgCsAFgALgAYgAzABvADmAHoAQwAiABLACYAE0AKUAZAAygBogDUAGyAN8Ad4A9oB9gH4ARgAsUBaAFpALmAXkAvwBhADFAG4gOmA6gB6AENgIiAReAkEBIgCbAE7AKaAVYAsWBbAFsgLgAXIAu0Bd4DCQGGgMPAYkAxgBjwDJAGTjwAICKiECkABYAFAAMgAiABiAEMAJgAVQAuABmADeAHoARwAygBqADfAHeAPwAgYBGAChwFoAWkAvwBhADFAHUAPQAkEBIgCbAFNALFAWjAtgC2gFwALkAXaAw8BiQDIgGTkoEoACAAFgAUAAyABwAEUAMAAxACIAEwAKoAXAAxABmADaAIaARABEgClAGEAMoAaoA2QB3gD8AIxAWgBaQDFAG4AOoAi8BIgCbAFigLYAXaAw8BkQDJyYAEBFRSBmAAuACgAKgAZAA4ACCAGAAYwBDAEQAJgAUgAqgBYAC4AGIAMwAcwBDACIAFKAMoAaIA1QBsgDvgH2AfgBGACOAFDAK2AXkAwgBtADcAHoAReAkQBNgCdgFNAK2AWKAtgBcAC5AF2gMNAYeAxIBjADIgGSAMnKgAQAfFAAIA8A.YAAAAAAAAAAA
    [HTTP_HOST] => my.medical-tribune.de
    [HTTP_ORIGIN] => https://my.medical-tribune.de
    [HTTP_REFERER] => https://my.medical-tribune.de/register.php?mode=1
    [HTTP_USER_AGENT] => Mozilla/5.0 (Macintosh; Intel Mac OS X 10_10_5) AppleWebKit/603.3.8 (KHTML, like Gecko) Version/10.1.2 Safari/603.3.8
    [PATH] => /bin:/usr/bin
    [QUERY_STRING] => mode=1
    [REDIRECT_STATUS] => 200
    [REMOTE_ADDR] => 212.186.27.235
    [REMOTE_PORT] => 56915
    [REQUEST_METHOD] => POST
    [REQUEST_SCHEME] => https
    [REQUEST_URI] => /register.php?mode=1
    [SCRIPT_FILENAME] => /home/mtde/public_html/my/register.php
    [SCRIPT_NAME] => /register.php
    [SERVER_ADDR] => 46.232.181.187
    [SERVER_ADMIN] => webmaster@my.medical-tribune.de
    [SERVER_NAME] => my.medical-tribune.de
    [SERVER_PORT] => 443
    [SERVER_PROTOCOL] => HTTP/1.1
    [SERVER_SIGNATURE] => 
    [SERVER_SOFTWARE] => Apache
    [SSL_TLS_SNI] => my.medical-tribune.de
    [TZ] => Europe/Zurich
    [UNIQUE_ID] => X4AyQjBUqTCxM-047xTiLwAAAMs
    [PHP_SELF] => /register.php
    [REQUEST_TIME_FLOAT] => 1602236995.0311
    [REQUEST_TIME] => 1602236995
)

09-10-2020 : ilse.kartnig@hotmail.com,Array
(
    [CONTENT_LENGTH] => 3522
    [CONTENT_TYPE] => multipart/form-data; boundary=----WebKitFormBoundaryADC2QYBTm8yhaeSb
    [CONTEXT_DOCUMENT_ROOT] => /home/mtde/public_html/my
    [CONTEXT_PREFIX] => 
    [DOCUMENT_ROOT] => /home/mtde/public_html/my
    [GATEWAY_INTERFACE] => CGI/1.1
    [HTTPS] => on
    [HTTP_ACCEPT] => text/html,application/xhtml+xml,application/xml;q=0.9,image/webp,image/apng,*/*;q=0.8,application/signed-exchange;v=b3;q=0.9
    [HTTP_ACCEPT_ENCODING] => gzip, deflate, br
    [HTTP_ACCEPT_LANGUAGE] => de-DE,de;q=0.9,en-US;q=0.8,en;q=0.7
    [HTTP_CACHE_CONTROL] => max-age=0
    [HTTP_CONNECTION] => keep-alive
    [HTTP_COOKIE] => consentUUID=a1041041-7bd3-4e31-b358-caf6ee0a1a07; euconsent-v2=CO7AwqNO7AwqNAGABCENA7CgAP_AAH_AAACYGVtf_X9fb2_j-_5999t0eY1f9_63t-wzjgeNs-8NyZ_X_J4Xr2MyvB34pqYKmR4EunLBAQdlHGHcTQgAwIkFqTLsYk2MizNKJ7JEilMbM2dYGG1vn8XT_ZCY70-_f__7v3-_-___6oGUEEGAAKAQBCWAAIEChEIQAIQxIAIAACihEAgEkACRQALI4COUACABAYgIQIAQAgoAYBAAIAAElAQAgAAIBAARAIAAQADAEAACAAEFgBIiAAACoEhAARABKBAQUAAQcggQEQBBACBAUGQFgAKAAqACGAEwALgAjgBlgDUAH4ARgAjgBSwCrgFbAN4AmIBNgC0QFsAMCAYeAyIYAFAG0APAAsQBsgEeiIDYAKgAkgBWAC4AIYAZAAywBqADZAH4ARgApYBVwDWAHyAQ2Ai8BIgCbAE7AKHAUiAuQBgQDCQGHgMnEgAgAHADnEAAQDeBIIYACAAFwAUABUADIAHAAPAAgABEACoAGAAPIAhgCIAEkAJkAVQBWACwAFwAN4AcwA9ACGgEQARIAlgBNAClAGGAMgAZcA1ADVAGyAO8AewA-IB9gH6ARgApYBfgDCAGKANYAbQA3ABvAD0AHyAQ2AioBF4CRAExAJlATYAnYBSICsAFigLYAXIAu8BgQDBgGEgMNAYeAyIBkgDJwoAMAYQBGgFEhoDwAKgAkgBWAC4AIYAZAAywBqADZAH4ARgApYBV4C0ALSAawA3gB8gENgIvASIAmwBOwChwFIgLkAYEAwkBh4DGAGThwAIADgwAQA2QB1AF9AMjFQGAAKAAqACGAEwALgAjgBlgDUAH4ARgAjgBSwCrwFoAWkA3gCQQExAJsAU2AtgBcgDAgGHgMiFABABtADwAR6AvodBDAAXABQAFQAMgAcABAACKAGAAYgA-gCGAIgATIAqgCsAFgALgAYgAzABvADmAHoAQwAiABLACYAE0AKUAZAAygBogDUAGyAN8Ad4A9oB9gH4ARgAsUBaAFpALmAXkAvwBhADFAG4gOmA6gB6AENgIiAReAkEBIgCbAE7AKaAVYAsWBbAFsgLgAXIAu0Bd4DCQGGgMPAYkAxgBjwDJAGTjwAICKiECkABYAFAAMgAiABiAEMAJgAVQAuABmADeAHoARwAygBqADfAHeAPwAgYBGAChwFoAWkAvwBhADFAHUAPQAkEBIgCbAFNALFAWjAtgC2gFwALkAXaAw8BiQDIgGTkoEoACAAFgAUAAyABwAEUAMAAxACIAEwAKoAXAAxABmADaAIaARABEgClAGEAMoAaoA2QB3gD8AIxAWgBaQDFAG4AOoAi8BIgCbAFigLYAXaAw8BkQDJyYAEBFRSBmAAuACgAKgAZAA4ACCAGAAYwBDAEQAJgAUgAqgBYAC4AGIAMwAcwBDACIAFKAMoAaIA1QBsgDvgH2AfgBGACOAFDAK2AXkAwgBtADcAHoAReAkQBNgCdgFNAK2AWKAtgBcAC5AF2gMNAYeAxIBjADIgGSAMnKgAQAfFAAIA8A.YAAAAAAAAAAA; _ga=GA1.2.805406242.1602244059; _gid=GA1.2.878812400.1602244059; _gac_UA-1204464-17=1.1602244059.EAIaIQobChMIhcPoirin7AIVZbR3Ch1aSgY1EAAYASAAEgLk6PD_BwE; _gac_UA-173639924-1=1.1602244059.EAIaIQobChMIhcPoirin7AIVZbR3Ch1aSgY1EAAYASAAEgLk6PD_BwE; PHPSESSID=t02io571c2esm6v4o8u13splm7
    [HTTP_HOST] => my.medical-tribune.de
    [HTTP_ORIGIN] => https://my.medical-tribune.de
    [HTTP_REFERER] => https://my.medical-tribune.de/register.php?mode=1
    [HTTP_SEC_FETCH_DEST] => iframe
    [HTTP_SEC_FETCH_MODE] => navigate
    [HTTP_SEC_FETCH_SITE] => same-origin
    [HTTP_SEC_FETCH_USER] => ?1
    [HTTP_UPGRADE_INSECURE_REQUESTS] => 1
    [HTTP_USER_AGENT] => Mozilla/5.0 (Windows NT 10.0; Win64; x64) AppleWebKit/537.36 (KHTML, like Gecko) Chrome/84.0.4147.105 Safari/537.36
    [PATH] => /bin:/usr/bin
    [QUERY_STRING] => mode=1
    [REDIRECT_STATUS] => 200
    [REMOTE_ADDR] => 92.42.143.210
    [REMOTE_PORT] => 2083
    [REQUEST_METHOD] => POST
    [REQUEST_SCHEME] => https
    [REQUEST_URI] => /register.php?mode=1
    [SCRIPT_FILENAME] => /home/mtde/public_html/my/register.php
    [SCRIPT_NAME] => /register.php
    [SERVER_ADDR] => 46.232.181.187
    [SERVER_ADMIN] => webmaster@my.medical-tribune.de
    [SERVER_NAME] => my.medical-tribune.de
    [SERVER_PORT] => 443
    [SERVER_PROTOCOL] => HTTP/1.1
    [SERVER_SIGNATURE] => 
    [SERVER_SOFTWARE] => Apache
    [SSL_TLS_SNI] => my.medical-tribune.de
    [TZ] => Europe/Zurich
    [UNIQUE_ID] => X4BPNcIte4C@wEdMim26tAAAAQE
    [PHP_SELF] => /register.php
    [REQUEST_TIME_FLOAT] => 1602244405.9491
    [REQUEST_TIME] => 1602244405
)

09-10-2020 : noeth@me.com,Array
(
    [CONTENT_LENGTH] => 2950
    [CONTENT_TYPE] => multipart/form-data; boundary=----WebKitFormBoundaryp3NuV3SRsAbBEtRF
    [CONTEXT_DOCUMENT_ROOT] => /home/mtde/public_html/my
    [CONTEXT_PREFIX] => 
    [DOCUMENT_ROOT] => /home/mtde/public_html/my
    [GATEWAY_INTERFACE] => CGI/1.1
    [HTTPS] => on
    [HTTP_ACCEPT] => text/html,application/xhtml+xml,application/xml;q=0.9,*/*;q=0.8
    [HTTP_ACCEPT_ENCODING] => gzip, deflate, br
    [HTTP_ACCEPT_LANGUAGE] => de-de
    [HTTP_CONNECTION] => keep-alive
    [HTTP_COOKIE] => PHPSESSID=nega492khod84hdml0ktlo72u4; consentUUID=ba0e0656-1ea3-43f9-8960-752b464e2277; euconsent-v2=CO7A0edO7A0edAGABBDEA7CgAAAAAH_AAACYAAAMjAIMBAUAgCEsAAQIFCIQAAQhiQAAAAFFCIBQJIAEigAWRwEcoIEACAxAQgQAgBBQAwCAAQAAJKAgBACAQCAAiAQAAgAEAIAAEAAILACQEAAAFQJCAAiACECAggAAg5BAgIgCCAFALGABQBtADwALEAbIBHokAEAA4Ac4gACAbwKADAGEARoBRIcACAA4MADANkAvoBkYoAIANoAeACPQF9DwAICKiYAEBFRUACAD4oABAHgA.YAAAAAAAAAAA
    [HTTP_HOST] => my.medical-tribune.de
    [HTTP_ORIGIN] => https://my.medical-tribune.de
    [HTTP_REFERER] => https://my.medical-tribune.de/register.php?mode=1
    [HTTP_USER_AGENT] => Mozilla/5.0 (iPhone; CPU iPhone OS 14_0_1 like Mac OS X) AppleWebKit/605.1.15 (KHTML, like Gecko) Version/14.0 Mobile/15E148 Safari/604.1
    [PATH] => /bin:/usr/bin
    [QUERY_STRING] => mode=1
    [REDIRECT_STATUS] => 200
    [REMOTE_ADDR] => 80.122.207.73
    [REMOTE_PORT] => 53220
    [REQUEST_METHOD] => POST
    [REQUEST_SCHEME] => https
    [REQUEST_URI] => /register.php?mode=1
    [SCRIPT_FILENAME] => /home/mtde/public_html/my/register.php
    [SCRIPT_NAME] => /register.php
    [SERVER_ADDR] => 46.232.181.187
    [SERVER_ADMIN] => webmaster@my.medical-tribune.de
    [SERVER_NAME] => my.medical-tribune.de
    [SERVER_PORT] => 443
    [SERVER_PROTOCOL] => HTTP/1.1
    [SERVER_SIGNATURE] => 
    [SERVER_SOFTWARE] => Apache
    [SSL_TLS_SNI] => my.medical-tribune.de
    [TZ] => Europe/Zurich
    [UNIQUE_ID] => X4BU8p7h-L0BTtR@eMj26wAAAAM
    [PHP_SELF] => /register.php
    [REQUEST_TIME_FLOAT] => 1602245874.596
    [REQUEST_TIME] => 1602245874
)

09-10-2020 : petra.geiger@gmx.at,Array
(
    [CONTENT_LENGTH] => 3054
    [CONTENT_TYPE] => multipart/form-data; boundary=----WebKitFormBoundaryK1pCvdKUU0RdyByh
    [CONTEXT_DOCUMENT_ROOT] => /home/mtde/public_html/my
    [CONTEXT_PREFIX] => 
    [DOCUMENT_ROOT] => /home/mtde/public_html/my
    [GATEWAY_INTERFACE] => CGI/1.1
    [HTTPS] => on
    [HTTP_ACCEPT] => text/html,application/xhtml+xml,application/xml;q=0.9,image/webp,image/apng,*/*;q=0.8,application/signed-exchange;v=b3;q=0.9
    [HTTP_ACCEPT_ENCODING] => gzip, deflate, br
    [HTTP_ACCEPT_LANGUAGE] => de-AT,de-DE;q=0.9,de;q=0.8,en-US;q=0.7,en;q=0.6
    [HTTP_CACHE_CONTROL] => max-age=0
    [HTTP_CONNECTION] => keep-alive
    [HTTP_COOKIE] => consentUUID=bc5b8263-599d-47ab-b304-552a463ca727; euconsent-v2=CO7A1S1O7A1S1AGABBDEA7CgAAAAAH_AAACYAAAMjAIMBAUAgCEsAAQIFCIQAAQhiQAAAAFFCIBQJIAEigAWRwEcoIEACAxAQgQAgBBQAwCAAQAAJKAgBACAQCAAiAQAAgAEAIAAEAAILACQEAAAFQJCAAiACECAggAAg5BAgIgCCAFALGABQBtADwALEAbIBHokAEAA4Ac4gACAbwKADAGEARoBRIcACAA4MADANkAvoBkYoAIANoAeACPQF9DwAICKiYAEBFRUACAD4oABAHgA.YAAAAAAAAAAA; PHPSESSID=pcap7ldi8e0jk631h8mfp32ub6
    [HTTP_HOST] => my.medical-tribune.de
    [HTTP_ORIGIN] => https://my.medical-tribune.de
    [HTTP_REFERER] => https://my.medical-tribune.de/register.php?mode=1
    [HTTP_SAVE_DATA] => on
    [HTTP_SEC_FETCH_DEST] => iframe
    [HTTP_SEC_FETCH_MODE] => navigate
    [HTTP_SEC_FETCH_SITE] => same-origin
    [HTTP_SEC_FETCH_USER] => ?1
    [HTTP_UPGRADE_INSECURE_REQUESTS] => 1
    [HTTP_USER_AGENT] => Mozilla/5.0 (Linux; Android 8.0.0; ATU-L31) AppleWebKit/537.36 (KHTML, like Gecko) Chrome/86.0.4240.75 Mobile Safari/537.36
    [PATH] => /bin:/usr/bin
    [QUERY_STRING] => mode=1
    [REDIRECT_STATUS] => 200
    [REMOTE_ADDR] => 213.142.96.248
    [REMOTE_PORT] => 9223
    [REQUEST_METHOD] => POST
    [REQUEST_SCHEME] => https
    [REQUEST_URI] => /register.php?mode=1
    [SCRIPT_FILENAME] => /home/mtde/public_html/my/register.php
    [SCRIPT_NAME] => /register.php
    [SERVER_ADDR] => 46.232.181.187
    [SERVER_ADMIN] => webmaster@my.medical-tribune.de
    [SERVER_NAME] => my.medical-tribune.de
    [SERVER_PORT] => 443
    [SERVER_PROTOCOL] => HTTP/1.1
    [SERVER_SIGNATURE] => 
    [SERVER_SOFTWARE] => Apache
    [SSL_TLS_SNI] => my.medical-tribune.de
    [TZ] => Europe/Zurich
    [UNIQUE_ID] => X4BWgsIte4C@wEdMim2@pwAAAQg
    [PHP_SELF] => /register.php
    [REQUEST_TIME_FLOAT] => 1602246274.8391
    [REQUEST_TIME] => 1602246274
)

09-10-2020 : nbbjorklund@aol.com,Array
(
    [CONTENT_LENGTH] => 3467
    [CONTENT_TYPE] => multipart/form-data; boundary=----WebKitFormBoundaryELqBlCRt8hWcOD18
    [CONTEXT_DOCUMENT_ROOT] => /home/mtde/public_html/my
    [CONTEXT_PREFIX] => 
    [DOCUMENT_ROOT] => /home/mtde/public_html/my
    [GATEWAY_INTERFACE] => CGI/1.1
    [HTTPS] => on
    [HTTP_ACCEPT] => text/html,application/xhtml+xml,application/xml;q=0.9,image/webp,image/apng,*/*;q=0.8,application/signed-exchange;v=b3;q=0.9
    [HTTP_ACCEPT_ENCODING] => gzip, deflate, br
    [HTTP_ACCEPT_LANGUAGE] => de,de-DE;q=0.9,en;q=0.8,en-GB;q=0.7,en-US;q=0.6
    [HTTP_CACHE_CONTROL] => max-age=0
    [HTTP_CONNECTION] => keep-alive
    [HTTP_COOKIE] => consentUUID=589ce90e-81c8-4994-b6e0-a36927df514c; euconsent-v2=CO7A4U8O7A4U8AGABCENA7CgAP_AAH_AAAYgGVtf_X9fb2_j-_5999t0eY1f9_63t-wzjgeNs-8NyZ_X_J4Xr2MyvB34pqYKmR4EunLBAQdlHGHcTQgAwIkFqTLsYk2MizNKJ7JEilMbM2dYGG1vn8XT_ZCY70-_f__7v3-_-___6oGUEEGAAKAQBCWAAIEChEIQAIQxIAIAACihEAgEkACRQALI4COUACABAYgIQIAQAgoAYBAAIAAElAQAgAAIBAARAIAAQADAEAACAAEFgBIiAAACoEhAARABKBAQUAAQcggQEQBBACBAUGQFgAKAAqACGAEwALgAjgBlgDUAH4ARgAjgBSwCrgFbAN4AmIBNgC0QFsAMCAYeAyIYAFAG0APAAsQBsgEeiIDYAKgAkgBWAC4AIYAZAAywBqADZAH4ARgApYBVwDWAHyAQ2Ai8BIgCbAE7AKHAUiAuQBgQDCQGHgMnEgAgAHADnEAAQDeBIIYACAAFwAUABUADIAHAAPAAgABEACoAGAAPIAhgCIAEkAJkAVQBWACwAFwAN4AcwA9ACGgEQARIAlgBNAClAGGAMgAZcA1ADVAGyAO8AewA-IB9gH6ARgApYBfgDCAGKANYAbQA3ABvAD0AHyAQ2AioBF4CRAExAJlATYAnYBSICsAFigLYAXIAu8BgQDBgGEgMNAYeAyIBkgDJwoAMAYQBGgFEhoDwAKgAkgBWAC4AIYAZAAywBqADZAH4ARgApYBV4C0ALSAawA3gB8gENgIvASIAmwBOwChwFIgLkAYEAwkBh4DGAGThwAIADgwAQA2QB1AF9AMjFQGAAKAAqACGAEwALgAjgBlgDUAH4ARgAjgBSwCrwFoAWkA3gCQQExAJsAU2AtgBcgDAgGHgMiFABABtADwAR6AvodBDAAXABQAFQAMgAcABAACKAGAAYgA-gCGAIgATIAqgCsAFgALgAYgAzABvADmAHoAQwAiABLACYAE0AKUAZAAygBogDUAGyAN8Ad4A9oB9gH4ARgAsUBaAFpALmAXkAvwBhADFAG4gOmA6gB6AENgIiAReAkEBIgCbAE7AKaAVYAsWBbAFsgLgAXIAu0Bd4DCQGGgMPAYkAxgBjwDJAGTjwAICKiECkABYAFAAMgAiABiAEMAJgAVQAuABmADeAHoARwAygBqADfAHeAPwAgYBGAChwFoAWkAvwBhADFAHUAPQAkEBIgCbAFNALFAWjAtgC2gFwALkAXaAw8BiQDIgGTkoEoACAAFgAUAAyABwAEUAMAAxACIAEwAKoAXAAxABmADaAIaARABEgClAGEAMoAaoA2QB3gD8AIxAWgBaQDFAG4AOoAi8BIgCbAFigLYAXaAw8BkQDJyYAEBFRSBmAAuACgAKgAZAA4ACCAGAAYwBDAEQAJgAUgAqgBYAC4AGIAMwAcwBDACIAFKAMoAaIA1QBsgDvgH2AfgBGACOAFDAK2AXkAwgBtADcAHoAReAkQBNgCdgFNAK2AWKAtgBcAC5AF2gMNAYeAxIBjADIgGSAMnKgAQAfFAAIA8A.YAAAAAAAAAAA; _ga=GA1.2.1132607446.1602247200; _gid=GA1.2.2011444003.1602247200; PHPSESSID=1m9a2cg1l0fjo7862heqfnknk4
    [HTTP_HOST] => my.medical-tribune.de
    [HTTP_ORIGIN] => https://my.medical-tribune.de
    [HTTP_REFERER] => https://my.medical-tribune.de/register.php?mode=1
    [HTTP_SEC_FETCH_DEST] => iframe
    [HTTP_SEC_FETCH_MODE] => navigate
    [HTTP_SEC_FETCH_SITE] => same-origin
    [HTTP_SEC_FETCH_USER] => ?1
    [HTTP_UPGRADE_INSECURE_REQUESTS] => 1
    [HTTP_USER_AGENT] => Mozilla/5.0 (Windows NT 10.0; Win64; x64) AppleWebKit/537.36 (KHTML, like Gecko) Chrome/85.0.4183.121 Safari/537.36 Edg/85.0.564.70
    [PATH] => /bin:/usr/bin
    [QUERY_STRING] => mode=1
    [REDIRECT_STATUS] => 200
    [REMOTE_ADDR] => 84.62.42.174
    [REMOTE_PORT] => 54060
    [REQUEST_METHOD] => POST
    [REQUEST_SCHEME] => https
    [REQUEST_URI] => /register.php?mode=1
    [SCRIPT_FILENAME] => /home/mtde/public_html/my/register.php
    [SCRIPT_NAME] => /register.php
    [SERVER_ADDR] => 46.232.181.187
    [SERVER_ADMIN] => webmaster@my.medical-tribune.de
    [SERVER_NAME] => my.medical-tribune.de
    [SERVER_PORT] => 443
    [SERVER_PROTOCOL] => HTTP/1.1
    [SERVER_SIGNATURE] => 
    [SERVER_SOFTWARE] => Apache
    [SSL_TLS_SNI] => my.medical-tribune.de
    [TZ] => Europe/Zurich
    [UNIQUE_ID] => X4BcrzBUqTCxM-047xT-eQAAAMQ
    [PHP_SELF] => /register.php
    [REQUEST_TIME_FLOAT] => 1602247855.2066
    [REQUEST_TIME] => 1602247855
)

09-10-2020 : anja@adelhard.de,Array
(
    [CONTENT_LENGTH] => 3106
    [CONTENT_TYPE] => multipart/form-data; boundary=----WebKitFormBoundarylgmci9hA7L7fTSQM
    [CONTEXT_DOCUMENT_ROOT] => /home/mtde/public_html/my
    [CONTEXT_PREFIX] => 
    [DOCUMENT_ROOT] => /home/mtde/public_html/my
    [GATEWAY_INTERFACE] => CGI/1.1
    [HTTPS] => on
    [HTTP_ACCEPT] => text/html,application/xhtml+xml,application/xml;q=0.9,image/webp,image/apng,*/*;q=0.8,application/signed-exchange;v=b3;q=0.9
    [HTTP_ACCEPT_ENCODING] => gzip, deflate, br
    [HTTP_ACCEPT_LANGUAGE] => de-DE,de;q=0.9,en-US;q=0.8,en;q=0.7
    [HTTP_CACHE_CONTROL] => max-age=0
    [HTTP_CONNECTION] => keep-alive
    [HTTP_COOKIE] => consentUUID=bea45339-bf38-407f-9d48-d2cfbe26d2e3; euconsent-v2=CO7A_NkO7A_NkAGABCENA7CgAP_AAH_AAAYgGVtf_X9fb2_j-_5999t0eY1f9_63t-wzjgeNs-8NyZ_X_J4Xr2MyvB34pqYKmR4EunLBAQdlHGHcTQgAwIkFqTLsYk2MizNKJ7JEilMbM2dYGG1vn8XT_ZCY70-_f__7v3-_-___6oGUEEGAAKAQBCWAAIEChEIQAIQxIAIAACihEAgEkACRQALI4COUACABAYgIQIAQAgoAYBAAIAAElAQAgAAIBAARAIAAQADAEAACAAEFgBIiAAACoEhAARABKBAQUAAQcggQEQBBACBAUGQFgAKAAqACGAEwALgAjgBlgDUAH4ARgAjgBSwCrgFbAN4AmIBNgC0QFsAMCAYeAyIYAFAG0APAAsQBsgEeiIDYAKgAkgBWAC4AIYAZAAywBqADZAH4ARgApYBVwDWAHyAQ2Ai8BIgCbAE7AKHAUiAuQBgQDCQGHgMnEgAgAHADnEAAQDeBIIYACAAFwAUABUADIAHAAPAAgABEACoAGAAPIAhgCIAEkAJkAVQBWACwAFwAN4AcwA9ACGgEQARIAlgBNAClAGGAMgAZcA1ADVAGyAO8AewA-IB9gH6ARgApYBfgDCAGKANYAbQA3ABvAD0AHyAQ2AioBF4CRAExAJlATYAnYBSICsAFigLYAXIAu8BgQDBgGEgMNAYeAyIBkgDJwoAMAYQBGgFEhoDwAKgAkgBWAC4AIYAZAAywBqADZAH4ARgApYBV4C0ALSAawA3gB8gENgIvASIAmwBOwChwFIgLkAYEAwkBh4DGAGThwAIADgwAQA2QB1AF9AMjFQGAAKAAqACGAEwALgAjgBlgDUAH4ARgAjgBSwCrwFoAWkA3gCQQExAJsAU2AtgBcgDAgGHgMiFABABtADwAR6AvodBDAAXABQAFQAMgAcABAACKAGAAYgA-gCGAIgATIAqgCsAFgALgAYgAzABvADmAHoAQwAiABLACYAE0AKUAZAAygBogDUAGyAN8Ad4A9oB9gH4ARgAsUBaAFpALmAXkAvwBhADFAG4gOmA6gB6AENgIiAReAkEBIgCbAE7AKaAVYAsWBbAFsgLgAXIAu0Bd4DCQGGgMPAYkAxgBjwDJAGTjwAICKiECkABYAFAAMgAiABiAEMAJgAVQAuABmADeAHoARwAygBqADfAHeAPwAgYBGAChwFoAWkAvwBhADFAHUAPQAkEBIgCbAFNALFAWjAtgC2gFwALkAXaAw8BiQDIgGTkoEoACAAFgAUAAyABwAEUAMAAxACIAEwAKoAXAAxABmADaAIaARABEgClAGEAMoAaoA2QB3gD8AIxAWgBaQDFAG4AOoAi8BIgCbAFigLYAXaAw8BkQDJyYAEBFRSBmAAuACgAKgAZAA4ACCAGAAYwBDAEQAJgAUgAqgBYAC4AGIAMwAcwBDACIAFKAMoAaIA1QBsgDvgH2AfgBGACOAFDAK2AXkAwgBtADcAHoAReAkQBNgCdgFNAK2AWKAtgBcAC5AF2gMNAYeAxIBjADIgGSAMnKgAQAfFAAIA8A.YAAAAAAAAAAA; _ga=GA1.2.682831016.1602250020; _gid=GA1.2.1022504156.1602250020; PHPSESSID=f6eueutjkgdpu965k96ona9tr4
    [HTTP_HOST] => my.medical-tribune.de
    [HTTP_ORIGIN] => https://my.medical-tribune.de
    [HTTP_REFERER] => https://my.medical-tribune.de/register.php?mode=1
    [HTTP_SEC_FETCH_DEST] => iframe
    [HTTP_SEC_FETCH_MODE] => navigate
    [HTTP_SEC_FETCH_SITE] => same-origin
    [HTTP_SEC_FETCH_USER] => ?1
    [HTTP_UPGRADE_INSECURE_REQUESTS] => 1
    [HTTP_USER_AGENT] => Mozilla/5.0 (Linux; Android 10; SM-A750FN) AppleWebKit/537.36 (KHTML, like Gecko) Chrome/85.0.4183.127 Mobile Safari/537.36
    [PATH] => /bin:/usr/bin
    [QUERY_STRING] => mode=1
    [REDIRECT_STATUS] => 200
    [REMOTE_ADDR] => 109.41.194.132
    [REMOTE_PORT] => 27711
    [REQUEST_METHOD] => POST
    [REQUEST_SCHEME] => https
    [REQUEST_URI] => /register.php?mode=1
    [SCRIPT_FILENAME] => /home/mtde/public_html/my/register.php
    [SCRIPT_NAME] => /register.php
    [SERVER_ADDR] => 46.232.181.187
    [SERVER_ADMIN] => webmaster@my.medical-tribune.de
    [SERVER_NAME] => my.medical-tribune.de
    [SERVER_PORT] => 443
    [SERVER_PROTOCOL] => HTTP/1.1
    [SERVER_SIGNATURE] => 
    [SERVER_SOFTWARE] => Apache
    [SSL_TLS_SNI] => my.medical-tribune.de
    [TZ] => Europe/Zurich
    [UNIQUE_ID] => X4BmPsIte4C@wEdMim3KNQAAARg
    [PHP_SELF] => /register.php
    [REQUEST_TIME_FLOAT] => 1602250302.5174
    [REQUEST_TIME] => 1602250302
)

09-10-2020 : hannelore.rott@gzrr.de,Array
(
    [CONTENT_LENGTH] => 3551
    [CONTENT_TYPE] => multipart/form-data; boundary=----WebKitFormBoundarya3Apssz9AUO75dxB
    [CONTEXT_DOCUMENT_ROOT] => /home/mtde/public_html/my
    [CONTEXT_PREFIX] => 
    [DOCUMENT_ROOT] => /home/mtde/public_html/my
    [GATEWAY_INTERFACE] => CGI/1.1
    [HTTPS] => on
    [HTTP_ACCEPT] => text/html,application/xhtml+xml,application/xml;q=0.9,*/*;q=0.8
    [HTTP_ACCEPT_ENCODING] => gzip, deflate, br
    [HTTP_ACCEPT_LANGUAGE] => de-de
    [HTTP_CONNECTION] => keep-alive
    [HTTP_COOKIE] => PHPSESSID=fufdkma012r9bc5c4r4jo599n7; _ga=GA1.2.1316023934.1602249933; _gid=GA1.2.868143427.1602249933; consentUUID=4c452a48-e315-4e98-9d21-d469236ed290; euconsent-v2=CO7A_AEO7A_AEAGABCENA7CgAP_AAH_AAAYgGVtf_X9fb2_j-_5999t0eY1f9_63t-wzjgeNs-8NyZ_X_J4Xr2MyvB34pqYKmR4EunLBAQdlHGHcTQgAwIkFqTLsYk2MizNKJ7JEilMbM2dYGG1vn8XT_ZCY70-_f__7v3-_-___6oGUEEGAAKAQBCWAAIEChEIQAIQxIAIAACihEAgEkACRQALI4COUACABAYgIQIAQAgoAYBAAIAAElAQAgAAIBAARAIAAQADAEAACAAEFgBIiAAACoEhAARABKBAQUAAQcggQEQBBACBAUGQFgAKAAqACGAEwALgAjgBlgDUAH4ARgAjgBSwCrgFbAN4AmIBNgC0QFsAMCAYeAyIYAFAG0APAAsQBsgEeiIDYAKgAkgBWAC4AIYAZAAywBqADZAH4ARgApYBVwDWAHyAQ2Ai8BIgCbAE7AKHAUiAuQBgQDCQGHgMnEgAgAHADnEAAQDeBIIYACAAFwAUABUADIAHAAPAAgABEACoAGAAPIAhgCIAEkAJkAVQBWACwAFwAN4AcwA9ACGgEQARIAlgBNAClAGGAMgAZcA1ADVAGyAO8AewA-IB9gH6ARgApYBfgDCAGKANYAbQA3ABvAD0AHyAQ2AioBF4CRAExAJlATYAnYBSICsAFigLYAXIAu8BgQDBgGEgMNAYeAyIBkgDJwoAMAYQBGgFEhoDwAKgAkgBWAC4AIYAZAAywBqADZAH4ARgApYBV4C0ALSAawA3gB8gENgIvASIAmwBOwChwFIgLkAYEAwkBh4DGAGThwAIADgwAQA2QB1AF9AMjFQGAAKAAqACGAEwALgAjgBlgDUAH4ARgAjgBSwCrwFoAWkA3gCQQExAJsAU2AtgBcgDAgGHgMiFABABtADwAR6AvodBDAAXABQAFQAMgAcABAACKAGAAYgA-gCGAIgATIAqgCsAFgALgAYgAzABvADmAHoAQwAiABLACYAE0AKUAZAAygBogDUAGyAN8Ad4A9oB9gH4ARgAsUBaAFpALmAXkAvwBhADFAG4gOmA6gB6AENgIiAReAkEBIgCbAE7AKaAVYAsWBbAFsgLgAXIAu0Bd4DCQGGgMPAYkAxgBjwDJAGTjwAICKiECkABYAFAAMgAiABiAEMAJgAVQAuABmADeAHoARwAygBqADfAHeAPwAgYBGAChwFoAWkAvwBhADFAHUAPQAkEBIgCbAFNALFAWjAtgC2gFwALkAXaAw8BiQDIgGTkoEoACAAFgAUAAyABwAEUAMAAxACIAEwAKoAXAAxABmADaAIaARABEgClAGEAMoAaoA2QB3gD8AIxAWgBaQDFAG4AOoAi8BIgCbAFigLYAXaAw8BkQDJyYAEBFRSBmAAuACgAKgAZAA4ACCAGAAYwBDAEQAJgAUgAqgBYAC4AGIAMwAcwBDACIAFKAMoAaIA1QBsgDvgH2AfgBGACOAFDAK2AXkAwgBtADcAHoAReAkQBNgCdgFNAK2AWKAtgBcAC5AF2gMNAYeAxIBjADIgGSAMnKgAQAfFAAIA8A.YAAAAAAAAAAA
    [HTTP_HOST] => my.medical-tribune.de
    [HTTP_ORIGIN] => https://my.medical-tribune.de
    [HTTP_REFERER] => https://my.medical-tribune.de/register.php?mode=1
    [HTTP_USER_AGENT] => Mozilla/5.0 (Macintosh; Intel Mac OS X 10_15_7) AppleWebKit/605.1.15 (KHTML, like Gecko) Version/14.0 Safari/605.1.15
    [PATH] => /bin:/usr/bin
    [QUERY_STRING] => mode=1
    [REDIRECT_STATUS] => 200
    [REMOTE_ADDR] => 79.211.119.156
    [REMOTE_PORT] => 62814
    [REQUEST_METHOD] => POST
    [REQUEST_SCHEME] => https
    [REQUEST_URI] => /register.php?mode=1
    [SCRIPT_FILENAME] => /home/mtde/public_html/my/register.php
    [SCRIPT_NAME] => /register.php
    [SERVER_ADDR] => 46.232.181.187
    [SERVER_ADMIN] => webmaster@my.medical-tribune.de
    [SERVER_NAME] => my.medical-tribune.de
    [SERVER_PORT] => 443
    [SERVER_PROTOCOL] => HTTP/1.1
    [SERVER_SIGNATURE] => 
    [SERVER_SOFTWARE] => Apache
    [SSL_TLS_SNI] => my.medical-tribune.de
    [TZ] => Europe/Zurich
    [UNIQUE_ID] => X4BnSifgAHfHBltiylYaIwAAAVY
    [PHP_SELF] => /register.php
    [REQUEST_TIME_FLOAT] => 1602250570.4728
    [REQUEST_TIME] => 1602250570
)

09-10-2020 : hans.koch.germany@t-online.de,Array
(
    [CONTENT_LENGTH] => 2357
    [CONTENT_TYPE] => multipart/form-data; boundary=----WebKitFormBoundaryJQ0BJVhrd06oCE3a
    [CONTEXT_DOCUMENT_ROOT] => /home/mtde/public_html/my
    [CONTEXT_PREFIX] => 
    [DOCUMENT_ROOT] => /home/mtde/public_html/my
    [GATEWAY_INTERFACE] => CGI/1.1
    [HTTPS] => on
    [HTTP_ACCEPT] => text/html,application/xhtml+xml,application/xml;q=0.9,image/webp,image/apng,*/*;q=0.8,application/signed-exchange;v=b3;q=0.9
    [HTTP_ACCEPT_ENCODING] => gzip, deflate, br
    [HTTP_ACCEPT_LANGUAGE] => de-DE,de;q=0.9,en-US;q=0.8,en;q=0.7
    [HTTP_CACHE_CONTROL] => max-age=0
    [HTTP_CONNECTION] => keep-alive
    [HTTP_COOKIE] => consentUUID=76b21780-9f3e-44bd-b7ab-139b2b5a8f0b; euconsent-v2=CO7BBm2O7BBm2AGABCENA7CgAP_AAH_AAAYgGVtf_X9fb2_j-_5999t0eY1f9_63t-wzjgeNs-8NyZ_X_J4Xr2MyvB34pqYKmR4EunLBAQdlHGHcTQgAwIkFqTLsYk2MizNKJ7JEilMbM2dYGG1vn8XT_ZCY70-_f__7v3-_-___6oGUEEGAAKAQBCWAAIEChEIQAIQxIAIAACihEAgEkACRQALI4COUACABAYgIQIAQAgoAYBAAIAAElAQAgAAIBAARAIAAQADAEAACAAEFgBIiAAACoEhAARABKBAQUAAQcggQEQBBACBAUGQFgAKAAqACGAEwALgAjgBlgDUAH4ARgAjgBSwCrgFbAN4AmIBNgC0QFsAMCAYeAyIYAFAG0APAAsQBsgEeiIDYAKgAkgBWAC4AIYAZAAywBqADZAH4ARgApYBVwDWAHyAQ2Ai8BIgCbAE7AKHAUiAuQBgQDCQGHgMnEgAgAHADnEAAQDeBIIYACAAFwAUABUADIAHAAPAAgABEACoAGAAPIAhgCIAEkAJkAVQBWACwAFwAN4AcwA9ACGgEQARIAlgBNAClAGGAMgAZcA1ADVAGyAO8AewA-IB9gH6ARgApYBfgDCAGKANYAbQA3ABvAD0AHyAQ2AioBF4CRAExAJlATYAnYBSICsAFigLYAXIAu8BgQDBgGEgMNAYeAyIBkgDJwoAMAYQBGgFEhoDwAKgAkgBWAC4AIYAZAAywBqADZAH4ARgApYBV4C0ALSAawA3gB8gENgIvASIAmwBOwChwFIgLkAYEAwkBh4DGAGThwAIADgwAQA2QB1AF9AMjFQGAAKAAqACGAEwALgAjgBlgDUAH4ARgAjgBSwCrwFoAWkA3gCQQExAJsAU2AtgBcgDAgGHgMiFABABtADwAR6AvodBDAAXABQAFQAMgAcABAACKAGAAYgA-gCGAIgATIAqgCsAFgALgAYgAzABvADmAHoAQwAiABLACYAE0AKUAZAAygBogDUAGyAN8Ad4A9oB9gH4ARgAsUBaAFpALmAXkAvwBhADFAG4gOmA6gB6AENgIiAReAkEBIgCbAE7AKaAVYAsWBbAFsgLgAXIAu0Bd4DCQGGgMPAYkAxgBjwDJAGTjwAICKiECkABYAFAAMgAiABiAEMAJgAVQAuABmADeAHoARwAygBqADfAHeAPwAgYBGAChwFoAWkAvwBhADFAHUAPQAkEBIgCbAFNALFAWjAtgC2gFwALkAXaAw8BiQDIgGTkoEoACAAFgAUAAyABwAEUAMAAxACIAEwAKoAXAAxABmADaAIaARABEgClAGEAMoAaoA2QB3gD8AIxAWgBaQDFAG4AOoAi8BIgCbAFigLYAXaAw8BkQDJyYAEBFRSBmAAuACgAKgAZAA4ACCAGAAYwBDAEQAJgAUgAqgBYAC4AGIAMwAcwBDACIAFKAMoAaIA1QBsgDvgH2AfgBGACOAFDAK2AXkAwgBtADcAHoAReAkQBNgCdgFNAK2AWKAtgBcAC5AF2gMNAYeAxIBjADIgGSAMnKgAQAfFAAIA8A.YAAAAAAAAAAA; _ga=GA1.2.122751982.1602251001; _gid=GA1.2.344673225.1602251001; PHPSESSID=q7vi7u5er4cqu6eb1sod4pbn17
    [HTTP_DNT] => 1
    [HTTP_HOST] => my.medical-tribune.de
    [HTTP_ORIGIN] => https://my.medical-tribune.de
    [HTTP_REFERER] => https://my.medical-tribune.de/register.php?mode=1
    [HTTP_SEC_FETCH_MODE] => nested-navigate
    [HTTP_SEC_FETCH_SITE] => same-origin
    [HTTP_SEC_FETCH_USER] => ?1
    [HTTP_UPGRADE_INSECURE_REQUESTS] => 1
    [HTTP_USER_AGENT] => Mozilla/5.0 (Linux; Android 8.0.0; SAMSUNG SM-G965F) AppleWebKit/537.36 (KHTML, like Gecko) SamsungBrowser/12.1 Chrome/79.0.3945.136 Mobile Safari/537.36
    [PATH] => /bin:/usr/bin
    [QUERY_STRING] => mode=1
    [REDIRECT_STATUS] => 200
    [REMOTE_ADDR] => 91.12.247.6
    [REMOTE_PORT] => 36672
    [REQUEST_METHOD] => POST
    [REQUEST_SCHEME] => https
    [REQUEST_URI] => /register.php?mode=1
    [SCRIPT_FILENAME] => /home/mtde/public_html/my/register.php
    [SCRIPT_NAME] => /register.php
    [SERVER_ADDR] => 46.232.181.187
    [SERVER_ADMIN] => webmaster@my.medical-tribune.de
    [SERVER_NAME] => my.medical-tribune.de
    [SERVER_PORT] => 443
    [SERVER_PROTOCOL] => HTTP/1.1
    [SERVER_SIGNATURE] => 
    [SERVER_SOFTWARE] => Apache
    [SSL_TLS_SNI] => my.medical-tribune.de
    [TZ] => Europe/Zurich
    [UNIQUE_ID] => X4BrVp7h-L0BTtR@eMgI8wAAAAA
    [PHP_SELF] => /register.php
    [REQUEST_TIME_FLOAT] => 1602251606.0705
    [REQUEST_TIME] => 1602251606
)

09-10-2020 : Backenheuer@outlook.com,Array
(
    [CONTENT_LENGTH] => 4617
    [CONTENT_TYPE] => multipart/form-data; boundary=---------------------------8504182635823624842263869116
    [CONTEXT_DOCUMENT_ROOT] => /home/mtde/public_html/my
    [CONTEXT_PREFIX] => 
    [DOCUMENT_ROOT] => /home/mtde/public_html/my
    [GATEWAY_INTERFACE] => CGI/1.1
    [HTTPS] => on
    [HTTP_ACCEPT] => text/html,application/xhtml+xml,application/xml;q=0.9,image/webp,*/*;q=0.8
    [HTTP_ACCEPT_ENCODING] => gzip, deflate, br
    [HTTP_ACCEPT_LANGUAGE] => en-US,en;q=0.5
    [HTTP_CONNECTION] => keep-alive
    [HTTP_COOKIE] => consentUUID=aa370238-b85b-4315-adf4-51fffbdd64a3; euconsent-v2=CO7BFOuO7BFOuAGABCENA7CgAP_AAH_AAAYgGVtf_X9fb2_j-_5999t0eY1f9_63t-wzjgeNs-8NyZ_X_J4Xr2MyvB34pqYKmR4EunLBAQdlHGHcTQgAwIkFqTLsYk2MizNKJ7JEilMbM2dYGG1vn8XT_ZCY70-_f__7v3-_-___6oGUEEGAAKAQBCWAAIEChEIQAIQxIAIAACihEAgEkACRQALI4COUACABAYgIQIAQAgoAYBAAIAAElAQAgAAIBAARAIAAQADAEAACAAEFgBIiAAACoEhAARABKBAQUAAQcggQEQBBACBAUGQFgAKAAqACGAEwALgAjgBlgDUAH4ARgAjgBSwCrgFbAN4AmIBNgC0QFsAMCAYeAyIYAFAG0APAAsQBsgEeiIDYAKgAkgBWAC4AIYAZAAywBqADZAH4ARgApYBVwDWAHyAQ2Ai8BIgCbAE7AKHAUiAuQBgQDCQGHgMnEgAgAHADnEAAQDeBIIYACAAFwAUABUADIAHAAPAAgABEACoAGAAPIAhgCIAEkAJkAVQBWACwAFwAN4AcwA9ACGgEQARIAlgBNAClAGGAMgAZcA1ADVAGyAO8AewA-IB9gH6ARgApYBfgDCAGKANYAbQA3ABvAD0AHyAQ2AioBF4CRAExAJlATYAnYBSICsAFigLYAXIAu8BgQDBgGEgMNAYeAyIBkgDJwoAMAYQBGgFEhoDwAKgAkgBWAC4AIYAZAAywBqADZAH4ARgApYBV4C0ALSAawA3gB8gENgIvASIAmwBOwChwFIgLkAYEAwkBh4DGAGThwAIADgwAQA2QB1AF9AMjFQGAAKAAqACGAEwALgAjgBlgDUAH4ARgAjgBSwCrwFoAWkA3gCQQExAJsAU2AtgBcgDAgGHgMiFABABtADwAR6AvodBDAAXABQAFQAMgAcABAACKAGAAYgA-gCGAIgATIAqgCsAFgALgAYgAzABvADmAHoAQwAiABLACYAE0AKUAZAAygBogDUAGyAN8Ad4A9oB9gH4ARgAsUBaAFpALmAXkAvwBhADFAG4gOmA6gB6AENgIiAReAkEBIgCbAE7AKaAVYAsWBbAFsgLgAXIAu0Bd4DCQGGgMPAYkAxgBjwDJAGTjwAICKiECkABYAFAAMgAiABiAEMAJgAVQAuABmADeAHoARwAygBqADfAHeAPwAgYBGAChwFoAWkAvwBhADFAHUAPQAkEBIgCbAFNALFAWjAtgC2gFwALkAXaAw8BiQDIgGTkoEoACAAFgAUAAyABwAEUAMAAxACIAEwAKoAXAAxABmADaAIaARABEgClAGEAMoAaoA2QB3gD8AIxAWgBaQDFAG4AOoAi8BIgCbAFigLYAXaAw8BkQDJyYAEBFRSBmAAuACgAKgAZAA4ACCAGAAYwBDAEQAJgAUgAqgBYAC4AGIAMwAcwBDACIAFKAMoAaIA1QBsgDvgH2AfgBGACOAFDAK2AXkAwgBtADcAHoAReAkQBNgCdgFNAK2AWKAtgBcAC5AF2gMNAYeAxIBjADIgGSAMnKgAQAfFAAIA8A.YAAAAAAAAAAA; _ga=GA1.2.12976105.1602252484; _gid=GA1.2.1412313013.1602252484; PHPSESSID=u8mnuchc06b7nnoavujkd41o71
    [HTTP_HOST] => my.medical-tribune.de
    [HTTP_ORIGIN] => https://my.medical-tribune.de
    [HTTP_REFERER] => https://my.medical-tribune.de/register.php?mode=1
    [HTTP_UPGRADE_INSECURE_REQUESTS] => 1
    [HTTP_USER_AGENT] => Mozilla/5.0 (X11; Fedora; Linux x86_64; rv:76.0) Gecko/20100101 Firefox/76.0
    [PATH] => /bin:/usr/bin
    [QUERY_STRING] => mode=1
    [REDIRECT_STATUS] => 200
    [REMOTE_ADDR] => 46.114.109.145
    [REMOTE_PORT] => 56094
    [REQUEST_METHOD] => POST
    [REQUEST_SCHEME] => https
    [REQUEST_URI] => /register.php?mode=1
    [SCRIPT_FILENAME] => /home/mtde/public_html/my/register.php
    [SCRIPT_NAME] => /register.php
    [SERVER_ADDR] => 46.232.181.187
    [SERVER_ADMIN] => webmaster@my.medical-tribune.de
    [SERVER_NAME] => my.medical-tribune.de
    [SERVER_PORT] => 443
    [SERVER_PROTOCOL] => HTTP/1.1
    [SERVER_SIGNATURE] => 
    [SERVER_SOFTWARE] => Apache
    [SSL_TLS_SNI] => my.medical-tribune.de
    [TZ] => Europe/Zurich
    [UNIQUE_ID] => X4BvU8Ite4C@wEdMim3SJAAAARc
    [PHP_SELF] => /register.php
    [REQUEST_TIME_FLOAT] => 1602252627.6275
    [REQUEST_TIME] => 1602252627
)

09-10-2020 : daniel.klose@gmx.de,Array
(
    [CONTENT_LENGTH] => 2873
    [CONTENT_TYPE] => multipart/form-data; boundary=---------------------------403478347531506370031888721292
    [CONTEXT_DOCUMENT_ROOT] => /home/mtde/public_html/my
    [CONTEXT_PREFIX] => 
    [DOCUMENT_ROOT] => /home/mtde/public_html/my
    [GATEWAY_INTERFACE] => CGI/1.1
    [HTTPS] => on
    [HTTP_ACCEPT] => text/html,application/xhtml+xml,application/xml;q=0.9,image/webp,*/*;q=0.8
    [HTTP_ACCEPT_ENCODING] => gzip, deflate, br
    [HTTP_ACCEPT_LANGUAGE] => de,en-US;q=0.7,en;q=0.3
    [HTTP_CONNECTION] => keep-alive
    [HTTP_COOKIE] => PHPSESSID=s7s99k7o1q1nnslaneb47osqr2
    [HTTP_DNT] => 1
    [HTTP_HOST] => my.medical-tribune.de
    [HTTP_ORIGIN] => https://my.medical-tribune.de
    [HTTP_REFERER] => https://my.medical-tribune.de/register.php?mode=1
    [HTTP_UPGRADE_INSECURE_REQUESTS] => 1
    [HTTP_USER_AGENT] => Mozilla/5.0 (Windows NT 10.0; Win64; x64; rv:81.0) Gecko/20100101 Firefox/81.0
    [PATH] => /bin:/usr/bin
    [QUERY_STRING] => mode=1
    [REDIRECT_STATUS] => 200
    [REMOTE_ADDR] => 178.202.32.237
    [REMOTE_PORT] => 52066
    [REQUEST_METHOD] => POST
    [REQUEST_SCHEME] => https
    [REQUEST_URI] => /register.php?mode=1
    [SCRIPT_FILENAME] => /home/mtde/public_html/my/register.php
    [SCRIPT_NAME] => /register.php
    [SERVER_ADDR] => 46.232.181.187
    [SERVER_ADMIN] => webmaster@my.medical-tribune.de
    [SERVER_NAME] => my.medical-tribune.de
    [SERVER_PORT] => 443
    [SERVER_PROTOCOL] => HTTP/1.1
    [SERVER_SIGNATURE] => 
    [SERVER_SOFTWARE] => Apache
    [SSL_TLS_SNI] => my.medical-tribune.de
    [TZ] => Europe/Zurich
    [UNIQUE_ID] => X4B9E57h-L0BTtR@eMgWUwAAAAM
    [PHP_SELF] => /register.php
    [REQUEST_TIME_FLOAT] => 1602256147.3847
    [REQUEST_TIME] => 1602256147
)

09-10-2020 : rainer_schreck@t-online.de,Array
(
    [CONTENT_LENGTH] => 2378
    [CONTENT_TYPE] => multipart/form-data; boundary=----WebKitFormBoundaryBZ3EH2REOVBcbZt6
    [CONTEXT_DOCUMENT_ROOT] => /home/mtde/public_html/my
    [CONTEXT_PREFIX] => 
    [DOCUMENT_ROOT] => /home/mtde/public_html/my
    [GATEWAY_INTERFACE] => CGI/1.1
    [HTTPS] => on
    [HTTP_ACCEPT] => text/html,application/xhtml+xml,application/xml;q=0.9,image/webp,image/apng,*/*;q=0.8,application/signed-exchange;v=b3;q=0.9
    [HTTP_ACCEPT_ENCODING] => gzip, deflate, br
    [HTTP_ACCEPT_LANGUAGE] => de-DE,de;q=0.9,en-US;q=0.8,en;q=0.7
    [HTTP_CACHE_CONTROL] => max-age=0
    [HTTP_CONNECTION] => keep-alive
    [HTTP_COOKIE] => consentUUID=ac9b9c9e-e687-4634-90de-03b9d9348be6; euconsent-v2=CO7BR0pO7BR0pAGABCENA7CgAP_AAH_AAAYgGVtf_X9fb2_j-_5999t0eY1f9_63t-wzjgeNs-8NyZ_X_J4Xr2MyvB34pqYKmR4EunLBAQdlHGHcTQgAwIkFqTLsYk2MizNKJ7JEilMbM2dYGG1vn8XT_ZCY70-_f__7v3-_-___6oGUEEGAAKAQBCWAAIEChEIQAIQxIAIAACihEAgEkACRQALI4COUACABAYgIQIAQAgoAYBAAIAAElAQAgAAIBAARAIAAQADAEAACAAEFgBIiAAACoEhAARABKBAQUAAQcggQEQBBACBAUGQFgAKAAqACGAEwALgAjgBlgDUAH4ARgAjgBSwCrgFbAN4AmIBNgC0QFsAMCAYeAyIYAFAG0APAAsQBsgEeiIDYAKgAkgBWAC4AIYAZAAywBqADZAH4ARgApYBVwDWAHyAQ2Ai8BIgCbAE7AKHAUiAuQBgQDCQGHgMnEgAgAHADnEAAQDeBIIYACAAFwAUABUADIAHAAPAAgABEACoAGAAPIAhgCIAEkAJkAVQBWACwAFwAN4AcwA9ACGgEQARIAlgBNAClAGGAMgAZcA1ADVAGyAO8AewA-IB9gH6ARgApYBfgDCAGKANYAbQA3ABvAD0AHyAQ2AioBF4CRAExAJlATYAnYBSICsAFigLYAXIAu8BgQDBgGEgMNAYeAyIBkgDJwoAMAYQBGgFEhoDwAKgAkgBWAC4AIYAZAAywBqADZAH4ARgApYBV4C0ALSAawA3gB8gENgIvASIAmwBOwChwFIgLkAYEAwkBh4DGAGThwAIADgwAQA2QB1AF9AMjFQGAAKAAqACGAEwALgAjgBlgDUAH4ARgAjgBSwCrwFoAWkA3gCQQExAJsAU2AtgBcgDAgGHgMiFABABtADwAR6AvodBDAAXABQAFQAMgAcABAACKAGAAYgA-gCGAIgATIAqgCsAFgALgAYgAzABvADmAHoAQwAiABLACYAE0AKUAZAAygBogDUAGyAN8Ad4A9oB9gH4ARgAsUBaAFpALmAXkAvwBhADFAG4gOmA6gB6AENgIiAReAkEBIgCbAE7AKaAVYAsWBbAFsgLgAXIAu0Bd4DCQGGgMPAYkAxgBjwDJAGTjwAICKiECkABYAFAAMgAiABiAEMAJgAVQAuABmADeAHoARwAygBqADfAHeAPwAgYBGAChwFoAWkAvwBhADFAHUAPQAkEBIgCbAFNALFAWjAtgC2gFwALkAXaAw8BiQDIgGTkoEoACAAFgAUAAyABwAEUAMAAxACIAEwAKoAXAAxABmADaAIaARABEgClAGEAMoAaoA2QB3gD8AIxAWgBaQDFAG4AOoAi8BIgCbAFigLYAXaAw8BkQDJyYAEBFRSBmAAuACgAKgAZAA4ACCAGAAYwBDAEQAJgAUgAqgBYAC4AGIAMwAcwBDACIAFKAMoAaIA1QBsgDvgH2AfgBGACOAFDAK2AXkAwgBtADcAHoAReAkQBNgCdgFNAK2AWKAtgBcAC5AF2gMNAYeAxIBjADIgGSAMnKgAQAfFAAIA8A.YAAAAAAAAAAA; _ga=GA1.2.127682238.1602257644; _gid=GA1.2.1516244543.1602257644; PHPSESSID=njnf059vbajsokb76iua77ei36
    [HTTP_HOST] => my.medical-tribune.de
    [HTTP_ORIGIN] => https://my.medical-tribune.de
    [HTTP_REFERER] => https://my.medical-tribune.de/register.php?mode=1
    [HTTP_SAVE_DATA] => on
    [HTTP_SEC_FETCH_DEST] => iframe
    [HTTP_SEC_FETCH_MODE] => navigate
    [HTTP_SEC_FETCH_SITE] => same-origin
    [HTTP_SEC_FETCH_USER] => ?1
    [HTTP_UPGRADE_INSECURE_REQUESTS] => 1
    [HTTP_USER_AGENT] => Mozilla/5.0 (Linux; Android 9; SM-G973F) AppleWebKit/537.36 (KHTML, like Gecko) Chrome/85.0.4183.127 Mobile Safari/537.36
    [PATH] => /bin:/usr/bin
    [QUERY_STRING] => mode=1
    [REDIRECT_STATUS] => 200
    [REMOTE_ADDR] => 62.216.200.231
    [REMOTE_PORT] => 54797
    [REQUEST_METHOD] => POST
    [REQUEST_SCHEME] => https
    [REQUEST_URI] => /register.php?mode=1
    [SCRIPT_FILENAME] => /home/mtde/public_html/my/register.php
    [SCRIPT_NAME] => /register.php
    [SERVER_ADDR] => 46.232.181.187
    [SERVER_ADMIN] => webmaster@my.medical-tribune.de
    [SERVER_NAME] => my.medical-tribune.de
    [SERVER_PORT] => 443
    [SERVER_PROTOCOL] => HTTP/1.1
    [SERVER_SIGNATURE] => 
    [SERVER_SOFTWARE] => Apache
    [SSL_TLS_SNI] => my.medical-tribune.de
    [TZ] => Europe/Zurich
    [UNIQUE_ID] => X4CFcSfgAHfHBltiylYx@AAAAUs
    [PHP_SELF] => /register.php
    [REQUEST_TIME_FLOAT] => 1602258289.2475
    [REQUEST_TIME] => 1602258289
)

09-10-2020 : bjfokken@gmail.com,Array
(
    [CONTENT_LENGTH] => 2377
    [CONTENT_TYPE] => multipart/form-data; boundary=----WebKitFormBoundaryiMWUGLW4hBXR6Adl
    [CONTEXT_DOCUMENT_ROOT] => /home/mtde/public_html/my
    [CONTEXT_PREFIX] => 
    [DOCUMENT_ROOT] => /home/mtde/public_html/my
    [GATEWAY_INTERFACE] => CGI/1.1
    [HTTPS] => on
    [HTTP_ACCEPT] => text/html,application/xhtml+xml,application/xml;q=0.9,image/webp,image/apng,*/*;q=0.8,application/signed-exchange;v=b3;q=0.9
    [HTTP_ACCEPT_ENCODING] => gzip, deflate, br
    [HTTP_ACCEPT_LANGUAGE] => de-DE,de;q=0.9,en-US;q=0.8,en;q=0.7
    [HTTP_CACHE_CONTROL] => max-age=0
    [HTTP_CONNECTION] => keep-alive
    [HTTP_COOKIE] => consentUUID=9ca59ee8-05bc-438a-856c-ca64461c345e; euconsent-v2=CO7A6w-O7A6w-AGABCENA7CgAP_AAH_AAAYgGVtf_X9fb2_j-_5999t0eY1f9_63t-wzjgeNs-8NyZ_X_J4Xr2MyvB34pqYKmR4EunLBAQdlHGHcTQgAwIkFqTLsYk2MizNKJ7JEilMbM2dYGG1vn8XT_ZCY70-_f__7v3-_-___6oGUEEGAAKAQBCWAAIEChEIQAIQxIAIAACihEAgEkACRQALI4COUACABAYgIQIAQAgoAYBAAIAAElAQAgAAIBAARAIAAQADAEAACAAEFgBIiAAACoEhAARABKBAQUAAQcggQEQBBACBAUGQFgAKAAqACGAEwALgAjgBlgDUAH4ARgAjgBSwCrgFbAN4AmIBNgC0QFsAMCAYeAyIYAFAG0APAAsQBsgEeiIDYAKgAkgBWAC4AIYAZAAywBqADZAH4ARgApYBVwDWAHyAQ2Ai8BIgCbAE7AKHAUiAuQBgQDCQGHgMnEgAgAHADnEAAQDeBIIYACAAFwAUABUADIAHAAPAAgABEACoAGAAPIAhgCIAEkAJkAVQBWACwAFwAN4AcwA9ACGgEQARIAlgBNAClAGGAMgAZcA1ADVAGyAO8AewA-IB9gH6ARgApYBfgDCAGKANYAbQA3ABvAD0AHyAQ2AioBF4CRAExAJlATYAnYBSICsAFigLYAXIAu8BgQDBgGEgMNAYeAyIBkgDJwoAMAYQBGgFEhoDwAKgAkgBWAC4AIYAZAAywBqADZAH4ARgApYBV4C0ALSAawA3gB8gENgIvASIAmwBOwChwFIgLkAYEAwkBh4DGAGThwAIADgwAQA2QB1AF9AMjFQGAAKAAqACGAEwALgAjgBlgDUAH4ARgAjgBSwCrwFoAWkA3gCQQExAJsAU2AtgBcgDAgGHgMiFABABtADwAR6AvodBDAAXABQAFQAMgAcABAACKAGAAYgA-gCGAIgATIAqgCsAFgALgAYgAzABvADmAHoAQwAiABLACYAE0AKUAZAAygBogDUAGyAN8Ad4A9oB9gH4ARgAsUBaAFpALmAXkAvwBhADFAG4gOmA6gB6AENgIiAReAkEBIgCbAE7AKaAVYAsWBbAFsgLgAXIAu0Bd4DCQGGgMPAYkAxgBjwDJAGTjwAICKiECkABYAFAAMgAiABiAEMAJgAVQAuABmADeAHoARwAygBqADfAHeAPwAgYBGAChwFoAWkAvwBhADFAHUAPQAkEBIgCbAFNALFAWjAtgC2gFwALkAXaAw8BiQDIgGTkoEoACAAFgAUAAyABwAEUAMAAxACIAEwAKoAXAAxABmADaAIaARABEgClAGEAMoAaoA2QB3gD8AIxAWgBaQDFAG4AOoAi8BIgCbAFigLYAXaAw8BkQDJyYAEBFRSBmAAuACgAKgAZAA4ACCAGAAYwBDAEQAJgAUgAqgBYAC4AGIAMwAcwBDACIAFKAMoAaIA1QBsgDvgH2AfgBGACOAFDAK2AXkAwgBtADcAHoAReAkQBNgCdgFNAK2AWKAtgBcAC5AF2gMNAYeAxIBjADIgGSAMnKgAQAfFAAIA8A.YAAAAAAAAAAA; _ga=GA1.2.1370733960.1602248196; _gid=GA1.2.670009577.1602248196; PHPSESSID=nnlg63otled14jj8ga53q34vr2
    [HTTP_DNT] => 1
    [HTTP_HOST] => my.medical-tribune.de
    [HTTP_ORIGIN] => https://my.medical-tribune.de
    [HTTP_REFERER] => https://my.medical-tribune.de/register.php?mode=1
    [HTTP_SEC_FETCH_DEST] => iframe
    [HTTP_SEC_FETCH_MODE] => navigate
    [HTTP_SEC_FETCH_SITE] => same-origin
    [HTTP_SEC_FETCH_USER] => ?1
    [HTTP_UPGRADE_INSECURE_REQUESTS] => 1
    [HTTP_USER_AGENT] => Mozilla/5.0 (Linux; Android 10; SM-G960F) AppleWebKit/537.36 (KHTML, like Gecko) Chrome/85.0.4183.127 Mobile Safari/537.36
    [PATH] => /bin:/usr/bin
    [QUERY_STRING] => mode=1
    [REDIRECT_STATUS] => 200
    [REMOTE_ADDR] => 178.142.109.79
    [REMOTE_PORT] => 51616
    [REQUEST_METHOD] => POST
    [REQUEST_SCHEME] => https
    [REQUEST_URI] => /register.php?mode=1
    [SCRIPT_FILENAME] => /home/mtde/public_html/my/register.php
    [SCRIPT_NAME] => /register.php
    [SERVER_ADDR] => 46.232.181.187
    [SERVER_ADMIN] => webmaster@my.medical-tribune.de
    [SERVER_NAME] => my.medical-tribune.de
    [SERVER_PORT] => 443
    [SERVER_PROTOCOL] => HTTP/1.1
    [SERVER_SIGNATURE] => 
    [SERVER_SOFTWARE] => Apache
    [SSL_TLS_SNI] => my.medical-tribune.de
    [TZ] => Europe/Zurich
    [UNIQUE_ID] => X4CVkSNQE13SDW8Eq0Pt1gAAAAA
    [PHP_SELF] => /register.php
    [REQUEST_TIME_FLOAT] => 1602262417.245
    [REQUEST_TIME] => 1602262417
)

09-10-2020 : juergen_stricker@icloud.com,Array
(
    [CONTENT_LENGTH] => 3493
    [CONTENT_TYPE] => multipart/form-data; boundary=----WebKitFormBoundaryx8Zuy6ryfDfisqFh
    [CONTEXT_DOCUMENT_ROOT] => /home/mtde/public_html/my
    [CONTEXT_PREFIX] => 
    [DOCUMENT_ROOT] => /home/mtde/public_html/my
    [GATEWAY_INTERFACE] => CGI/1.1
    [HTTPS] => on
    [HTTP_ACCEPT] => text/html,application/xhtml+xml,application/xml;q=0.9,*/*;q=0.8
    [HTTP_ACCEPT_ENCODING] => gzip, deflate, br
    [HTTP_ACCEPT_LANGUAGE] => de-de
    [HTTP_CONNECTION] => keep-alive
    [HTTP_COOKIE] => _ga=GA1.2.1856526646.1602264346; _gid=GA1.2.949479170.1602264346; consentUUID=f2f7b4c1-7310-4dc8-80fb-7cb115f385e6; PHPSESSID=umpeu0t81s8oc5ftori2228983; euconsent-v2=CO7BiMEO7BiMEAGABCENA7CgAP_AAH_AAAYgGVtf_X9fb2_j-_5999t0eY1f9_63t-wzjgeNs-8NyZ_X_J4Xr2MyvB34pqYKmR4EunLBAQdlHGHcTQgAwIkFqTLsYk2MizNKJ7JEilMbM2dYGG1vn8XT_ZCY70-_f__7v3-_-___6oGUEEGAAKAQBCWAAIEChEIQAIQxIAIAACihEAgEkACRQALI4COUACABAYgIQIAQAgoAYBAAIAAElAQAgAAIBAARAIAAQADAEAACAAEFgBIiAAACoEhAARABKBAQUAAQcggQEQBBACBAUGQFgAKAAqACGAEwALgAjgBlgDUAH4ARgAjgBSwCrgFbAN4AmIBNgC0QFsAMCAYeAyIYAFAG0APAAsQBsgEeiIDYAKgAkgBWAC4AIYAZAAywBqADZAH4ARgApYBVwDWAHyAQ2Ai8BIgCbAE7AKHAUiAuQBgQDCQGHgMnEgAgAHADnEAAQDeBIIYACAAFwAUABUADIAHAAPAAgABEACoAGAAPIAhgCIAEkAJkAVQBWACwAFwAN4AcwA9ACGgEQARIAlgBNAClAGGAMgAZcA1ADVAGyAO8AewA-IB9gH6ARgApYBfgDCAGKANYAbQA3ABvAD0AHyAQ2AioBF4CRAExAJlATYAnYBSICsAFigLYAXIAu8BgQDBgGEgMNAYeAyIBkgDJwoAMAYQBGgFEhoDwAKgAkgBWAC4AIYAZAAywBqADZAH4ARgApYBV4C0ALSAawA3gB8gENgIvASIAmwBOwChwFIgLkAYEAwkBh4DGAGThwAIADgwAQA2QB1AF9AMjFQGAAKAAqACGAEwALgAjgBlgDUAH4ARgAjgBSwCrwFoAWkA3gCQQExAJsAU2AtgBcgDAgGHgMiFABABtADwAR6AvodBDAAXABQAFQAMgAcABAACKAGAAYgA-gCGAIgATIAqgCsAFgALgAYgAzABvADmAHoAQwAiABLACYAE0AKUAZAAygBogDUAGyAN8Ad4A9oB9gH4ARgAsUBaAFpALmAXkAvwBhADFAG4gOmA6gB6AENgIiAReAkEBIgCbAE7AKaAVYAsWBbAFsgLgAXIAu0Bd4DCQGGgMPAYkAxgBjwDJAGTjwAICKiECkABYAFAAMgAiABiAEMAJgAVQAuABmADeAHoARwAygBqADfAHeAPwAgYBGAChwFoAWkAvwBhADFAHUAPQAkEBIgCbAFNALFAWjAtgC2gFwALkAXaAw8BiQDIgGTkoEoACAAFgAUAAyABwAEUAMAAxACIAEwAKoAXAAxABmADaAIaARABEgClAGEAMoAaoA2QB3gD8AIxAWgBaQDFAG4AOoAi8BIgCbAFigLYAXaAw8BkQDJyYAEBFRSBmAAuACgAKgAZAA4ACCAGAAYwBDAEQAJgAUgAqgBYAC4AGIAMwAcwBDACIAFKAMoAaIA1QBsgDvgH2AfgBGACOAFDAK2AXkAwgBtADcAHoAReAkQBNgCdgFNAK2AWKAtgBcAC5AF2gMNAYeAxIBjADIgGSAMnKgAQAfFAAIA8A.YAAAAAAAAAAA
    [HTTP_HOST] => my.medical-tribune.de
    [HTTP_ORIGIN] => https://my.medical-tribune.de
    [HTTP_REFERER] => https://my.medical-tribune.de/register.php?mode=1
    [HTTP_USER_AGENT] => Mozilla/5.0 (iPhone; CPU iPhone OS 13_7 like Mac OS X) AppleWebKit/605.1.15 (KHTML, like Gecko) Version/13.1.2 Mobile/15E148 Safari/604.1
    [PATH] => /bin:/usr/bin
    [QUERY_STRING] => mode=1
    [REDIRECT_STATUS] => 200
    [REMOTE_ADDR] => 87.143.151.122
    [REMOTE_PORT] => 54285
    [REQUEST_METHOD] => POST
    [REQUEST_SCHEME] => https
    [REQUEST_URI] => /register.php?mode=1
    [SCRIPT_FILENAME] => /home/mtde/public_html/my/register.php
    [SCRIPT_NAME] => /register.php
    [SERVER_ADDR] => 46.232.181.187
    [SERVER_ADMIN] => webmaster@my.medical-tribune.de
    [SERVER_NAME] => my.medical-tribune.de
    [SERVER_PORT] => 443
    [SERVER_PROTOCOL] => HTTP/1.1
    [SERVER_SIGNATURE] => 
    [SERVER_SOFTWARE] => Apache
    [SSL_TLS_SNI] => my.medical-tribune.de
    [TZ] => Europe/Zurich
    [UNIQUE_ID] => X4CerRdFdlEH-sE50Cur9gAAAI8
    [PHP_SELF] => /register.php
    [REQUEST_TIME_FLOAT] => 1602264749.5398
    [REQUEST_TIME] => 1602264749
)

09-10-2020 : pnhyepqckjxqlkgyak@upived.com,Array
(
    [CONTENT_LENGTH] => 2483
    [CONTENT_TYPE] => multipart/form-data; boundary=---------------------------23675999643950647407316460200
    [CONTEXT_DOCUMENT_ROOT] => /home/mtde/public_html/my
    [CONTEXT_PREFIX] => 
    [DOCUMENT_ROOT] => /home/mtde/public_html/my
    [GATEWAY_INTERFACE] => CGI/1.1
    [HTTPS] => on
    [HTTP_ACCEPT] => text/html,application/xhtml+xml,application/xml;q=0.9,image/webp,*/*;q=0.8
    [HTTP_ACCEPT_ENCODING] => gzip, deflate, br
    [HTTP_ACCEPT_LANGUAGE] => en-US,en;q=0.7,de-DE;q=0.3
    [HTTP_CONNECTION] => keep-alive
    [HTTP_COOKIE] => PHPSESSID=iggs4ohd81tq8k7sc8nqjeo7b1
    [HTTP_DNT] => 1
    [HTTP_HOST] => my.medical-tribune.de
    [HTTP_ORIGIN] => https://my.medical-tribune.de
    [HTTP_REFERER] => https://my.medical-tribune.de/register.php?mode=1
    [HTTP_SEC_GPC] => 1
    [HTTP_UPGRADE_INSECURE_REQUESTS] => 1
    [HTTP_USER_AGENT] => Mozilla/5.0 (X11; Linux x86_64; rv:81.0) Gecko/20100101 Firefox/81.0
    [PATH] => /bin:/usr/bin
    [QUERY_STRING] => mode=1
    [REDIRECT_STATUS] => 200
    [REMOTE_ADDR] => 88.153.48.138
    [REMOTE_PORT] => 41054
    [REQUEST_METHOD] => POST
    [REQUEST_SCHEME] => https
    [REQUEST_URI] => /register.php?mode=1
    [SCRIPT_FILENAME] => /home/mtde/public_html/my/register.php
    [SCRIPT_NAME] => /register.php
    [SERVER_ADDR] => 46.232.181.187
    [SERVER_ADMIN] => webmaster@my.medical-tribune.de
    [SERVER_NAME] => my.medical-tribune.de
    [SERVER_PORT] => 443
    [SERVER_PROTOCOL] => HTTP/1.1
    [SERVER_SIGNATURE] => 
    [SERVER_SOFTWARE] => Apache
    [SSL_TLS_SNI] => my.medical-tribune.de
    [TZ] => Europe/Zurich
    [UNIQUE_ID] => X4Ce@iNQE13SDW8Eq0PyqgAAABc
    [PHP_SELF] => /register.php
    [REQUEST_TIME_FLOAT] => 1602264826.7993
    [REQUEST_TIME] => 1602264826
)

09-10-2020 : laurens@bless-home.de,Array
(
    [CONTENT_LENGTH] => 2940
    [CONTENT_TYPE] => multipart/form-data; boundary=----WebKitFormBoundaryVG3imOtWMCBkIPZ5
    [CONTEXT_DOCUMENT_ROOT] => /home/mtde/public_html/my
    [CONTEXT_PREFIX] => 
    [DOCUMENT_ROOT] => /home/mtde/public_html/my
    [GATEWAY_INTERFACE] => CGI/1.1
    [HTTPS] => on
    [HTTP_ACCEPT] => text/html,application/xhtml+xml,application/xml;q=0.9,*/*;q=0.8
    [HTTP_ACCEPT_ENCODING] => gzip, deflate, br
    [HTTP_ACCEPT_LANGUAGE] => de-de
    [HTTP_CONNECTION] => keep-alive
    [HTTP_COOKIE] => PHPSESSID=d792v0jbvc3g9op4ka0rorho95
    [HTTP_HOST] => my.medical-tribune.de
    [HTTP_ORIGIN] => https://my.medical-tribune.de
    [HTTP_REFERER] => https://my.medical-tribune.de/register.php?maglify=1&mobile=1
    [HTTP_USER_AGENT] => Mozilla/5.0 (iPad; CPU OS 13_2_3 like Mac OS X) AppleWebKit/605.1.15 (KHTML, like Gecko) Mobile/15E148
    [PATH] => /bin:/usr/bin
    [QUERY_STRING] => maglify=1&mobile=1
    [REDIRECT_STATUS] => 200
    [REMOTE_ADDR] => 37.201.169.202
    [REMOTE_PORT] => 42405
    [REQUEST_METHOD] => POST
    [REQUEST_SCHEME] => https
    [REQUEST_URI] => /register.php?maglify=1&mobile=1
    [SCRIPT_FILENAME] => /home/mtde/public_html/my/register.php
    [SCRIPT_NAME] => /register.php
    [SERVER_ADDR] => 46.232.181.187
    [SERVER_ADMIN] => webmaster@my.medical-tribune.de
    [SERVER_NAME] => my.medical-tribune.de
    [SERVER_PORT] => 443
    [SERVER_PROTOCOL] => HTTP/1.1
    [SERVER_SIGNATURE] => 
    [SERVER_SOFTWARE] => Apache
    [SSL_TLS_SNI] => my.medical-tribune.de
    [TZ] => Europe/Zurich
    [UNIQUE_ID] => X4DVsBdFdlEH-sE50CvIBwAAAIo
    [PHP_SELF] => /register.php
    [REQUEST_TIME_FLOAT] => 1602278832.859
    [REQUEST_TIME] => 1602278832
)

09-10-2020 : gianna1.diehl@gmx.de,Array
(
    [CONTENT_LENGTH] => 2009
    [CONTENT_TYPE] => multipart/form-data; boundary=---------------------------7e4ac83109b6
    [CONTEXT_DOCUMENT_ROOT] => /home/mtde/public_html/my
    [CONTEXT_PREFIX] => 
    [DOCUMENT_ROOT] => /home/mtde/public_html/my
    [GATEWAY_INTERFACE] => CGI/1.1
    [HTTPS] => on
    [HTTP_ACCEPT] => text/html, application/xhtml+xml, */*
    [HTTP_ACCEPT_ENCODING] => gzip, deflate
    [HTTP_ACCEPT_LANGUAGE] => de-DE
    [HTTP_CACHE_CONTROL] => no-cache
    [HTTP_CONNECTION] => Keep-Alive
    [HTTP_COOKIE] => consentUUID=5db86093-689b-423b-88f1-d44bf091a6d3; euconsent-v2=CO7CIc7O7CIc7AGABCENA7CgAP_AAH_AAAYgGVtf_X9fb2_j-_5999t0eY1f9_63t-wzjgeNs-8NyZ_X_J4Xr2MyvB34pqYKmR4EunLBAQdlHGHcTQgAwIkFqTLsYk2MizNKJ7JEilMbM2dYGG1vn8XT_ZCY70-_f__7v3-_-___6oGUEEGAAKAQBCWAAIEChEIQAIQxIAIAACihEAgEkACRQALI4COUACABAYgIQIAQAgoAYBAAIAAElAQAgAAIBAARAIAAQADAEAACAAEFgBIiAAACoEhAARABKBAQUAAQcggQEQBBACBAUGQFgAKAAqACGAEwALgAjgBlgDUAH4ARgAjgBSwCrgFbAN4AmIBNgC0QFsAMCAYeAyIYAFAG0APAAsQBsgEeiIDYAKgAkgBWAC4AIYAZAAywBqADZAH4ARgApYBVwDWAHyAQ2Ai8BIgCbAE7AKHAUiAuQBgQDCQGHgMnEgAgAHADnEAAQDeBIIYACAAFwAUABUADIAHAAPAAgABEACoAGAAPIAhgCIAEkAJkAVQBWACwAFwAN4AcwA9ACGgEQARIAlgBNAClAGGAMgAZcA1ADVAGyAO8AewA-IB9gH6ARgApYBfgDCAGKANYAbQA3ABvAD0AHyAQ2AioBF4CRAExAJlATYAnYBSICsAFigLYAXIAu8BgQDBgGEgMNAYeAyIBkgDJwoAMAYQBGgFEhoDwAKgAkgBWAC4AIYAZAAywBqADZAH4ARgApYBV4C0ALSAawA3gB8gENgIvASIAmwBOwChwFIgLkAYEAwkBh4DGAGThwAIADgwAQA2QB1AF9AMjFQGAAKAAqACGAEwALgAjgBlgDUAH4ARgAjgBSwCrwFoAWkA3gCQQExAJsAU2AtgBcgDAgGHgMiFABABtADwAR6AvodBDAAXABQAFQAMgAcABAACKAGAAYgA-gCGAIgATIAqgCsAFgALgAYgAzABvADmAHoAQwAiABLACYAE0AKUAZAAygBogDUAGyAN8Ad4A9oB9gH4ARgAsUBaAFpALmAXkAvwBhADFAG4gOmA6gB6AENgIiAReAkEBIgCbAE7AKaAVYAsWBbAFsgLgAXIAu0Bd4DCQGGgMPAYkAxgBjwDJAGTjwAICKiECkABYAFAAMgAiABiAEMAJgAVQAuABmADeAHoARwAygBqADfAHeAPwAgYBGAChwFoAWkAvwBhADFAHUAPQAkEBIgCbAFNALFAWjAtgC2gFwALkAXaAw8BiQDIgGTkoEoACAAFgAUAAyABwAEUAMAAxACIAEwAKoAXAAxABmADaAIaARABEgClAGEAMoAaoA2QB3gD8AIxAWgBaQDFAG4AOoAi8BIgCbAFigLYAXaAw8BkQDJyYAEBFRSBmAAuACgAKgAZAA4ACCAGAAYwBDAEQAJgAUgAqgBYAC4AGIAMwAcwBDACIAFKAMoAaIA1QBsgDvgH2AfgBGACOAFDAK2AXkAwgBtADcAHoAReAkQBNgCdgFNAK2AWKAtgBcAC5AF2gMNAYeAxIBjADIgGSAMnKgAQAfFAAIA8A.YAAAAAAAAAAA; _ga=GA1.2.1985113641.1602280019; _gid=GA1.2.831529730.1602280019; PHPSESSID=1u0f2coqsanvqp5li1cq160nv5
    [HTTP_DNT] => 1
    [HTTP_HOST] => my.medical-tribune.de
    [HTTP_REFERER] => https://my.medical-tribune.de/register.php?mode=1
    [HTTP_USER_AGENT] => Mozilla/5.0 (Windows NT 6.1; WOW64; Trident/7.0; rv:11.0) like Gecko
    [PATH] => /bin:/usr/bin
    [QUERY_STRING] => mode=1
    [REDIRECT_STATUS] => 200
    [REMOTE_ADDR] => 195.182.18.126
    [REMOTE_PORT] => 37889
    [REQUEST_METHOD] => POST
    [REQUEST_SCHEME] => https
    [REQUEST_URI] => /register.php?mode=1
    [SCRIPT_FILENAME] => /home/mtde/public_html/my/register.php
    [SCRIPT_NAME] => /register.php
    [SERVER_ADDR] => 46.232.181.187
    [SERVER_ADMIN] => webmaster@my.medical-tribune.de
    [SERVER_NAME] => my.medical-tribune.de
    [SERVER_PORT] => 443
    [SERVER_PROTOCOL] => HTTP/1.1
    [SERVER_SIGNATURE] => 
    [SERVER_SOFTWARE] => Apache
    [SSL_TLS_SNI] => my.medical-tribune.de
    [TZ] => Europe/Zurich
    [UNIQUE_ID] => X4DcAM5f1UNolJsBLZ0psAAAAUo
    [PHP_SELF] => /register.php
    [REQUEST_TIME_FLOAT] => 1602280448.0631
    [REQUEST_TIME] => 1602280448
)

