16-09-2020 : Saro@hoepner.org,Array
(
    [CONTENT_LENGTH] => 2365
    [CONTENT_TYPE] => multipart/form-data; boundary=----WebKitFormBoundaryOuAXqbMwhW95Kzuv
    [CONTEXT_DOCUMENT_ROOT] => /home/mtde/public_html/my
    [CONTEXT_PREFIX] => 
    [DOCUMENT_ROOT] => /home/mtde/public_html/my
    [GATEWAY_INTERFACE] => CGI/1.1
    [HTTPS] => on
    [HTTP_ACCEPT] => text/html,application/xhtml+xml,application/xml;q=0.9,image/webp,image/apng,*/*;q=0.8,application/signed-exchange;v=b3;q=0.9
    [HTTP_ACCEPT_ENCODING] => gzip, deflate, br
    [HTTP_ACCEPT_LANGUAGE] => de-DE,de;q=0.9,en-US;q=0.8,en;q=0.7
    [HTTP_CACHE_CONTROL] => max-age=0
    [HTTP_CONNECTION] => keep-alive
    [HTTP_COOKIE] => _ga=GA1.2.1025441639.1600213808; _gid=GA1.2.1206183433.1600213808; consentUUID=bd99c83a-b83c-4fd6-a3d0-59416d22b48a; euconsent-v2=CO5zT_wO5zT_wAGABCENA3CgAP_AAH_AAAYgGVtf_X9fb2_j-_5999t0eY1f9_63t-wzjgeNs-8NyZ_X_J4Xr2MyvB34pqYKmR4EunLBAQdlHGHcTQgAwIkFqTLsYk2MizNKJ7JEilMbc2dYGG1vn8XT_ZCY70-_f__7v3-_-___6oGUEEGAAKAQBCWAAIEihEIQAIQxIAIAACihEAgEkACRQALI4COUACABAYgIQIAQAgoAYBAAIAAElAQAgAAIBQARAIAAQADAEAACAAEFgBIiAAACoEhAARABKBAQUAAQcggQFQBBACBASGQFwAKAAqACGAEwALgAjgBSADLAGoAPwAjABHAClgFXAK2AbwBMQCbAFNgLRAYEAw8BkQwAKANoAeABYgDZAI9EQHAAVABWAC4AIYAUgAyABlgDUAGyAPwAjABIgClgFXANYAfIBDYCLwEiAJsATsAocBSIC5AGBAMJAYeAycSACAAcAOcQABAN4EgigAIAAXABQAFQAMgAcAA8ACAAEQAKgAeAA-gCGAIgATIAqgCsAFgALgAbwA5gB6AENAIgAiQBLACaAFKAMMAZAAywBqADZAHEAO8AewA-IB9gH6ARgAkQBSwC_AGEAMUAawA2gBuADeAHoAPkAhsBFQCLwEiAJiATKAmwBOwCkQFNgKwAWKAtgBcgC7wGBAMGAYSAw0Bh4DIgGSAMnCgAQFEhoD4AKgArABcAEMAKQAZAAywBpADUAGyAPwAjABSwCrwFoAWkA1gBvAD5AIbAReAkQBNgCdgFDgKRAXIAwIBhIDDwGMAMnDgAQAHBgAgBsgDqAL6AZGKgMAAUABUAEMAJgAXABHACkAGWANQAfgBGACOAFLAKvAWgBaQDeAJBATEAmwBTYC5AGBAMPAZEKACADaAHgAj0BfQ6CKAAuACgAKgAXAAyABwAEAAIgAYgA-gCGAIgATIAqgCsAFgALgAYgAzABvADmAHoAQwAiABLACYAE1AKMApQBkADKgGiAaQA1ABswDfAOAAcQA7wB7QD7APwAjABYoC0ALSAXMAvIBfgDCAGKANxAdMB1AD0AIbAREAi8BIICRAE2AJ2gU0BTYCrAFiwLYAtkBcAC5AF2gLvAYSAw0Bh4DEgGMAMeAZIAychArAAWABQADIAIgAYgBDACYAFUALgAZgA3gB6AEcAKQAZQA1ABvgDiAHeAPwAgYBGAChwFoAWkAvwBhADFAHUAPQAkEBIgCbIFNAU2AsUBaMC2ALaAXAAuQBdoDDwGJAMiAZOSgRgAIAAWABQAC4AGQAOAAxACIAEwAKoAXAAxABmADaAIaARABEwCkAKUAZQA0gBsgDvAH4ARiAtAC0gGKANwAdQBF4CRAE2ALFAXaAw8BkQDJykDUABcAFAAVAAuABkADgAIAAYwBDAEQAJgAUgAqgBYAC4AGIAMwAcwBDACIgFGAUoAyoBogGkANkAcQA74B9gH4ARgAjgBQwCtgF5AMIAbQA3AB1AD0AIvASIAmwBO0CmgKbAVsAsUBbAC4AFyALtAYaAw8BiQDGAGRAMkAZOVAAgA-KAAQB4AAAA.YAAAAAAAAAAA; PHPSESSID=op74l0qt45pj5tcqhfbtarlsn5
    [HTTP_DNT] => 1
    [HTTP_HOST] => my.medical-tribune.de
    [HTTP_ORIGIN] => https://my.medical-tribune.de
    [HTTP_REFERER] => https://my.medical-tribune.de/register.php?mode=1
    [HTTP_SAVE_DATA] => on
    [HTTP_SEC_FETCH_DEST] => iframe
    [HTTP_SEC_FETCH_MODE] => navigate
    [HTTP_SEC_FETCH_SITE] => same-origin
    [HTTP_SEC_FETCH_USER] => ?1
    [HTTP_UPGRADE_INSECURE_REQUESTS] => 1
    [HTTP_USER_AGENT] => Mozilla/5.0 (Linux; Android 10; SM-G970F) AppleWebKit/537.36 (KHTML, like Gecko) Chrome/85.0.4183.101 Mobile Safari/537.36
    [PATH] => /bin:/usr/bin
    [QUERY_STRING] => mode=1
    [REDIRECT_STATUS] => 200
    [REMOTE_ADDR] => 62.216.205.63
    [REMOTE_PORT] => 24359
    [REQUEST_METHOD] => POST
    [REQUEST_SCHEME] => https
    [REQUEST_URI] => /register.php?mode=1
    [SCRIPT_FILENAME] => /home/mtde/public_html/my/register.php
    [SCRIPT_NAME] => /register.php
    [SERVER_ADDR] => 46.232.181.187
    [SERVER_ADMIN] => webmaster@my.medical-tribune.de
    [SERVER_NAME] => my.medical-tribune.de
    [SERVER_PORT] => 443
    [SERVER_PROTOCOL] => HTTP/1.1
    [SERVER_SIGNATURE] => 
    [SERVER_SOFTWARE] => Apache
    [SSL_TLS_SNI] => my.medical-tribune.de
    [TZ] => Europe/Zurich
    [UNIQUE_ID] => X2FT3so1pkbfSaPaRzHZ4gAAAFU
    [PHP_SELF] => /register.php
    [REQUEST_TIME_FLOAT] => 1600213982.5773
    [REQUEST_TIME] => 1600213982
)

16-09-2020 : tine.harms@gmx.de,Array
(
    [CONTENT_LENGTH] => 3480
    [CONTENT_TYPE] => multipart/form-data; boundary=---------------------------70617362723566997572686587955
    [CONTEXT_DOCUMENT_ROOT] => /home/mtde/public_html/my
    [CONTEXT_PREFIX] => 
    [DOCUMENT_ROOT] => /home/mtde/public_html/my
    [GATEWAY_INTERFACE] => CGI/1.1
    [HTTPS] => on
    [HTTP_ACCEPT] => text/html,application/xhtml+xml,application/xml;q=0.9,image/webp,*/*;q=0.8
    [HTTP_ACCEPT_ENCODING] => gzip, deflate, br
    [HTTP_ACCEPT_LANGUAGE] => de,en-US;q=0.7,en;q=0.3
    [HTTP_CONNECTION] => keep-alive
    [HTTP_COOKIE] => _ga=GA1.2.1271355767.1600237531; _gid=GA1.2.86512260.1600237531; consentUUID=995fd419-cf4a-4ca6-93d6-5b5773ba565d; euconsent-v2=CO50N7CO50N7CAGABCENA3CgAP_AAH_AAAYgGVtf_X9fb2_j-_5999t0eY1f9_63t-wzjgeNs-8NyZ_X_J4Xr2MyvB34pqYKmR4EunLBAQdlHGHcTQgAwIkFqTLsYk2MizNKJ7JEilMbc2dYGG1vn8XT_ZCY70-_f__7v3-_-___6oGUEEGAAKAQBCWAAIEihEIQAIQxIAIAACihEAgEkACRQALI4COUACABAYgIQIAQAgoAYBAAIAAElAQAgAAIBQARAIAAQADAEAACAAEFgBIiAAACoEhAARABKBAQUAAQcggQFQBBACBASGQFwAKAAqACGAEwALgAjgBSADLAGoAPwAjABHAClgFXAK2AbwBMQCbAFNgLRAYEAw8BkQwAKANoAeABYgDZAI9EQHAAVABWAC4AIYAUgAyABlgDUAGyAPwAjABIgClgFXANYAfIBDYCLwEiAJsATsAocBSIC5AGBAMJAYeAycSACAAcAOcQABAN4EgigAIAAXABQAFQAMgAcAA8ACAAEQAKgAeAA-gCGAIgATIAqgCsAFgALgAbwA5gB6AENAIgAiQBLACaAFKAMMAZAAywBqADZAHEAO8AewA-IB9gH6ARgAkQBSwC_AGEAMUAawA2gBuADeAHoAPkAhsBFQCLwEiAJiATKAmwBOwCkQFNgKwAWKAtgBcgC7wGBAMGAYSAw0Bh4DIgGSAMnCgAQFEhoD4AKgArABcAEMAKQAZAAywBpADUAGyAPwAjABSwCrwFoAWkA1gBvAD5AIbAReAkQBNgCdgFDgKRAXIAwIBhIDDwGMAMnDgAQAHBgAgBsgDqAL6AZGKgMAAUABUAEMAJgAXABHACkAGWANQAfgBGACOAFLAKvAWgBaQDeAJBATEAmwBTYC5AGBAMPAZEKACADaAHgAj0BfQ6CKAAuACgAKgAXAAyABwAEAAIgAYgA-gCGAIgATIAqgCsAFgALgAYgAzABvADmAHoAQwAiABLACYAE1AKMApQBkADKgGiAaQA1ABswDfAOAAcQA7wB7QD7APwAjABYoC0ALSAXMAvIBfgDCAGKANxAdMB1AD0AIbAREAi8BIICRAE2AJ2gU0BTYCrAFiwLYAtkBcAC5AF2gLvAYSAw0Bh4DEgGMAMeAZIAychArAAWABQADIAIgAYgBDACYAFUALgAZgA3gB6AEcAKQAZQA1ABvgDiAHeAPwAgYBGAChwFoAWkAvwBhADFAHUAPQAkEBIgCbIFNAU2AsUBaMC2ALaAXAAuQBdoDDwGJAMiAZOSgRgAIAAWABQAC4AGQAOAAxACIAEwAKoAXAAxABmADaAIaARABEwCkAKUAZQA0gBsgDvAH4ARiAtAC0gGKANwAdQBF4CRAE2ALFAXaAw8BkQDJykDUABcAFAAVAAuABkADgAIAAYwBDAEQAJgAUgAqgBYAC4AGIAMwAcwBDACIgFGAUoAyoBogGkANkAcQA74B9gH4ARgAjgBQwCtgF5AMIAbQA3AB1AD0AIvASIAmwBO0CmgKbAVsAsUBbAC4AFyALtAYaAw8BiQDGAGRAMkAZOVAAgA-KAAQB4AAAA.YAAAAAAAAAAA; PHPSESSID=4h7h6kd2chl9m57lgkpkeih350
    [HTTP_HOST] => my.medical-tribune.de
    [HTTP_ORIGIN] => https://my.medical-tribune.de
    [HTTP_REFERER] => https://my.medical-tribune.de/register.php?mode=1
    [HTTP_UPGRADE_INSECURE_REQUESTS] => 1
    [HTTP_USER_AGENT] => Mozilla/5.0 (Windows NT 10.0; Win64; x64; rv:80.0) Gecko/20100101 Firefox/80.0
    [PATH] => /bin:/usr/bin
    [QUERY_STRING] => mode=1
    [REDIRECT_STATUS] => 200
    [REMOTE_ADDR] => 46.223.254.16
    [REMOTE_PORT] => 10456
    [REQUEST_METHOD] => POST
    [REQUEST_SCHEME] => https
    [REQUEST_URI] => /register.php?mode=1
    [SCRIPT_FILENAME] => /home/mtde/public_html/my/register.php
    [SCRIPT_NAME] => /register.php
    [SERVER_ADDR] => 46.232.181.187
    [SERVER_ADMIN] => webmaster@my.medical-tribune.de
    [SERVER_NAME] => my.medical-tribune.de
    [SERVER_PORT] => 443
    [SERVER_PROTOCOL] => HTTP/1.1
    [SERVER_SIGNATURE] => 
    [SERVER_SOFTWARE] => Apache
    [SSL_TLS_SNI] => my.medical-tribune.de
    [TZ] => Europe/Zurich
    [UNIQUE_ID] => X2Gw0vV9TsZuV3trxIhRVQAAAQU
    [PHP_SELF] => /register.php
    [REQUEST_TIME_FLOAT] => 1600237778.1497
    [REQUEST_TIME] => 1600237778
)

16-09-2020 : dietlind.gloeckner@gmx.de,Array
(
    [CONTENT_LENGTH] => 3395
    [CONTENT_TYPE] => multipart/form-data; boundary=----WebKitFormBoundaryKhJO7Ooy0WKLCXMn
    [CONTEXT_DOCUMENT_ROOT] => /home/mtde/public_html/my
    [CONTEXT_PREFIX] => 
    [DOCUMENT_ROOT] => /home/mtde/public_html/my
    [GATEWAY_INTERFACE] => CGI/1.1
    [HTTPS] => on
    [HTTP_ACCEPT] => text/html,application/xhtml+xml,application/xml;q=0.9,image/webp,image/apng,*/*;q=0.8
    [HTTP_ACCEPT_ENCODING] => gzip, deflate, br
    [HTTP_ACCEPT_LANGUAGE] => de-DE,de;q=0.9,en-US;q=0.8,en;q=0.7
    [HTTP_CACHE_CONTROL] => max-age=0
    [HTTP_CONNECTION] => keep-alive
    [HTTP_COOKIE] => _ga=GA1.2.765177264.1600243403; _gid=GA1.2.410695052.1600243403; consentUUID=c57a25e8-e52b-4ad8-8998-db8c80d02b69; euconsent-v2=CO50cQsO50cQsAGABBENA3CgAAAAAH_AAAYgAAAMoIIMAAUAgCEsAAQJFCIQAAQhiQAAAAFFCIBQJIAEigAWRwEcoIEACAxAQgQAgBBQAwCAAQAAJKAgBACAQCAAiAQAAgAGAIAAEAAILACQEAAAFQJCAAiACUCAggAAg5BAgKgCCAECASMACgDaAHgAWIA2QCPRIAIABwA5xAAEA3gUACAokOABAAcGABAGyAX0KACADaAHgAj0BfRUACAD4oABAHgA.YAAAAAAAAAAA; PHPSESSID=lfgmvmjb3sl6mjjnmelrbkrcc6
    [HTTP_HOST] => my.medical-tribune.de
    [HTTP_ORIGIN] => https://my.medical-tribune.de
    [HTTP_REFERER] => https://my.medical-tribune.de/register.php?mode=1
    [HTTP_UPGRADE_INSECURE_REQUESTS] => 1
    [HTTP_USER_AGENT] => Mozilla/5.0 (Linux; Android 9; SM-G950F Build/PPR1.180610.011) AppleWebKit/537.36 (KHTML, like Gecko) Chrome/69.0.3497.128 Mobile Safari/537.36 (Ecosia android@69.0.3497.128)
    [PATH] => /bin:/usr/bin
    [QUERY_STRING] => mode=1
    [REDIRECT_STATUS] => 200
    [REMOTE_ADDR] => 5.61.161.113
    [REMOTE_PORT] => 49732
    [REQUEST_METHOD] => POST
    [REQUEST_SCHEME] => https
    [REQUEST_URI] => /register.php?mode=1
    [SCRIPT_FILENAME] => /home/mtde/public_html/my/register.php
    [SCRIPT_NAME] => /register.php
    [SERVER_ADDR] => 46.232.181.187
    [SERVER_ADMIN] => webmaster@my.medical-tribune.de
    [SERVER_NAME] => my.medical-tribune.de
    [SERVER_PORT] => 443
    [SERVER_PROTOCOL] => HTTP/1.1
    [SERVER_SIGNATURE] => 
    [SERVER_SOFTWARE] => Apache
    [SSL_TLS_SNI] => my.medical-tribune.de
    [TZ] => Europe/Zurich
    [UNIQUE_ID] => X2HIaC7hZF7DaRJOlXsMrwAAABA
    [PHP_SELF] => /register.php
    [REQUEST_TIME_FLOAT] => 1600243816.409
    [REQUEST_TIME] => 1600243816
)

16-09-2020 : christian.meyer@shk-ndh.de,Array
(
    [CONTENT_LENGTH] => 3627
    [CONTENT_TYPE] => multipart/form-data; boundary=---------------------------7e43913927050c
    [CONTEXT_DOCUMENT_ROOT] => /home/mtde/public_html/my
    [CONTEXT_PREFIX] => 
    [DOCUMENT_ROOT] => /home/mtde/public_html/my
    [GATEWAY_INTERFACE] => CGI/1.1
    [HTTPS] => on
    [HTTP_ACCEPT] => text/html, application/xhtml+xml, */*
    [HTTP_ACCEPT_ENCODING] => gzip, deflate
    [HTTP_ACCEPT_LANGUAGE] => de-DE
    [HTTP_CACHE_CONTROL] => no-cache
    [HTTP_CONNECTION] => Keep-Alive
    [HTTP_COOKIE] => _ga=GA1.2.1904686375.1600243526; _gid=GA1.2.747883099.1600243526; consentUUID=7eea7479-41e3-41bc-8481-74ae0972bc32; euconsent-v2=CO50cjuO50cjuAGABCENA3CgAP_AAH_AAAYgGVtf_X9fb2_j-_5999t0eY1f9_63t-wzjgeNs-8NyZ_X_J4Xr2MyvB34pqYKmR4EunLBAQdlHGHcTQgAwIkFqTLsYk2MizNKJ7JEilMbc2dYGG1vn8XT_ZCY70-_f__7v3-_-___6oGUEEGAAKAQBCWAAIEihEIQAIQxIAIAACihEAgEkACRQALI4COUACABAYgIQIAQAgoAYBAAIAAElAQAgAAIBQARAIAAQADAEAACAAEFgBIiAAACoEhAARABKBAQUAAQcggQFQBBACBASGQFwAKAAqACGAEwALgAjgBSADLAGoAPwAjABHAClgFXAK2AbwBMQCbAFNgLRAYEAw8BkQwAKANoAeABYgDZAI9EQHAAVABWAC4AIYAUgAyABlgDUAGyAPwAjABIgClgFXANYAfIBDYCLwEiAJsATsAocBSIC5AGBAMJAYeAycSACAAcAOcQABAN4EgigAIAAXABQAFQAMgAcAA8ACAAEQAKgAeAA-gCGAIgATIAqgCsAFgALgAbwA5gB6AENAIgAiQBLACaAFKAMMAZAAywBqADZAHEAO8AewA-IB9gH6ARgAkQBSwC_AGEAMUAawA2gBuADeAHoAPkAhsBFQCLwEiAJiATKAmwBOwCkQFNgKwAWKAtgBcgC7wGBAMGAYSAw0Bh4DIgGSAMnCgAQFEhoD4AKgArABcAEMAKQAZAAywBpADUAGyAPwAjABSwCrwFoAWkA1gBvAD5AIbAReAkQBNgCdgFDgKRAXIAwIBhIDDwGMAMnDgAQAHBgAgBsgDqAL6AZGKgMAAUABUAEMAJgAXABHACkAGWANQAfgBGACOAFLAKvAWgBaQDeAJBATEAmwBTYC5AGBAMPAZEKACADaAHgAj0BfQ6CKAAuACgAKgAXAAyABwAEAAIgAYgA-gCGAIgATIAqgCsAFgALgAYgAzABvADmAHoAQwAiABLACYAE1AKMApQBkADKgGiAaQA1ABswDfAOAAcQA7wB7QD7APwAjABYoC0ALSAXMAvIBfgDCAGKANxAdMB1AD0AIbAREAi8BIICRAE2AJ2gU0BTYCrAFiwLYAtkBcAC5AF2gLvAYSAw0Bh4DEgGMAMeAZIAychArAAWABQADIAIgAYgBDACYAFUALgAZgA3gB6AEcAKQAZQA1ABvgDiAHeAPwAgYBGAChwFoAWkAvwBhADFAHUAPQAkEBIgCbIFNAU2AsUBaMC2ALaAXAAuQBdoDDwGJAMiAZOSgRgAIAAWABQAC4AGQAOAAxACIAEwAKoAXAAxABmADaAIaARABEwCkAKUAZQA0gBsgDvAH4ARiAtAC0gGKANwAdQBF4CRAE2ALFAXaAw8BkQDJykDUABcAFAAVAAuABkADgAIAAYwBDAEQAJgAUgAqgBYAC4AGIAMwAcwBDACIgFGAUoAyoBogGkANkAcQA74B9gH4ARgAjgBQwCtgF5AMIAbQA3AB1AD0AIvASIAmwBO0CmgKbAVsAsUBbAC4AFyALtAYaAw8BiQDGAGRAMkAZOVAAgA-KAAQB4AAAA.YAAAAAAAAAAA; PHPSESSID=k664ut321efk4jco54d0bec1h7
    [HTTP_HOST] => my.medical-tribune.de
    [HTTP_REFERER] => https://my.medical-tribune.de/register.php?mode=1
    [HTTP_USER_AGENT] => Mozilla/5.0 (Windows NT 6.1; Trident/7.0; rv:11.0) like Gecko
    [PATH] => /bin:/usr/bin
    [QUERY_STRING] => mode=1
    [REDIRECT_STATUS] => 200
    [REMOTE_ADDR] => 87.129.223.131
    [REMOTE_PORT] => 54028
    [REQUEST_METHOD] => POST
    [REQUEST_SCHEME] => https
    [REQUEST_URI] => /register.php?mode=1
    [SCRIPT_FILENAME] => /home/mtde/public_html/my/register.php
    [SCRIPT_NAME] => /register.php
    [SERVER_ADDR] => 46.232.181.187
    [SERVER_ADMIN] => webmaster@my.medical-tribune.de
    [SERVER_NAME] => my.medical-tribune.de
    [SERVER_PORT] => 443
    [SERVER_PROTOCOL] => HTTP/1.1
    [SERVER_SIGNATURE] => 
    [SERVER_SOFTWARE] => Apache
    [SSL_TLS_SNI] => my.medical-tribune.de
    [TZ] => Europe/Zurich
    [UNIQUE_ID] => X2HIk8mfuokDOIkXissSzwAAAMk
    [PHP_SELF] => /register.php
    [REQUEST_TIME_FLOAT] => 1600243859.5283
    [REQUEST_TIME] => 1600243859
)

16-09-2020 : k.manegold@dkfz.de,Array
(
    [CONTENT_LENGTH] => 2411
    [CONTENT_TYPE] => multipart/form-data; boundary=---------------------------18467633426500
    [CONTEXT_DOCUMENT_ROOT] => /home/mtde/public_html/my
    [CONTEXT_PREFIX] => 
    [DOCUMENT_ROOT] => /home/mtde/public_html/my
    [GATEWAY_INTERFACE] => CGI/1.1
    [HTTPS] => on
    [HTTP_ACCEPT] => text/html,application/xhtml+xml,application/xml;q=0.9,*/*;q=0.8
    [HTTP_ACCEPT_ENCODING] => gzip, deflate, br
    [HTTP_ACCEPT_LANGUAGE] => de,en-US;q=0.7,en;q=0.3
    [HTTP_CONNECTION] => keep-alive
    [HTTP_COOKIE] => consentUUID=20f0e3ee-74c0-460f-abe4-25b328b527d5; _ga=GA1.2.1825767292.1600245100; _gid=GA1.2.1324639289.1600245100; euconsent-v2=CO50ganO50ganAGABCENA3CgAP_AAH_AAAYgGVtf_X9fb2_j-_5999t0eY1f9_63t-wzjgeNs-8NyZ_X_J4Xr2MyvB34pqYKmR4EunLBAQdlHGHcTQgAwIkFqTLsYk2MizNKJ7JEilMbc2dYGG1vn8XT_ZCY70-_f__7v3-_-___6oGUEEGAAKAQBCWAAIEihEIQAIQxIAIAACihEAgEkACRQALI4COUACABAYgIQIAQAgoAYBAAIAAElAQAgAAIBQARAIAAQADAEAACAAEFgBIiAAACoEhAARABKBAQUAAQcggQFQBBACBASGQFwAKAAqACGAEwALgAjgBSADLAGoAPwAjABHAClgFXAK2AbwBMQCbAFNgLRAYEAw8BkQwAKANoAeABYgDZAI9EQHAAVABWAC4AIYAUgAyABlgDUAGyAPwAjABIgClgFXANYAfIBDYCLwEiAJsATsAocBSIC5AGBAMJAYeAycSACAAcAOcQABAN4EgigAIAAXABQAFQAMgAcAA8ACAAEQAKgAeAA-gCGAIgATIAqgCsAFgALgAbwA5gB6AENAIgAiQBLACaAFKAMMAZAAywBqADZAHEAO8AewA-IB9gH6ARgAkQBSwC_AGEAMUAawA2gBuADeAHoAPkAhsBFQCLwEiAJiATKAmwBOwCkQFNgKwAWKAtgBcgC7wGBAMGAYSAw0Bh4DIgGSAMnCgAQFEhoD4AKgArABcAEMAKQAZAAywBpADUAGyAPwAjABSwCrwFoAWkA1gBvAD5AIbAReAkQBNgCdgFDgKRAXIAwIBhIDDwGMAMnDgAQAHBgAgBsgDqAL6AZGKgMAAUABUAEMAJgAXABHACkAGWANQAfgBGACOAFLAKvAWgBaQDeAJBATEAmwBTYC5AGBAMPAZEKACADaAHgAj0BfQ6CKAAuACgAKgAXAAyABwAEAAIgAYgA-gCGAIgATIAqgCsAFgALgAYgAzABvADmAHoAQwAiABLACYAE1AKMApQBkADKgGiAaQA1ABswDfAOAAcQA7wB7QD7APwAjABYoC0ALSAXMAvIBfgDCAGKANxAdMB1AD0AIbAREAi8BIICRAE2AJ2gU0BTYCrAFiwLYAtkBcAC5AF2gLvAYSAw0Bh4DEgGMAMeAZIAychArAAWABQADIAIgAYgBDACYAFUALgAZgA3gB6AEcAKQAZQA1ABvgDiAHeAPwAgYBGAChwFoAWkAvwBhADFAHUAPQAkEBIgCbIFNAU2AsUBaMC2ALaAXAAuQBdoDDwGJAMiAZOSgRgAIAAWABQAC4AGQAOAAxACIAEwAKoAXAAxABmADaAIaARABEwCkAKUAZQA0gBsgDvAH4ARiAtAC0gGKANwAdQBF4CRAE2ALFAXaAw8BkQDJykDUABcAFAAVAAuABkADgAIAAYwBDAEQAJgAUgAqgBYAC4AGIAMwAcwBDACIgFGAUoAyoBogGkANkAcQA74B9gH4ARgAjgBQwCtgF5AMIAbQA3AB1AD0AIvASIAmwBO0CmgKbAVsAsUBbAC4AFyALtAYaAw8BiQDGAGRAMkAZOVAAgA-KAAQB4AAAA.YAAAAAAAAAAA; PHPSESSID=u8sjrsslik4gla8dojgvspkih5
    [HTTP_HOST] => my.medical-tribune.de
    [HTTP_REFERER] => https://my.medical-tribune.de/register.php?mode=1
    [HTTP_UPGRADE_INSECURE_REQUESTS] => 1
    [HTTP_USER_AGENT] => Mozilla/5.0 (Windows NT 10.0; WOW64; rv:68.0) Gecko/20100101 Firefox/68.0
    [PATH] => /bin:/usr/bin
    [QUERY_STRING] => mode=1
    [REDIRECT_STATUS] => 200
    [REMOTE_ADDR] => 193.174.53.84
    [REMOTE_PORT] => 63785
    [REQUEST_METHOD] => POST
    [REQUEST_SCHEME] => https
    [REQUEST_URI] => /register.php?mode=1
    [SCRIPT_FILENAME] => /home/mtde/public_html/my/register.php
    [SCRIPT_NAME] => /register.php
    [SERVER_ADDR] => 46.232.181.187
    [SERVER_ADMIN] => webmaster@my.medical-tribune.de
    [SERVER_NAME] => my.medical-tribune.de
    [SERVER_PORT] => 443
    [SERVER_PROTOCOL] => HTTP/1.1
    [SERVER_SIGNATURE] => 
    [SERVER_SOFTWARE] => Apache
    [SSL_TLS_SNI] => my.medical-tribune.de
    [TZ] => Europe/Zurich
    [UNIQUE_ID] => X2HOyzUypBEyjoq9p7tsHwAAAVA
    [PHP_SELF] => /register.php
    [REQUEST_TIME_FLOAT] => 1600245451.7013
    [REQUEST_TIME] => 1600245451
)

16-09-2020 : cornelia.hanschke@msd.de,Array
(
    [CONTENT_LENGTH] => 2780
    [CONTENT_TYPE] => multipart/form-data; boundary=----WebKitFormBoundaryng3Kli6ZK3bHDSiy
    [CONTEXT_DOCUMENT_ROOT] => /home/mtde/public_html/my
    [CONTEXT_PREFIX] => 
    [DOCUMENT_ROOT] => /home/mtde/public_html/my
    [GATEWAY_INTERFACE] => CGI/1.1
    [HTTPS] => on
    [HTTP_ACCEPT] => text/html,application/xhtml+xml,application/xml;q=0.9,*/*;q=0.8
    [HTTP_ACCEPT_ENCODING] => gzip, deflate, br
    [HTTP_ACCEPT_LANGUAGE] => de-de
    [HTTP_CONNECTION] => keep-alive
    [HTTP_COOKIE] => PHPSESSID=d5i1usmuij788vjb328qtom776; _ga=GA1.2.882178820.1600245108; _gid=GA1.2.520502037.1600245108
    [HTTP_HOST] => my.medical-tribune.de
    [HTTP_ORIGIN] => https://my.medical-tribune.de
    [HTTP_REFERER] => https://my.medical-tribune.de/register.php?mode=1
    [HTTP_USER_AGENT] => Mozilla/5.0 (Macintosh; Intel Mac OS X 10_15_4) AppleWebKit/605.1.15 (KHTML, like Gecko) Version/13.1.2 Safari/605.1.15
    [PATH] => /bin:/usr/bin
    [QUERY_STRING] => mode=1
    [REDIRECT_STATUS] => 200
    [REMOTE_ADDR] => 93.226.245.212
    [REMOTE_PORT] => 61954
    [REQUEST_METHOD] => POST
    [REQUEST_SCHEME] => https
    [REQUEST_URI] => /register.php?mode=1
    [SCRIPT_FILENAME] => /home/mtde/public_html/my/register.php
    [SCRIPT_NAME] => /register.php
    [SERVER_ADDR] => 46.232.181.187
    [SERVER_ADMIN] => webmaster@my.medical-tribune.de
    [SERVER_NAME] => my.medical-tribune.de
    [SERVER_PORT] => 443
    [SERVER_PROTOCOL] => HTTP/1.1
    [SERVER_SIGNATURE] => 
    [SERVER_SOFTWARE] => Apache
    [SSL_TLS_SNI] => my.medical-tribune.de
    [TZ] => Europe/Zurich
    [UNIQUE_ID] => X2HP2zUypBEyjoq9p7tszwAAAVM
    [PHP_SELF] => /register.php
    [REQUEST_TIME_FLOAT] => 1600245723.1931
    [REQUEST_TIME] => 1600245723
)

16-09-2020 : ruediger.volz@umm.de,Array
(
    [CONTENT_LENGTH] => 2801
    [CONTENT_TYPE] => multipart/form-data; boundary=----WebKitFormBoundaryNJ9bvqmaPFSE5GAj
    [CONTEXT_DOCUMENT_ROOT] => /home/mtde/public_html/my
    [CONTEXT_PREFIX] => 
    [DOCUMENT_ROOT] => /home/mtde/public_html/my
    [GATEWAY_INTERFACE] => CGI/1.1
    [HTTPS] => on
    [HTTP_ACCEPT] => text/html,application/xhtml+xml,application/xml;q=0.9,image/webp,image/apng,*/*;q=0.8,application/signed-exchange;v=b3;q=0.9
    [HTTP_ACCEPT_ENCODING] => gzip, deflate, br
    [HTTP_ACCEPT_LANGUAGE] => de-DE,de;q=0.9,en-US;q=0.8,en;q=0.7
    [HTTP_CACHE_CONTROL] => max-age=0
    [HTTP_CONNECTION] => keep-alive
    [HTTP_COOKIE] => _ga=GA1.2.1273628688.1600251829; _gid=GA1.2.1435931013.1600251829; consentUUID=cbe45ee5-e17a-43f8-9c6b-3fedfd8f0541; euconsent-v2=CO50w0rO50w0rAGABCENA3CgAP_AAH_AAAYgGVtf_X9fb2_j-_5999t0eY1f9_63t-wzjgeNs-8NyZ_X_J4Xr2MyvB34pqYKmR4EunLBAQdlHGHcTQgAwIkFqTLsYk2MizNKJ7JEilMbc2dYGG1vn8XT_ZCY70-_f__7v3-_-___6oGUEEGAAKAQBCWAAIEihEIQAIQxIAIAACihEAgEkACRQALI4COUACABAYgIQIAQAgoAYBAAIAAElAQAgAAIBQARAIAAQADAEAACAAEFgBIiAAACoEhAARABKBAQUAAQcggQFQBBACBASGQFwAKAAqACGAEwALgAjgBSADLAGoAPwAjABHAClgFXAK2AbwBMQCbAFNgLRAYEAw8BkQwAKANoAeABYgDZAI9EQHAAVABWAC4AIYAUgAyABlgDUAGyAPwAjABIgClgFXANYAfIBDYCLwEiAJsATsAocBSIC5AGBAMJAYeAycSACAAcAOcQABAN4EgigAIAAXABQAFQAMgAcAA8ACAAEQAKgAeAA-gCGAIgATIAqgCsAFgALgAbwA5gB6AENAIgAiQBLACaAFKAMMAZAAywBqADZAHEAO8AewA-IB9gH6ARgAkQBSwC_AGEAMUAawA2gBuADeAHoAPkAhsBFQCLwEiAJiATKAmwBOwCkQFNgKwAWKAtgBcgC7wGBAMGAYSAw0Bh4DIgGSAMnCgAQFEhoD4AKgArABcAEMAKQAZAAywBpADUAGyAPwAjABSwCrwFoAWkA1gBvAD5AIbAReAkQBNgCdgFDgKRAXIAwIBhIDDwGMAMnDgAQAHBgAgBsgDqAL6AZGKgMAAUABUAEMAJgAXABHACkAGWANQAfgBGACOAFLAKvAWgBaQDeAJBATEAmwBTYC5AGBAMPAZEKACADaAHgAj0BfQ6CKAAuACgAKgAXAAyABwAEAAIgAYgA-gCGAIgATIAqgCsAFgALgAYgAzABvADmAHoAQwAiABLACYAE1AKMApQBkADKgGiAaQA1ABswDfAOAAcQA7wB7QD7APwAjABYoC0ALSAXMAvIBfgDCAGKANxAdMB1AD0AIbAREAi8BIICRAE2AJ2gU0BTYCrAFiwLYAtkBcAC5AF2gLvAYSAw0Bh4DEgGMAMeAZIAychArAAWABQADIAIgAYgBDACYAFUALgAZgA3gB6AEcAKQAZQA1ABvgDiAHeAPwAgYBGAChwFoAWkAvwBhADFAHUAPQAkEBIgCbIFNAU2AsUBaMC2ALaAXAAuQBdoDDwGJAMiAZOSgRgAIAAWABQAC4AGQAOAAxACIAEwAKoAXAAxABmADaAIaARABEwCkAKUAZQA0gBsgDvAH4ARiAtAC0gGKANwAdQBF4CRAE2ALFAXaAw8BkQDJykDUABcAFAAVAAuABkADgAIAAYwBDAEQAJgAUgAqgBYAC4AGIAMwAcwBDACIgFGAUoAyoBogGkANkAcQA74B9gH4ARgAjgBQwCtgF5AMIAbQA3AB1AD0AIvASIAmwBO0CmgKbAVsAsUBbAC4AFyALtAYaAw8BiQDGAGRAMkAZOVAAgA-KAAQB4AAAA.YAAAAAAAAAAA; PHPSESSID=kvmp14udnuodv67dpbps5fhse5
    [HTTP_HOST] => my.medical-tribune.de
    [HTTP_ORIGIN] => https://my.medical-tribune.de
    [HTTP_REFERER] => https://my.medical-tribune.de/register.php?mode=1
    [HTTP_SEC_FETCH_DEST] => iframe
    [HTTP_SEC_FETCH_MODE] => navigate
    [HTTP_SEC_FETCH_SITE] => same-origin
    [HTTP_SEC_FETCH_USER] => ?1
    [HTTP_UPGRADE_INSECURE_REQUESTS] => 1
    [HTTP_USER_AGENT] => Mozilla/5.0 (Windows NT 10.0; Win64; x64) AppleWebKit/537.36 (KHTML, like Gecko) Chrome/84.0.4147.89 Safari/537.36
    [PATH] => /bin:/usr/bin
    [QUERY_STRING] => mode=1
    [REDIRECT_STATUS] => 200
    [REMOTE_ADDR] => 193.197.95.139
    [REMOTE_PORT] => 37721
    [REQUEST_METHOD] => POST
    [REQUEST_SCHEME] => https
    [REQUEST_URI] => /register.php?mode=1
    [SCRIPT_FILENAME] => /home/mtde/public_html/my/register.php
    [SCRIPT_NAME] => /register.php
    [SERVER_ADDR] => 46.232.181.187
    [SERVER_ADMIN] => webmaster@my.medical-tribune.de
    [SERVER_NAME] => my.medical-tribune.de
    [SERVER_PORT] => 443
    [SERVER_PROTOCOL] => HTTP/1.1
    [SERVER_SIGNATURE] => 
    [SERVER_SOFTWARE] => Apache
    [SSL_TLS_SNI] => my.medical-tribune.de
    [TZ] => Europe/Zurich
    [UNIQUE_ID] => X2HpsLpzTg@hIrk7KenmSgAAAIs
    [PHP_SELF] => /register.php
    [REQUEST_TIME_FLOAT] => 1600252336.9151
    [REQUEST_TIME] => 1600252336
)

16-09-2020 : bauder@prof-bauder.de,Array
(
    [CONTENT_LENGTH] => 3134
    [CONTENT_TYPE] => multipart/form-data; boundary=---------------------------39920213323226381634880635549
    [CONTEXT_DOCUMENT_ROOT] => /home/mtde/public_html/my
    [CONTEXT_PREFIX] => 
    [DOCUMENT_ROOT] => /home/mtde/public_html/my
    [GATEWAY_INTERFACE] => CGI/1.1
    [HTTPS] => on
    [HTTP_ACCEPT] => text/html,application/xhtml+xml,application/xml;q=0.9,image/webp,*/*;q=0.8
    [HTTP_ACCEPT_ENCODING] => gzip, deflate, br
    [HTTP_ACCEPT_LANGUAGE] => de,en-US;q=0.7,en;q=0.3
    [HTTP_CONNECTION] => keep-alive
    [HTTP_COOKIE] => PHPSESSID=v4o15hkasqhint8nvu3mnnor00
    [HTTP_DNT] => 1
    [HTTP_HOST] => my.medical-tribune.de
    [HTTP_ORIGIN] => https://my.medical-tribune.de
    [HTTP_REFERER] => https://my.medical-tribune.de/register.php?mode=1
    [HTTP_UPGRADE_INSECURE_REQUESTS] => 1
    [HTTP_USER_AGENT] => Mozilla/5.0 (Windows NT 10.0; Win64; x64; rv:80.0) Gecko/20100101 Firefox/80.0
    [PATH] => /bin:/usr/bin
    [QUERY_STRING] => mode=1
    [REDIRECT_STATUS] => 200
    [REMOTE_ADDR] => 87.167.226.87
    [REMOTE_PORT] => 43938
    [REQUEST_METHOD] => POST
    [REQUEST_SCHEME] => https
    [REQUEST_URI] => /register.php?mode=1
    [SCRIPT_FILENAME] => /home/mtde/public_html/my/register.php
    [SCRIPT_NAME] => /register.php
    [SERVER_ADDR] => 46.232.181.187
    [SERVER_ADMIN] => webmaster@my.medical-tribune.de
    [SERVER_NAME] => my.medical-tribune.de
    [SERVER_PORT] => 443
    [SERVER_PROTOCOL] => HTTP/1.1
    [SERVER_SIGNATURE] => 
    [SERVER_SOFTWARE] => Apache
    [SSL_TLS_SNI] => my.medical-tribune.de
    [TZ] => Europe/Zurich
    [UNIQUE_ID] => X2H0A8mfuokDOIkXiss6qgAAAMs
    [PHP_SELF] => /register.php
    [REQUEST_TIME_FLOAT] => 1600254979.0563
    [REQUEST_TIME] => 1600254979
)

16-09-2020 : f.vollmers@kvhb.de,Array
(
    [CONTENT_LENGTH] => 2835
    [CONTENT_TYPE] => multipart/form-data; boundary=---------------------------7e4dc359f0454
    [CONTEXT_DOCUMENT_ROOT] => /home/mtde/public_html/my
    [CONTEXT_PREFIX] => 
    [DOCUMENT_ROOT] => /home/mtde/public_html/my
    [GATEWAY_INTERFACE] => CGI/1.1
    [HTTPS] => on
    [HTTP_ACCEPT] => text/html, application/xhtml+xml, */*
    [HTTP_ACCEPT_ENCODING] => gzip, deflate
    [HTTP_ACCEPT_LANGUAGE] => de-DE
    [HTTP_CACHE_CONTROL] => no-cache
    [HTTP_CONNECTION] => Keep-Alive
    [HTTP_COOKIE] => _ga=GA1.2.1379671282.1600257701; _gid=GA1.2.956466070.1600257701; consentUUID=43b3a79c-9a0d-4658-8f87-21b5b26779b6; euconsent-v2=CO50_KMO50_KMAGABCENA3CgAP_AAH_AAAYgGVtf_X9fb2_j-_5999t0eY1f9_63t-wzjgeNs-8NyZ_X_J4Xr2MyvB34pqYKmR4EunLBAQdlHGHcTQgAwIkFqTLsYk2MizNKJ7JEilMbc2dYGG1vn8XT_ZCY70-_f__7v3-_-___6oGUEEGAAKAQBCWAAIEihEIQAIQxIAIAACihEAgEkACRQALI4COUACABAYgIQIAQAgoAYBAAIAAElAQAgAAIBQARAIAAQADAEAACAAEFgBIiAAACoEhAARABKBAQUAAQcggQFQBBACBASGQFwAKAAqACGAEwALgAjgBSADLAGoAPwAjABHAClgFXAK2AbwBMQCbAFNgLRAYEAw8BkQwAKANoAeABYgDZAI9EQHAAVABWAC4AIYAUgAyABlgDUAGyAPwAjABIgClgFXANYAfIBDYCLwEiAJsATsAocBSIC5AGBAMJAYeAycSACAAcAOcQABAN4EgigAIAAXABQAFQAMgAcAA8ACAAEQAKgAeAA-gCGAIgATIAqgCsAFgALgAbwA5gB6AENAIgAiQBLACaAFKAMMAZAAywBqADZAHEAO8AewA-IB9gH6ARgAkQBSwC_AGEAMUAawA2gBuADeAHoAPkAhsBFQCLwEiAJiATKAmwBOwCkQFNgKwAWKAtgBcgC7wGBAMGAYSAw0Bh4DIgGSAMnCgAQFEhoD4AKgArABcAEMAKQAZAAywBpADUAGyAPwAjABSwCrwFoAWkA1gBvAD5AIbAReAkQBNgCdgFDgKRAXIAwIBhIDDwGMAMnDgAQAHBgAgBsgDqAL6AZGKgMAAUABUAEMAJgAXABHACkAGWANQAfgBGACOAFLAKvAWgBaQDeAJBATEAmwBTYC5AGBAMPAZEKACADaAHgAj0BfQ6CKAAuACgAKgAXAAyABwAEAAIgAYgA-gCGAIgATIAqgCsAFgALgAYgAzABvADmAHoAQwAiABLACYAE1AKMApQBkADKgGiAaQA1ABswDfAOAAcQA7wB7QD7APwAjABYoC0ALSAXMAvIBfgDCAGKANxAdMB1AD0AIbAREAi8BIICRAE2AJ2gU0BTYCrAFiwLYAtkBcAC5AF2gLvAYSAw0Bh4DEgGMAMeAZIAychArAAWABQADIAIgAYgBDACYAFUALgAZgA3gB6AEcAKQAZQA1ABvgDiAHeAPwAgYBGAChwFoAWkAvwBhADFAHUAPQAkEBIgCbIFNAU2AsUBaMC2ALaAXAAuQBdoDDwGJAMiAZOSgRgAIAAWABQAC4AGQAOAAxACIAEwAKoAXAAxABmADaAIaARABEwCkAKUAZQA0gBsgDvAH4ARiAtAC0gGKANwAdQBF4CRAE2ALFAXaAw8BkQDJykDUABcAFAAVAAuABkADgAIAAYwBDAEQAJgAUgAqgBYAC4AGIAMwAcwBDACIgFGAUoAyoBogGkANkAcQA74B9gH4ARgAjgBQwCtgF5AMIAbQA3AB1AD0AIvASIAmwBO0CmgKbAVsAsUBbAC4AFyALtAYaAw8BiQDGAGRAMkAZOVAAgA-KAAQB4AAAA.YAAAAAAAAAAA; PHPSESSID=rd7cb6nn0f3n5staj2h1rba394
    [HTTP_HOST] => my.medical-tribune.de
    [HTTP_REFERER] => https://my.medical-tribune.de/register.php?mode=1
    [HTTP_USER_AGENT] => Mozilla/5.0 (Windows NT 6.1; WOW64; Trident/7.0; rv:11.0) like Gecko
    [PATH] => /bin:/usr/bin
    [QUERY_STRING] => mode=1
    [REDIRECT_STATUS] => 200
    [REMOTE_ADDR] => 213.168.221.194
    [REMOTE_PORT] => 33313
    [REQUEST_METHOD] => POST
    [REQUEST_SCHEME] => https
    [REQUEST_URI] => /register.php?mode=1
    [SCRIPT_FILENAME] => /home/mtde/public_html/my/register.php
    [SCRIPT_NAME] => /register.php
    [SERVER_ADDR] => 46.232.181.187
    [SERVER_ADMIN] => webmaster@my.medical-tribune.de
    [SERVER_NAME] => my.medical-tribune.de
    [SERVER_PORT] => 443
    [SERVER_PROTOCOL] => HTTP/1.1
    [SERVER_SIGNATURE] => 
    [SERVER_SOFTWARE] => Apache
    [SSL_TLS_SNI] => my.medical-tribune.de
    [TZ] => Europe/Zurich
    [UNIQUE_ID] => X2H-ZfV9TsZuV3trxIiULQAAAQM
    [PHP_SELF] => /register.php
    [REQUEST_TIME_FLOAT] => 1600257893.311
    [REQUEST_TIME] => 1600257893
)

16-09-2020 : h_krae03@uni-muenster.de,Array
(
    [CONTENT_LENGTH] => 2393
    [CONTENT_TYPE] => multipart/form-data; boundary=---------------------------29709141726567
    [CONTEXT_DOCUMENT_ROOT] => /home/mtde/public_html/my
    [CONTEXT_PREFIX] => 
    [DOCUMENT_ROOT] => /home/mtde/public_html/my
    [GATEWAY_INTERFACE] => CGI/1.1
    [HTTPS] => on
    [HTTP_ACCEPT] => text/html,application/xhtml+xml,application/xml;q=0.9,*/*;q=0.8
    [HTTP_ACCEPT_ENCODING] => gzip, deflate, br
    [HTTP_ACCEPT_LANGUAGE] => de,en-US;q=0.7,en;q=0.3
    [HTTP_CONNECTION] => keep-alive
    [HTTP_COOKIE] => consentUUID=22c0c961-8486-4cc8-b78c-039d1885382c; _ga=GA1.2.1517047204.1600258852; _gid=GA1.2.1588186146.1600258852; euconsent-v2=CO51B93O51B93AGABCENA3CgAP_AAH_AAAYgGVtf_X9fb2_j-_5999t0eY1f9_63t-wzjgeNs-8NyZ_X_J4Xr2MyvB34pqYKmR4EunLBAQdlHGHcTQgAwIkFqTLsYk2MizNKJ7JEilMbc2dYGG1vn8XT_ZCY70-_f__7v3-_-___6oGUEEGAAKAQBCWAAIEihEIQAIQxIAIAACihEAgEkACRQALI4COUACABAYgIQIAQAgoAYBAAIAAElAQAgAAIBQARAIAAQADAEAACAAEFgBIiAAACoEhAARABKBAQUAAQcggQFQBBACBASGQFwAKAAqACGAEwALgAjgBSADLAGoAPwAjABHAClgFXAK2AbwBMQCbAFNgLRAYEAw8BkQwAKANoAeABYgDZAI9EQHAAVABWAC4AIYAUgAyABlgDUAGyAPwAjABIgClgFXANYAfIBDYCLwEiAJsATsAocBSIC5AGBAMJAYeAycSACAAcAOcQABAN4EgigAIAAXABQAFQAMgAcAA8ACAAEQAKgAeAA-gCGAIgATIAqgCsAFgALgAbwA5gB6AENAIgAiQBLACaAFKAMMAZAAywBqADZAHEAO8AewA-IB9gH6ARgAkQBSwC_AGEAMUAawA2gBuADeAHoAPkAhsBFQCLwEiAJiATKAmwBOwCkQFNgKwAWKAtgBcgC7wGBAMGAYSAw0Bh4DIgGSAMnCgAQFEhoD4AKgArABcAEMAKQAZAAywBpADUAGyAPwAjABSwCrwFoAWkA1gBvAD5AIbAReAkQBNgCdgFDgKRAXIAwIBhIDDwGMAMnDgAQAHBgAgBsgDqAL6AZGKgMAAUABUAEMAJgAXABHACkAGWANQAfgBGACOAFLAKvAWgBaQDeAJBATEAmwBTYC5AGBAMPAZEKACADaAHgAj0BfQ6CKAAuACgAKgAXAAyABwAEAAIgAYgA-gCGAIgATIAqgCsAFgALgAYgAzABvADmAHoAQwAiABLACYAE1AKMApQBkADKgGiAaQA1ABswDfAOAAcQA7wB7QD7APwAjABYoC0ALSAXMAvIBfgDCAGKANxAdMB1AD0AIbAREAi8BIICRAE2AJ2gU0BTYCrAFiwLYAtkBcAC5AF2gLvAYSAw0Bh4DEgGMAMeAZIAychArAAWABQADIAIgAYgBDACYAFUALgAZgA3gB6AEcAKQAZQA1ABvgDiAHeAPwAgYBGAChwFoAWkAvwBhADFAHUAPQAkEBIgCbIFNAU2AsUBaMC2ALaAXAAuQBdoDDwGJAMiAZOSgRgAIAAWABQAC4AGQAOAAxACIAEwAKoAXAAxABmADaAIaARABEwCkAKUAZQA0gBsgDvAH4ARiAtAC0gGKANwAdQBF4CRAE2ALFAXaAw8BkQDJykDUABcAFAAVAAuABkADgAIAAYwBDAEQAJgAUgAqgBYAC4AGIAMwAcwBDACIgFGAUoAyoBogGkANkAcQA74B9gH4ARgAjgBQwCtgF5AMIAbQA3AB1AD0AIvASIAmwBO0CmgKbAVsAsUBbAC4AFyALtAYaAw8BiQDGAGRAMkAZOVAAgA-KAAQB4AAAA.YAAAAAAAAAAA; PHPSESSID=tt1rog53ogcqg41p5oc2g9qqc2
    [HTTP_HOST] => my.medical-tribune.de
    [HTTP_REFERER] => https://my.medical-tribune.de/register.php?mode=1
    [HTTP_UPGRADE_INSECURE_REQUESTS] => 1
    [HTTP_USER_AGENT] => Mozilla/5.0 (Windows NT 10.0; Win64; x64; rv:68.0) Gecko/20100101 Firefox/68.0
    [PATH] => /bin:/usr/bin
    [QUERY_STRING] => mode=1
    [REDIRECT_STATUS] => 200
    [REMOTE_ADDR] => 88.208.190.126
    [REMOTE_PORT] => 61868
    [REQUEST_METHOD] => POST
    [REQUEST_SCHEME] => https
    [REQUEST_URI] => /register.php?mode=1
    [SCRIPT_FILENAME] => /home/mtde/public_html/my/register.php
    [SCRIPT_NAME] => /register.php
    [SERVER_ADDR] => 46.232.181.187
    [SERVER_ADMIN] => webmaster@my.medical-tribune.de
    [SERVER_NAME] => my.medical-tribune.de
    [SERVER_PORT] => 443
    [SERVER_PROTOCOL] => HTTP/1.1
    [SERVER_SIGNATURE] => 
    [SERVER_SOFTWARE] => Apache
    [SSL_TLS_SNI] => my.medical-tribune.de
    [TZ] => Europe/Zurich
    [UNIQUE_ID] => X2IEnPV9TsZuV3trxIiY9wAAAQQ
    [PHP_SELF] => /register.php
    [REQUEST_TIME_FLOAT] => 1600259228.4392
    [REQUEST_TIME] => 1600259228
)

16-09-2020 : DrWefers@aol.com,Array
(
    [CONTENT_LENGTH] => 4014
    [CONTENT_TYPE] => multipart/form-data; boundary=---------------------------24743665153836745528583516628
    [CONTEXT_DOCUMENT_ROOT] => /home/mtde/public_html/my
    [CONTEXT_PREFIX] => 
    [DOCUMENT_ROOT] => /home/mtde/public_html/my
    [GATEWAY_INTERFACE] => CGI/1.1
    [HTTPS] => on
    [HTTP_ACCEPT] => text/html,application/xhtml+xml,application/xml;q=0.9,image/webp,*/*;q=0.8
    [HTTP_ACCEPT_ENCODING] => gzip, deflate, br
    [HTTP_ACCEPT_LANGUAGE] => de,en-US;q=0.7,en;q=0.3
    [HTTP_CONNECTION] => keep-alive
    [HTTP_COOKIE] => _ga=GA1.2.400701248.1600258995; _gid=GA1.2.782631545.1600258995; consentUUID=fe042713-71da-4c04-9380-decd1b4e7bb4; euconsent-v2=CO51CUCO51CUCAGABCENA3CgAP_AAH_AAAYgGVtf_X9fb2_j-_5999t0eY1f9_63t-wzjgeNs-8NyZ_X_J4Xr2MyvB34pqYKmR4EunLBAQdlHGHcTQgAwIkFqTLsYk2MizNKJ7JEilMbc2dYGG1vn8XT_ZCY70-_f__7v3-_-___6oGUEEGAAKAQBCWAAIEihEIQAIQxIAIAACihEAgEkACRQALI4COUACABAYgIQIAQAgoAYBAAIAAElAQAgAAIBQARAIAAQADAEAACAAEFgBIiAAACoEhAARABKBAQUAAQcggQFQBBACBASGQFwAKAAqACGAEwALgAjgBSADLAGoAPwAjABHAClgFXAK2AbwBMQCbAFNgLRAYEAw8BkQwAKANoAeABYgDZAI9EQHAAVABWAC4AIYAUgAyABlgDUAGyAPwAjABIgClgFXANYAfIBDYCLwEiAJsATsAocBSIC5AGBAMJAYeAycSACAAcAOcQABAN4EgigAIAAXABQAFQAMgAcAA8ACAAEQAKgAeAA-gCGAIgATIAqgCsAFgALgAbwA5gB6AENAIgAiQBLACaAFKAMMAZAAywBqADZAHEAO8AewA-IB9gH6ARgAkQBSwC_AGEAMUAawA2gBuADeAHoAPkAhsBFQCLwEiAJiATKAmwBOwCkQFNgKwAWKAtgBcgC7wGBAMGAYSAw0Bh4DIgGSAMnCgAQFEhoD4AKgArABcAEMAKQAZAAywBpADUAGyAPwAjABSwCrwFoAWkA1gBvAD5AIbAReAkQBNgCdgFDgKRAXIAwIBhIDDwGMAMnDgAQAHBgAgBsgDqAL6AZGKgMAAUABUAEMAJgAXABHACkAGWANQAfgBGACOAFLAKvAWgBaQDeAJBATEAmwBTYC5AGBAMPAZEKACADaAHgAj0BfQ6CKAAuACgAKgAXAAyABwAEAAIgAYgA-gCGAIgATIAqgCsAFgALgAYgAzABvADmAHoAQwAiABLACYAE1AKMApQBkADKgGiAaQA1ABswDfAOAAcQA7wB7QD7APwAjABYoC0ALSAXMAvIBfgDCAGKANxAdMB1AD0AIbAREAi8BIICRAE2AJ2gU0BTYCrAFiwLYAtkBcAC5AF2gLvAYSAw0Bh4DEgGMAMeAZIAychArAAWABQADIAIgAYgBDACYAFUALgAZgA3gB6AEcAKQAZQA1ABvgDiAHeAPwAgYBGAChwFoAWkAvwBhADFAHUAPQAkEBIgCbIFNAU2AsUBaMC2ALaAXAAuQBdoDDwGJAMiAZOSgRgAIAAWABQAC4AGQAOAAxACIAEwAKoAXAAxABmADaAIaARABEwCkAKUAZQA0gBsgDvAH4ARiAtAC0gGKANwAdQBF4CRAE2ALFAXaAw8BkQDJykDUABcAFAAVAAuABkADgAIAAYwBDAEQAJgAUgAqgBYAC4AGIAMwAcwBDACIgFGAUoAyoBogGkANkAcQA74B9gH4ARgAjgBQwCtgF5AMIAbQA3AB1AD0AIvASIAmwBO0CmgKbAVsAsUBbAC4AFyALtAYaAw8BiQDGAGRAMkAZOVAAgA-KAAQB4AAAA.YAAAAAAAAAAA; PHPSESSID=g5ok9q92mla3r0k3mki7bguhf3
    [HTTP_HOST] => my.medical-tribune.de
    [HTTP_ORIGIN] => https://my.medical-tribune.de
    [HTTP_REFERER] => https://my.medical-tribune.de/register.php?mode=1
    [HTTP_UPGRADE_INSECURE_REQUESTS] => 1
    [HTTP_USER_AGENT] => Mozilla/5.0 (Windows NT 10.0; Win64; x64; rv:80.0) Gecko/20100101 Firefox/80.0
    [PATH] => /bin:/usr/bin
    [QUERY_STRING] => mode=1
    [REDIRECT_STATUS] => 200
    [REMOTE_ADDR] => 80.129.159.92
    [REMOTE_PORT] => 51590
    [REQUEST_METHOD] => POST
    [REQUEST_SCHEME] => https
    [REQUEST_URI] => /register.php?mode=1
    [SCRIPT_FILENAME] => /home/mtde/public_html/my/register.php
    [SCRIPT_NAME] => /register.php
    [SERVER_ADDR] => 46.232.181.187
    [SERVER_ADMIN] => webmaster@my.medical-tribune.de
    [SERVER_NAME] => my.medical-tribune.de
    [SERVER_PORT] => 443
    [SERVER_PROTOCOL] => HTTP/1.1
    [SERVER_SIGNATURE] => 
    [SERVER_SOFTWARE] => Apache
    [SSL_TLS_SNI] => my.medical-tribune.de
    [TZ] => Europe/Zurich
    [UNIQUE_ID] => X2IFz9vGxIJpHSRAwqt2ngAAAMI
    [PHP_SELF] => /register.php
    [REQUEST_TIME_FLOAT] => 1600259535.4216
    [REQUEST_TIME] => 1600259535
)

16-09-2020 : frauke.chevalier@gmail.com,Array
(
    [CONTENT_LENGTH] => 3033
    [CONTENT_TYPE] => multipart/form-data; boundary=----WebKitFormBoundaryLeqNFKlp3e2HnQyj
    [CONTEXT_DOCUMENT_ROOT] => /home/mtde/public_html/my
    [CONTEXT_PREFIX] => 
    [DOCUMENT_ROOT] => /home/mtde/public_html/my
    [GATEWAY_INTERFACE] => CGI/1.1
    [HTTPS] => on
    [HTTP_ACCEPT] => text/html,application/xhtml+xml,application/xml;q=0.9,image/avif,image/webp,image/apng,*/*;q=0.8,application/signed-exchange;v=b3;q=0.9
    [HTTP_ACCEPT_ENCODING] => gzip, deflate, br
    [HTTP_ACCEPT_LANGUAGE] => de-DE,de;q=0.9,en-US;q=0.8,en;q=0.7
    [HTTP_CACHE_CONTROL] => max-age=0
    [HTTP_CONNECTION] => keep-alive
    [HTTP_COOKIE] => _ga=GA1.2.1270098201.1600263681; _gid=GA1.2.503743809.1600263681; consentUUID=d983c113-114f-4ade-a22d-0b8b12d08fdf; euconsent-v2=CO51OR6O51OR6AGABCENA3CgAP_AAH_AAAYgGVtf_X9fb2_j-_5999t0eY1f9_63t-wzjgeNs-8NyZ_X_J4Xr2MyvB34pqYKmR4EunLBAQdlHGHcTQgAwIkFqTLsYk2MizNKJ7JEilMbc2dYGG1vn8XT_ZCY70-_f__7v3-_-___6oGUEEGAAKAQBCWAAIEihEIQAIQxIAIAACihEAgEkACRQALI4COUACABAYgIQIAQAgoAYBAAIAAElAQAgAAIBQARAIAAQADAEAACAAEFgBIiAAACoEhAARABKBAQUAAQcggQFQBBACBASGQFwAKAAqACGAEwALgAjgBSADLAGoAPwAjABHAClgFXAK2AbwBMQCbAFNgLRAYEAw8BkQwAKANoAeABYgDZAI9EQHAAVABWAC4AIYAUgAyABlgDUAGyAPwAjABIgClgFXANYAfIBDYCLwEiAJsATsAocBSIC5AGBAMJAYeAycSACAAcAOcQABAN4EgigAIAAXABQAFQAMgAcAA8ACAAEQAKgAeAA-gCGAIgATIAqgCsAFgALgAbwA5gB6AENAIgAiQBLACaAFKAMMAZAAywBqADZAHEAO8AewA-IB9gH6ARgAkQBSwC_AGEAMUAawA2gBuADeAHoAPkAhsBFQCLwEiAJiATKAmwBOwCkQFNgKwAWKAtgBcgC7wGBAMGAYSAw0Bh4DIgGSAMnCgAQFEhoD4AKgArABcAEMAKQAZAAywBpADUAGyAPwAjABSwCrwFoAWkA1gBvAD5AIbAReAkQBNgCdgFDgKRAXIAwIBhIDDwGMAMnDgAQAHBgAgBsgDqAL6AZGKgMAAUABUAEMAJgAXABHACkAGWANQAfgBGACOAFLAKvAWgBaQDeAJBATEAmwBTYC5AGBAMPAZEKACADaAHgAj0BfQ6CKAAuACgAKgAXAAyABwAEAAIgAYgA-gCGAIgATIAqgCsAFgALgAYgAzABvADmAHoAQwAiABLACYAE1AKMApQBkADKgGiAaQA1ABswDfAOAAcQA7wB7QD7APwAjABYoC0ALSAXMAvIBfgDCAGKANxAdMB1AD0AIbAREAi8BIICRAE2AJ2gU0BTYCrAFiwLYAtkBcAC5AF2gLvAYSAw0Bh4DEgGMAMeAZIAychArAAWABQADIAIgAYgBDACYAFUALgAZgA3gB6AEcAKQAZQA1ABvgDiAHeAPwAgYBGAChwFoAWkAvwBhADFAHUAPQAkEBIgCbIFNAU2AsUBaMC2ALaAXAAuQBdoDDwGJAMiAZOSgRgAIAAWABQAC4AGQAOAAxACIAEwAKoAXAAxABmADaAIaARABEwCkAKUAZQA0gBsgDvAH4ARiAtAC0gGKANwAdQBF4CRAE2ALFAXaAw8BkQDJykDUABcAFAAVAAuABkADgAIAAYwBDAEQAJgAUgAqgBYAC4AGIAMwAcwBDACIgFGAUoAyoBogGkANkAcQA74B9gH4ARgAjgBQwCtgF5AMIAbQA3AB1AD0AIvASIAmwBO0CmgKbAVsAsUBbAC4AFyALtAYaAw8BiQDGAGRAMkAZOVAAgA-KAAQB4AAAA.YAAAAAAAAAAA; PHPSESSID=shb22a4ujoqj2brodog89resp6
    [HTTP_HOST] => my.medical-tribune.de
    [HTTP_ORIGIN] => https://my.medical-tribune.de
    [HTTP_REFERER] => https://my.medical-tribune.de/register.php?mode=1
    [HTTP_SEC_FETCH_DEST] => iframe
    [HTTP_SEC_FETCH_MODE] => navigate
    [HTTP_SEC_FETCH_SITE] => same-origin
    [HTTP_SEC_FETCH_USER] => ?1
    [HTTP_UPGRADE_INSECURE_REQUESTS] => 1
    [HTTP_USER_AGENT] => Mozilla/5.0 (Windows NT 10.0; Win64; x64) AppleWebKit/537.36 (KHTML, like Gecko) Chrome/85.0.4183.102 Safari/537.36
    [PATH] => /bin:/usr/bin
    [QUERY_STRING] => mode=1
    [REDIRECT_STATUS] => 200
    [REMOTE_ADDR] => 94.134.179.70
    [REMOTE_PORT] => 30291
    [REQUEST_METHOD] => POST
    [REQUEST_SCHEME] => https
    [REQUEST_URI] => /register.php?mode=1
    [SCRIPT_FILENAME] => /home/mtde/public_html/my/register.php
    [SCRIPT_NAME] => /register.php
    [SERVER_ADDR] => 46.232.181.187
    [SERVER_ADMIN] => webmaster@my.medical-tribune.de
    [SERVER_NAME] => my.medical-tribune.de
    [SERVER_PORT] => 443
    [SERVER_PROTOCOL] => HTTP/1.1
    [SERVER_SIGNATURE] => 
    [SERVER_SOFTWARE] => Apache
    [SSL_TLS_SNI] => my.medical-tribune.de
    [TZ] => Europe/Zurich
    [UNIQUE_ID] => X2If6qyjzp6q88hFypGuSgAAAU8
    [PHP_SELF] => /register.php
    [REQUEST_TIME_FLOAT] => 1600266218.4862
    [REQUEST_TIME] => 1600266218
)

16-09-2020 : uweroediger@hotmail.de,Array
(
    [CONTENT_LENGTH] => 3282
    [CONTENT_TYPE] => multipart/form-data; boundary=---------------------------314264673232504673028408698
    [CONTEXT_DOCUMENT_ROOT] => /home/mtde/public_html/my
    [CONTEXT_PREFIX] => 
    [DOCUMENT_ROOT] => /home/mtde/public_html/my
    [GATEWAY_INTERFACE] => CGI/1.1
    [HTTPS] => on
    [HTTP_ACCEPT] => text/html,application/xhtml+xml,application/xml;q=0.9,image/webp,*/*;q=0.8
    [HTTP_ACCEPT_ENCODING] => gzip, deflate, br
    [HTTP_ACCEPT_LANGUAGE] => de,en-US;q=0.7,en;q=0.3
    [HTTP_CONNECTION] => keep-alive
    [HTTP_COOKIE] => consentUUID=888304f9-674a-42d4-b54b-77873866b9be; _ga=GA1.2.917906615.1600278259; _gid=GA1.2.741049057.1600278259; euconsent-v2=CO51xV9O51xV9AGABCENA3CgAP_AAH_AAAYgGVtf_X9fb2_j-_5999t0eY1f9_63t-wzjgeNs-8NyZ_X_J4Xr2MyvB34pqYKmR4EunLBAQdlHGHcTQgAwIkFqTLsYk2MizNKJ7JEilMbc2dYGG1vn8XT_ZCY70-_f__7v3-_-___6oGUEEGAAKAQBCWAAIEihEIQAIQxIAIAACihEAgEkACRQALI4COUACABAYgIQIAQAgoAYBAAIAAElAQAgAAIBQARAIAAQADAEAACAAEFgBIiAAACoEhAARABKBAQUAAQcggQFQBBACBASGQFwAKAAqACGAEwALgAjgBSADLAGoAPwAjABHAClgFXAK2AbwBMQCbAFNgLRAYEAw8BkQwAKANoAeABYgDZAI9EQHAAVABWAC4AIYAUgAyABlgDUAGyAPwAjABIgClgFXANYAfIBDYCLwEiAJsATsAocBSIC5AGBAMJAYeAycSACAAcAOcQABAN4EgigAIAAXABQAFQAMgAcAA8ACAAEQAKgAeAA-gCGAIgATIAqgCsAFgALgAbwA5gB6AENAIgAiQBLACaAFKAMMAZAAywBqADZAHEAO8AewA-IB9gH6ARgAkQBSwC_AGEAMUAawA2gBuADeAHoAPkAhsBFQCLwEiAJiATKAmwBOwCkQFNgKwAWKAtgBcgC7wGBAMGAYSAw0Bh4DIgGSAMnCgAQFEhoD4AKgArABcAEMAKQAZAAywBpADUAGyAPwAjABSwCrwFoAWkA1gBvAD5AIbAReAkQBNgCdgFDgKRAXIAwIBhIDDwGMAMnDgAQAHBgAgBsgDqAL6AZGKgMAAUABUAEMAJgAXABHACkAGWANQAfgBGACOAFLAKvAWgBaQDeAJBATEAmwBTYC5AGBAMPAZEKACADaAHgAj0BfQ6CKAAuACgAKgAXAAyABwAEAAIgAYgA-gCGAIgATIAqgCsAFgALgAYgAzABvADmAHoAQwAiABLACYAE1AKMApQBkADKgGiAaQA1ABswDfAOAAcQA7wB7QD7APwAjABYoC0ALSAXMAvIBfgDCAGKANxAdMB1AD0AIbAREAi8BIICRAE2AJ2gU0BTYCrAFiwLYAtkBcAC5AF2gLvAYSAw0Bh4DEgGMAMeAZIAychArAAWABQADIAIgAYgBDACYAFUALgAZgA3gB6AEcAKQAZQA1ABvgDiAHeAPwAgYBGAChwFoAWkAvwBhADFAHUAPQAkEBIgCbIFNAU2AsUBaMC2ALaAXAAuQBdoDDwGJAMiAZOSgRgAIAAWABQAC4AGQAOAAxACIAEwAKoAXAAxABmADaAIaARABEwCkAKUAZQA0gBsgDvAH4ARiAtAC0gGKANwAdQBF4CRAE2ALFAXaAw8BkQDJykDUABcAFAAVAAuABkADgAIAAYwBDAEQAJgAUgAqgBYAC4AGIAMwAcwBDACIgFGAUoAyoBogGkANkAcQA74B9gH4ARgAjgBQwCtgF5AMIAbQA3AB1AD0AIvASIAmwBO0CmgKbAVsAsUBbAC4AFyALtAYaAw8BiQDGAGRAMkAZOVAAgA-KAAQB4AAAA.YAAAAAAAAAAA; PHPSESSID=689bsqkimmnkpgamjr8ituv1s3
    [HTTP_HOST] => my.medical-tribune.de
    [HTTP_ORIGIN] => https://my.medical-tribune.de
    [HTTP_REFERER] => https://my.medical-tribune.de/register.php?mode=1
    [HTTP_UPGRADE_INSECURE_REQUESTS] => 1
    [HTTP_USER_AGENT] => Mozilla/5.0 (Windows NT 10.0; Win64; x64; rv:80.0) Gecko/20100101 Firefox/80.0
    [PATH] => /bin:/usr/bin
    [QUERY_STRING] => mode=1
    [REDIRECT_STATUS] => 200
    [REMOTE_ADDR] => 217.224.32.30
    [REMOTE_PORT] => 51981
    [REQUEST_METHOD] => POST
    [REQUEST_SCHEME] => https
    [REQUEST_URI] => /register.php?mode=1
    [SCRIPT_FILENAME] => /home/mtde/public_html/my/register.php
    [SCRIPT_NAME] => /register.php
    [SERVER_ADDR] => 46.232.181.187
    [SERVER_ADMIN] => webmaster@my.medical-tribune.de
    [SERVER_NAME] => my.medical-tribune.de
    [SERVER_PORT] => 443
    [SERVER_PROTOCOL] => HTTP/1.1
    [SERVER_SIGNATURE] => 
    [SERVER_SOFTWARE] => Apache
    [SSL_TLS_SNI] => my.medical-tribune.de
    [TZ] => Europe/Zurich
    [UNIQUE_ID] => X2JQEKyjzp6q88hFypHI@AAAAUo
    [PHP_SELF] => /register.php
    [REQUEST_TIME_FLOAT] => 1600278544.6923
    [REQUEST_TIME] => 1600278544
)

16-09-2020 : dick.stefanie@gmx.de,Array
(
    [CONTENT_LENGTH] => 4580
    [CONTENT_TYPE] => multipart/form-data; boundary=----WebKitFormBoundaryUJRyRADEDbmN31fm
    [CONTEXT_DOCUMENT_ROOT] => /home/mtde/public_html/my
    [CONTEXT_PREFIX] => 
    [DOCUMENT_ROOT] => /home/mtde/public_html/my
    [GATEWAY_INTERFACE] => CGI/1.1
    [HTTPS] => on
    [HTTP_ACCEPT] => text/html,application/xhtml+xml,application/xml;q=0.9,*/*;q=0.8
    [HTTP_ACCEPT_ENCODING] => gzip, deflate, br
    [HTTP_ACCEPT_LANGUAGE] => de-de
    [HTTP_CONNECTION] => keep-alive
    [HTTP_COOKIE] => _ga=GA1.2.1983480782.1600278821; _gid=GA1.2.1235781636.1600278821; consentUUID=7d37054f-b23c-4bfb-af6c-0a0632a959c1; PHPSESSID=fvsas741jicigot3m5ttnsp593; euconsent-v2=CO51yufO51yufAGABCENA3CgAP_AAH_AABpYGVtf_X9fb2_j-_5999t0eY1f9_63t-wzjgeNs-8NyZ_X_J4Xr2MyvB34pqYKmR4EunLBAQdlHGHcTQgAwIkFqTLsYk2MizNKJ7JEilMbc2dYGG1vn8XT_ZCY70-_f__7v3-_-___6oGUEEGAAKAQBCWAAIEihEIQAIQxIAIAACihEAgEkACRQALI4COUACABAYgIQIAQAgoAYBAAIAAElAQAgAAIBQARAIAAQADAEAACAAEFgBIiAAACoEhAARABKBAQUAAQcggQFQBBACBASGQFwAKAAqACGAEwALgAjgBSADLAGoAPwAjABHAClgFXAK2AbwBMQCbAFNgLRAYEAw8BkQwAKANoAeABYgDZAI9EQHAAVABWAC4AIYAUgAyABlgDUAGyAPwAjABIgClgFXANYAfIBDYCLwEiAJsATsAocBSIC5AGBAMJAYeAycSACAAcAOcQABAN4EgigAIAAXABQAFQAMgAcAA8ACAAEQAKgAeAA-gCGAIgATIAqgCsAFgALgAbwA5gB6AENAIgAiQBLACaAFKAMMAZAAywBqADZAHEAO8AewA-IB9gH6ARgAkQBSwC_AGEAMUAawA2gBuADeAHoAPkAhsBFQCLwEiAJiATKAmwBOwCkQFNgKwAWKAtgBcgC7wGBAMGAYSAw0Bh4DIgGSAMnCgAQFEhoD4AKgArABcAEMAKQAZAAywBpADUAGyAPwAjABSwCrwFoAWkA1gBvAD5AIbAReAkQBNgCdgFDgKRAXIAwIBhIDDwGMAMnDgAQAHBgAgBsgDqAL6AZGKgMAAUABUAEMAJgAXABHACkAGWANQAfgBGACOAFLAKvAWgBaQDeAJBATEAmwBTYC5AGBAMPAZEKACADaAHgAj0BfQ6CKAAuACgAKgAXAAyABwAEAAIgAYgA-gCGAIgATIAqgCsAFgALgAYgAzABvADmAHoAQwAiABLACYAE1AKMApQBkADKgGiAaQA1ABswDfAOAAcQA7wB7QD7APwAjABYoC0ALSAXMAvIBfgDCAGKANxAdMB1AD0AIbAREAi8BIICRAE2AJ2gU0BTYCrAFiwLYAtkBcAC5AF2gLvAYSAw0Bh4DEgGMAMeAZIAychArAAWABQADIAIgAYgBDACYAFUALgAZgA3gB6AEcAKQAZQA1ABvgDiAHeAPwAgYBGAChwFoAWkAvwBhADFAHUAPQAkEBIgCbIFNAU2AsUBaMC2ALaAXAAuQBdoDDwGJAMiAZOSgRgAIAAWABQAC4AGQAOAAxACIAEwAKoAXAAxABmADaAIaARABEwCkAKUAZQA0gBsgDvAH4ARiAtAC0gGKANwAdQBF4CRAE2ALFAXaAw8BkQDJykDUABcAFAAVAAuABkADgAIAAYwBDAEQAJgAUgAqgBYAC4AGIAMwAcwBDACIgFGAUoAyoBogGkANkAcQA74B9gH4ARgAjgBQwCtgF5AMIAbQA3AB1AD0AIvASIAmwBO0CmgKbAVsAsUBbAC4AFyALtAYaAw8BiQDGAGRAMkAZOVAAgA-KAAQB4AAAA.YAAAAAAAAAAA
    [HTTP_HOST] => my.medical-tribune.de
    [HTTP_ORIGIN] => https://my.medical-tribune.de
    [HTTP_REFERER] => https://my.medical-tribune.de/register.php?mode=1
    [HTTP_USER_AGENT] => Mozilla/5.0 (iPhone; CPU iPhone OS 13_7 like Mac OS X) AppleWebKit/605.1.15 (KHTML, like Gecko) Version/13.1.2 Mobile/15E148 Safari/604.1
    [PATH] => /bin:/usr/bin
    [QUERY_STRING] => mode=1
    [REDIRECT_STATUS] => 200
    [REMOTE_ADDR] => 80.113.47.83
    [REMOTE_PORT] => 53954
    [REQUEST_METHOD] => POST
    [REQUEST_SCHEME] => https
    [REQUEST_URI] => /register.php?mode=1
    [SCRIPT_FILENAME] => /home/mtde/public_html/my/register.php
    [SCRIPT_NAME] => /register.php
    [SERVER_ADDR] => 46.232.181.187
    [SERVER_ADMIN] => webmaster@my.medical-tribune.de
    [SERVER_NAME] => my.medical-tribune.de
    [SERVER_PORT] => 443
    [SERVER_PROTOCOL] => HTTP/1.1
    [SERVER_SIGNATURE] => 
    [SERVER_SOFTWARE] => Apache
    [SSL_TLS_SNI] => my.medical-tribune.de
    [TZ] => Europe/Zurich
    [UNIQUE_ID] => X2JVD3I4W2U1Q5wAQXN3BwAAAQw
    [PHP_SELF] => /register.php
    [REQUEST_TIME_FLOAT] => 1600279823.0902
    [REQUEST_TIME] => 1600279823
)

16-09-2020 : steffitriesch@web.de,Array
(
    [CONTENT_LENGTH] => 3172
    [CONTENT_TYPE] => multipart/form-data; boundary=----WebKitFormBoundaryOSUmrHGVJwzli3SJ
    [CONTEXT_DOCUMENT_ROOT] => /home/mtde/public_html/my
    [CONTEXT_PREFIX] => 
    [DOCUMENT_ROOT] => /home/mtde/public_html/my
    [GATEWAY_INTERFACE] => CGI/1.1
    [HTTPS] => on
    [HTTP_ACCEPT] => text/html,application/xhtml+xml,application/xml;q=0.9,*/*;q=0.8
    [HTTP_ACCEPT_ENCODING] => gzip, deflate, br
    [HTTP_ACCEPT_LANGUAGE] => de-de
    [HTTP_CONNECTION] => keep-alive
    [HTTP_COOKIE] => _ga=GA1.2.1640410018.1600281821; _gid=GA1.2.952826949.1600281821; consentUUID=5e951f53-e248-46b6-a0d9-01e234f23f44; PHPSESSID=60oenlgrkn2m5n6no64a0gl6v4; euconsent-v2=CO516DIO516DIAGABCENA3CgAP_AAH_AAAYgGVtf_X9fb2_j-_5999t0eY1f9_63t-wzjgeNs-8NyZ_X_J4Xr2MyvB34pqYKmR4EunLBAQdlHGHcTQgAwIkFqTLsYk2MizNKJ7JEilMbc2dYGG1vn8XT_ZCY70-_f__7v3-_-___6oGUEEGAAKAQBCWAAIEihEIQAIQxIAIAACihEAgEkACRQALI4COUACABAYgIQIAQAgoAYBAAIAAElAQAgAAIBQARAIAAQADAEAACAAEFgBIiAAACoEhAARABKBAQUAAQcggQFQBBACBASGQFwAKAAqACGAEwALgAjgBSADLAGoAPwAjABHAClgFXAK2AbwBMQCbAFNgLRAYEAw8BkQwAKANoAeABYgDZAI9EQHAAVABWAC4AIYAUgAyABlgDUAGyAPwAjABIgClgFXANYAfIBDYCLwEiAJsATsAocBSIC5AGBAMJAYeAycSACAAcAOcQABAN4EgigAIAAXABQAFQAMgAcAA8ACAAEQAKgAeAA-gCGAIgATIAqgCsAFgALgAbwA5gB6AENAIgAiQBLACaAFKAMMAZAAywBqADZAHEAO8AewA-IB9gH6ARgAkQBSwC_AGEAMUAawA2gBuADeAHoAPkAhsBFQCLwEiAJiATKAmwBOwCkQFNgKwAWKAtgBcgC7wGBAMGAYSAw0Bh4DIgGSAMnCgAQFEhoD4AKgArABcAEMAKQAZAAywBpADUAGyAPwAjABSwCrwFoAWkA1gBvAD5AIbAReAkQBNgCdgFDgKRAXIAwIBhIDDwGMAMnDgAQAHBgAgBsgDqAL6AZGKgMAAUABUAEMAJgAXABHACkAGWANQAfgBGACOAFLAKvAWgBaQDeAJBATEAmwBTYC5AGBAMPAZEKACADaAHgAj0BfQ6CKAAuACgAKgAXAAyABwAEAAIgAYgA-gCGAIgATIAqgCsAFgALgAYgAzABvADmAHoAQwAiABLACYAE1AKMApQBkADKgGiAaQA1ABswDfAOAAcQA7wB7QD7APwAjABYoC0ALSAXMAvIBfgDCAGKANxAdMB1AD0AIbAREAi8BIICRAE2AJ2gU0BTYCrAFiwLYAtkBcAC5AF2gLvAYSAw0Bh4DEgGMAMeAZIAychArAAWABQADIAIgAYgBDACYAFUALgAZgA3gB6AEcAKQAZQA1ABvgDiAHeAPwAgYBGAChwFoAWkAvwBhADFAHUAPQAkEBIgCbIFNAU2AsUBaMC2ALaAXAAuQBdoDDwGJAMiAZOSgRgAIAAWABQAC4AGQAOAAxACIAEwAKoAXAAxABmADaAIaARABEwCkAKUAZQA0gBsgDvAH4ARiAtAC0gGKANwAdQBF4CRAE2ALFAXaAw8BkQDJykDUABcAFAAVAAuABkADgAIAAYwBDAEQAJgAUgAqgBYAC4AGIAMwAcwBDACIgFGAUoAyoBogGkANkAcQA74B9gH4ARgAjgBQwCtgF5AMIAbQA3AB1AD0AIvASIAmwBO0CmgKbAVsAsUBbAC4AFyALtAYaAw8BiQDGAGRAMkAZOVAAgA-KAAQB4AAAA.YAAAAAAAAAAA
    [HTTP_HOST] => my.medical-tribune.de
    [HTTP_ORIGIN] => https://my.medical-tribune.de
    [HTTP_REFERER] => https://my.medical-tribune.de/register.php?mode=1
    [HTTP_USER_AGENT] => Mozilla/5.0 (iPhone; CPU iPhone OS 13_5_1 like Mac OS X) AppleWebKit/605.1.15 (KHTML, like Gecko) Version/13.1.1 Mobile/15E148 Safari/604.1
    [PATH] => /bin:/usr/bin
    [QUERY_STRING] => mode=1
    [REDIRECT_STATUS] => 200
    [REMOTE_ADDR] => 93.235.46.51
    [REMOTE_PORT] => 59526
    [REQUEST_METHOD] => POST
    [REQUEST_SCHEME] => https
    [REQUEST_URI] => /register.php?mode=1
    [SCRIPT_FILENAME] => /home/mtde/public_html/my/register.php
    [SCRIPT_NAME] => /register.php
    [SERVER_ADDR] => 46.232.181.187
    [SERVER_ADMIN] => webmaster@my.medical-tribune.de
    [SERVER_NAME] => my.medical-tribune.de
    [SERVER_PORT] => 443
    [SERVER_PROTOCOL] => HTTP/1.1
    [SERVER_SIGNATURE] => 
    [SERVER_SOFTWARE] => Apache
    [SSL_TLS_SNI] => my.medical-tribune.de
    [TZ] => Europe/Zurich
    [UNIQUE_ID] => X2Jg9NvGxIJpHSRAwquurQAAAMw
    [PHP_SELF] => /register.php
    [REQUEST_TIME_FLOAT] => 1600282868.5236
    [REQUEST_TIME] => 1600282868
)

16-09-2020 : haymoz@gmx.ch,Array
(
    [CONTENT_LENGTH] => 2584
    [CONTENT_TYPE] => multipart/form-data; boundary=----WebKitFormBoundaryfFTQTa9MHsljBY4T
    [CONTEXT_DOCUMENT_ROOT] => /home/mtde/public_html/my
    [CONTEXT_PREFIX] => 
    [DOCUMENT_ROOT] => /home/mtde/public_html/my
    [GATEWAY_INTERFACE] => CGI/1.1
    [HTTPS] => on
    [HTTP_ACCEPT] => text/html,application/xhtml+xml,application/xml;q=0.9,*/*;q=0.8
    [HTTP_ACCEPT_ENCODING] => br, gzip, deflate
    [HTTP_ACCEPT_LANGUAGE] => de-ch
    [HTTP_CONNECTION] => keep-alive
    [HTTP_COOKIE] => PHPSESSID=lllofr39e4fqh6qtf7gtp28od0; _ga=GA1.2.2077611289.1600031057; _gid=GA1.2.1411552383.1600284893; consentUUID=3eca4354-b306-45fb-8115-0e32f3270394; euconsent-v2=CO5sV1EO5sV1EAGABCENA3CgAP_AAH_AAAQ4GVtf_X9fb2_j-_5999t0eY1f9_63t-wzjgeNs-8NyZ_X_J4Xr2MyvB34pqYKmR4EunLBAQdlHGHcTQgAwIkFqTLsYk2MizNKJ7JEilMbc2dYGG1vn8XT_ZCY70-_f__7v3-_-___6oGUEEGAAKAQBCWAAIEihEIQAIQxIAIAACihEAgEkACRQALI4COUACABAYgIQIAQAgoAYBAAIAAElAQAgAAIBQARAIAAQADAEAACAAEFgBIiAAACoEhAARABKBAQUAAQcggQFQBBACBASGQFwAKAAqACGAEwALgAjgBSADLAGoAPwAjABHAClgFXAK2AbwBMQCbAFNgLRAYEAw8BkQwAKANoAeABYgDZAI9EQHAAVABWAC4AIYAUgAyABlgDUAGyAPwAjABIgClgFXANYAfIBDYCLwEiAJsATsAocBSIC5AGBAMJAYeAycSACAAcAOcQABAN4EgigAIAAXABQAFQAMgAcAA8ACAAEQAKgAeAA-gCGAIgATIAqgCsAFgALgAbwA5gB6AENAIgAiQBLACaAFKAMMAZAAywBqADZAHEAO8AewA-IB9gH6ARgAkQBSwC_AGEAMUAawA2gBuADeAHoAPkAhsBFQCLwEiAJiATKAmwBOwCkQFNgKwAWKAtgBcgC7wGBAMGAYSAw0Bh4DIgGSAMnCgAQFEhoD4AKgArABcAEMAKQAZAAywBpADUAGyAPwAjABSwCrwFoAWkA1gBvAD5AIbAReAkQBNgCdgFDgKRAXIAwIBhIDDwGMAMnDgAQAHBgAgBsgDqAL6AZGKgMAAUABUAEMAJgAXABHACkAGWANQAfgBGACOAFLAKvAWgBaQDeAJBATEAmwBTYC5AGBAMPAZEKACADaAHgAj0BfQ6CKAAuACgAKgAXAAyABwAEAAIgAYgA-gCGAIgATIAqgCsAFgALgAYgAzABvADmAHoAQwAiABLACYAE1AKMApQBkADKgGiAaQA1ABswDfAOAAcQA7wB7QD7APwAjABYoC0ALSAXMAvIBfgDCAGKANxAdMB1AD0AIbAREAi8BIICRAE2AJ2gU0BTYCrAFiwLYAtkBcAC5AF2gLvAYSAw0Bh4DEgGMAMeAZIAychArAAWABQADIAIgAYgBDACYAFUALgAZgA3gB6AEcAKQAZQA1ABvgDiAHeAPwAgYBGAChwFoAWkAvwBhADFAHUAPQAkEBIgCbIFNAU2AsUBaMC2ALaAXAAuQBdoDDwGJAMiAZOSgRgAIAAWABQAC4AGQAOAAxACIAEwAKoAXAAxABmADaAIaARABEwCkAKUAZQA0gBsgDvAH4ARiAtAC0gGKANwAdQBF4CRAE2ALFAXaAw8BkQDJykDUABcAFAAVAAuABkADgAIAAYwBDAEQAJgAUgAqgBYAC4AGIAMwAcwBDACIgFGAUoAyoBogGkANkAcQA74B9gH4ARgAjgBQwCtgF5AMIAbQA3AB1AD0AIvASIAmwBO0CmgKbAVsAsUBbAC4AFyALtAYaAw8BiQDGAGRAMkAZOVAAgA-KAAQB4AAAA.YAAAAAAAAAAA
    [HTTP_HOST] => my.medical-tribune.de
    [HTTP_ORIGIN] => https://my.medical-tribune.de
    [HTTP_REFERER] => https://my.medical-tribune.de/register.php?mode=1
    [HTTP_USER_AGENT] => Mozilla/5.0 (iPhone; CPU iPhone OS 12_4_8 like Mac OS X) AppleWebKit/605.1.15 (KHTML, like Gecko) Version/12.1.2 Mobile/15E148 Safari/604.1
    [PATH] => /bin:/usr/bin
    [QUERY_STRING] => mode=1
    [REDIRECT_STATUS] => 200
    [REMOTE_ADDR] => 77.56.74.78
    [REMOTE_PORT] => 53404
    [REQUEST_METHOD] => POST
    [REQUEST_SCHEME] => https
    [REQUEST_URI] => /register.php?mode=1
    [SCRIPT_FILENAME] => /home/mtde/public_html/my/register.php
    [SCRIPT_NAME] => /register.php
    [SERVER_ADDR] => 46.232.181.187
    [SERVER_ADMIN] => webmaster@my.medical-tribune.de
    [SERVER_NAME] => my.medical-tribune.de
    [SERVER_PORT] => 443
    [SERVER_PROTOCOL] => HTTP/1.1
    [SERVER_SIGNATURE] => 
    [SERVER_SOFTWARE] => Apache
    [SSL_TLS_SNI] => my.medical-tribune.de
    [TZ] => Europe/Zurich
    [UNIQUE_ID] => X2JqGvjQQs5xtdsmOkhPwAAAAJI
    [PHP_SELF] => /register.php
    [REQUEST_TIME_FLOAT] => 1600285210.8915
    [REQUEST_TIME] => 1600285210
)

16-09-2020 : michaela.klager@zoetis.com,Array
(
    [CONTENT_LENGTH] => 2448
    [CONTENT_TYPE] => multipart/form-data; boundary=----WebKitFormBoundaryInAr25VTNajzmrXc
    [CONTEXT_DOCUMENT_ROOT] => /home/mtde/public_html/my
    [CONTEXT_PREFIX] => 
    [DOCUMENT_ROOT] => /home/mtde/public_html/my
    [GATEWAY_INTERFACE] => CGI/1.1
    [HTTPS] => on
    [HTTP_ACCEPT] => text/html,application/xhtml+xml,application/xml;q=0.9,*/*;q=0.8
    [HTTP_ACCEPT_ENCODING] => gzip, deflate, br
    [HTTP_ACCEPT_LANGUAGE] => de-at
    [HTTP_CONNECTION] => keep-alive
    [HTTP_COOKIE] => PHPSESSID=8frefe76ft1njr2qr1u03dr9h7; _ga=GA1.2.1008788324.1600287619; _gid=GA1.2.303227047.1600287619; consentUUID=12335a76-c11e-488c-a55e-027c0fe6beee; euconsent-v2=CO52IMyO52IMyAGABCENA3CgAP_AAH_AAACYGVtf_X9fb2_j-_5999t0eY1f9_63t-wzjgeNs-8NyZ_X_J4Xr2MyvB34pqYKmR4EunLBAQdlHGHcTQgAwIkFqTLsYk2MizNKJ7JEilMbc2dYGG1vn8XT_ZCY70-_f__7v3-_-___6oGUEEGAAKAQBCWAAIEihEIQAIQxIAIAACihEAgEkACRQALI4COUACABAYgIQIAQAgoAYBAAIAAElAQAgAAIBQARAIAAQADAEAACAAEFgBIiAAACoEhAARABKBAQUAAQcggQFQBBACBASGQFwAKAAqACGAEwALgAjgBSADLAGoAPwAjABHAClgFXAK2AbwBMQCbAFNgLRAYEAw8BkQwAKANoAeABYgDZAI9EQHAAVABWAC4AIYAUgAyABlgDUAGyAPwAjABIgClgFXANYAfIBDYCLwEiAJsATsAocBSIC5AGBAMJAYeAycSACAAcAOcQABAN4EgigAIAAXABQAFQAMgAcAA8ACAAEQAKgAeAA-gCGAIgATIAqgCsAFgALgAbwA5gB6AENAIgAiQBLACaAFKAMMAZAAywBqADZAHEAO8AewA-IB9gH6ARgAkQBSwC_AGEAMUAawA2gBuADeAHoAPkAhsBFQCLwEiAJiATKAmwBOwCkQFNgKwAWKAtgBcgC7wGBAMGAYSAw0Bh4DIgGSAMnCgAQFEhoD4AKgArABcAEMAKQAZAAywBpADUAGyAPwAjABSwCrwFoAWkA1gBvAD5AIbAReAkQBNgCdgFDgKRAXIAwIBhIDDwGMAMnDgAQAHBgAgBsgDqAL6AZGKgMAAUABUAEMAJgAXABHACkAGWANQAfgBGACOAFLAKvAWgBaQDeAJBATEAmwBTYC5AGBAMPAZEKACADaAHgAj0BfQ6CKAAuACgAKgAXAAyABwAEAAIgAYgA-gCGAIgATIAqgCsAFgALgAYgAzABvADmAHoAQwAiABLACYAE1AKMApQBkADKgGiAaQA1ABswDfAOAAcQA7wB7QD7APwAjABYoC0ALSAXMAvIBfgDCAGKANxAdMB1AD0AIbAREAi8BIICRAE2AJ2gU0BTYCrAFiwLYAtkBcAC5AF2gLvAYSAw0Bh4DEgGMAMeAZIAychArAAWABQADIAIgAYgBDACYAFUALgAZgA3gB6AEcAKQAZQA1ABvgDiAHeAPwAgYBGAChwFoAWkAvwBhADFAHUAPQAkEBIgCbIFNAU2AsUBaMC2ALaAXAAuQBdoDDwGJAMiAZOSgRgAIAAWABQAC4AGQAOAAxACIAEwAKoAXAAxABmADaAIaARABEwCkAKUAZQA0gBsgDvAH4ARiAtAC0gGKANwAdQBF4CRAE2ALFAXaAw8BkQDJykDUABcAFAAVAAuABkADgAIAAYwBDAEQAJgAUgAqgBYAC4AGIAMwAcwBDACIgFGAUoAyoBogGkANkAcQA74B9gH4ARgAjgBQwCtgF5AMIAbQA3AB1AD0AIvASIAmwBO0CmgKbAVsAsUBbAC4AFyALtAYaAw8BiQDGAGRAMkAZOVAAgA-KAAQB4AAAA.YAAAAAAAAAAA
    [HTTP_HOST] => my.medical-tribune.de
    [HTTP_ORIGIN] => https://my.medical-tribune.de
    [HTTP_REFERER] => https://my.medical-tribune.de/register.php?mode=1
    [HTTP_USER_AGENT] => Mozilla/5.0 (Macintosh; Intel Mac OS X 10_15_4) AppleWebKit/605.1.15 (KHTML, like Gecko) Version/13.1.2 Safari/605.1.15
    [PATH] => /bin:/usr/bin
    [QUERY_STRING] => mode=1
    [REDIRECT_STATUS] => 200
    [REMOTE_ADDR] => 88.117.36.84
    [REMOTE_PORT] => 51790
    [REQUEST_METHOD] => POST
    [REQUEST_SCHEME] => https
    [REQUEST_URI] => /register.php?mode=1
    [SCRIPT_FILENAME] => /home/mtde/public_html/my/register.php
    [SCRIPT_NAME] => /register.php
    [SERVER_ADDR] => 46.232.181.187
    [SERVER_ADMIN] => webmaster@my.medical-tribune.de
    [SERVER_NAME] => my.medical-tribune.de
    [SERVER_PORT] => 443
    [SERVER_PROTOCOL] => HTTP/1.1
    [SERVER_SIGNATURE] => 
    [SERVER_SOFTWARE] => Apache
    [SSL_TLS_SNI] => my.medical-tribune.de
    [TZ] => Europe/Zurich
    [UNIQUE_ID] => X2J3ocyVEFZ83NrfTSIZOQAAANg
    [PHP_SELF] => /register.php
    [REQUEST_TIME_FLOAT] => 1600288673.2214
    [REQUEST_TIME] => 1600288673
)

16-09-2020 : dr.raab@nierenzentrum-bonn.de,Array
(
    [CONTENT_LENGTH] => 3756
    [CONTENT_TYPE] => multipart/form-data; boundary=----WebKitFormBoundaryYZVrNdBmIpo8AVra
    [CONTEXT_DOCUMENT_ROOT] => /home/mtde/public_html/my
    [CONTEXT_PREFIX] => 
    [DOCUMENT_ROOT] => /home/mtde/public_html/my
    [GATEWAY_INTERFACE] => CGI/1.1
    [HTTPS] => on
    [HTTP_ACCEPT] => text/html,application/xhtml+xml,application/xml;q=0.9,image/webp,image/apng,*/*;q=0.8,application/signed-exchange;v=b3;q=0.9
    [HTTP_ACCEPT_ENCODING] => gzip, deflate, br
    [HTTP_ACCEPT_LANGUAGE] => de-DE,de;q=0.9,en-US;q=0.8,en;q=0.7
    [HTTP_CACHE_CONTROL] => max-age=0
    [HTTP_CONNECTION] => keep-alive
    [HTTP_COOKIE] => _ga=GA1.2.720394269.1598599498; consentUUID=1816331e-619b-4df2-b031-9b1482c2deef; euconsent-v2=CO41u0BO41u0BAGABCENA1CgAP_AAH_AAAYgGVtf_X9fb2_j-_5999t0eY1f9_63t-wzjgeNs-8NyZ_X_J4Xr2MyvB34pqYKmR4EunLBAQdlHGHcTQgAwIkFqTLsYk2MizNKJ7JEilMbc2dYGG1vn8XT_ZCY70-_f__7v3-_-___6oGUEEGAAKAQBCWAAIEihEIQAIQxIAIAACihEAgEkACRQALI4COUACABAYgIQIAQAgoAYBAAIAAElAQAgAAIBQARAIAAQADAEAACAAEFgBIiAAACoEhAARABKBAQUAAQcggQFQBBACBARGQGAAKAAqACGAEwALgAjgBSADLAGoAOIAfgBGACOAFLAKuAVsA3gCYgE2AKbAWiAwIBh4DIhgAUAbQA8ACxAGyAR6IgOAAqACsAFwAQwApABkADLAGoANkAcQA_ACMAFLAKuAawA-QCGwEXgJEATYAnYBQ4CkQFyAMCAYSAw8Bk4kAEAA4Ac4gACAbwJBEAAQAAuACgAKgAZAA4AB4AEAAIgAVAA8AB9AEMARAAmQBVAFYALAAXAA3gBzAD0AIaARABEgCWAE0AKUAYYAyABlgDUAGyAOIAd4A9gB8QD7AP0AjABSwC_AGEAMUAawA2gBuADeAHoAPkAhsBFQCLwEiAJiATKAmwBOwCkQFNgKwAWKAtgBcgC7wGBAMGAYSAw0Bh4DIgGSAMnDQIAAVABWAC4AIYAUgAyABlgDSAGoANkAcQA_ACMAFLAKvAWgBaQDWAG8APkAhsBF4CRAE2AJ2AUOApEBcgDAgGEgMPAYwAycOABAAcGACAGyAOoAvoBkYqAyABQAFQAQwAmABcAEcAKQAZYA1ABxAD8AIwARwApYBV4C0ALSAbwBIICYgE2AKbAXIAwIBh4DIhQAQAbQA8AEegL6HQRQAFwAUABUAC4AGQAOAAgABEADEAH0AQwBEACZAFUAVgAsABcADEAGYAN4AcwA9ACGAEQAJYATAAmoBRgFKAMgAZUA0QDSAGoANmAb4BwADiAHeAPaAfYB-AEYALFAWgBaQC5gF5AL8AYQAxQBuIDpgOoAegBDYCIgEXgJBASIAmwBO0CmgKbAVYAsWBbAFsgLgAXIAu0Bd4DCQGGgMPAYkAxgBjwDJAGTkIFYACwAKAAZABEADEAIYATAAqgBcADMAG8APQAjgBSADKAGoAN8AcQA7wB-AEDAIwAUOAtAC0gF-AMIAYoA6gB6AEggJEATZApoCmwFigLRgWwBbQC4AFyALtAYeAxIBkQDJyUCMABAACwAKAAXAAyABwAGIARAAmABVAC4AGIAMwAbQBDQCIAImAUgBSgDKAGkANkAd4A_ACMQFoAWkAxQBuADqAIvASIAmwBYoC7QGHgMiAZOUgagALgAoACoAFwAMgAcABAADGAIYAiABMACkAFUALAAXAAxABmADmAIYAREAowClAGVANEA0gBsgDiAHfAPsA_ACMAEcAKGAVsAvIBhADaAG4AOoAegBF4CRAE2AJ2gU0BTYCtgFigLYAXAAuQBdoDDQGHgMSAYwAyIBkgDJyoAEAHxQACAPA.YAAAAAAAAAAA; _gid=GA1.2.1889787.1600286859; PHPSESSID=sdv5glpkrq44fumg8vt8ltvgg3
    [HTTP_HOST] => my.medical-tribune.de
    [HTTP_ORIGIN] => https://my.medical-tribune.de
    [HTTP_REFERER] => https://my.medical-tribune.de/register.php?mode=1
    [HTTP_SAVE_DATA] => on
    [HTTP_SEC_FETCH_DEST] => iframe
    [HTTP_SEC_FETCH_MODE] => navigate
    [HTTP_SEC_FETCH_SITE] => same-origin
    [HTTP_SEC_FETCH_USER] => ?1
    [HTTP_UPGRADE_INSECURE_REQUESTS] => 1
    [HTTP_USER_AGENT] => Mozilla/5.0 (Linux; Android 8.0.0; LM-G710) AppleWebKit/537.36 (KHTML, like Gecko) Chrome/85.0.4183.101 Mobile Safari/537.36
    [PATH] => /bin:/usr/bin
    [QUERY_STRING] => mode=1
    [REDIRECT_STATUS] => 200
    [REMOTE_ADDR] => 80.142.226.11
    [REMOTE_PORT] => 57688
    [REQUEST_METHOD] => POST
    [REQUEST_SCHEME] => https
    [REQUEST_URI] => /register.php?mode=1
    [SCRIPT_FILENAME] => /home/mtde/public_html/my/register.php
    [SCRIPT_NAME] => /register.php
    [SERVER_ADDR] => 46.232.181.187
    [SERVER_ADMIN] => webmaster@my.medical-tribune.de
    [SERVER_NAME] => my.medical-tribune.de
    [SERVER_PORT] => 443
    [SERVER_PROTOCOL] => HTTP/1.1
    [SERVER_SIGNATURE] => 
    [SERVER_SOFTWARE] => Apache
    [SSL_TLS_SNI] => my.medical-tribune.de
    [TZ] => Europe/Zurich
    [UNIQUE_ID] => X2J5HZfGEofQzTyPGNy0sAAAAQc
    [PHP_SELF] => /register.php
    [REQUEST_TIME_FLOAT] => 1600289053.7342
    [REQUEST_TIME] => 1600289053
)

16-09-2020 : nikoleta.schmidt@gmail.com,Array
(
    [CONTENT_LENGTH] => 3558
    [CONTENT_TYPE] => multipart/form-data; boundary=----WebKitFormBoundary1UFRB3pIg8p4q2ZV
    [CONTEXT_DOCUMENT_ROOT] => /home/mtde/public_html/my
    [CONTEXT_PREFIX] => 
    [DOCUMENT_ROOT] => /home/mtde/public_html/my
    [GATEWAY_INTERFACE] => CGI/1.1
    [HTTPS] => on
    [HTTP_ACCEPT] => text/html,application/xhtml+xml,application/xml;q=0.9,*/*;q=0.8
    [HTTP_ACCEPT_ENCODING] => gzip, deflate, br
    [HTTP_ACCEPT_LANGUAGE] => de-de
    [HTTP_CONNECTION] => keep-alive
    [HTTP_COOKIE] => PHPSESSID=je7cn29n5kvg9l58g65bptkg55; _ga=GA1.2.2087944498.1600290643; _gid=GA1.2.280357642.1600290643; consentUUID=35046e10-cf24-4e44-92bf-5ce4724fdf76; euconsent-v2=CO52PlhO52PlhAGABCENA3CgAP_AAH_AAAYgGVtf_X9fb2_j-_5999t0eY1f9_63t-wzjgeNs-8NyZ_X_J4Xr2MyvB34pqYKmR4EunLBAQdlHGHcTQgAwIkFqTLsYk2MizNKJ7JEilMbc2dYGG1vn8XT_ZCY70-_f__7v3-_-___6oGUEEGAAKAQBCWAAIEihEIQAIQxIAIAACihEAgEkACRQALI4COUACABAYgIQIAQAgoAYBAAIAAElAQAgAAIBQARAIAAQADAEAACAAEFgBIiAAACoEhAARABKBAQUAAQcggQFQBBACBASGQFwAKAAqACGAEwALgAjgBSADLAGoAPwAjABHAClgFXAK2AbwBMQCbAFNgLRAYEAw8BkQwAKANoAeABYgDZAI9EQHAAVABWAC4AIYAUgAyABlgDUAGyAPwAjABIgClgFXANYAfIBDYCLwEiAJsATsAocBSIC5AGBAMJAYeAycSACAAcAOcQABAN4EgigAIAAXABQAFQAMgAcAA8ACAAEQAKgAeAA-gCGAIgATIAqgCsAFgALgAbwA5gB6AENAIgAiQBLACaAFKAMMAZAAywBqADZAHEAO8AewA-IB9gH6ARgAkQBSwC_AGEAMUAawA2gBuADeAHoAPkAhsBFQCLwEiAJiATKAmwBOwCkQFNgKwAWKAtgBcgC7wGBAMGAYSAw0Bh4DIgGSAMnCgAQFEhoD4AKgArABcAEMAKQAZAAywBpADUAGyAPwAjABSwCrwFoAWkA1gBvAD5AIbAReAkQBNgCdgFDgKRAXIAwIBhIDDwGMAMnDgAQAHBgAgBsgDqAL6AZGKgMAAUABUAEMAJgAXABHACkAGWANQAfgBGACOAFLAKvAWgBaQDeAJBATEAmwBTYC5AGBAMPAZEKACADaAHgAj0BfQ6CKAAuACgAKgAXAAyABwAEAAIgAYgA-gCGAIgATIAqgCsAFgALgAYgAzABvADmAHoAQwAiABLACYAE1AKMApQBkADKgGiAaQA1ABswDfAOAAcQA7wB7QD7APwAjABYoC0ALSAXMAvIBfgDCAGKANxAdMB1AD0AIbAREAi8BIICRAE2AJ2gU0BTYCrAFiwLYAtkBcAC5AF2gLvAYSAw0Bh4DEgGMAMeAZIAychArAAWABQADIAIgAYgBDACYAFUALgAZgA3gB6AEcAKQAZQA1ABvgDiAHeAPwAgYBGAChwFoAWkAvwBhADFAHUAPQAkEBIgCbIFNAU2AsUBaMC2ALaAXAAuQBdoDDwGJAMiAZOSgRgAIAAWABQAC4AGQAOAAxACIAEwAKoAXAAxABmADaAIaARABEwCkAKUAZQA0gBsgDvAH4ARiAtAC0gGKANwAdQBF4CRAE2ALFAXaAw8BkQDJykDUABcAFAAVAAuABkADgAIAAYwBDAEQAJgAUgAqgBYAC4AGIAMwAcwBDACIgFGAUoAyoBogGkANkAcQA74B9gH4ARgAjgBQwCtgF5AMIAbQA3AB1AD0AIvASIAmwBO0CmgKbAVsAsUBbAC4AFyALtAYaAw8BiQDGAGRAMkAZOVAAgA-KAAQB4AAAA.YAAAAAAAAAAA
    [HTTP_HOST] => my.medical-tribune.de
    [HTTP_ORIGIN] => https://my.medical-tribune.de
    [HTTP_REFERER] => https://my.medical-tribune.de/register.php?maglify=1&mobile=1
    [HTTP_USER_AGENT] => Mozilla/5.0 (iPhone; CPU iPhone OS 13_7 like Mac OS X) AppleWebKit/605.1.15 (KHTML, like Gecko) Mobile/15E148
    [PATH] => /bin:/usr/bin
    [QUERY_STRING] => maglify=1&mobile=1
    [REDIRECT_STATUS] => 200
    [REMOTE_ADDR] => 77.22.32.30
    [REMOTE_PORT] => 51323
    [REQUEST_METHOD] => POST
    [REQUEST_SCHEME] => https
    [REQUEST_URI] => /register.php?maglify=1&mobile=1
    [SCRIPT_FILENAME] => /home/mtde/public_html/my/register.php
    [SCRIPT_NAME] => /register.php
    [SERVER_ADDR] => 46.232.181.187
    [SERVER_ADMIN] => webmaster@my.medical-tribune.de
    [SERVER_NAME] => my.medical-tribune.de
    [SERVER_PORT] => 443
    [SERVER_PROTOCOL] => HTTP/1.1
    [SERVER_SIGNATURE] => 
    [SERVER_SOFTWARE] => Apache
    [SSL_TLS_SNI] => my.medical-tribune.de
    [TZ] => Europe/Zurich
    [UNIQUE_ID] => X2KBPvjQQs5xtdsmOkhdJwAAAIQ
    [PHP_SELF] => /register.php
    [REQUEST_TIME_FLOAT] => 1600291135.0421
    [REQUEST_TIME] => 1600291135
)

