12-09-2020 : nagihan.90@gmx.de,Array
(
    [CONTENT_LENGTH] => 3711
    [CONTENT_TYPE] => multipart/form-data; boundary=----WebKitFormBoundaryauJlOBNADAZITaW9
    [CONTEXT_DOCUMENT_ROOT] => /home/mtde/public_html/my
    [CONTEXT_PREFIX] => 
    [DOCUMENT_ROOT] => /home/mtde/public_html/my
    [GATEWAY_INTERFACE] => CGI/1.1
    [HTTPS] => on
    [HTTP_ACCEPT] => text/html,application/xhtml+xml,application/xml;q=0.9,image/webp,image/apng,*/*;q=0.8,application/signed-exchange;v=b3;q=0.9
    [HTTP_ACCEPT_ENCODING] => gzip, deflate, br
    [HTTP_ACCEPT_LANGUAGE] => de-DE,de;q=0.9,en-US;q=0.8,en;q=0.7
    [HTTP_CACHE_CONTROL] => max-age=0
    [HTTP_CONNECTION] => keep-alive
    [HTTP_COOKIE] => _ga=GA1.2.1747172702.1599683350; consentUUID=4a271529-52d6-4a90-8a79-c980f3b1e274; euconsent-v2=CO5fE8JO5fE8JAGABCENA2CgAP_AAH_AAAYgGVtf_X9fb2_j-_5999t0eY1f9_63t-wzjgeNs-8NyZ_X_J4Xr2MyvB34pqYKmR4EunLBAQdlHGHcTQgAwIkFqTLsYk2MizNKJ7JEilMbc2dYGG1vn8XT_ZCY70-_f__7v3-_-___6oGUEEGAAKAQBCWAAIEihEIQAIQxIAIAACihEAgEkACRQALI4COUACABAYgIQIAQAgoAYBAAIAAElAQAgAAIBQARAIAAQADAEAACAAEFgBIiAAACoEhAARABKBAQUAAQcggQFQBBACBASGQGAAKAAqACGAEwALgAjgBSADLAGoAOIAfgBGACOAFLAKuAVsA3gCYgE2AKbAWiAwIBh4DIhgAUAbQA8ACxAGyAR6IgOgAqACsAFwAQwApABkADLAGoANkAcQA_ACMAEiAKWAVcA1gB8gENgIvASIAmwBOwChwFIgLkAYEAwkBh4DJxIAIABwA5xAAEA3gSCKAAgABcAFAAVAAyABwADwAIAARAAqAB4AD6AIYAiABMgCqAKwAWAAuABvADmAHoAQ0AiACJAEsAJoAUoAwwBkADLAGoANkAcQA7wB7AD4gH2AfoBGACRAFLAL8AYQAxQBrADaAG4AN4AegA-QCGwEVAIvASIAmIBMoCbAE7AKRAU2ArABYoC2AFyALvAYEAwYBhIDDQGHgMiAZIAycKABAUSGgQAAqACsAFwAQwApABkADLAGkANQAbIA4gB-AEYAKWAVeAtAC0gGsAN4AfIBDYCLwEiAJsATsAocBSIC5AGBAMJAYeAxgBk4cACAA4MAEANkAdQBfQDIxUBkACgAKgAhgBMAC4AI4AUgAywBqADiAH4ARgAjgBSwCrwFoAWkA3gCQQExAJsAU2AuQBgQDDwGRCgAgA2gB4AI9AX0OgigALgAoACoAFwAMgAcABAACIAGIAPoAhgCIAEyAKoArABYAC4AGIAMwAbwA5gB6AEMAIgASwAmABNQCjAKUAZAAyoBogGkANQAbMA3wDgAHEAO8Ae0A-wD8AIwAWKAtAC0gFzALyAX4AwgBigDcQHTAdQA9ACGwERAIvASCAkQBNgCdoFNAU2AqwBYsC2ALZAXAAuQBdoC7wGEgMNAYeAxIBjADHgGSAMnIQKwAFgAUAAyACIAGIAQwAmABVAC4AGYAN4AegBHACkAGUANQAb4A4gB3gD8AIGARgAocBaAFpAL8AYQAxQB1AD0AJBASIAmyBTQFNgLFAWjAtgC2gFwALkAXaAw8BiQDIgGTkoEYACAAFgAUAAuABkADgAMQAiABMACqAFwAMQAZgA2gCGgEQARMApAClAGUANIAbIA7wB-AEYgLQAtIBigDcAHUAReAkQBNgCxQF2gMPAZEAycpA1AAXABQAFQALgAZAA4ACAAGMAQwBEACYAFIAKoAWAAuABiADMAHMAQwAiIBRgFKAMqAaIBpADZAHEAO-AfYB-AEYAI4AUMArYBeQDCAG0ANwAdQA9ACLwEiAJsATtApoCmwFbALFAWwAuABcgC7QGGgMPAYkAxgBkQDJAGTlQAIAPigAEAeA.YAAAAAAAAAAA; _gid=GA1.2.1005183690.1599861538; PHPSESSID=66fk240u746524ldpp8dcadfi1
    [HTTP_HOST] => my.medical-tribune.de
    [HTTP_ORIGIN] => https://my.medical-tribune.de
    [HTTP_REFERER] => https://my.medical-tribune.de/register.php?mode=1
    [HTTP_SEC_FETCH_MODE] => nested-navigate
    [HTTP_SEC_FETCH_SITE] => same-origin
    [HTTP_SEC_FETCH_USER] => ?1
    [HTTP_UPGRADE_INSECURE_REQUESTS] => 1
    [HTTP_USER_AGENT] => Mozilla/5.0 (Linux; Android 10; SAMSUNG SM-G975F) AppleWebKit/537.36 (KHTML, like Gecko) SamsungBrowser/12.1 Chrome/79.0.3945.136 Mobile Safari/537.36
    [PATH] => /bin:/usr/bin
    [QUERY_STRING] => mode=1
    [REDIRECT_STATUS] => 200
    [REMOTE_ADDR] => 37.4.230.66
    [REMOTE_PORT] => 23926
    [REQUEST_METHOD] => POST
    [REQUEST_SCHEME] => https
    [REQUEST_URI] => /register.php?mode=1
    [SCRIPT_FILENAME] => /home/mtde/public_html/my/register.php
    [SCRIPT_NAME] => /register.php
    [SERVER_ADDR] => 46.232.181.187
    [SERVER_ADMIN] => webmaster@my.medical-tribune.de
    [SERVER_NAME] => my.medical-tribune.de
    [SERVER_PORT] => 443
    [SERVER_PROTOCOL] => HTTP/1.1
    [SERVER_SIGNATURE] => 
    [SERVER_SOFTWARE] => Apache
    [SSL_TLS_SNI] => my.medical-tribune.de
    [TZ] => Europe/Zurich
    [UNIQUE_ID] => X1v0xDQ0UiCcBTf3ZzxtpAAAARQ
    [PHP_SELF] => /register.php
    [REQUEST_TIME_FLOAT] => 1599861956.5933
    [REQUEST_TIME] => 1599861956
)

12-09-2020 : sabina.mandt@gmx.de,Array
(
    [CONTENT_LENGTH] => 2504
    [CONTENT_TYPE] => multipart/form-data; boundary=----WebKitFormBoundaryGHIFqcfGbe6KpD7M
    [CONTEXT_DOCUMENT_ROOT] => /home/mtde/public_html/my
    [CONTEXT_PREFIX] => 
    [DOCUMENT_ROOT] => /home/mtde/public_html/my
    [GATEWAY_INTERFACE] => CGI/1.1
    [HTTPS] => on
    [HTTP_ACCEPT] => text/html,application/xhtml+xml,application/xml;q=0.9,*/*;q=0.8
    [HTTP_ACCEPT_ENCODING] => gzip, deflate, br
    [HTTP_ACCEPT_LANGUAGE] => de-de
    [HTTP_CONNECTION] => keep-alive
    [HTTP_COOKIE] => _ga=GA1.2.875214359.1599887979; _gac_UA-1204464-17=1.1599887982.EAIaIQobChMIm9K5koLi6wIVThV7Ch11jgV9EAMYASAAEgKHFfD_BwE; _gid=GA1.2.717062601.1599887979; consentUUID=b2dc5cad-c322-4b1b-a7f5-8dc51fd74fa7; PHPSESSID=k2uruagpshibv0t27159hjug07; _gac_UA-173639924-1=1.1599887982.EAIaIQobChMIm9K5koLi6wIVThV7Ch11jgV9EAMYASAAEgKHFfD_BwE; euconsent-v2=CO5m4hLO5m4hLAGABCENA3CgAP_AAH_AAAYgGVtf_X9fb2_j-_5999t0eY1f9_63t-wzjgeNs-8NyZ_X_J4Xr2MyvB34pqYKmR4EunLBAQdlHGHcTQgAwIkFqTLsYk2MizNKJ7JEilMbc2dYGG1vn8XT_ZCY70-_f__7v3-_-___6oGUEEGAAKAQBCWAAIEihEIQAIQxIAIAACihEAgEkACRQALI4COUACABAYgIQIAQAgoAYBAAIAAElAQAgAAIBQARAIAAQADAEAACAAEFgBIiAAACoEhAARABKBAQUAAQcggQFQBBACBASGQFwAKAAqACGAEwALgAjgBSADLAGoAPwAjABHAClgFXAK2AbwBMQCbAFNgLRAYEAw8BkQwAKANoAeABYgDZAI9EQHAAVABWAC4AIYAUgAyABlgDUAGyAPwAjABIgClgFXANYAfIBDYCLwEiAJsATsAocBSIC5AGBAMJAYeAycSACAAcAOcQABAN4EgigAIAAXABQAFQAMgAcAA8ACAAEQAKgAeAA-gCGAIgATIAqgCsAFgALgAbwA5gB6AENAIgAiQBLACaAFKAMMAZAAywBqADZAHEAO8AewA-IB9gH6ARgAkQBSwC_AGEAMUAawA2gBuADeAHoAPkAhsBFQCLwEiAJiATKAmwBOwCkQFNgKwAWKAtgBcgC7wGBAMGAYSAw0Bh4DIgGSAMnCgAQFEhoD4AKgArABcAEMAKQAZAAywBpADUAGyAPwAjABSwCrwFoAWkA1gBvAD5AIbAReAkQBNgCdgFDgKRAXIAwIBhIDDwGMAMnDgAQAHBgAgBsgDqAL6AZGKgMAAUABUAEMAJgAXABHACkAGWANQAfgBGACOAFLAKvAWgBaQDeAJBATEAmwBTYC5AGBAMPAZEKACADaAHgAj0BfQ6CKAAuACgAKgAXAAyABwAEAAIgAYgA-gCGAIgATIAqgCsAFgALgAYgAzABvADmAHoAQwAiABLACYAE1AKMApQBkADKgGiAaQA1ABswDfAOAAcQA7wB7QD7APwAjABYoC0ALSAXMAvIBfgDCAGKANxAdMB1AD0AIbAREAi8BIICRAE2AJ2gU0BTYCrAFiwLYAtkBcAC5AF2gLvAYSAw0Bh4DEgGMAMeAZIAychArAAWABQADIAIgAYgBDACYAFUALgAZgA3gB6AEcAKQAZQA1ABvgDiAHeAPwAgYBGAChwFoAWkAvwBhADFAHUAPQAkEBIgCbIFNAU2AsUBaMC2ALaAXAAuQBdoDDwGJAMiAZOSgRgAIAAWABQAC4AGQAOAAxACIAEwAKoAXAAxABmADaAIaARABEwCkAKUAZQA0gBsgDvAH4ARiAtAC0gGKANwAdQBF4CRAE2ALFAXaAw8BkQDJykDUABcAFAAVAAuABkADgAIAAYwBDAEQAJgAUgAqgBYAC4AGIAMwAcwBDACIgFGAUoAyoBogGkANkAcQA74B9gH4ARgAjgBQwCtgF5AMIAbQA3AB1AD0AIvASIAmwBO0CmgKbAVsAsUBbAC4AFyALtAYaAw8BiQDGAGRAMkAZOVAAgA-KAAQB4AAAA.YAAAAAAAAAAA
    [HTTP_HOST] => my.medical-tribune.de
    [HTTP_ORIGIN] => https://my.medical-tribune.de
    [HTTP_REFERER] => https://my.medical-tribune.de/register.php?mode=1
    [HTTP_USER_AGENT] => Mozilla/5.0 (iPhone; CPU iPhone OS 13_6_1 like Mac OS X) AppleWebKit/605.1.15 (KHTML, like Gecko) Version/13.1.2 Mobile/15E148 Safari/604.1
    [PATH] => /bin:/usr/bin
    [QUERY_STRING] => mode=1
    [REDIRECT_STATUS] => 200
    [REMOTE_ADDR] => 87.145.18.71
    [REMOTE_PORT] => 50407
    [REQUEST_METHOD] => POST
    [REQUEST_SCHEME] => https
    [REQUEST_URI] => /register.php?mode=1
    [SCRIPT_FILENAME] => /home/mtde/public_html/my/register.php
    [SCRIPT_NAME] => /register.php
    [SERVER_ADDR] => 46.232.181.187
    [SERVER_ADMIN] => webmaster@my.medical-tribune.de
    [SERVER_NAME] => my.medical-tribune.de
    [SERVER_PORT] => 443
    [SERVER_PROTOCOL] => HTTP/1.1
    [SERVER_SIGNATURE] => 
    [SERVER_SOFTWARE] => Apache
    [SSL_TLS_SNI] => my.medical-tribune.de
    [TZ] => Europe/Zurich
    [UNIQUE_ID] => X1xbXdKt1RAqIAGwKNFsGAAAAIs
    [PHP_SELF] => /register.php
    [REQUEST_TIME_FLOAT] => 1599888221.8998
    [REQUEST_TIME] => 1599888221
)

12-09-2020 : kloster-apotheke-loccum@t-online.de,Array
(
    [CONTENT_LENGTH] => 3421
    [CONTENT_TYPE] => multipart/form-data; boundary=---------------------------4330238002357343013904350125
    [CONTEXT_DOCUMENT_ROOT] => /home/mtde/public_html/my
    [CONTEXT_PREFIX] => 
    [DOCUMENT_ROOT] => /home/mtde/public_html/my
    [GATEWAY_INTERFACE] => CGI/1.1
    [HTTPS] => on
    [HTTP_ACCEPT] => text/html,application/xhtml+xml,application/xml;q=0.9,image/webp,*/*;q=0.8
    [HTTP_ACCEPT_ENCODING] => gzip, deflate, br
    [HTTP_ACCEPT_LANGUAGE] => de,en-US;q=0.7,en;q=0.3
    [HTTP_CONNECTION] => keep-alive
    [HTTP_COOKIE] => _ga=GA1.2.320107749.1599892530; _gid=GA1.2.759289123.1599892530; consentUUID=cadeb792-f5de-40d1-af75-5a5782e09762; euconsent-v2=CO5nDoOO5nDoOAGABCENA3CgAP_AAH_AAAYgGVtf_X9fb2_j-_5999t0eY1f9_63t-wzjgeNs-8NyZ_X_J4Xr2MyvB34pqYKmR4EunLBAQdlHGHcTQgAwIkFqTLsYk2MizNKJ7JEilMbc2dYGG1vn8XT_ZCY70-_f__7v3-_-___6oGUEEGAAKAQBCWAAIEihEIQAIQxIAIAACihEAgEkACRQALI4COUACABAYgIQIAQAgoAYBAAIAAElAQAgAAIBQARAIAAQADAEAACAAEFgBIiAAACoEhAARABKBAQUAAQcggQFQBBACBASGQFwAKAAqACGAEwALgAjgBSADLAGoAPwAjABHAClgFXAK2AbwBMQCbAFNgLRAYEAw8BkQwAKANoAeABYgDZAI9EQHAAVABWAC4AIYAUgAyABlgDUAGyAPwAjABIgClgFXANYAfIBDYCLwEiAJsATsAocBSIC5AGBAMJAYeAycSACAAcAOcQABAN4EgigAIAAXABQAFQAMgAcAA8ACAAEQAKgAeAA-gCGAIgATIAqgCsAFgALgAbwA5gB6AENAIgAiQBLACaAFKAMMAZAAywBqADZAHEAO8AewA-IB9gH6ARgAkQBSwC_AGEAMUAawA2gBuADeAHoAPkAhsBFQCLwEiAJiATKAmwBOwCkQFNgKwAWKAtgBcgC7wGBAMGAYSAw0Bh4DIgGSAMnCgAQFEhoD4AKgArABcAEMAKQAZAAywBpADUAGyAPwAjABSwCrwFoAWkA1gBvAD5AIbAReAkQBNgCdgFDgKRAXIAwIBhIDDwGMAMnDgAQAHBgAgBsgDqAL6AZGKgMAAUABUAEMAJgAXABHACkAGWANQAfgBGACOAFLAKvAWgBaQDeAJBATEAmwBTYC5AGBAMPAZEKACADaAHgAj0BfQ6CKAAuACgAKgAXAAyABwAEAAIgAYgA-gCGAIgATIAqgCsAFgALgAYgAzABvADmAHoAQwAiABLACYAE1AKMApQBkADKgGiAaQA1ABswDfAOAAcQA7wB7QD7APwAjABYoC0ALSAXMAvIBfgDCAGKANxAdMB1AD0AIbAREAi8BIICRAE2AJ2gU0BTYCrAFiwLYAtkBcAC5AF2gLvAYSAw0Bh4DEgGMAMeAZIAychArAAWABQADIAIgAYgBDACYAFUALgAZgA3gB6AEcAKQAZQA1ABvgDiAHeAPwAgYBGAChwFoAWkAvwBhADFAHUAPQAkEBIgCbIFNAU2AsUBaMC2ALaAXAAuQBdoDDwGJAMiAZOSgRgAIAAWABQAC4AGQAOAAxACIAEwAKoAXAAxABmADaAIaARABEwCkAKUAZQA0gBsgDvAH4ARiAtAC0gGKANwAdQBF4CRAE2ALFAXaAw8BkQDJykDUABcAFAAVAAuABkADgAIAAYwBDAEQAJgAUgAqgBYAC4AGIAMwAcwBDACIgFGAUoAyoBogGkANkAcQA74B9gH4ARgAjgBQwCtgF5AMIAbQA3AB1AD0AIvASIAmwBO0CmgKbAVsAsUBbAC4AFyALtAYaAw8BiQDGAGRAMkAZOVAAgA-KAAQB4AAAA.YAAAAAAAAAAA; PHPSESSID=elsrf37hbiii04hhogo2knc957
    [HTTP_HOST] => my.medical-tribune.de
    [HTTP_ORIGIN] => https://my.medical-tribune.de
    [HTTP_REFERER] => https://my.medical-tribune.de/register.php?mode=1
    [HTTP_UPGRADE_INSECURE_REQUESTS] => 1
    [HTTP_USER_AGENT] => Mozilla/5.0 (Windows NT 10.0; Win64; x64; rv:80.0) Gecko/20100101 Firefox/80.0
    [PATH] => /bin:/usr/bin
    [QUERY_STRING] => mode=1
    [REDIRECT_STATUS] => 200
    [REMOTE_ADDR] => 87.170.154.17
    [REMOTE_PORT] => 35116
    [REQUEST_METHOD] => POST
    [REQUEST_SCHEME] => https
    [REQUEST_URI] => /register.php?mode=1
    [SCRIPT_FILENAME] => /home/mtde/public_html/my/register.php
    [SCRIPT_NAME] => /register.php
    [SERVER_ADDR] => 46.232.181.187
    [SERVER_ADMIN] => webmaster@my.medical-tribune.de
    [SERVER_NAME] => my.medical-tribune.de
    [SERVER_PORT] => 443
    [SERVER_PROTOCOL] => HTTP/1.1
    [SERVER_SIGNATURE] => 
    [SERVER_SOFTWARE] => Apache
    [SSL_TLS_SNI] => my.medical-tribune.de
    [TZ] => Europe/Zurich
    [UNIQUE_ID] => X1xtCtKt1RAqIAGwKNF0fgAAAJA
    [PHP_SELF] => /register.php
    [REQUEST_TIME_FLOAT] => 1599892746.1231
    [REQUEST_TIME] => 1599892746
)

12-09-2020 : julian.ropers@gmail.com,Array
(
    [CONTENT_LENGTH] => 2118
    [CONTENT_TYPE] => multipart/form-data; boundary=----WebKitFormBoundaryUiyvTnmCCEreTfZM
    [CONTEXT_DOCUMENT_ROOT] => /home/mtde/public_html/my
    [CONTEXT_PREFIX] => 
    [DOCUMENT_ROOT] => /home/mtde/public_html/my
    [GATEWAY_INTERFACE] => CGI/1.1
    [HTTPS] => on
    [HTTP_ACCEPT] => text/html,application/xhtml+xml,application/xml;q=0.9,*/*;q=0.8
    [HTTP_ACCEPT_ENCODING] => gzip, deflate, br
    [HTTP_ACCEPT_LANGUAGE] => de-de
    [HTTP_CONNECTION] => keep-alive
    [HTTP_COOKIE] => PHPSESSID=pva9s4gnip0r7957qs02kotli3; _ga=GA1.2.506838788.1599894407; _gid=GA1.2.2108328044.1599894407; consentUUID=ef2764a0-6eec-4d54-8d59-adb250f206f1; euconsent-v2=CO5nINmO5nINmAGABCENA3CgAP_AAH_AAAYgGVtf_X9fb2_j-_5999t0eY1f9_63t-wzjgeNs-8NyZ_X_J4Xr2MyvB34pqYKmR4EunLBAQdlHGHcTQgAwIkFqTLsYk2MizNKJ7JEilMbc2dYGG1vn8XT_ZCY70-_f__7v3-_-___6oGUEEGAAKAQBCWAAIEihEIQAIQxIAIAACihEAgEkACRQALI4COUACABAYgIQIAQAgoAYBAAIAAElAQAgAAIBQARAIAAQADAEAACAAEFgBIiAAACoEhAARABKBAQUAAQcggQFQBBACBASGQFwAKAAqACGAEwALgAjgBSADLAGoAPwAjABHAClgFXAK2AbwBMQCbAFNgLRAYEAw8BkQwAKANoAeABYgDZAI9EQHAAVABWAC4AIYAUgAyABlgDUAGyAPwAjABIgClgFXANYAfIBDYCLwEiAJsATsAocBSIC5AGBAMJAYeAycSACAAcAOcQABAN4EgigAIAAXABQAFQAMgAcAA8ACAAEQAKgAeAA-gCGAIgATIAqgCsAFgALgAbwA5gB6AENAIgAiQBLACaAFKAMMAZAAywBqADZAHEAO8AewA-IB9gH6ARgAkQBSwC_AGEAMUAawA2gBuADeAHoAPkAhsBFQCLwEiAJiATKAmwBOwCkQFNgKwAWKAtgBcgC7wGBAMGAYSAw0Bh4DIgGSAMnCgAQFEhoD4AKgArABcAEMAKQAZAAywBpADUAGyAPwAjABSwCrwFoAWkA1gBvAD5AIbAReAkQBNgCdgFDgKRAXIAwIBhIDDwGMAMnDgAQAHBgAgBsgDqAL6AZGKgMAAUABUAEMAJgAXABHACkAGWANQAfgBGACOAFLAKvAWgBaQDeAJBATEAmwBTYC5AGBAMPAZEKACADaAHgAj0BfQ6CKAAuACgAKgAXAAyABwAEAAIgAYgA-gCGAIgATIAqgCsAFgALgAYgAzABvADmAHoAQwAiABLACYAE1AKMApQBkADKgGiAaQA1ABswDfAOAAcQA7wB7QD7APwAjABYoC0ALSAXMAvIBfgDCAGKANxAdMB1AD0AIbAREAi8BIICRAE2AJ2gU0BTYCrAFiwLYAtkBcAC5AF2gLvAYSAw0Bh4DEgGMAMeAZIAychArAAWABQADIAIgAYgBDACYAFUALgAZgA3gB6AEcAKQAZQA1ABvgDiAHeAPwAgYBGAChwFoAWkAvwBhADFAHUAPQAkEBIgCbIFNAU2AsUBaMC2ALaAXAAuQBdoDDwGJAMiAZOSgRgAIAAWABQAC4AGQAOAAxACIAEwAKoAXAAxABmADaAIaARABEwCkAKUAZQA0gBsgDvAH4ARiAtAC0gGKANwAdQBF4CRAE2ALFAXaAw8BkQDJykDUABcAFAAVAAuABkADgAIAAYwBDAEQAJgAUgAqgBYAC4AGIAMwAcwBDACIgFGAUoAyoBogGkANkAcQA74B9gH4ARgAjgBQwCtgF5AMIAbQA3AB1AD0AIvASIAmwBO0CmgKbAVsAsUBbAC4AFyALtAYaAw8BiQDGAGRAMkAZOVAAgA-KAAQB4AAAA.YAAAAAAAAAAA
    [HTTP_HOST] => my.medical-tribune.de
    [HTTP_ORIGIN] => https://my.medical-tribune.de
    [HTTP_REFERER] => https://my.medical-tribune.de/register.php?mode=1
    [HTTP_USER_AGENT] => Mozilla/5.0 (iPhone; CPU iPhone OS 13_6_1 like Mac OS X) AppleWebKit/605.1.15 (KHTML, like Gecko) Version/13.1.2 Mobile/15E148 Safari/604.1
    [PATH] => /bin:/usr/bin
    [QUERY_STRING] => mode=1
    [REDIRECT_STATUS] => 200
    [REMOTE_ADDR] => 46.183.103.17
    [REMOTE_PORT] => 4267
    [REQUEST_METHOD] => POST
    [REQUEST_SCHEME] => https
    [REQUEST_URI] => /register.php?mode=1
    [SCRIPT_FILENAME] => /home/mtde/public_html/my/register.php
    [SCRIPT_NAME] => /register.php
    [SERVER_ADDR] => 46.232.181.187
    [SERVER_ADMIN] => webmaster@my.medical-tribune.de
    [SERVER_NAME] => my.medical-tribune.de
    [SERVER_PORT] => 443
    [SERVER_PROTOCOL] => HTTP/1.1
    [SERVER_SIGNATURE] => 
    [SERVER_SOFTWARE] => Apache
    [SSL_TLS_SNI] => my.medical-tribune.de
    [TZ] => Europe/Zurich
    [UNIQUE_ID] => X1x0LLQ8OKM80G9RqAckPQAAAMM
    [PHP_SELF] => /register.php
    [REQUEST_TIME_FLOAT] => 1599894573.0627
    [REQUEST_TIME] => 1599894573
)

12-09-2020 : cofiene@aol.com,Array
(
    [CONTENT_LENGTH] => 3371
    [CONTENT_TYPE] => multipart/form-data; boundary=----WebKitFormBoundaryLcjOrY1XxrFBIHe9
    [CONTEXT_DOCUMENT_ROOT] => /home/mtde/public_html/my
    [CONTEXT_PREFIX] => 
    [DOCUMENT_ROOT] => /home/mtde/public_html/my
    [GATEWAY_INTERFACE] => CGI/1.1
    [HTTPS] => on
    [HTTP_ACCEPT] => text/html,application/xhtml+xml,application/xml;q=0.9,image/webp,image/apng,*/*;q=0.8,application/signed-exchange;v=b3;q=0.9
    [HTTP_ACCEPT_ENCODING] => gzip, deflate, br
    [HTTP_ACCEPT_LANGUAGE] => de-DE,de;q=0.9,en-US;q=0.8,en;q=0.7,fr;q=0.6
    [HTTP_CACHE_CONTROL] => max-age=0
    [HTTP_CONNECTION] => keep-alive
    [HTTP_COOKIE] => _ga=GA1.2.2054239450.1597817034; consentUUID=e8452209-2fa4-4789-87ad-c2841e172bf7; euconsent-v2=CO4X4gAO4X4gAAGABCENAzCgAP_AAH_AAAYgGVtf_X9fb2_j-_5999t0eY1f9_63t-wzjgeNs-8NyZ_X_J4Xr2MyvB34pqYKmR4EunLBAQdlHGHcTQgAwIkFqTLsYk2MizNKJ7JEilMbc2dYGG1vn8XT_ZCY70-_f__7v3-_-___6oGUEEGAAKAQBCWAAIEihEIQAIQxIAIAACihEAgEkACRQALI4COUACABAYgIQIAQAgoAYBAAIAAElAQAgAQIBQARAIAAQADAEAACAAEFgBIiAAACoEhAARABKBAQUAAQcggQFQBBAChAMGQFgAKAAqACGAEwALgAjgBSADLAGoAOIAfgBGAClgFbAN4AmIBNgCmwFogMCAYeAyIRAcABUAFYALgAhgBEgCkAGQAMsAagA2QBxAD8AIwAUsA1gB8gENgIvASIAmwBOwChwFIgLkAYEAwkBh4DJxIAIABwA5wkEQABAAC4AKAAqABkADgAHgAQAAiABUADwAH0AQwBEACZAFUAVgAsABcADeAHMAPQAhoBEAESAJYATQApQBhgDIAGWANQAbIA4gB3gD2AHxAPsA_QCMAFLAL8AYQAxQBrADaAG4AN4AegA-QCGwEVAIvASIAmIBMoCbAE7AKRAU2ArABYoC2AFyALvAYEAwYBhIDDQGHgMiAZIAycNAgABUAFYALgAhgBEgCkAGQAMsAaQA1ABsgDiAH4ARgApcBaAFpANYAbwA-QCGwEXgJEATYAnYBQ4CkQFyAMCAYSAw8BjADJw4AEABwqAuABQAFQAQwAmABcAEcAKQAZYA1ABxAD8AIwAUuAtAC0gG8ASCAmIBNgCmwFyAMCAYeAyIdBFAAXABQAFQALgAZAA4ACAAEQAMQAfQBDAEQAJkAVQBWACwAFwAMQAZgA3gBzAD0AIYARAAlgBMACagFGAUoAyABlQDRANIAagA2YBvgHAAOIAd4A9oB9gH4ARgAsUBaAFpALmAXkAvwBhADFAG4gOmA6gB6AENgIiAReAkEBIgCbAE7QKaApsBVgCxYFsAWyAuABcgC7QF3gMJAYaAw8BiQDGAGPAMkAZOQgVgALAAoABkAEQAMQAhgBMACqAFwAMwAbwA9ACOAFIAMoAagA3wBxADvAH4AQMAjABQ4C0ALSAX4AwgBigDqAHoASCAkQBNkCmgKbAWKAtGBbAFtALgAXIAu0Bh4DEgGRAMnJQIwAEAALAAoABcADIAHAAYgBEACYAFUALgAYgAzABtAENAIgAiYBSAFKAMoAaQA2QB3gD8AIxAWgBaQDFAG4AOoAi8BIgCbAFigLtAYeAyIBk5SBoAAuACgAKgAXAAyABwAEAAMYAhgCIAEwAKQAVQAsABcADEAGYAOYAhgBEQCjAKUAZUA0QDSAGyAOIAd8A-wD8AIwAUMArYBeQDCAG0ANwAdQA9ACLwEiAJsATtApoCmwFbALFAWwAuABcgC7QGGgMPAYkAxgBkQDJAGTlQAIAPgA.YAAAAAAAAAAA; _gid=GA1.2.14912113.1599897401; _gac_UA-173639924-1=1.1599897452.CjwKCAjw4_H6BRALEiwAvgfzqye8tBHjSqyMkPNdZ8CLltVcIQrr7TngDQbB3arZeBeeupKlbwO6PBoCgQAQAvD_BwE; _gac_UA-1204464-17=1.1599897453.CjwKCAjw4_H6BRALEiwAvgfzqye8tBHjSqyMkPNdZ8CLltVcIQrr7TngDQbB3arZeBeeupKlbwO6PBoCgQAQAvD_BwE; PHPSESSID=bq39vnr0gfrgnl3fi42kr4qil2
    [HTTP_HOST] => my.medical-tribune.de
    [HTTP_ORIGIN] => https://my.medical-tribune.de
    [HTTP_REFERER] => https://my.medical-tribune.de/register.php?mode=1
    [HTTP_SEC_FETCH_DEST] => iframe
    [HTTP_SEC_FETCH_MODE] => navigate
    [HTTP_SEC_FETCH_SITE] => same-origin
    [HTTP_SEC_FETCH_USER] => ?1
    [HTTP_UPGRADE_INSECURE_REQUESTS] => 1
    [HTTP_USER_AGENT] => Mozilla/5.0 (Linux; Android 10; SM-G973F) AppleWebKit/537.36 (KHTML, like Gecko) Chrome/85.0.4183.101 Mobile Safari/537.36
    [PATH] => /bin:/usr/bin
    [QUERY_STRING] => mode=1
    [REDIRECT_STATUS] => 200
    [REMOTE_ADDR] => 93.212.64.33
    [REMOTE_PORT] => 35338
    [REQUEST_METHOD] => POST
    [REQUEST_SCHEME] => https
    [REQUEST_URI] => /register.php?mode=1
    [SCRIPT_FILENAME] => /home/mtde/public_html/my/register.php
    [SCRIPT_NAME] => /register.php
    [SERVER_ADDR] => 46.232.181.187
    [SERVER_ADMIN] => webmaster@my.medical-tribune.de
    [SERVER_NAME] => my.medical-tribune.de
    [SERVER_PORT] => 443
    [SERVER_PROTOCOL] => HTTP/1.1
    [SERVER_SIGNATURE] => 
    [SERVER_SOFTWARE] => Apache
    [SSL_TLS_SNI] => my.medical-tribune.de
    [TZ] => Europe/Zurich
    [UNIQUE_ID] => X1yAKqn8HQ2pTTRmmuofmwAAAAc
    [PHP_SELF] => /register.php
    [REQUEST_TIME_FLOAT] => 1599897642.451
    [REQUEST_TIME] => 1599897642
)

12-09-2020 : elonaposch@outlook.com,Array
(
    [CONTENT_LENGTH] => 2514
    [CONTENT_TYPE] => multipart/form-data; boundary=----WebKitFormBoundarykgVNEBWc8YV4RJ9n
    [CONTEXT_DOCUMENT_ROOT] => /home/mtde/public_html/my
    [CONTEXT_PREFIX] => 
    [DOCUMENT_ROOT] => /home/mtde/public_html/my
    [GATEWAY_INTERFACE] => CGI/1.1
    [HTTPS] => on
    [HTTP_ACCEPT] => text/html,application/xhtml+xml,application/xml;q=0.9,image/webp,image/apng,*/*;q=0.8,application/signed-exchange;v=b3;q=0.9
    [HTTP_ACCEPT_ENCODING] => gzip, deflate, br
    [HTTP_ACCEPT_LANGUAGE] => de,de-DE;q=0.9,en;q=0.8,en-GB;q=0.7,en-US;q=0.6
    [HTTP_CACHE_CONTROL] => max-age=0
    [HTTP_CONNECTION] => keep-alive
    [HTTP_COOKIE] => _ga=GA1.2.1735114384.1599901890; _gid=GA1.2.1923460150.1599901890; consentUUID=003465bc-e45e-4bcd-815b-ec12828b3425; euconsent-v2=CO5naelO5naelAGABCENA3CgAP_AAH_AAAYgGVtf_X9fb2_j-_5999t0eY1f9_63t-wzjgeNs-8NyZ_X_J4Xr2MyvB34pqYKmR4EunLBAQdlHGHcTQgAwIkFqTLsYk2MizNKJ7JEilMbc2dYGG1vn8XT_ZCY70-_f__7v3-_-___6oGUEEGAAKAQBCWAAIEihEIQAIQxIAIAACihEAgEkACRQALI4COUACABAYgIQIAQAgoAYBAAIAAElAQAgAAIBQARAIAAQADAEAACAAEFgBIiAAACoEhAARABKBAQUAAQcggQFQBBACBASGQFwAKAAqACGAEwALgAjgBSADLAGoAPwAjABHAClgFXAK2AbwBMQCbAFNgLRAYEAw8BkQwAKANoAeABYgDZAI9EQHAAVABWAC4AIYAUgAyABlgDUAGyAPwAjABIgClgFXANYAfIBDYCLwEiAJsATsAocBSIC5AGBAMJAYeAycSACAAcAOcQABAN4EgigAIAAXABQAFQAMgAcAA8ACAAEQAKgAeAA-gCGAIgATIAqgCsAFgALgAbwA5gB6AENAIgAiQBLACaAFKAMMAZAAywBqADZAHEAO8AewA-IB9gH6ARgAkQBSwC_AGEAMUAawA2gBuADeAHoAPkAhsBFQCLwEiAJiATKAmwBOwCkQFNgKwAWKAtgBcgC7wGBAMGAYSAw0Bh4DIgGSAMnCgAQFEhoD4AKgArABcAEMAKQAZAAywBpADUAGyAPwAjABSwCrwFoAWkA1gBvAD5AIbAReAkQBNgCdgFDgKRAXIAwIBhIDDwGMAMnDgAQAHBgAgBsgDqAL6AZGKgMAAUABUAEMAJgAXABHACkAGWANQAfgBGACOAFLAKvAWgBaQDeAJBATEAmwBTYC5AGBAMPAZEKACADaAHgAj0BfQ6CKAAuACgAKgAXAAyABwAEAAIgAYgA-gCGAIgATIAqgCsAFgALgAYgAzABvADmAHoAQwAiABLACYAE1AKMApQBkADKgGiAaQA1ABswDfAOAAcQA7wB7QD7APwAjABYoC0ALSAXMAvIBfgDCAGKANxAdMB1AD0AIbAREAi8BIICRAE2AJ2gU0BTYCrAFiwLYAtkBcAC5AF2gLvAYSAw0Bh4DEgGMAMeAZIAychArAAWABQADIAIgAYgBDACYAFUALgAZgA3gB6AEcAKQAZQA1ABvgDiAHeAPwAgYBGAChwFoAWkAvwBhADFAHUAPQAkEBIgCbIFNAU2AsUBaMC2ALaAXAAuQBdoDDwGJAMiAZOSgRgAIAAWABQAC4AGQAOAAxACIAEwAKoAXAAxABmADaAIaARABEwCkAKUAZQA0gBsgDvAH4ARiAtAC0gGKANwAdQBF4CRAE2ALFAXaAw8BkQDJykDUABcAFAAVAAuABkADgAIAAYwBDAEQAJgAUgAqgBYAC4AGIAMwAcwBDACIgFGAUoAyoBogGkANkAcQA74B9gH4ARgAjgBQwCtgF5AMIAbQA3AB1AD0AIvASIAmwBO0CmgKbAVsAsUBbAC4AFyALtAYaAw8BiQDGAGRAMkAZOVAAgA-KAAQB4AAAA.YAAAAAAAAAAA; PHPSESSID=qon6e82bh38lvmsnj9bv1aagh5
    [HTTP_DNT] => 1
    [HTTP_HOST] => my.medical-tribune.de
    [HTTP_ORIGIN] => https://my.medical-tribune.de
    [HTTP_REFERER] => https://my.medical-tribune.de/register.php?mode=1
    [HTTP_SEC_FETCH_DEST] => iframe
    [HTTP_SEC_FETCH_MODE] => navigate
    [HTTP_SEC_FETCH_SITE] => same-origin
    [HTTP_SEC_FETCH_USER] => ?1
    [HTTP_UPGRADE_INSECURE_REQUESTS] => 1
    [HTTP_USER_AGENT] => Mozilla/5.0 (Windows NT 10.0; Win64; x64) AppleWebKit/537.36 (KHTML, like Gecko) Chrome/85.0.4183.102 Safari/537.36 Edg/85.0.564.51
    [PATH] => /bin:/usr/bin
    [QUERY_STRING] => mode=1
    [REDIRECT_STATUS] => 200
    [REMOTE_ADDR] => 95.91.221.154
    [REMOTE_PORT] => 56890
    [REQUEST_METHOD] => POST
    [REQUEST_SCHEME] => https
    [REQUEST_URI] => /register.php?mode=1
    [SCRIPT_FILENAME] => /home/mtde/public_html/my/register.php
    [SCRIPT_NAME] => /register.php
    [SERVER_ADDR] => 46.232.181.187
    [SERVER_ADMIN] => webmaster@my.medical-tribune.de
    [SERVER_NAME] => my.medical-tribune.de
    [SERVER_PORT] => 443
    [SERVER_PROTOCOL] => HTTP/1.1
    [SERVER_SIGNATURE] => 
    [SERVER_SOFTWARE] => Apache
    [SSL_TLS_SNI] => my.medical-tribune.de
    [TZ] => Europe/Zurich
    [UNIQUE_ID] => X1ySgEk141g8kGF2Nkwg-QAAAEQ
    [PHP_SELF] => /register.php
    [REQUEST_TIME_FLOAT] => 1599902336.6838
    [REQUEST_TIME] => 1599902336
)

12-09-2020 : bianca.derobertis@web.de,Array
(
    [CONTENT_LENGTH] => 2889
    [CONTENT_TYPE] => multipart/form-data; boundary=----WebKitFormBoundarynTGHBNu4UMIqp5eb
    [CONTEXT_DOCUMENT_ROOT] => /home/mtde/public_html/my
    [CONTEXT_PREFIX] => 
    [DOCUMENT_ROOT] => /home/mtde/public_html/my
    [GATEWAY_INTERFACE] => CGI/1.1
    [HTTPS] => on
    [HTTP_ACCEPT] => text/html,application/xhtml+xml,application/xml;q=0.9,image/webp,image/apng,*/*;q=0.8,application/signed-exchange;v=b3;q=0.9
    [HTTP_ACCEPT_ENCODING] => gzip, deflate, br
    [HTTP_ACCEPT_LANGUAGE] => de-DE,de;q=0.9,en-US;q=0.8,en;q=0.7
    [HTTP_CACHE_CONTROL] => max-age=0
    [HTTP_CONNECTION] => keep-alive
    [HTTP_COOKIE] => _ga=GA1.2.214192767.1599902176; _gid=GA1.2.1575891648.1599902176; consentUUID=627fcf94-0b5c-413c-aa63-f880c83b4b0b; euconsent-v2=CO5nbOOO5nbOOAGABCENA3CgAP_AAH_AAAYgGVtf_X9fb2_j-_5999t0eY1f9_63t-wzjgeNs-8NyZ_X_J4Xr2MyvB34pqYKmR4EunLBAQdlHGHcTQgAwIkFqTLsYk2MizNKJ7JEilMbc2dYGG1vn8XT_ZCY70-_f__7v3-_-___6oGUEEGAAKAQBCWAAIEihEIQAIQxIAIAACihEAgEkACRQALI4COUACABAYgIQIAQAgoAYBAAIAAElAQAgAAIBQARAIAAQADAEAACAAEFgBIiAAACoEhAARABKBAQUAAQcggQFQBBACBASGQFwAKAAqACGAEwALgAjgBSADLAGoAPwAjABHAClgFXAK2AbwBMQCbAFNgLRAYEAw8BkQwAKANoAeABYgDZAI9EQHAAVABWAC4AIYAUgAyABlgDUAGyAPwAjABIgClgFXANYAfIBDYCLwEiAJsATsAocBSIC5AGBAMJAYeAycSACAAcAOcQABAN4EgigAIAAXABQAFQAMgAcAA8ACAAEQAKgAeAA-gCGAIgATIAqgCsAFgALgAbwA5gB6AENAIgAiQBLACaAFKAMMAZAAywBqADZAHEAO8AewA-IB9gH6ARgAkQBSwC_AGEAMUAawA2gBuADeAHoAPkAhsBFQCLwEiAJiATKAmwBOwCkQFNgKwAWKAtgBcgC7wGBAMGAYSAw0Bh4DIgGSAMnCgAQFEhoD4AKgArABcAEMAKQAZAAywBpADUAGyAPwAjABSwCrwFoAWkA1gBvAD5AIbAReAkQBNgCdgFDgKRAXIAwIBhIDDwGMAMnDgAQAHBgAgBsgDqAL6AZGKgMAAUABUAEMAJgAXABHACkAGWANQAfgBGACOAFLAKvAWgBaQDeAJBATEAmwBTYC5AGBAMPAZEKACADaAHgAj0BfQ6CKAAuACgAKgAXAAyABwAEAAIgAYgA-gCGAIgATIAqgCsAFgALgAYgAzABvADmAHoAQwAiABLACYAE1AKMApQBkADKgGiAaQA1ABswDfAOAAcQA7wB7QD7APwAjABYoC0ALSAXMAvIBfgDCAGKANxAdMB1AD0AIbAREAi8BIICRAE2AJ2gU0BTYCrAFiwLYAtkBcAC5AF2gLvAYSAw0Bh4DEgGMAMeAZIAychArAAWABQADIAIgAYgBDACYAFUALgAZgA3gB6AEcAKQAZQA1ABvgDiAHeAPwAgYBGAChwFoAWkAvwBhADFAHUAPQAkEBIgCbIFNAU2AsUBaMC2ALaAXAAuQBdoDDwGJAMiAZOSgRgAIAAWABQAC4AGQAOAAxACIAEwAKoAXAAxABmADaAIaARABEwCkAKUAZQA0gBsgDvAH4ARiAtAC0gGKANwAdQBF4CRAE2ALFAXaAw8BkQDJykDUABcAFAAVAAuABkADgAIAAYwBDAEQAJgAUgAqgBYAC4AGIAMwAcwBDACIgFGAUoAyoBogGkANkAcQA74B9gH4ARgAjgBQwCtgF5AMIAbQA3AB1AD0AIvASIAmwBO0CmgKbAVsAsUBbAC4AFyALtAYaAw8BiQDGAGRAMkAZOVAAgA-KAAQB4AAAA.YAAAAAAAAAAA; PHPSESSID=d3t60943n04tgtcm9ipib5jq55
    [HTTP_HOST] => my.medical-tribune.de
    [HTTP_ORIGIN] => https://my.medical-tribune.de
    [HTTP_REFERER] => https://my.medical-tribune.de/register.php?mode=1
    [HTTP_SEC_FETCH_DEST] => iframe
    [HTTP_SEC_FETCH_MODE] => navigate
    [HTTP_SEC_FETCH_SITE] => same-origin
    [HTTP_SEC_FETCH_USER] => ?1
    [HTTP_UPGRADE_INSECURE_REQUESTS] => 1
    [HTTP_USER_AGENT] => Mozilla/5.0 (Linux; Android 10; LM-G710) AppleWebKit/537.36 (KHTML, like Gecko) Chrome/85.0.4183.101 Mobile Safari/537.36
    [PATH] => /bin:/usr/bin
    [QUERY_STRING] => mode=1
    [REDIRECT_STATUS] => 200
    [REMOTE_ADDR] => 77.21.252.219
    [REMOTE_PORT] => 10058
    [REQUEST_METHOD] => POST
    [REQUEST_SCHEME] => https
    [REQUEST_URI] => /register.php?mode=1
    [SCRIPT_FILENAME] => /home/mtde/public_html/my/register.php
    [SCRIPT_NAME] => /register.php
    [SERVER_ADDR] => 46.232.181.187
    [SERVER_ADMIN] => webmaster@my.medical-tribune.de
    [SERVER_NAME] => my.medical-tribune.de
    [SERVER_PORT] => 443
    [SERVER_PROTOCOL] => HTTP/1.1
    [SERVER_SIGNATURE] => 
    [SERVER_SOFTWARE] => Apache
    [SSL_TLS_SNI] => my.medical-tribune.de
    [TZ] => Europe/Zurich
    [UNIQUE_ID] => X1yVLqn8HQ2pTTRmmuoq7wAAAAw
    [PHP_SELF] => /register.php
    [REQUEST_TIME_FLOAT] => 1599903022.8657
    [REQUEST_TIME] => 1599903022
)

12-09-2020 : simone.lankes@web.de,Array
(
    [CONTENT_LENGTH] => 3714
    [CONTENT_TYPE] => multipart/form-data; boundary=----WebKitFormBoundaryW8sfShNg2eAhg31r
    [CONTEXT_DOCUMENT_ROOT] => /home/mtde/public_html/my
    [CONTEXT_PREFIX] => 
    [DOCUMENT_ROOT] => /home/mtde/public_html/my
    [GATEWAY_INTERFACE] => CGI/1.1
    [HTTPS] => on
    [HTTP_ACCEPT] => text/html,application/xhtml+xml,application/xml;q=0.9,*/*;q=0.8
    [HTTP_ACCEPT_ENCODING] => gzip, deflate, br
    [HTTP_ACCEPT_LANGUAGE] => de-de
    [HTTP_CONNECTION] => keep-alive
    [HTTP_COOKIE] => PHPSESSID=n6o03skji2gen27iflqsns89d0; _ga=GA1.2.1747677140.1599907863; _gid=GA1.2.1533644076.1599907863; consentUUID=c5eb3321-4e0e-407a-a8f1-747ac2e85d2c; euconsent-v2=CO5npD-O5npD-AGABCENA3CgAP_AAH_AAAYgGVtf_X9fb2_j-_5999t0eY1f9_63t-wzjgeNs-8NyZ_X_J4Xr2MyvB34pqYKmR4EunLBAQdlHGHcTQgAwIkFqTLsYk2MizNKJ7JEilMbc2dYGG1vn8XT_ZCY70-_f__7v3-_-___6oGUEEGAAKAQBCWAAIEihEIQAIQxIAIAACihEAgEkACRQALI4COUACABAYgIQIAQAgoAYBAAIAAElAQAgAAIBQARAIAAQADAEAACAAEFgBIiAAACoEhAARABKBAQUAAQcggQFQBBACBASGQFwAKAAqACGAEwALgAjgBSADLAGoAPwAjABHAClgFXAK2AbwBMQCbAFNgLRAYEAw8BkQwAKANoAeABYgDZAI9EQHAAVABWAC4AIYAUgAyABlgDUAGyAPwAjABIgClgFXANYAfIBDYCLwEiAJsATsAocBSIC5AGBAMJAYeAycSACAAcAOcQABAN4EgigAIAAXABQAFQAMgAcAA8ACAAEQAKgAeAA-gCGAIgATIAqgCsAFgALgAbwA5gB6AENAIgAiQBLACaAFKAMMAZAAywBqADZAHEAO8AewA-IB9gH6ARgAkQBSwC_AGEAMUAawA2gBuADeAHoAPkAhsBFQCLwEiAJiATKAmwBOwCkQFNgKwAWKAtgBcgC7wGBAMGAYSAw0Bh4DIgGSAMnCgAQFEhoD4AKgArABcAEMAKQAZAAywBpADUAGyAPwAjABSwCrwFoAWkA1gBvAD5AIbAReAkQBNgCdgFDgKRAXIAwIBhIDDwGMAMnDgAQAHBgAgBsgDqAL6AZGKgMAAUABUAEMAJgAXABHACkAGWANQAfgBGACOAFLAKvAWgBaQDeAJBATEAmwBTYC5AGBAMPAZEKACADaAHgAj0BfQ6CKAAuACgAKgAXAAyABwAEAAIgAYgA-gCGAIgATIAqgCsAFgALgAYgAzABvADmAHoAQwAiABLACYAE1AKMApQBkADKgGiAaQA1ABswDfAOAAcQA7wB7QD7APwAjABYoC0ALSAXMAvIBfgDCAGKANxAdMB1AD0AIbAREAi8BIICRAE2AJ2gU0BTYCrAFiwLYAtkBcAC5AF2gLvAYSAw0Bh4DEgGMAMeAZIAychArAAWABQADIAIgAYgBDACYAFUALgAZgA3gB6AEcAKQAZQA1ABvgDiAHeAPwAgYBGAChwFoAWkAvwBhADFAHUAPQAkEBIgCbIFNAU2AsUBaMC2ALaAXAAuQBdoDDwGJAMiAZOSgRgAIAAWABQAC4AGQAOAAxACIAEwAKoAXAAxABmADaAIaARABEwCkAKUAZQA0gBsgDvAH4ARiAtAC0gGKANwAdQBF4CRAE2ALFAXaAw8BkQDJykDUABcAFAAVAAuABkADgAIAAYwBDAEQAJgAUgAqgBYAC4AGIAMwAcwBDACIgFGAUoAyoBogGkANkAcQA74B9gH4ARgAjgBQwCtgF5AMIAbQA3AB1AD0AIvASIAmwBO0CmgKbAVsAsUBbAC4AFyALtAYaAw8BiQDGAGRAMkAZOVAAgA-KAAQB4AAAA.YAAAAAAAAAAA
    [HTTP_HOST] => my.medical-tribune.de
    [HTTP_ORIGIN] => https://my.medical-tribune.de
    [HTTP_REFERER] => https://my.medical-tribune.de/register.php?mode=1
    [HTTP_USER_AGENT] => Mozilla/5.0 (iPhone; CPU iPhone OS 13_5_1 like Mac OS X) AppleWebKit/605.1.15 (KHTML, like Gecko) Version/13.1.1 Mobile/15E148 Safari/604.1
    [PATH] => /bin:/usr/bin
    [QUERY_STRING] => mode=1
    [REDIRECT_STATUS] => 200
    [REMOTE_ADDR] => 109.42.0.42
    [REMOTE_PORT] => 22339
    [REQUEST_METHOD] => POST
    [REQUEST_SCHEME] => https
    [REQUEST_URI] => /register.php?mode=1
    [SCRIPT_FILENAME] => /home/mtde/public_html/my/register.php
    [SCRIPT_NAME] => /register.php
    [SERVER_ADDR] => 46.232.181.187
    [SERVER_ADMIN] => webmaster@my.medical-tribune.de
    [SERVER_NAME] => my.medical-tribune.de
    [SERVER_PORT] => 443
    [SERVER_PROTOCOL] => HTTP/1.1
    [SERVER_SIGNATURE] => 
    [SERVER_SOFTWARE] => Apache
    [SSL_TLS_SNI] => my.medical-tribune.de
    [TZ] => Europe/Zurich
    [UNIQUE_ID] => X1ypRnbXAAqClbXbmuvqPAAAARQ
    [PHP_SELF] => /register.php
    [REQUEST_TIME_FLOAT] => 1599908166.2398
    [REQUEST_TIME] => 1599908166
)

12-09-2020 : joannazienkiewiczz@gmail.com,Array
(
    [CONTENT_LENGTH] => 3212
    [CONTENT_TYPE] => multipart/form-data; boundary=----WebKitFormBoundaryBLDwuCqkdGvqNcy6
    [CONTEXT_DOCUMENT_ROOT] => /home/mtde/public_html/my
    [CONTEXT_PREFIX] => 
    [DOCUMENT_ROOT] => /home/mtde/public_html/my
    [GATEWAY_INTERFACE] => CGI/1.1
    [HTTPS] => on
    [HTTP_ACCEPT] => text/html,application/xhtml+xml,application/xml;q=0.9,image/avif,image/webp,image/apng,*/*;q=0.8,application/signed-exchange;v=b3;q=0.9
    [HTTP_ACCEPT_ENCODING] => gzip, deflate, br
    [HTTP_ACCEPT_LANGUAGE] => en-US,en;q=0.9,de;q=0.8
    [HTTP_CACHE_CONTROL] => max-age=0
    [HTTP_CONNECTION] => keep-alive
    [HTTP_COOKIE] => consentUUID=711192f1-4d28-4078-8f03-211cc0a80e2a; _ga=GA1.2.1124712955.1599910485; _gid=GA1.2.631933612.1599910485; euconsent-v2=CO5nvg4O5nvg4AGABBENA3CgAAAAAH_AAAYgAAAMoIIMAAUAgCEsAAQJFCIQAAQhiQAAAAFFCIBQJIAEigAWRwEcoIEACAxAQgQAgBBQAwCAAQAAJKAgBACAQCAAiAQAAgAGAIAAEAAILACQEAAAFQJCAAiACUCAggAAg5BAgKgCCAECASMACgDaAHgAWIA2QCPRIAIABwA5xAAEA3gUACAokOABAAcGABAGyAX0KACADaAHgAj0BfRUACAD4oABAHgA.YAAAAAAAAAAA; PHPSESSID=st0d20hk6ravs58svsu87q3lk1
    [HTTP_HOST] => my.medical-tribune.de
    [HTTP_ORIGIN] => https://my.medical-tribune.de
    [HTTP_REFERER] => https://my.medical-tribune.de/register.php?mode=1
    [HTTP_SEC_FETCH_DEST] => iframe
    [HTTP_SEC_FETCH_MODE] => navigate
    [HTTP_SEC_FETCH_SITE] => same-origin
    [HTTP_SEC_FETCH_USER] => ?1
    [HTTP_UPGRADE_INSECURE_REQUESTS] => 1
    [HTTP_USER_AGENT] => Mozilla/5.0 (Windows NT 10.0; Win64; x64) AppleWebKit/537.36 (KHTML, like Gecko) Chrome/85.0.4183.83 Safari/537.36
    [PATH] => /bin:/usr/bin
    [QUERY_STRING] => mode=1
    [REDIRECT_STATUS] => 200
    [REMOTE_ADDR] => 84.56.251.124
    [REMOTE_PORT] => 51480
    [REQUEST_METHOD] => POST
    [REQUEST_SCHEME] => https
    [REQUEST_URI] => /register.php?mode=1
    [SCRIPT_FILENAME] => /home/mtde/public_html/my/register.php
    [SCRIPT_NAME] => /register.php
    [SERVER_ADDR] => 46.232.181.187
    [SERVER_ADMIN] => webmaster@my.medical-tribune.de
    [SERVER_NAME] => my.medical-tribune.de
    [SERVER_PORT] => 443
    [SERVER_PROTOCOL] => HTTP/1.1
    [SERVER_SIGNATURE] => 
    [SERVER_SOFTWARE] => Apache
    [SSL_TLS_SNI] => my.medical-tribune.de
    [TZ] => Europe/Zurich
    [UNIQUE_ID] => X1y0onbXAAqClbXbmuvwoAAAAQI
    [PHP_SELF] => /register.php
    [REQUEST_TIME_FLOAT] => 1599911074.3398
    [REQUEST_TIME] => 1599911074
)

12-09-2020 : victoria.ah@gmx.at,Array
(
    [CONTENT_LENGTH] => 2688
    [CONTENT_TYPE] => multipart/form-data; boundary=----WebKitFormBoundaryTJSnUreUDH9oJBdB
    [CONTEXT_DOCUMENT_ROOT] => /home/mtde/public_html/my
    [CONTEXT_PREFIX] => 
    [DOCUMENT_ROOT] => /home/mtde/public_html/my
    [GATEWAY_INTERFACE] => CGI/1.1
    [HTTPS] => on
    [HTTP_ACCEPT] => text/html,application/xhtml+xml,application/xml;q=0.9,image/webp,image/apng,*/*;q=0.8,application/signed-exchange;v=b3;q=0.9
    [HTTP_ACCEPT_ENCODING] => gzip, deflate, br
    [HTTP_ACCEPT_LANGUAGE] => de-AT,de-DE;q=0.9,de;q=0.8,en-US;q=0.7,en;q=0.6
    [HTTP_CACHE_CONTROL] => max-age=0
    [HTTP_CONNECTION] => keep-alive
    [HTTP_COOKIE] => _ga=GA1.2.633359926.1599918740; _gid=GA1.2.841195434.1599918740; consentUUID=3962df4c-fe5b-46ae-8615-81ffceaea655; euconsent-v2=CO5oDm-O5oDm-AGABCENA3CgAP_AAH_AAACYGVtf_X9fb2_j-_5999t0eY1f9_63t-wzjgeNs-8NyZ_X_J4Xr2MyvB34pqYKmR4EunLBAQdlHGHcTQgAwIkFqTLsYk2MizNKJ7JEilMbc2dYGG1vn8XT_ZCY70-_f__7v3-_-___6oGUEEGAAKAQBCWAAIEihEIQAIQxIAIAACihEAgEkACRQALI4COUACABAYgIQIAQAgoAYBAAIAAElAQAgAAIBQARAIAAQADAEAACAAEFgBIiAAACoEhAARABKBAQUAAQcggQFQBBACBASGQFwAKAAqACGAEwALgAjgBSADLAGoAPwAjABHAClgFXAK2AbwBMQCbAFNgLRAYEAw8BkQwAKANoAeABYgDZAI9EQHAAVABWAC4AIYAUgAyABlgDUAGyAPwAjABIgClgFXANYAfIBDYCLwEiAJsATsAocBSIC5AGBAMJAYeAycSACAAcAOcQABAN4EgigAIAAXABQAFQAMgAcAA8ACAAEQAKgAeAA-gCGAIgATIAqgCsAFgALgAbwA5gB6AENAIgAiQBLACaAFKAMMAZAAywBqADZAHEAO8AewA-IB9gH6ARgAkQBSwC_AGEAMUAawA2gBuADeAHoAPkAhsBFQCLwEiAJiATKAmwBOwCkQFNgKwAWKAtgBcgC7wGBAMGAYSAw0Bh4DIgGSAMnCgAQFEhoD4AKgArABcAEMAKQAZAAywBpADUAGyAPwAjABSwCrwFoAWkA1gBvAD5AIbAReAkQBNgCdgFDgKRAXIAwIBhIDDwGMAMnDgAQAHBgAgBsgDqAL6AZGKgMAAUABUAEMAJgAXABHACkAGWANQAfgBGACOAFLAKvAWgBaQDeAJBATEAmwBTYC5AGBAMPAZEKACADaAHgAj0BfQ6CKAAuACgAKgAXAAyABwAEAAIgAYgA-gCGAIgATIAqgCsAFgALgAYgAzABvADmAHoAQwAiABLACYAE1AKMApQBkADKgGiAaQA1ABswDfAOAAcQA7wB7QD7APwAjABYoC0ALSAXMAvIBfgDCAGKANxAdMB1AD0AIbAREAi8BIICRAE2AJ2gU0BTYCrAFiwLYAtkBcAC5AF2gLvAYSAw0Bh4DEgGMAMeAZIAychArAAWABQADIAIgAYgBDACYAFUALgAZgA3gB6AEcAKQAZQA1ABvgDiAHeAPwAgYBGAChwFoAWkAvwBhADFAHUAPQAkEBIgCbIFNAU2AsUBaMC2ALaAXAAuQBdoDDwGJAMiAZOSgRgAIAAWABQAC4AGQAOAAxACIAEwAKoAXAAxABmADaAIaARABEwCkAKUAZQA0gBsgDvAH4ARiAtAC0gGKANwAdQBF4CRAE2ALFAXaAw8BkQDJykDUABcAFAAVAAuABkADgAIAAYwBDAEQAJgAUgAqgBYAC4AGIAMwAcwBDACIgFGAUoAyoBogGkANkAcQA74B9gH4ARgAjgBQwCtgF5AMIAbQA3AB1AD0AIvASIAmwBO0CmgKbAVsAsUBbAC4AFyALtAYaAw8BiQDGAGRAMkAZOVAAgA-KAAQB4AAAA.YAAAAAAAAAAA; PHPSESSID=qujmu2c82vdth1fr11v1a5rmm1
    [HTTP_HOST] => my.medical-tribune.de
    [HTTP_ORIGIN] => https://my.medical-tribune.de
    [HTTP_REFERER] => https://my.medical-tribune.de/register.php?mode=1
    [HTTP_SEC_FETCH_DEST] => iframe
    [HTTP_SEC_FETCH_MODE] => navigate
    [HTTP_SEC_FETCH_SITE] => same-origin
    [HTTP_SEC_FETCH_USER] => ?1
    [HTTP_UPGRADE_INSECURE_REQUESTS] => 1
    [HTTP_USER_AGENT] => Mozilla/5.0 (Linux; Android 10; VOG-L29) AppleWebKit/537.36 (KHTML, like Gecko) Chrome/85.0.4183.81 Mobile Safari/537.36
    [PATH] => /bin:/usr/bin
    [QUERY_STRING] => mode=1
    [REDIRECT_STATUS] => 200
    [REMOTE_ADDR] => 91.223.248.129
    [REMOTE_PORT] => 51474
    [REQUEST_METHOD] => POST
    [REQUEST_SCHEME] => https
    [REQUEST_URI] => /register.php?mode=1
    [SCRIPT_FILENAME] => /home/mtde/public_html/my/register.php
    [SCRIPT_NAME] => /register.php
    [SERVER_ADDR] => 46.232.181.187
    [SERVER_ADMIN] => webmaster@my.medical-tribune.de
    [SERVER_NAME] => my.medical-tribune.de
    [SERVER_PORT] => 443
    [SERVER_PROTOCOL] => HTTP/1.1
    [SERVER_SIGNATURE] => 
    [SERVER_SOFTWARE] => Apache
    [SSL_TLS_SNI] => my.medical-tribune.de
    [TZ] => Europe/Zurich
    [UNIQUE_ID] => X1zTWa21ou5M@xWyH5xMRwAAAUg
    [PHP_SELF] => /register.php
    [REQUEST_TIME_FLOAT] => 1599918937.625
    [REQUEST_TIME] => 1599918937
)

12-09-2020 : peter.hinke@web.de,Array
(
    [CONTENT_LENGTH] => 3136
    [CONTENT_TYPE] => multipart/form-data; boundary=----WebKitFormBoundaryWsHrZBnGSiavgbRh
    [CONTEXT_DOCUMENT_ROOT] => /home/mtde/public_html/my
    [CONTEXT_PREFIX] => 
    [DOCUMENT_ROOT] => /home/mtde/public_html/my
    [GATEWAY_INTERFACE] => CGI/1.1
    [HTTPS] => on
    [HTTP_ACCEPT] => text/html,application/xhtml+xml,application/xml;q=0.9,image/avif,image/webp,image/apng,*/*;q=0.8,application/signed-exchange;v=b3;q=0.9
    [HTTP_ACCEPT_ENCODING] => gzip, deflate, br
    [HTTP_ACCEPT_LANGUAGE] => de-DE,de;q=0.9,en-US;q=0.8,en;q=0.7
    [HTTP_CACHE_CONTROL] => max-age=0
    [HTTP_CONNECTION] => keep-alive
    [HTTP_COOKIE] => PHPSESSID=huv2u23rpgae714o0miotvah14
    [HTTP_HOST] => my.medical-tribune.de
    [HTTP_ORIGIN] => https://my.medical-tribune.de
    [HTTP_REFERER] => https://my.medical-tribune.de/register.php?mode=1
    [HTTP_SEC_FETCH_DEST] => iframe
    [HTTP_SEC_FETCH_MODE] => navigate
    [HTTP_SEC_FETCH_SITE] => same-origin
    [HTTP_SEC_FETCH_USER] => ?1
    [HTTP_UPGRADE_INSECURE_REQUESTS] => 1
    [HTTP_USER_AGENT] => Mozilla/5.0 (Windows NT 10.0; Win64; x64) AppleWebKit/537.36 (KHTML, like Gecko) Chrome/85.0.4183.102 Safari/537.36
    [PATH] => /bin:/usr/bin
    [QUERY_STRING] => mode=1
    [REDIRECT_STATUS] => 200
    [REMOTE_ADDR] => 93.255.191.231
    [REMOTE_PORT] => 55744
    [REQUEST_METHOD] => POST
    [REQUEST_SCHEME] => https
    [REQUEST_URI] => /register.php?mode=1
    [SCRIPT_FILENAME] => /home/mtde/public_html/my/register.php
    [SCRIPT_NAME] => /register.php
    [SERVER_ADDR] => 46.232.181.187
    [SERVER_ADMIN] => webmaster@my.medical-tribune.de
    [SERVER_NAME] => my.medical-tribune.de
    [SERVER_PORT] => 443
    [SERVER_PROTOCOL] => HTTP/1.1
    [SERVER_SIGNATURE] => 
    [SERVER_SOFTWARE] => Apache
    [SSL_TLS_SNI] => my.medical-tribune.de
    [TZ] => Europe/Zurich
    [UNIQUE_ID] => X1zijwoin25sjO03E5E4YQAAAJU
    [PHP_SELF] => /register.php
    [REQUEST_TIME_FLOAT] => 1599922831.9621
    [REQUEST_TIME] => 1599922831
)

12-09-2020 : jug1440@yahoo.de,Array
(
    [CONTENT_LENGTH] => 3846
    [CONTENT_TYPE] => multipart/form-data; boundary=----WebKitFormBoundaryXQbjvwN3cLwVZOi3
    [CONTEXT_DOCUMENT_ROOT] => /home/mtde/public_html/my
    [CONTEXT_PREFIX] => 
    [DOCUMENT_ROOT] => /home/mtde/public_html/my
    [GATEWAY_INTERFACE] => CGI/1.1
    [HTTPS] => on
    [HTTP_ACCEPT] => text/html,application/xhtml+xml,application/xml;q=0.9,image/webp,image/apng,*/*;q=0.8,application/signed-exchange;v=b3;q=0.9
    [HTTP_ACCEPT_ENCODING] => gzip, deflate, br
    [HTTP_ACCEPT_LANGUAGE] => de-DE,de;q=0.9,en-US;q=0.8,en;q=0.7
    [HTTP_CACHE_CONTROL] => max-age=0
    [HTTP_CONNECTION] => keep-alive
    [HTTP_COOKIE] => _ga=GA1.2.1924691109.1599923625; _gid=GA1.2.723801407.1599923625; consentUUID=d3b88fcd-130f-46be-beb4-22c1b08017be; euconsent-v2=CO5oPkcO5oPkcAGABBENA3CgAAAAAH_AAAYgAAAMoIIMAAUAgCEsAAQJFCIQAAQhiQAAAAFFCIBQJIAEigAWRwEcoIEACAxAQgQAgBBQAwCAAQAAJKAgBACAQCAAiAQAAgAGAIAAEAAILACQEAAAFQJCAAiACUCAggAAg5BAgKgCCAECASMACgDaAHgAWIA2QCPRIAIABwA5xAAEA3gUACAokOABAAcGABAGyAX0KACADaAHgAj0BfRUACAD4oABAHgA.YAAAAAAAAAAA; PHPSESSID=7dlkbi84djnh791i8sade4nmd1
    [HTTP_HOST] => my.medical-tribune.de
    [HTTP_ORIGIN] => https://my.medical-tribune.de
    [HTTP_REFERER] => https://my.medical-tribune.de/register.php?mode=1
    [HTTP_SAVE_DATA] => on
    [HTTP_SEC_FETCH_DEST] => iframe
    [HTTP_SEC_FETCH_MODE] => navigate
    [HTTP_SEC_FETCH_SITE] => same-origin
    [HTTP_SEC_FETCH_USER] => ?1
    [HTTP_UPGRADE_INSECURE_REQUESTS] => 1
    [HTTP_USER_AGENT] => Mozilla/5.0 (Linux; Android 9; HTC Desire 19+) AppleWebKit/537.36 (KHTML, like Gecko) Chrome/85.0.4183.101 Mobile Safari/537.36
    [PATH] => /bin:/usr/bin
    [QUERY_STRING] => mode=1
    [REDIRECT_STATUS] => 200
    [REMOTE_ADDR] => 88.152.158.135
    [REMOTE_PORT] => 56432
    [REQUEST_METHOD] => POST
    [REQUEST_SCHEME] => https
    [REQUEST_URI] => /register.php?mode=1
    [SCRIPT_FILENAME] => /home/mtde/public_html/my/register.php
    [SCRIPT_NAME] => /register.php
    [SERVER_ADDR] => 46.232.181.187
    [SERVER_ADMIN] => webmaster@my.medical-tribune.de
    [SERVER_NAME] => my.medical-tribune.de
    [SERVER_PORT] => 443
    [SERVER_PROTOCOL] => HTTP/1.1
    [SERVER_SIGNATURE] => 
    [SERVER_SOFTWARE] => Apache
    [SSL_TLS_SNI] => my.medical-tribune.de
    [TZ] => Europe/Zurich
    [UNIQUE_ID] => X1zq3jIr0W460@1AmO6QIwAAAAs
    [PHP_SELF] => /register.php
    [REQUEST_TIME_FLOAT] => 1599924958.1606
    [REQUEST_TIME] => 1599924958
)

12-09-2020 : elsbeth.simma@oberschwabenklinik.de,Array
(
    [CONTENT_LENGTH] => 2981
    [CONTENT_TYPE] => multipart/form-data; boundary=---------------------------7e4a938202e2
    [CONTEXT_DOCUMENT_ROOT] => /home/mtde/public_html/my
    [CONTEXT_PREFIX] => 
    [DOCUMENT_ROOT] => /home/mtde/public_html/my
    [GATEWAY_INTERFACE] => CGI/1.1
    [HTTPS] => on
    [HTTP_ACCEPT] => text/html, application/xhtml+xml, */*
    [HTTP_ACCEPT_ENCODING] => gzip, deflate
    [HTTP_ACCEPT_LANGUAGE] => de-DE
    [HTTP_CACHE_CONTROL] => no-cache
    [HTTP_CONNECTION] => keep-alive
    [HTTP_COOKIE] => _ga=GA1.2.913206500.1599932203; _gid=GA1.2.50246992.1599932203; _gac_UA-173639924-1=1.1599932221.EAIaIQobChMI38-08JPk6wIVFSwYCh3S5QNWEAAYASAAEgKfYvD_BwE; consentUUID=92076be2-cfb2-4520-a619-4ac4859939eb; euconsent-v2=CO5okhgO5okhgAGABBENA3CgAAAAAH_AAAYgAAAMoIIMAAUAgCEsAAQJFCIQAAQhiQAAAAFFCIBQJIAEigAWRwEcoIEACAxAQgQAgBBQAwCAAQAAJKAgBACAQCAAiAQAAgAGAIAAEAAILACQEAAAFQJCAAiACUCAggAAg5BAgKgCCAECASMACgDaAHgAWIA2QCPRIAIABwA5xAAEA3gUACAokOABAAcGABAGyAX0KACADaAHgAj0BfRUACAD4oABAHgA.YAAAAAAAAAAA; PHPSESSID=mqqad41d0dcna1so7v0vsofk41
    [HTTP_HOST] => my.medical-tribune.de
    [HTTP_REFERER] => https://my.medical-tribune.de/register.php?mode=1
    [HTTP_USER_AGENT] => Mozilla/5.0 (Windows NT 6.1; WOW64; Trident/7.0; rv:11.0) like Gecko
    [HTTP_VIA] => HTTPS/1.1 forward.http.proxy:3128
    [PATH] => /bin:/usr/bin
    [QUERY_STRING] => mode=1
    [REDIRECT_STATUS] => 200
    [REMOTE_ADDR] => 213.30.216.194
    [REMOTE_PORT] => 45949
    [REQUEST_METHOD] => POST
    [REQUEST_SCHEME] => https
    [REQUEST_URI] => /register.php?mode=1
    [SCRIPT_FILENAME] => /home/mtde/public_html/my/register.php
    [SCRIPT_NAME] => /register.php
    [SERVER_ADDR] => 46.232.181.187
    [SERVER_ADMIN] => webmaster@my.medical-tribune.de
    [SERVER_NAME] => my.medical-tribune.de
    [SERVER_PORT] => 443
    [SERVER_PROTOCOL] => HTTP/1.1
    [SERVER_SIGNATURE] => 
    [SERVER_SOFTWARE] => Apache
    [SSL_TLS_SNI] => my.medical-tribune.de
    [TZ] => Europe/Zurich
    [UNIQUE_ID] => X10I3K21ou5M@xWyH5xqjwAAAUU
    [PHP_SELF] => /register.php
    [REQUEST_TIME_FLOAT] => 1599932636.4125
    [REQUEST_TIME] => 1599932636
)

12-09-2020 : i-hartwig-weber@t-online.de,Array
(
    [CONTENT_LENGTH] => 3143
    [CONTENT_TYPE] => multipart/form-data; boundary=----WebKitFormBoundary1vuALFjzubPOWxVu
    [CONTEXT_DOCUMENT_ROOT] => /home/mtde/public_html/my
    [CONTEXT_PREFIX] => 
    [DOCUMENT_ROOT] => /home/mtde/public_html/my
    [GATEWAY_INTERFACE] => CGI/1.1
    [HTTPS] => on
    [HTTP_ACCEPT] => text/html,application/xhtml+xml,application/xml;q=0.9,*/*;q=0.8
    [HTTP_ACCEPT_ENCODING] => gzip, deflate, br
    [HTTP_ACCEPT_LANGUAGE] => de-de
    [HTTP_CONNECTION] => keep-alive
    [HTTP_COOKIE] => PHPSESSID=m91qj0fcekjkdbd8mriini7v93; _ga=GA1.2.1541372631.1599937713; _gid=GA1.2.1821464355.1599937713; consentUUID=8652a6fb-0828-407e-8bdd-b102ce2c3bdb; euconsent-v2=CO5ox_mO5ox_mAGABBENA3CgAAAAAH_AAAYgAAAMoIIMAAUAgCEsAAQJFCIQAAQhiQAAAAFFCIBQJIAEigAWRwEcoIEACAxAQgQAgBBQAwCAAQAAJKAgBACAQCAAiAQAAgAGAIAAEAAILACQEAAAFQJCAAiACUCAggAAg5BAgKgCCAECASMACgDaAHgAWIA2QCPRIAIABwA5xAAEA3gUACAokOABAAcGABAGyAX0KACADaAHgAj0BfRUACAD4oABAHgA.YAAAAAAAAAAA
    [HTTP_HOST] => my.medical-tribune.de
    [HTTP_ORIGIN] => https://my.medical-tribune.de
    [HTTP_REFERER] => https://my.medical-tribune.de/register.php?mode=1
    [HTTP_USER_AGENT] => Mozilla/5.0 (iPhone; CPU iPhone OS 13_6_1 like Mac OS X) AppleWebKit/605.1.15 (KHTML, like Gecko) Version/13.1.2 Mobile/15E148 Safari/604.1
    [PATH] => /bin:/usr/bin
    [QUERY_STRING] => mode=1
    [REDIRECT_STATUS] => 200
    [REMOTE_ADDR] => 93.233.128.83
    [REMOTE_PORT] => 50151
    [REQUEST_METHOD] => POST
    [REQUEST_SCHEME] => https
    [REQUEST_URI] => /register.php?mode=1
    [SCRIPT_FILENAME] => /home/mtde/public_html/my/register.php
    [SCRIPT_NAME] => /register.php
    [SERVER_ADDR] => 46.232.181.187
    [SERVER_ADMIN] => webmaster@my.medical-tribune.de
    [SERVER_NAME] => my.medical-tribune.de
    [SERVER_PORT] => 443
    [SERVER_PROTOCOL] => HTTP/1.1
    [SERVER_SIGNATURE] => 
    [SERVER_SOFTWARE] => Apache
    [SSL_TLS_SNI] => my.medical-tribune.de
    [TZ] => Europe/Zurich
    [UNIQUE_ID] => X10fEwoin25sjO03E5FZRgAAAI8
    [PHP_SELF] => /register.php
    [REQUEST_TIME_FLOAT] => 1599938323.5513
    [REQUEST_TIME] => 1599938323
)

12-09-2020 : patricia.lisson@gmx.de,Array
(
    [CONTENT_LENGTH] => 3708
    [CONTENT_TYPE] => multipart/form-data; boundary=---------------------------9232490034007380048790526460
    [CONTEXT_DOCUMENT_ROOT] => /home/mtde/public_html/my
    [CONTEXT_PREFIX] => 
    [DOCUMENT_ROOT] => /home/mtde/public_html/my
    [GATEWAY_INTERFACE] => CGI/1.1
    [HTTPS] => on
    [HTTP_ACCEPT] => text/html,application/xhtml+xml,application/xml;q=0.9,image/webp,*/*;q=0.8
    [HTTP_ACCEPT_ENCODING] => gzip, deflate, br
    [HTTP_ACCEPT_LANGUAGE] => en-US,en;q=0.5
    [HTTP_CONNECTION] => keep-alive
    [HTTP_COOKIE] => consentUUID=c663a40b-04ab-4582-ac4a-599c5736c920; _ga=GA1.2.1476778969.1599938516; _gid=GA1.2.760129057.1599938516; euconsent-v2=CO5oz5rO5oz5rAGABCENA3CgAP_AAH_AAAYgGVtf_X9fb2_j-_5999t0eY1f9_63t-wzjgeNs-8NyZ_X_J4Xr2MyvB34pqYKmR4EunLBAQdlHGHcTQgAwIkFqTLsYk2MizNKJ7JEilMbc2dYGG1vn8XT_ZCY70-_f__7v3-_-___6oGUEEGAAKAQBCWAAIEihEIQAIQxIAIAACihEAgEkACRQALI4COUACABAYgIQIAQAgoAYBAAIAAElAQAgAAIBQARAIAAQADAEAACAAEFgBIiAAACoEhAARABKBAQUAAQcggQFQBBACBASGQFwAKAAqACGAEwALgAjgBSADLAGoAPwAjABHAClgFXAK2AbwBMQCbAFNgLRAYEAw8BkQwAKANoAeABYgDZAI9EQHAAVABWAC4AIYAUgAyABlgDUAGyAPwAjABIgClgFXANYAfIBDYCLwEiAJsATsAocBSIC5AGBAMJAYeAycSACAAcAOcQABAN4EgigAIAAXABQAFQAMgAcAA8ACAAEQAKgAeAA-gCGAIgATIAqgCsAFgALgAbwA5gB6AENAIgAiQBLACaAFKAMMAZAAywBqADZAHEAO8AewA-IB9gH6ARgAkQBSwC_AGEAMUAawA2gBuADeAHoAPkAhsBFQCLwEiAJiATKAmwBOwCkQFNgKwAWKAtgBcgC7wGBAMGAYSAw0Bh4DIgGSAMnCgAQFEhoD4AKgArABcAEMAKQAZAAywBpADUAGyAPwAjABSwCrwFoAWkA1gBvAD5AIbAReAkQBNgCdgFDgKRAXIAwIBhIDDwGMAMnDgAQAHBgAgBsgDqAL6AZGKgMAAUABUAEMAJgAXABHACkAGWANQAfgBGACOAFLAKvAWgBaQDeAJBATEAmwBTYC5AGBAMPAZEKACADaAHgAj0BfQ6CKAAuACgAKgAXAAyABwAEAAIgAYgA-gCGAIgATIAqgCsAFgALgAYgAzABvADmAHoAQwAiABLACYAE1AKMApQBkADKgGiAaQA1ABswDfAOAAcQA7wB7QD7APwAjABYoC0ALSAXMAvIBfgDCAGKANxAdMB1AD0AIbAREAi8BIICRAE2AJ2gU0BTYCrAFiwLYAtkBcAC5AF2gLvAYSAw0Bh4DEgGMAMeAZIAychArAAWABQADIAIgAYgBDACYAFUALgAZgA3gB6AEcAKQAZQA1ABvgDiAHeAPwAgYBGAChwFoAWkAvwBhADFAHUAPQAkEBIgCbIFNAU2AsUBaMC2ALaAXAAuQBdoDDwGJAMiAZOSgRgAIAAWABQAC4AGQAOAAxACIAEwAKoAXAAxABmADaAIaARABEwCkAKUAZQA0gBsgDvAH4ARiAtAC0gGKANwAdQBF4CRAE2ALFAXaAw8BkQDJykDUABcAFAAVAAuABkADgAIAAYwBDAEQAJgAUgAqgBYAC4AGIAMwAcwBDACIgFGAUoAyoBogGkANkAcQA74B9gH4ARgAjgBQwCtgF5AMIAbQA3AB1AD0AIvASIAmwBO0CmgKbAVsAsUBbAC4AFyALtAYaAw8BiQDGAGRAMkAZOVAAgA-KAAQB4AAAA.YAAAAAAAAAAA; PHPSESSID=sbof7j62130l5696tubl6kntm6
    [HTTP_HOST] => my.medical-tribune.de
    [HTTP_ORIGIN] => https://my.medical-tribune.de
    [HTTP_REFERER] => https://my.medical-tribune.de/register.php?mode=1
    [HTTP_UPGRADE_INSECURE_REQUESTS] => 1
    [HTTP_USER_AGENT] => Mozilla/5.0 (Windows NT 10.0; Win64; x64; rv:80.0) Gecko/20100101 Firefox/80.0
    [PATH] => /bin:/usr/bin
    [QUERY_STRING] => mode=1
    [REDIRECT_STATUS] => 200
    [REMOTE_ADDR] => 88.217.181.75
    [REMOTE_PORT] => 20149
    [REQUEST_METHOD] => POST
    [REQUEST_SCHEME] => https
    [REQUEST_URI] => /register.php?mode=1
    [SCRIPT_FILENAME] => /home/mtde/public_html/my/register.php
    [SCRIPT_NAME] => /register.php
    [SERVER_ADDR] => 46.232.181.187
    [SERVER_ADMIN] => webmaster@my.medical-tribune.de
    [SERVER_NAME] => my.medical-tribune.de
    [SERVER_PORT] => 443
    [SERVER_PROTOCOL] => HTTP/1.1
    [SERVER_SIGNATURE] => 
    [SERVER_SOFTWARE] => Apache
    [SSL_TLS_SNI] => my.medical-tribune.de
    [TZ] => Europe/Zurich
    [UNIQUE_ID] => X10gtgoin25sjO03E5FaQgAAAIk
    [PHP_SELF] => /register.php
    [REQUEST_TIME_FLOAT] => 1599938743.0078
    [REQUEST_TIME] => 1599938743
)

12-09-2020 : von-Niessen@t-online.de,Array
(
    [CONTENT_LENGTH] => 3238
    [CONTENT_TYPE] => multipart/form-data; boundary=----WebKitFormBoundary3QKE9i1FUAB6ydpK
    [CONTEXT_DOCUMENT_ROOT] => /home/mtde/public_html/my
    [CONTEXT_PREFIX] => 
    [DOCUMENT_ROOT] => /home/mtde/public_html/my
    [GATEWAY_INTERFACE] => CGI/1.1
    [HTTPS] => on
    [HTTP_ACCEPT] => text/html,application/xhtml+xml,application/xml;q=0.9,image/webp,image/apng,*/*;q=0.8,application/signed-exchange;v=b3;q=0.9
    [HTTP_ACCEPT_ENCODING] => gzip, deflate, br
    [HTTP_ACCEPT_LANGUAGE] => de,de-DE;q=0.9,en;q=0.8,en-GB;q=0.7,en-US;q=0.6
    [HTTP_CACHE_CONTROL] => max-age=0
    [HTTP_CONNECTION] => keep-alive
    [HTTP_COOKIE] => consentUUID=e2db953a-189d-4226-9f96-03ef33aa6a6f; _ga=GA1.2.745895548.1599939825; _gid=GA1.2.1817990395.1599939825; euconsent-v2=CO5o3ItO5o3ItAGABCENA3CgAP_AAH_AAAYgGVtf_X9fb2_j-_5999t0eY1f9_63t-wzjgeNs-8NyZ_X_J4Xr2MyvB34pqYKmR4EunLBAQdlHGHcTQgAwIkFqTLsYk2MizNKJ7JEilMbc2dYGG1vn8XT_ZCY70-_f__7v3-_-___6oGUEEGAAKAQBCWAAIEihEIQAIQxIAIAACihEAgEkACRQALI4COUACABAYgIQIAQAgoAYBAAIAAElAQAgAAIBQARAIAAQADAEAACAAEFgBIiAAACoEhAARABKBAQUAAQcggQFQBBACBASGQFwAKAAqACGAEwALgAjgBSADLAGoAPwAjABHAClgFXAK2AbwBMQCbAFNgLRAYEAw8BkQwAKANoAeABYgDZAI9EQHAAVABWAC4AIYAUgAyABlgDUAGyAPwAjABIgClgFXANYAfIBDYCLwEiAJsATsAocBSIC5AGBAMJAYeAycSACAAcAOcQABAN4EgigAIAAXABQAFQAMgAcAA8ACAAEQAKgAeAA-gCGAIgATIAqgCsAFgALgAbwA5gB6AENAIgAiQBLACaAFKAMMAZAAywBqADZAHEAO8AewA-IB9gH6ARgAkQBSwC_AGEAMUAawA2gBuADeAHoAPkAhsBFQCLwEiAJiATKAmwBOwCkQFNgKwAWKAtgBcgC7wGBAMGAYSAw0Bh4DIgGSAMnCgAQFEhoD4AKgArABcAEMAKQAZAAywBpADUAGyAPwAjABSwCrwFoAWkA1gBvAD5AIbAReAkQBNgCdgFDgKRAXIAwIBhIDDwGMAMnDgAQAHBgAgBsgDqAL6AZGKgMAAUABUAEMAJgAXABHACkAGWANQAfgBGACOAFLAKvAWgBaQDeAJBATEAmwBTYC5AGBAMPAZEKACADaAHgAj0BfQ6CKAAuACgAKgAXAAyABwAEAAIgAYgA-gCGAIgATIAqgCsAFgALgAYgAzABvADmAHoAQwAiABLACYAE1AKMApQBkADKgGiAaQA1ABswDfAOAAcQA7wB7QD7APwAjABYoC0ALSAXMAvIBfgDCAGKANxAdMB1AD0AIbAREAi8BIICRAE2AJ2gU0BTYCrAFiwLYAtkBcAC5AF2gLvAYSAw0Bh4DEgGMAMeAZIAychArAAWABQADIAIgAYgBDACYAFUALgAZgA3gB6AEcAKQAZQA1ABvgDiAHeAPwAgYBGAChwFoAWkAvwBhADFAHUAPQAkEBIgCbIFNAU2AsUBaMC2ALaAXAAuQBdoDDwGJAMiAZOSgRgAIAAWABQAC4AGQAOAAxACIAEwAKoAXAAxABmADaAIaARABEwCkAKUAZQA0gBsgDvAH4ARiAtAC0gGKANwAdQBF4CRAE2ALFAXaAw8BkQDJykDUABcAFAAVAAuABkADgAIAAYwBDAEQAJgAUgAqgBYAC4AGIAMwAcwBDACIgFGAUoAyoBogGkANkAcQA74B9gH4ARgAjgBQwCtgF5AMIAbQA3AB1AD0AIvASIAmwBO0CmgKbAVsAsUBbAC4AFyALtAYaAw8BiQDGAGRAMkAZOVAAgA-KAAQB4AAAA.YAAAAAAAAAAA; PHPSESSID=lj6qgrhkboq65aq47vjnpjggf1
    [HTTP_HOST] => my.medical-tribune.de
    [HTTP_ORIGIN] => https://my.medical-tribune.de
    [HTTP_REFERER] => https://my.medical-tribune.de/register.php?mode=1
    [HTTP_SEC_FETCH_DEST] => iframe
    [HTTP_SEC_FETCH_MODE] => navigate
    [HTTP_SEC_FETCH_SITE] => same-origin
    [HTTP_SEC_FETCH_USER] => ?1
    [HTTP_UPGRADE_INSECURE_REQUESTS] => 1
    [HTTP_USER_AGENT] => Mozilla/5.0 (Windows NT 10.0; Win64; x64) AppleWebKit/537.36 (KHTML, like Gecko) Chrome/85.0.4183.102 Safari/537.36 Edg/85.0.564.51
    [PATH] => /bin:/usr/bin
    [QUERY_STRING] => mode=1
    [REDIRECT_STATUS] => 200
    [REMOTE_ADDR] => 79.255.61.193
    [REMOTE_PORT] => 56523
    [REQUEST_METHOD] => POST
    [REQUEST_SCHEME] => https
    [REQUEST_URI] => /register.php?mode=1
    [SCRIPT_FILENAME] => /home/mtde/public_html/my/register.php
    [SCRIPT_NAME] => /register.php
    [SERVER_ADDR] => 46.232.181.187
    [SERVER_ADMIN] => webmaster@my.medical-tribune.de
    [SERVER_NAME] => my.medical-tribune.de
    [SERVER_PORT] => 443
    [SERVER_PROTOCOL] => HTTP/1.1
    [SERVER_SIGNATURE] => 
    [SERVER_SOFTWARE] => Apache
    [SSL_TLS_SNI] => my.medical-tribune.de
    [TZ] => Europe/Zurich
    [UNIQUE_ID] => X10n4rddyN2bUU5Lnu5ptwAAAMY
    [PHP_SELF] => /register.php
    [REQUEST_TIME_FLOAT] => 1599940578.8748
    [REQUEST_TIME] => 1599940578
)

