24-09-2019 : m.holthoff-stenger@wortundbildverlag.de,Array
(
    [CONTENT_LENGTH] => 2595
    [CONTENT_TYPE] => multipart/form-data; boundary=----WebKitFormBoundaryxflWQgjwJZPgjPPj
    [CONTEXT_DOCUMENT_ROOT] => /home/mtde/public_html/my
    [CONTEXT_PREFIX] => 
    [DOCUMENT_ROOT] => /home/mtde/public_html/my
    [GATEWAY_INTERFACE] => CGI/1.1
    [HTTPS] => on
    [HTTP_ACCEPT] => text/html,application/xhtml+xml,application/xml;q=0.9,*/*;q=0.8
    [HTTP_ACCEPT_ENCODING] => gzip, deflate
    [HTTP_ACCEPT_LANGUAGE] => de-de
    [HTTP_CONNECTION] => keep-alive
    [HTTP_COOKIE] => PHPSESSID=epagrpmqvtilvadk4jj607bd10; _ga=GA1.2.137241378.1527501400; _gid=GA1.2.1077924543.1569314198
    [HTTP_HOST] => my.medical-tribune.de
    [HTTP_ORIGIN] => https://my.medical-tribune.de
    [HTTP_REFERER] => https://my.medical-tribune.de/register.php?mode=1
    [HTTP_USER_AGENT] => Mozilla/5.0 (Macintosh; Intel Mac OS X 10_12_6) AppleWebKit/605.1.15 (KHTML, like Gecko) Version/12.1 Safari/605.1.15
    [PATH] => /bin:/usr/bin
    [QUERY_STRING] => mode=1
    [REDIRECT_STATUS] => 200
    [REMOTE_ADDR] => 109.41.192.13
    [REMOTE_PORT] => 24507
    [REQUEST_METHOD] => POST
    [REQUEST_SCHEME] => https
    [REQUEST_URI] => /register.php?mode=1
    [SCRIPT_FILENAME] => /home/mtde/public_html/my/register.php
    [SCRIPT_NAME] => /register.php
    [SERVER_ADDR] => 46.232.181.187
    [SERVER_ADMIN] => webmaster@my.medical-tribune.de
    [SERVER_NAME] => my.medical-tribune.de
    [SERVER_PORT] => 443
    [SERVER_PROTOCOL] => HTTP/1.1
    [SERVER_SIGNATURE] => 
    [SERVER_SOFTWARE] => Apache
    [SSL_TLS_SNI] => my.medical-tribune.de
    [TZ] => Europe/Zurich
    [UNIQUE_ID] => XYnW9C-23Ycobc11bJWRIAAAAA8
    [PHP_SELF] => /register.php
    [REQUEST_TIME_FLOAT] => 1569314548.4112
    [REQUEST_TIME] => 1569314548
)

24-09-2019 : text@holthoff-stenger.de,Array
(
    [CONTENT_LENGTH] => 2586
    [CONTENT_TYPE] => multipart/form-data; boundary=----WebKitFormBoundarySgUYlVSpzkYAlbS4
    [CONTEXT_DOCUMENT_ROOT] => /home/mtde/public_html/my
    [CONTEXT_PREFIX] => 
    [DOCUMENT_ROOT] => /home/mtde/public_html/my
    [GATEWAY_INTERFACE] => CGI/1.1
    [HTTPS] => on
    [HTTP_ACCEPT] => text/html,application/xhtml+xml,application/xml;q=0.9,*/*;q=0.8
    [HTTP_ACCEPT_ENCODING] => gzip, deflate
    [HTTP_ACCEPT_LANGUAGE] => de-de
    [HTTP_CONNECTION] => keep-alive
    [HTTP_COOKIE] => PHPSESSID=epagrpmqvtilvadk4jj607bd10; _ga=GA1.2.137241378.1527501400; _gid=GA1.2.1077924543.1569314198
    [HTTP_HOST] => my.medical-tribune.de
    [HTTP_ORIGIN] => https://my.medical-tribune.de
    [HTTP_REFERER] => https://my.medical-tribune.de/register.php?mode=1
    [HTTP_USER_AGENT] => Mozilla/5.0 (Macintosh; Intel Mac OS X 10_12_6) AppleWebKit/605.1.15 (KHTML, like Gecko) Version/12.1 Safari/605.1.15
    [PATH] => /bin:/usr/bin
    [QUERY_STRING] => mode=1
    [REDIRECT_STATUS] => 200
    [REMOTE_ADDR] => 109.41.192.13
    [REMOTE_PORT] => 7108
    [REQUEST_METHOD] => POST
    [REQUEST_SCHEME] => https
    [REQUEST_URI] => /register.php?mode=1
    [SCRIPT_FILENAME] => /home/mtde/public_html/my/register.php
    [SCRIPT_NAME] => /register.php
    [SERVER_ADDR] => 46.232.181.187
    [SERVER_ADMIN] => webmaster@my.medical-tribune.de
    [SERVER_NAME] => my.medical-tribune.de
    [SERVER_PORT] => 443
    [SERVER_PROTOCOL] => HTTP/1.1
    [SERVER_SIGNATURE] => 
    [SERVER_SOFTWARE] => Apache
    [SSL_TLS_SNI] => my.medical-tribune.de
    [TZ] => Europe/Zurich
    [UNIQUE_ID] => XYnXak@QnsnaJ5KOwRNkqwAAAJE
    [PHP_SELF] => /register.php
    [REQUEST_TIME_FLOAT] => 1569314667.0298
    [REQUEST_TIME] => 1569314667
)

24-09-2019 : dres.holmrichter@t-online.de,Array
(
    [CONTENT_LENGTH] => 3240
    [CONTENT_TYPE] => multipart/form-data; boundary=---------------------------7e32103519090c
    [CONTEXT_DOCUMENT_ROOT] => /home/mtde/public_html/my
    [CONTEXT_PREFIX] => 
    [DOCUMENT_ROOT] => /home/mtde/public_html/my
    [GATEWAY_INTERFACE] => CGI/1.1
    [HTTPS] => on
    [HTTP_ACCEPT] => text/html, application/xhtml+xml, */*
    [HTTP_ACCEPT_ENCODING] => gzip, deflate
    [HTTP_ACCEPT_LANGUAGE] => de-DE
    [HTTP_CACHE_CONTROL] => no-cache
    [HTTP_CONNECTION] => Keep-Alive
    [HTTP_COOKIE] => _ga=GA1.2.1160627855.1569316529; _gid=GA1.2.1172662225.1569316529; PHPSESSID=n7c296d3hpf25pteh4jl0ldts0
    [HTTP_HOST] => my.medical-tribune.de
    [HTTP_REFERER] => https://my.medical-tribune.de/register.php?mode=1
    [HTTP_USER_AGENT] => Mozilla/5.0 (Windows NT 6.1; WOW64; Trident/7.0; rv:11.0) like Gecko
    [PATH] => /bin:/usr/bin
    [QUERY_STRING] => mode=1
    [REDIRECT_STATUS] => 200
    [REMOTE_ADDR] => 217.248.61.239
    [REMOTE_PORT] => 19216
    [REQUEST_METHOD] => POST
    [REQUEST_SCHEME] => https
    [REQUEST_URI] => /register.php?mode=1
    [SCRIPT_FILENAME] => /home/mtde/public_html/my/register.php
    [SCRIPT_NAME] => /register.php
    [SERVER_ADDR] => 46.232.181.187
    [SERVER_ADMIN] => webmaster@my.medical-tribune.de
    [SERVER_NAME] => my.medical-tribune.de
    [SERVER_PORT] => 443
    [SERVER_PROTOCOL] => HTTP/1.1
    [SERVER_SIGNATURE] => 
    [SERVER_SOFTWARE] => Apache
    [SSL_TLS_SNI] => my.medical-tribune.de
    [TZ] => Europe/Zurich
    [UNIQUE_ID] => XYnhIi-23Ycobc11bJWXogAAAAk
    [PHP_SELF] => /register.php
    [REQUEST_TIME_FLOAT] => 1569317154.2352
    [REQUEST_TIME] => 1569317154
)

24-09-2019 : simone.muck@gmail.com,Array
(
    [CONTENT_LENGTH] => 2304
    [CONTENT_TYPE] => multipart/form-data; boundary=----WebKitFormBoundarydvSn6hErAKgA6eFF
    [CONTEXT_DOCUMENT_ROOT] => /home/mtde/public_html/my
    [CONTEXT_PREFIX] => 
    [DOCUMENT_ROOT] => /home/mtde/public_html/my
    [GATEWAY_INTERFACE] => CGI/1.1
    [HTTPS] => on
    [HTTP_ACCEPT] => text/html,application/xhtml+xml,application/xml;q=0.9,*/*;q=0.8
    [HTTP_ACCEPT_ENCODING] => br, gzip, deflate
    [HTTP_ACCEPT_LANGUAGE] => de-at
    [HTTP_CONNECTION] => keep-alive
    [HTTP_COOKIE] => PHPSESSID=haqh1saq2qcibsf2dglm8004n1; _ga=GA1.2.36540791.1569011783; _gid=GA1.2.1310518544.1569325682
    [HTTP_HOST] => my.medical-tribune.de
    [HTTP_ORIGIN] => https://my.medical-tribune.de
    [HTTP_REFERER] => https://my.medical-tribune.de/register.php?mode=1
    [HTTP_USER_AGENT] => Mozilla/5.0 (iPhone; CPU iPhone OS 12_3_1 like Mac OS X) AppleWebKit/605.1.15 (KHTML, like Gecko) Version/12.1.1 Mobile/15E148 Safari/604.1
    [PATH] => /bin:/usr/bin
    [QUERY_STRING] => mode=1
    [REDIRECT_STATUS] => 200
    [REMOTE_ADDR] => 82.151.57.50
    [REMOTE_PORT] => 52936
    [REQUEST_METHOD] => POST
    [REQUEST_SCHEME] => https
    [REQUEST_URI] => /register.php?mode=1
    [SCRIPT_FILENAME] => /home/mtde/public_html/my/register.php
    [SCRIPT_NAME] => /register.php
    [SERVER_ADDR] => 46.232.181.187
    [SERVER_ADMIN] => webmaster@my.medical-tribune.de
    [SERVER_NAME] => my.medical-tribune.de
    [SERVER_PORT] => 443
    [SERVER_PROTOCOL] => HTTP/1.1
    [SERVER_SIGNATURE] => 
    [SERVER_SOFTWARE] => Apache
    [SSL_TLS_SNI] => my.medical-tribune.de
    [TZ] => Europe/Zurich
    [UNIQUE_ID] => XYoDNC-23Ycobc11bJWywgAAAA0
    [PHP_SELF] => /register.php
    [REQUEST_TIME_FLOAT] => 1569325876.0764
    [REQUEST_TIME] => 1569325876
)

24-09-2019 : info@piesverlag.de,Array
(
    [CONTENT_LENGTH] => 3210
    [CONTENT_TYPE] => multipart/form-data; boundary=---------------------------7271842529797
    [CONTEXT_DOCUMENT_ROOT] => /home/mtde/public_html/my
    [CONTEXT_PREFIX] => 
    [DOCUMENT_ROOT] => /home/mtde/public_html/my
    [GATEWAY_INTERFACE] => CGI/1.1
    [HTTPS] => on
    [HTTP_ACCEPT] => text/html,application/xhtml+xml,application/xml;q=0.9,*/*;q=0.8
    [HTTP_ACCEPT_ENCODING] => gzip, deflate, br
    [HTTP_ACCEPT_LANGUAGE] => de,en-US;q=0.7,en;q=0.3
    [HTTP_CONNECTION] => keep-alive
    [HTTP_COOKIE] => _ga=GA1.2.1383026307.1558516352; _gid=GA1.2.1723440990.1569323791; PHPSESSID=ogjfs4g1igdj5pva77ej267787
    [HTTP_HOST] => my.medical-tribune.de
    [HTTP_REFERER] => https://my.medical-tribune.de/register.php?mode=1
    [HTTP_UPGRADE_INSECURE_REQUESTS] => 1
    [HTTP_USER_AGENT] => Mozilla/5.0 (Windows NT 10.0; Win64; x64; rv:69.0) Gecko/20100101 Firefox/69.0
    [PATH] => /bin:/usr/bin
    [QUERY_STRING] => mode=1
    [REDIRECT_STATUS] => 200
    [REMOTE_ADDR] => 217.250.118.230
    [REMOTE_PORT] => 50682
    [REQUEST_METHOD] => POST
    [REQUEST_SCHEME] => https
    [REQUEST_URI] => /register.php?mode=1
    [SCRIPT_FILENAME] => /home/mtde/public_html/my/register.php
    [SCRIPT_NAME] => /register.php
    [SERVER_ADDR] => 46.232.181.187
    [SERVER_ADMIN] => webmaster@my.medical-tribune.de
    [SERVER_NAME] => my.medical-tribune.de
    [SERVER_PORT] => 443
    [SERVER_PROTOCOL] => HTTP/1.1
    [SERVER_SIGNATURE] => 
    [SERVER_SOFTWARE] => Apache
    [SSL_TLS_SNI] => my.medical-tribune.de
    [TZ] => Europe/Zurich
    [UNIQUE_ID] => XYoEZqq5ksqeQqW7tVt0@AAAAQM
    [PHP_SELF] => /register.php
    [REQUEST_TIME_FLOAT] => 1569326182.797
    [REQUEST_TIME] => 1569326182
)

24-09-2019 : a.hieronimusreichel@gmx.de,Array
(
    [CONTENT_LENGTH] => 3103
    [CONTENT_TYPE] => multipart/form-data; boundary=----WebKitFormBoundary40eRaYe8oBsie76z
    [CONTEXT_DOCUMENT_ROOT] => /home/mtde/public_html/my
    [CONTEXT_PREFIX] => 
    [DOCUMENT_ROOT] => /home/mtde/public_html/my
    [GATEWAY_INTERFACE] => CGI/1.1
    [HTTPS] => on
    [HTTP_ACCEPT] => text/html,application/xhtml+xml,application/xml;q=0.9,image/webp,image/apng,*/*;q=0.8,application/signed-exchange;v=b3
    [HTTP_ACCEPT_ENCODING] => gzip, deflate, br
    [HTTP_ACCEPT_LANGUAGE] => de-DE,de;q=0.9,en-US;q=0.8,en;q=0.7
    [HTTP_CACHE_CONTROL] => max-age=0
    [HTTP_CONNECTION] => keep-alive
    [HTTP_COOKIE] => _ga=GA1.2.1894727504.1569326530; _gid=GA1.2.1541152548.1569326530; PHPSESSID=ad9rmearj310vj8qtonkmas5s6
    [HTTP_DNT] => 1
    [HTTP_HOST] => my.medical-tribune.de
    [HTTP_ORIGIN] => https://my.medical-tribune.de
    [HTTP_REFERER] => https://my.medical-tribune.de/register.php?mode=1
    [HTTP_SEC_FETCH_MODE] => nested-navigate
    [HTTP_SEC_FETCH_SITE] => same-origin
    [HTTP_SEC_FETCH_USER] => ?1
    [HTTP_UPGRADE_INSECURE_REQUESTS] => 1
    [HTTP_USER_AGENT] => Mozilla/5.0 (Windows NT 6.1; Win64; x64) AppleWebKit/537.36 (KHTML, like Gecko) Chrome/77.0.3865.90 Safari/537.36
    [PATH] => /bin:/usr/bin
    [QUERY_STRING] => mode=1
    [REDIRECT_STATUS] => 200
    [REMOTE_ADDR] => 77.191.97.64
    [REMOTE_PORT] => 49673
    [REQUEST_METHOD] => POST
    [REQUEST_SCHEME] => https
    [REQUEST_URI] => /register.php?mode=1
    [SCRIPT_FILENAME] => /home/mtde/public_html/my/register.php
    [SCRIPT_NAME] => /register.php
    [SERVER_ADDR] => 46.232.181.187
    [SERVER_ADMIN] => webmaster@my.medical-tribune.de
    [SERVER_NAME] => my.medical-tribune.de
    [SERVER_PORT] => 443
    [SERVER_PROTOCOL] => HTTP/1.1
    [SERVER_SIGNATURE] => 
    [SERVER_SOFTWARE] => Apache
    [SSL_TLS_SNI] => my.medical-tribune.de
    [TZ] => Europe/Zurich
    [UNIQUE_ID] => XYoHdiQ4srIcMrYwufd0wgAAAJY
    [PHP_SELF] => /register.php
    [REQUEST_TIME_FLOAT] => 1569326966.9752
    [REQUEST_TIME] => 1569326966
)

24-09-2019 : e.spoerri@icloud.com,Array
(
    [CONTENT_LENGTH] => 2244
    [CONTENT_TYPE] => multipart/form-data; boundary=----WebKitFormBoundaryG6jt59loGqUaKOfe
    [CONTEXT_DOCUMENT_ROOT] => /home/mtde/public_html/my
    [CONTEXT_PREFIX] => 
    [DOCUMENT_ROOT] => /home/mtde/public_html/my
    [GATEWAY_INTERFACE] => CGI/1.1
    [HTTPS] => on
    [HTTP_ACCEPT] => text/html,application/xhtml+xml,application/xml;q=0.9,image/webp,image/apng,*/*;q=0.8,application/signed-exchange;v=b3
    [HTTP_ACCEPT_ENCODING] => gzip, deflate, br
    [HTTP_ACCEPT_LANGUAGE] => de-DE,de;q=0.9,en-US;q=0.8,en;q=0.7
    [HTTP_CACHE_CONTROL] => max-age=0
    [HTTP_CONNECTION] => keep-alive
    [HTTP_COOKIE] => _ga=GA1.2.174882907.1569327046; _gid=GA1.2.2024795763.1569327046; PHPSESSID=eok053fr959rvgs41hr8ec4t24
    [HTTP_HOST] => my.medical-tribune.de
    [HTTP_ORIGIN] => https://my.medical-tribune.de
    [HTTP_REFERER] => https://my.medical-tribune.de/register.php?mode=1
    [HTTP_SEC_FETCH_MODE] => nested-navigate
    [HTTP_SEC_FETCH_SITE] => same-origin
    [HTTP_SEC_FETCH_USER] => ?1
    [HTTP_UPGRADE_INSECURE_REQUESTS] => 1
    [HTTP_USER_AGENT] => Mozilla/5.0 (Windows NT 6.1; Win64; x64) AppleWebKit/537.36 (KHTML, like Gecko) Chrome/76.0.3809.132 Safari/537.36
    [PATH] => /bin:/usr/bin
    [QUERY_STRING] => mode=1
    [REDIRECT_STATUS] => 200
    [REMOTE_ADDR] => 178.197.226.203
    [REMOTE_PORT] => 52803
    [REQUEST_METHOD] => POST
    [REQUEST_SCHEME] => https
    [REQUEST_URI] => /register.php?mode=1
    [SCRIPT_FILENAME] => /home/mtde/public_html/my/register.php
    [SCRIPT_NAME] => /register.php
    [SERVER_ADDR] => 46.232.181.187
    [SERVER_ADMIN] => webmaster@my.medical-tribune.de
    [SERVER_NAME] => my.medical-tribune.de
    [SERVER_PORT] => 443
    [SERVER_PROTOCOL] => HTTP/1.1
    [SERVER_SIGNATURE] => 
    [SERVER_SOFTWARE] => Apache
    [SSL_TLS_SNI] => my.medical-tribune.de
    [TZ] => Europe/Zurich
    [UNIQUE_ID] => XYoJ8SQ4srIcMrYwufd3EQAAAJQ
    [PHP_SELF] => /register.php
    [REQUEST_TIME_FLOAT] => 1569327602.0348
    [REQUEST_TIME] => 1569327602
)

24-09-2019 : christian.mann@novartis.com,Array
(
    [CONTENT_LENGTH] => 3154
    [CONTENT_TYPE] => multipart/form-data; boundary=---------------------------7e31fe3a60ca0
    [CONTEXT_DOCUMENT_ROOT] => /home/mtde/public_html/my
    [CONTEXT_PREFIX] => 
    [DOCUMENT_ROOT] => /home/mtde/public_html/my
    [GATEWAY_INTERFACE] => CGI/1.1
    [HTTPS] => on
    [HTTP_ACCEPT] => text/html, application/xhtml+xml, image/jxr, */*
    [HTTP_ACCEPT_ENCODING] => gzip, deflate
    [HTTP_ACCEPT_LANGUAGE] => de-DE
    [HTTP_CACHE_CONTROL] => no-cache
    [HTTP_CONNECTION] => Keep-Alive
    [HTTP_COOKIE] => _ga=GA1.2.731129645.1569329097; _gid=GA1.2.110507476.1569329097; PHPSESSID=vptt28u5i0mov5pfnc2h86aqo0
    [HTTP_DNT] => 1
    [HTTP_HOST] => my.medical-tribune.de
    [HTTP_REFERER] => https://my.medical-tribune.de/register.php?mode=1
    [HTTP_USER_AGENT] => Mozilla/5.0 (Windows NT 10.0; WOW64; Trident/7.0; Touch; rv:11.0) like Gecko
    [PATH] => /bin:/usr/bin
    [QUERY_STRING] => mode=1
    [REDIRECT_STATUS] => 200
    [REMOTE_ADDR] => 160.62.4.101
    [REMOTE_PORT] => 63306
    [REQUEST_METHOD] => POST
    [REQUEST_SCHEME] => https
    [REQUEST_URI] => /register.php?mode=1
    [SCRIPT_FILENAME] => /home/mtde/public_html/my/register.php
    [SCRIPT_NAME] => /register.php
    [SERVER_ADDR] => 46.232.181.187
    [SERVER_ADMIN] => webmaster@my.medical-tribune.de
    [SERVER_NAME] => my.medical-tribune.de
    [SERVER_PORT] => 443
    [SERVER_PROTOCOL] => HTTP/1.1
    [SERVER_SIGNATURE] => 
    [SERVER_SOFTWARE] => Apache
    [SSL_TLS_SNI] => my.medical-tribune.de
    [TZ] => Europe/Zurich
    [UNIQUE_ID] => XYoQuldWeWJeFVbpZGz6dAAAAUA
    [PHP_SELF] => /register.php
    [REQUEST_TIME_FLOAT] => 1569329338.2933
    [REQUEST_TIME] => 1569329338
)

24-09-2019 : maria.wissing@dscm-ev.de,Array
(
    [CONTENT_LENGTH] => 2652
    [CONTENT_TYPE] => multipart/form-data; boundary=----WebKitFormBoundarySEkoyn0cllke0QRG
    [CONTEXT_DOCUMENT_ROOT] => /home/mtde/public_html/my
    [CONTEXT_PREFIX] => 
    [DOCUMENT_ROOT] => /home/mtde/public_html/my
    [GATEWAY_INTERFACE] => CGI/1.1
    [HTTPS] => on
    [HTTP_ACCEPT] => text/html,application/xhtml+xml,application/xml;q=0.9,*/*;q=0.8
    [HTTP_ACCEPT_ENCODING] => br, gzip, deflate
    [HTTP_ACCEPT_LANGUAGE] => de-de
    [HTTP_CONNECTION] => keep-alive
    [HTTP_COOKIE] => PHPSESSID=fs7mjs3fgaukr04rebt197a8e2; _ga=GA1.2.1847800409.1569328561; _gid=GA1.2.1423740689.1569328561
    [HTTP_HOST] => my.medical-tribune.de
    [HTTP_ORIGIN] => https://my.medical-tribune.de
    [HTTP_REFERER] => https://my.medical-tribune.de/register.php?mode=1
    [HTTP_USER_AGENT] => Mozilla/5.0 (iPhone; CPU iPhone OS 12_4_1 like Mac OS X) AppleWebKit/605.1.15 (KHTML, like Gecko) Version/12.1.2 Mobile/15E148 Safari/604.1
    [PATH] => /bin:/usr/bin
    [QUERY_STRING] => mode=1
    [REDIRECT_STATUS] => 200
    [REMOTE_ADDR] => 87.189.92.30
    [REMOTE_PORT] => 54175
    [REQUEST_METHOD] => POST
    [REQUEST_SCHEME] => https
    [REQUEST_URI] => /register.php?mode=1
    [SCRIPT_FILENAME] => /home/mtde/public_html/my/register.php
    [SCRIPT_NAME] => /register.php
    [SERVER_ADDR] => 46.232.181.187
    [SERVER_ADMIN] => webmaster@my.medical-tribune.de
    [SERVER_NAME] => my.medical-tribune.de
    [SERVER_PORT] => 443
    [SERVER_PROTOCOL] => HTTP/1.1
    [SERVER_SIGNATURE] => 
    [SERVER_SOFTWARE] => Apache
    [SSL_TLS_SNI] => my.medical-tribune.de
    [TZ] => Europe/Zurich
    [UNIQUE_ID] => XYoZ@SQ4srIcMrYwufeGBwAAAI4
    [PHP_SELF] => /register.php
    [REQUEST_TIME_FLOAT] => 1569331705.2357
    [REQUEST_TIME] => 1569331705
)

24-09-2019 : mdzwirner@gmail.com,Array
(
    [CONTENT_LENGTH] => 3094
    [CONTENT_TYPE] => multipart/form-data; boundary=---------------------------297912945030587
    [CONTEXT_DOCUMENT_ROOT] => /home/mtde/public_html/my
    [CONTEXT_PREFIX] => 
    [DOCUMENT_ROOT] => /home/mtde/public_html/my
    [GATEWAY_INTERFACE] => CGI/1.1
    [HTTPS] => on
    [HTTP_ACCEPT] => text/html,application/xhtml+xml,application/xml;q=0.9,*/*;q=0.8
    [HTTP_ACCEPT_ENCODING] => gzip, deflate, br
    [HTTP_ACCEPT_LANGUAGE] => de,en-US;q=0.7,en;q=0.3
    [HTTP_CONNECTION] => keep-alive
    [HTTP_COOKIE] => PHPSESSID=4h1sd58mp0ck9geel1r1s6auk0
    [HTTP_DNT] => 1
    [HTTP_HOST] => my.medical-tribune.de
    [HTTP_REFERER] => https://my.medical-tribune.de/register.php?mode=1
    [HTTP_UPGRADE_INSECURE_REQUESTS] => 1
    [HTTP_USER_AGENT] => Mozilla/5.0 (Windows NT 10.0; Win64; x64; rv:69.0) Gecko/20100101 Firefox/69.0
    [PATH] => /bin:/usr/bin
    [QUERY_STRING] => mode=1
    [REDIRECT_STATUS] => 200
    [REMOTE_ADDR] => 78.43.21.49
    [REMOTE_PORT] => 59044
    [REQUEST_METHOD] => POST
    [REQUEST_SCHEME] => https
    [REQUEST_URI] => /register.php?mode=1
    [SCRIPT_FILENAME] => /home/mtde/public_html/my/register.php
    [SCRIPT_NAME] => /register.php
    [SERVER_ADDR] => 46.232.181.187
    [SERVER_ADMIN] => webmaster@my.medical-tribune.de
    [SERVER_NAME] => my.medical-tribune.de
    [SERVER_PORT] => 443
    [SERVER_PROTOCOL] => HTTP/1.1
    [SERVER_SIGNATURE] => 
    [SERVER_SOFTWARE] => Apache
    [SSL_TLS_SNI] => my.medical-tribune.de
    [TZ] => Europe/Zurich
    [UNIQUE_ID] => XYoh21dWeWJeFVbpZGwJsQAAAUw
    [PHP_SELF] => /register.php
    [REQUEST_TIME_FLOAT] => 1569333723.5153
    [REQUEST_TIME] => 1569333723
)

24-09-2019 : leonarduseijdems@t-online.de,Array
(
    [CONTENT_LENGTH] => 2505
    [CONTENT_TYPE] => multipart/form-data; boundary=----WebKitFormBoundaryAodVKhoKdKmQ5BB7
    [CONTEXT_DOCUMENT_ROOT] => /home/mtde/public_html/my
    [CONTEXT_PREFIX] => 
    [DOCUMENT_ROOT] => /home/mtde/public_html/my
    [GATEWAY_INTERFACE] => CGI/1.1
    [HTTPS] => on
    [HTTP_ACCEPT] => text/html,application/xhtml+xml,application/xml;q=0.9,image/webp,image/apng,*/*;q=0.8,application/signed-exchange;v=b3
    [HTTP_ACCEPT_ENCODING] => gzip, deflate, br
    [HTTP_ACCEPT_LANGUAGE] => de-DE,de;q=0.9,en-US;q=0.8,en;q=0.7,nl;q=0.6
    [HTTP_CACHE_CONTROL] => max-age=0
    [HTTP_CONNECTION] => keep-alive
    [HTTP_COOKIE] => _ga=GA1.2.936644069.1569333883; _gid=GA1.2.1006597468.1569333883; PHPSESSID=v4ksvgbn0udqirr72a1nhk6e07
    [HTTP_HOST] => my.medical-tribune.de
    [HTTP_ORIGIN] => https://my.medical-tribune.de
    [HTTP_REFERER] => https://my.medical-tribune.de/register.php?mode=1
    [HTTP_SEC_FETCH_MODE] => nested-navigate
    [HTTP_SEC_FETCH_SITE] => same-origin
    [HTTP_SEC_FETCH_USER] => ?1
    [HTTP_UPGRADE_INSECURE_REQUESTS] => 1
    [HTTP_USER_AGENT] => Mozilla/5.0 (Linux; Android 7.0; BAH-W09) AppleWebKit/537.36 (KHTML, like Gecko) Chrome/77.0.3865.92 Safari/537.36
    [PATH] => /bin:/usr/bin
    [QUERY_STRING] => mode=1
    [REDIRECT_STATUS] => 200
    [REMOTE_ADDR] => 91.8.208.253
    [REMOTE_PORT] => 39967
    [REQUEST_METHOD] => POST
    [REQUEST_SCHEME] => https
    [REQUEST_URI] => /register.php?mode=1
    [SCRIPT_FILENAME] => /home/mtde/public_html/my/register.php
    [SCRIPT_NAME] => /register.php
    [SERVER_ADDR] => 46.232.181.187
    [SERVER_ADMIN] => webmaster@my.medical-tribune.de
    [SERVER_NAME] => my.medical-tribune.de
    [SERVER_PORT] => 443
    [SERVER_PROTOCOL] => HTTP/1.1
    [SERVER_SIGNATURE] => 
    [SERVER_SOFTWARE] => Apache
    [SSL_TLS_SNI] => my.medical-tribune.de
    [TZ] => Europe/Zurich
    [UNIQUE_ID] => XYolJmNynukztALGGYkPTwAAAAU
    [PHP_SELF] => /register.php
    [REQUEST_TIME_FLOAT] => 1569334566.7954
    [REQUEST_TIME] => 1569334566
)

24-09-2019 : leoneijdems@t-online.de,Array
(
    [CONTENT_LENGTH] => 2496
    [CONTENT_TYPE] => multipart/form-data; boundary=----WebKitFormBoundaryBQjnGqtkOf1X507u
    [CONTEXT_DOCUMENT_ROOT] => /home/mtde/public_html/my
    [CONTEXT_PREFIX] => 
    [DOCUMENT_ROOT] => /home/mtde/public_html/my
    [GATEWAY_INTERFACE] => CGI/1.1
    [HTTPS] => on
    [HTTP_ACCEPT] => text/html,application/xhtml+xml,application/xml;q=0.9,image/webp,image/apng,*/*;q=0.8,application/signed-exchange;v=b3
    [HTTP_ACCEPT_ENCODING] => gzip, deflate, br
    [HTTP_ACCEPT_LANGUAGE] => de-DE,de;q=0.9,en-US;q=0.8,en;q=0.7,nl;q=0.6
    [HTTP_CACHE_CONTROL] => max-age=0
    [HTTP_CONNECTION] => keep-alive
    [HTTP_COOKIE] => _ga=GA1.2.936644069.1569333883; _gid=GA1.2.1006597468.1569333883; PHPSESSID=v4ksvgbn0udqirr72a1nhk6e07
    [HTTP_HOST] => my.medical-tribune.de
    [HTTP_ORIGIN] => https://my.medical-tribune.de
    [HTTP_REFERER] => https://my.medical-tribune.de/register.php?mode=1
    [HTTP_SEC_FETCH_MODE] => nested-navigate
    [HTTP_SEC_FETCH_SITE] => same-origin
    [HTTP_SEC_FETCH_USER] => ?1
    [HTTP_UPGRADE_INSECURE_REQUESTS] => 1
    [HTTP_USER_AGENT] => Mozilla/5.0 (Linux; Android 7.0; BAH-W09) AppleWebKit/537.36 (KHTML, like Gecko) Chrome/77.0.3865.92 Safari/537.36
    [PATH] => /bin:/usr/bin
    [QUERY_STRING] => mode=1
    [REDIRECT_STATUS] => 200
    [REMOTE_ADDR] => 91.8.208.253
    [REMOTE_PORT] => 40018
    [REQUEST_METHOD] => POST
    [REQUEST_SCHEME] => https
    [REQUEST_URI] => /register.php?mode=1
    [SCRIPT_FILENAME] => /home/mtde/public_html/my/register.php
    [SCRIPT_NAME] => /register.php
    [SERVER_ADDR] => 46.232.181.187
    [SERVER_ADMIN] => webmaster@my.medical-tribune.de
    [SERVER_NAME] => my.medical-tribune.de
    [SERVER_PORT] => 443
    [SERVER_PROTOCOL] => HTTP/1.1
    [SERVER_SIGNATURE] => 
    [SERVER_SOFTWARE] => Apache
    [SSL_TLS_SNI] => my.medical-tribune.de
    [TZ] => Europe/Zurich
    [UNIQUE_ID] => XYomiGNynukztALGGYkQ6wAAAA8
    [PHP_SELF] => /register.php
    [REQUEST_TIME_FLOAT] => 1569334920.9924
    [REQUEST_TIME] => 1569334920
)

24-09-2019 : JanSeeliger@gmx.de,Array
(
    [CONTENT_LENGTH] => 3110
    [CONTENT_TYPE] => multipart/form-data; boundary=----WebKitFormBoundaryCRjUwEcFj833a0yU
    [CONTEXT_DOCUMENT_ROOT] => /home/mtde/public_html/my
    [CONTEXT_PREFIX] => 
    [DOCUMENT_ROOT] => /home/mtde/public_html/my
    [GATEWAY_INTERFACE] => CGI/1.1
    [HTTPS] => on
    [HTTP_ACCEPT] => text/html,application/xhtml+xml,application/xml;q=0.9,image/webp,image/apng,*/*;q=0.8,application/signed-exchange;v=b3
    [HTTP_ACCEPT_ENCODING] => gzip, deflate, br
    [HTTP_ACCEPT_LANGUAGE] => de-DE,de;q=0.9,en-US;q=0.8,en;q=0.7
    [HTTP_CACHE_CONTROL] => max-age=0
    [HTTP_CONNECTION] => keep-alive
    [HTTP_COOKIE] => _ga=GA1.2.1685756717.1569323369; _gid=GA1.2.1646286480.1569323369; PHPSESSID=g00sqnmugu63niuplfd8tjslv4
    [HTTP_HOST] => my.medical-tribune.de
    [HTTP_ORIGIN] => https://my.medical-tribune.de
    [HTTP_REFERER] => https://my.medical-tribune.de/register.php?mode=1
    [HTTP_SEC_FETCH_MODE] => nested-navigate
    [HTTP_SEC_FETCH_SITE] => same-origin
    [HTTP_SEC_FETCH_USER] => ?1
    [HTTP_UPGRADE_INSECURE_REQUESTS] => 1
    [HTTP_USER_AGENT] => Mozilla/5.0 (Windows NT 6.1) AppleWebKit/537.36 (KHTML, like Gecko) Chrome/76.0.3809.132 Safari/537.36
    [PATH] => /bin:/usr/bin
    [QUERY_STRING] => mode=1
    [REDIRECT_STATUS] => 200
    [REMOTE_ADDR] => 84.164.255.197
    [REMOTE_PORT] => 57966
    [REQUEST_METHOD] => POST
    [REQUEST_SCHEME] => https
    [REQUEST_URI] => /register.php?mode=1
    [SCRIPT_FILENAME] => /home/mtde/public_html/my/register.php
    [SCRIPT_NAME] => /register.php
    [SERVER_ADDR] => 46.232.181.187
    [SERVER_ADMIN] => webmaster@my.medical-tribune.de
    [SERVER_NAME] => my.medical-tribune.de
    [SERVER_PORT] => 443
    [SERVER_PROTOCOL] => HTTP/1.1
    [SERVER_SIGNATURE] => 
    [SERVER_SOFTWARE] => Apache
    [SSL_TLS_SNI] => my.medical-tribune.de
    [TZ] => Europe/Zurich
    [UNIQUE_ID] => XYpAwCQ4srIcMrYwufek3AAAAII
    [PHP_SELF] => /register.php
    [REQUEST_TIME_FLOAT] => 1569341632.8407
    [REQUEST_TIME] => 1569341632
)

24-09-2019 : Michaela.Hering@googlemail.com,Array
(
    [CONTENT_LENGTH] => 2567
    [CONTENT_TYPE] => multipart/form-data; boundary=---------------------------7e310719401012
    [CONTEXT_DOCUMENT_ROOT] => /home/mtde/public_html/my
    [CONTEXT_PREFIX] => 
    [DOCUMENT_ROOT] => /home/mtde/public_html/my
    [GATEWAY_INTERFACE] => CGI/1.1
    [HTTPS] => on
    [HTTP_ACCEPT] => text/html, application/xhtml+xml, */*
    [HTTP_ACCEPT_ENCODING] => gzip, deflate
    [HTTP_ACCEPT_LANGUAGE] => de-AT,de;q=0.5
    [HTTP_CACHE_CONTROL] => no-cache
    [HTTP_CONNECTION] => Keep-Alive
    [HTTP_COOKIE] => _ga=GA1.2.48715079.1569319764; _gid=GA1.2.419852000.1569319764; PHPSESSID=ckm47qbt3rur1ueod75qv8rpt5
    [HTTP_DNT] => 1
    [HTTP_HOST] => my.medical-tribune.de
    [HTTP_REFERER] => https://my.medical-tribune.de/register.php?mode=1
    [HTTP_UA_CPU] => ARM
    [HTTP_USER_AGENT] => Mozilla/5.0 (Mobile; Windows Phone 8.1; Android 4.0; ARM; Trident/7.0; Touch; rv:11.0; IEMobile/11.0; Microsoft; Lumia 532 Dual SIM) like iPhone OS 7_0_3 Mac OS X AppleWebKit/537 (KHTML, like Gecko) Mobile Safari/537
    [PATH] => /bin:/usr/bin
    [QUERY_STRING] => mode=1
    [REDIRECT_STATUS] => 200
    [REMOTE_ADDR] => 212.95.5.103
    [REMOTE_PORT] => 63421
    [REQUEST_METHOD] => POST
    [REQUEST_SCHEME] => https
    [REQUEST_URI] => /register.php?mode=1
    [SCRIPT_FILENAME] => /home/mtde/public_html/my/register.php
    [SCRIPT_NAME] => /register.php
    [SERVER_ADDR] => 46.232.181.187
    [SERVER_ADMIN] => webmaster@my.medical-tribune.de
    [SERVER_NAME] => my.medical-tribune.de
    [SERVER_PORT] => 443
    [SERVER_PROTOCOL] => HTTP/1.1
    [SERVER_SIGNATURE] => 
    [SERVER_SOFTWARE] => Apache
    [SSL_TLS_SNI] => my.medical-tribune.de
    [TZ] => Europe/Zurich
    [UNIQUE_ID] => XYpCwCQ4srIcMrYwufel8QAAAJE
    [PHP_SELF] => /register.php
    [REQUEST_TIME_FLOAT] => 1569342144.8144
    [REQUEST_TIME] => 1569342144
)

24-09-2019 : mail@praxis-rudnick.de,Array
(
    [CONTENT_LENGTH] => 2412
    [CONTENT_TYPE] => multipart/form-data; boundary=---------------------------18467633426500
    [CONTEXT_DOCUMENT_ROOT] => /home/mtde/public_html/my
    [CONTEXT_PREFIX] => 
    [DOCUMENT_ROOT] => /home/mtde/public_html/my
    [GATEWAY_INTERFACE] => CGI/1.1
    [HTTPS] => on
    [HTTP_ACCEPT] => text/html,application/xhtml+xml,application/xml;q=0.9,*/*;q=0.8
    [HTTP_ACCEPT_ENCODING] => gzip, deflate, br
    [HTTP_ACCEPT_LANGUAGE] => en-US,en;q=0.5
    [HTTP_CONNECTION] => keep-alive
    [HTTP_COOKIE] => PHPSESSID=eupoitoapnjvro94gl3jv0hfb3
    [HTTP_DNT] => 1
    [HTTP_HOST] => my.medical-tribune.de
    [HTTP_REFERER] => https://my.medical-tribune.de/register.php?mode=1
    [HTTP_UPGRADE_INSECURE_REQUESTS] => 1
    [HTTP_USER_AGENT] => Mozilla/5.0 (Windows NT 6.3; Win64; x64; rv:69.0) Gecko/20100101 Firefox/69.0
    [PATH] => /bin:/usr/bin
    [QUERY_STRING] => mode=1
    [REDIRECT_STATUS] => 200
    [REMOTE_ADDR] => 93.216.62.11
    [REMOTE_PORT] => 65529
    [REQUEST_METHOD] => POST
    [REQUEST_SCHEME] => https
    [REQUEST_URI] => /register.php?mode=1
    [SCRIPT_FILENAME] => /home/mtde/public_html/my/register.php
    [SCRIPT_NAME] => /register.php
    [SERVER_ADDR] => 46.232.181.187
    [SERVER_ADMIN] => webmaster@my.medical-tribune.de
    [SERVER_NAME] => my.medical-tribune.de
    [SERVER_PORT] => 443
    [SERVER_PROTOCOL] => HTTP/1.1
    [SERVER_SIGNATURE] => 
    [SERVER_SOFTWARE] => Apache
    [SSL_TLS_SNI] => my.medical-tribune.de
    [TZ] => Europe/Zurich
    [UNIQUE_ID] => XYpJAqjIQWRgzmECkh2-pAAAAFQ
    [PHP_SELF] => /register.php
    [REQUEST_TIME_FLOAT] => 1569343746.2725
    [REQUEST_TIME] => 1569343746
)

24-09-2019 : sbraun09@gmx.de,Array
(
    [CONTENT_LENGTH] => 2890
    [CONTENT_TYPE] => multipart/form-data; boundary=----WebKitFormBoundary74D49RP8YD7BPw6A
    [CONTEXT_DOCUMENT_ROOT] => /home/mtde/public_html/my
    [CONTEXT_PREFIX] => 
    [DOCUMENT_ROOT] => /home/mtde/public_html/my
    [GATEWAY_INTERFACE] => CGI/1.1
    [HTTPS] => on
    [HTTP_ACCEPT] => text/html,application/xhtml+xml,application/xml;q=0.9,image/webp,image/apng,*/*;q=0.8,application/signed-exchange;v=b3
    [HTTP_ACCEPT_ENCODING] => gzip, deflate, br
    [HTTP_ACCEPT_LANGUAGE] => de-DE,de;q=0.9,en-US;q=0.8,en;q=0.7
    [HTTP_CACHE_CONTROL] => max-age=0
    [HTTP_CONNECTION] => keep-alive
    [HTTP_COOKIE] => PHPSESSID=1l6lkndj496kg9ntqqud7f96f5
    [HTTP_DNT] => 1
    [HTTP_HOST] => my.medical-tribune.de
    [HTTP_ORIGIN] => https://my.medical-tribune.de
    [HTTP_REFERER] => https://my.medical-tribune.de/register.php?mode=1
    [HTTP_SEC_FETCH_MODE] => nested-navigate
    [HTTP_SEC_FETCH_SITE] => same-origin
    [HTTP_SEC_FETCH_USER] => ?1
    [HTTP_UPGRADE_INSECURE_REQUESTS] => 1
    [HTTP_USER_AGENT] => Mozilla/5.0 (Windows NT 6.1; Win64; x64) AppleWebKit/537.36 (KHTML, like Gecko) Chrome/77.0.3865.90 Safari/537.36
    [PATH] => /bin:/usr/bin
    [QUERY_STRING] => mode=1
    [REDIRECT_STATUS] => 200
    [REMOTE_ADDR] => 84.166.161.190
    [REMOTE_PORT] => 64174
    [REQUEST_METHOD] => POST
    [REQUEST_SCHEME] => https
    [REQUEST_URI] => /register.php?mode=1
    [SCRIPT_FILENAME] => /home/mtde/public_html/my/register.php
    [SCRIPT_NAME] => /register.php
    [SERVER_ADDR] => 46.232.181.187
    [SERVER_ADMIN] => webmaster@my.medical-tribune.de
    [SERVER_NAME] => my.medical-tribune.de
    [SERVER_PORT] => 443
    [SERVER_PROTOCOL] => HTTP/1.1
    [SERVER_SIGNATURE] => 
    [SERVER_SOFTWARE] => Apache
    [SSL_TLS_SNI] => my.medical-tribune.de
    [TZ] => Europe/Zurich
    [UNIQUE_ID] => XYpND1dWeWJeFVbpZGwoJAAAAUw
    [PHP_SELF] => /register.php
    [REQUEST_TIME_FLOAT] => 1569344783.9245
    [REQUEST_TIME] => 1569344783
)

24-09-2019 : alienor.bergmann@gmx.de,Array
(
    [CONTENT_LENGTH] => 2550
    [CONTENT_TYPE] => multipart/form-data; boundary=---------------------------7e311813d0606
    [CONTEXT_DOCUMENT_ROOT] => /home/mtde/public_html/my
    [CONTEXT_PREFIX] => 
    [DOCUMENT_ROOT] => /home/mtde/public_html/my
    [GATEWAY_INTERFACE] => CGI/1.1
    [HTTPS] => on
    [HTTP_ACCEPT] => text/html,application/xhtml+xml,application/xml;q=0.9,*/*;q=0.8
    [HTTP_ACCEPT_ENCODING] => gzip, deflate, br
    [HTTP_ACCEPT_LANGUAGE] => de-DE
    [HTTP_CACHE_CONTROL] => max-age=0
    [HTTP_CONNECTION] => Keep-Alive
    [HTTP_COOKIE] => PHPSESSID=8iftna6c5hqng54q50f4j0ka04
    [HTTP_HOST] => my.medical-tribune.de
    [HTTP_REFERER] => https://my.medical-tribune.de/register.php?maglify=1&mobile=1
    [HTTP_UPGRADE_INSECURE_REQUESTS] => 1
    [HTTP_USER_AGENT] => Mozilla/5.0 (Windows NT 10.0; Win64; x64; WebView/3.0) AppleWebKit/537.36 (KHTML, like Gecko) Chrome/64.0.3282.140 Safari/537.36 Edge/18.17763
    [PATH] => /bin:/usr/bin
    [QUERY_STRING] => maglify=1&mobile=1
    [REDIRECT_STATUS] => 200
    [REMOTE_ADDR] => 84.59.189.156
    [REMOTE_PORT] => 63438
    [REQUEST_METHOD] => POST
    [REQUEST_SCHEME] => https
    [REQUEST_URI] => /register.php?maglify=1&mobile=1
    [SCRIPT_FILENAME] => /home/mtde/public_html/my/register.php
    [SCRIPT_NAME] => /register.php
    [SERVER_ADDR] => 46.232.181.187
    [SERVER_ADMIN] => webmaster@my.medical-tribune.de
    [SERVER_NAME] => my.medical-tribune.de
    [SERVER_PORT] => 443
    [SERVER_PROTOCOL] => HTTP/1.1
    [SERVER_SIGNATURE] => 
    [SERVER_SOFTWARE] => Apache
    [SSL_TLS_SNI] => my.medical-tribune.de
    [TZ] => Europe/Zurich
    [UNIQUE_ID] => XYpYDty@c1C2KI-8y2iHhQAAARg
    [PHP_SELF] => /register.php
    [REQUEST_TIME_FLOAT] => 1569347598.2962
    [REQUEST_TIME] => 1569347598
)

24-09-2019 : dimitrova.elitza@gmail.com,Array
(
    [CONTENT_LENGTH] => 2219
    [CONTENT_TYPE] => multipart/form-data; boundary=----WebKitFormBoundaryo7FztD9I2KWuBU3s
    [CONTEXT_DOCUMENT_ROOT] => /home/mtde/public_html/my
    [CONTEXT_PREFIX] => 
    [DOCUMENT_ROOT] => /home/mtde/public_html/my
    [GATEWAY_INTERFACE] => CGI/1.1
    [HTTPS] => on
    [HTTP_ACCEPT] => text/html,application/xhtml+xml,application/xml;q=0.9,*/*;q=0.8
    [HTTP_ACCEPT_ENCODING] => br, gzip, deflate
    [HTTP_ACCEPT_LANGUAGE] => en-us
    [HTTP_CONNECTION] => keep-alive
    [HTTP_COOKIE] => _ga=GA1.2.330640136.1569359096; _gid=GA1.2.655917634.1569359096; _gat=1; PHPSESSID=2nd5q1okc34nuuf1ln6st3p276
    [HTTP_HOST] => my.medical-tribune.de
    [HTTP_ORIGIN] => https://my.medical-tribune.de
    [HTTP_REFERER] => https://my.medical-tribune.de/register.php?mode=1
    [HTTP_USER_AGENT] => Mozilla/5.0 (iPhone; CPU iPhone OS 12_4 like Mac OS X) AppleWebKit/605.1.15 (KHTML, like Gecko) Version/12.1.2 Mobile/15E148 Safari/604.1
    [PATH] => /bin:/usr/bin
    [QUERY_STRING] => mode=1
    [REDIRECT_STATUS] => 200
    [REMOTE_ADDR] => 88.198.244.220
    [REMOTE_PORT] => 65159
    [REQUEST_METHOD] => POST
    [REQUEST_SCHEME] => https
    [REQUEST_URI] => /register.php?mode=1
    [SCRIPT_FILENAME] => /home/mtde/public_html/my/register.php
    [SCRIPT_NAME] => /register.php
    [SERVER_ADDR] => 46.232.181.187
    [SERVER_ADMIN] => webmaster@my.medical-tribune.de
    [SERVER_NAME] => my.medical-tribune.de
    [SERVER_PORT] => 443
    [SERVER_PROTOCOL] => HTTP/1.1
    [SERVER_SIGNATURE] => 
    [SERVER_SOFTWARE] => Apache
    [SSL_TLS_SNI] => my.medical-tribune.de
    [TZ] => Europe/Zurich
    [UNIQUE_ID] => XYqHmwsN04siCeSOdxFwswAAAAo
    [PHP_SELF] => /register.php
    [REQUEST_TIME_FLOAT] => 1569359771.0667
    [REQUEST_TIME] => 1569359771
)

