22-09-2020 : C.Malcherczyk@t-online.de,Array
(
    [CONTENT_LENGTH] => 2871
    [CONTENT_TYPE] => multipart/form-data; boundary=----WebKitFormBoundarywKtJbt4B7UThtqfA
    [CONTEXT_DOCUMENT_ROOT] => /home/mtde/public_html/my
    [CONTEXT_PREFIX] => 
    [DOCUMENT_ROOT] => /home/mtde/public_html/my
    [GATEWAY_INTERFACE] => CGI/1.1
    [HTTPS] => on
    [HTTP_ACCEPT] => text/html,application/xhtml+xml,application/xml;q=0.9,image/webp,image/apng,*/*;q=0.8,application/signed-exchange;v=b3;q=0.9
    [HTTP_ACCEPT_ENCODING] => gzip, deflate
    [HTTP_ACCEPT_LANGUAGE] => de-DE,de;q=0.9,en-DE;q=0.8,en-US;q=0.7,en;q=0.6
    [HTTP_CACHE_CONTROL] => max-age=0
    [HTTP_CONNECTION] => keep-alive
    [HTTP_COOKIE] => consentUUID=39672166-897b-4d15-be88-2acaf023b3c6; euconsent-v2=CO6GxizO6GxizAGABCENA4CgAP_AAH_AAAYgGVtf_X9fb2_j-_5999t0eY1f9_63t-wzjgeNs-8NyZ_X_J4Xr2MyvB34pqYKmR4EunLBAQdlHGHcTQgAwIkFqTLsYk2MizNKJ7JEilMbc2dYGG1vn8XT_ZCY70-_f__7v3-_-___6oGUEEGAAKAQBCWAAIEihEIQAIQxIAIAACihEAgEkACRQALI4COUACABAYgIQIAQAgoAYBAAIAAElAQAgAAIBQARAIAAQADAEAACAAEFgBIiAAACoEhAARABKBAQUAAQcggQFQBBACBASGQFwAKAAqACGAEwALgAjgBSADLAGoAPwAjABHAClgFXAK2AbwBMQCbAFNgLRAYEAw8BkQwAKANoAeABYgDZAI9EQHAAVABWAC4AIYAUgAyABlgDUAGyAPwAjABIgClgFXANYAfIBDYCLwEiAJsATsAocBSIC5AGBAMJAYeAycSACAAcAOcQABAN4EgiAAIAAXABQAFQAMgAcAA8ACAAEQAKgAeQBDAEQAJkAVQBWACwAFwAN4AcwA9ACGgEQARIAlgBNAClAGGAMgAZYA1ABsgDiAHeAPYAfEA-wD9AIwASIApYBfgDCAGKANYAbQA3ABvAD0AHyAQ2AioBF4CRAExAJlATYAnYBSICmwFYALFAWwAuQBd4DAgGDAMJAYaAw8BkQDJAGThQAICiQ0B8AFQAVgAuACGAFIAMgAZYA0gBqADZAH4ARgApYBV4C0ALSAawA3gB8gENgIvASIAmwBOwChwFIgLkAYEAwkBh4DGAGThwAIADgwAQA2QB1AF9AMjFQGAAKAAqACGAEwALgAjgBSADLAGoAPwAjABHAClgFXgLQAtIBvAEggJiATYApsBcgDAgGHgMiFABABtADwAR6AvodBFAAXABQAFQALgAZAA4ACAAEQAMQAfQBDAEQAJkAVQBWACwAFwAMQAZgA3gBzAD0AIYARAAlgBMACagFGAUoAyABlQDRANIAagA2QBvgDiAHeAPaAfYB-AEYALFAWgBaQC5gF5AL8AYQAxQBuIDpgOoAegBDYCIgEXgJBASIAmwBO0CmgKbAVYAsWBbAFsgLgAXIAu0Bd4DCQGGgMPAYkAxgBjwDJAGTkIFYACwAKAAZABEADEAIYATAAqgBcADMAG8APQAjgBSADKAGoAN8AcQA7wB-AEDAIwAUOAtAC0gF-AMIAYoA6gB6AEggJEATZApoCmwFigLRgWwBbQC4AFyALtAYeAxIBkQDJyUCQABAACwAKAAXAAyABwAEQAMQAiABMACqAFwAMQAZgA2gCGgEQARMApAClAGUANIAbIA7wB-AEYgLQAtIBigDcAHUAReAkQBNgCxQF2gMPAZEAycpA1AAXABQAFQALgAZAA4ACAAGMAQwBEACYAFIAKoAWAAuABiADMAHMAQwAiIBRgFKAMqAaIBpADZAHEAO-AfYB-AEYAI4AUMArYBeQDCAG0ANwAdQA9ACLwEiAJsATtApoCmwFbALFAWwAuABcgC7QGGgMPAYkAxgBkQDJAGTlQAIAPigAEAeAAA.YAAAAAAAAAAA; _ga=GA1.2.833578532.1600723986; _gid=GA1.2.1977075658.1600723986; PHPSESSID=nq6dqv9tvf7ivhocjpobesjfm2
    [HTTP_HOST] => my.medical-tribune.de
    [HTTP_ORIGIN] => https://my.medical-tribune.de
    [HTTP_REFERER] => https://my.medical-tribune.de/register.php?mode=1
    [HTTP_SEC_FETCH_DEST] => iframe
    [HTTP_SEC_FETCH_MODE] => navigate
    [HTTP_SEC_FETCH_SITE] => same-origin
    [HTTP_SEC_FETCH_USER] => ?1
    [HTTP_UPGRADE_INSECURE_REQUESTS] => 1
    [HTTP_USER_AGENT] => Mozilla/5.0 (Linux; Android 8.0.0; SM-A520F Build/R16NW; wv) AppleWebKit/537.36 (KHTML, like Gecko) Version/4.0 Chrome/85.0.4183.101 Mobile Safari/537.36 [FB_IAB/FB4A;FBAV/288.1.0.47.123;]
    [HTTP_X_REQUESTED_WITH] => com.facebook.katana
    [PATH] => /bin:/usr/bin
    [QUERY_STRING] => mode=1
    [REDIRECT_STATUS] => 200
    [REMOTE_ADDR] => 87.145.3.205
    [REMOTE_PORT] => 38557
    [REQUEST_METHOD] => POST
    [REQUEST_SCHEME] => https
    [REQUEST_URI] => /register.php?mode=1
    [SCRIPT_FILENAME] => /home/mtde/public_html/my/register.php
    [SCRIPT_NAME] => /register.php
    [SERVER_ADDR] => 46.232.181.187
    [SERVER_ADMIN] => webmaster@my.medical-tribune.de
    [SERVER_NAME] => my.medical-tribune.de
    [SERVER_PORT] => 443
    [SERVER_PROTOCOL] => HTTP/1.1
    [SERVER_SIGNATURE] => 
    [SERVER_SOFTWARE] => Apache
    [SSL_TLS_SNI] => my.medical-tribune.de
    [TZ] => Europe/Zurich
    [UNIQUE_ID] => X2lEClvRo2r5SFCDwIDM8wAAAAc
    [PHP_SELF] => /register.php
    [REQUEST_TIME_FLOAT] => 1600734218.1635
    [REQUEST_TIME] => 1600734218
)

22-09-2020 : uschanka@gmx.de,Array
(
    [CONTENT_LENGTH] => 2682
    [CONTENT_TYPE] => multipart/form-data; boundary=---------------------------4108270019457850174721389171
    [CONTEXT_DOCUMENT_ROOT] => /home/mtde/public_html/my
    [CONTEXT_PREFIX] => 
    [DOCUMENT_ROOT] => /home/mtde/public_html/my
    [GATEWAY_INTERFACE] => CGI/1.1
    [HTTPS] => on
    [HTTP_ACCEPT] => text/html,application/xhtml+xml,application/xml;q=0.9,image/webp,*/*;q=0.8
    [HTTP_ACCEPT_ENCODING] => gzip, deflate, br
    [HTTP_ACCEPT_LANGUAGE] => de-DE
    [HTTP_CONNECTION] => keep-alive
    [HTTP_COOKIE] => consentUUID=b5d625e3-88b8-4a55-90b7-7f615ea2a140; euconsent-v2=CO6HTf1O6HTf1AGABCENA4CgAP_AAH_AAAYgGVtf_X9fb2_j-_5999t0eY1f9_63t-wzjgeNs-8NyZ_X_J4Xr2MyvB34pqYKmR4EunLBAQdlHGHcTQgAwIkFqTLsYk2MizNKJ7JEilMbc2dYGG1vn8XT_ZCY70-_f__7v3-_-___6oGUEEGAAKAQBCWAAIEihEIQAIQxIAIAACihEAgEkACRQALI4COUACABAYgIQIAQAgoAYBAAIAAElAQAgAAIBQARAIAAQADAEAACAAEFgBIiAAACoEhAARABKBAQUAAQcggQFQBBACBASGQFwAKAAqACGAEwALgAjgBSADLAGoAPwAjABHAClgFXAK2AbwBMQCbAFNgLRAYEAw8BkQwAKANoAeABYgDZAI9EQHAAVABWAC4AIYAUgAyABlgDUAGyAPwAjABIgClgFXANYAfIBDYCLwEiAJsATsAocBSIC5AGBAMJAYeAycSACAAcAOcQABAN4EgiAAIAAXABQAFQAMgAcAA8ACAAEQAKgAeQBDAEQAJkAVQBWACwAFwAN4AcwA9ACGgEQARIAlgBNAClAGGAMgAZYA1ABsgDiAHeAPYAfEA-wD9AIwASIApYBfgDCAGKANYAbQA3ABvAD0AHyAQ2AioBF4CRAExAJlATYAnYBSICmwFYALFAWwAuQBd4DAgGDAMJAYaAw8BkQDJAGThQAICiQ0B8AFQAVgAuACGAFIAMgAZYA0gBqADZAH4ARgApYBV4C0ALSAawA3gB8gENgIvASIAmwBOwChwFIgLkAYEAwkBh4DGAGThwAIADgwAQA2QB1AF9AMjFQGAAKAAqACGAEwALgAjgBSADLAGoAPwAjABHAClgFXgLQAtIBvAEggJiATYApsBcgDAgGHgMiFABABtADwAR6AvodBFAAXABQAFQALgAZAA4ACAAEQAMQAfQBDAEQAJkAVQBWACwAFwAMQAZgA3gBzAD0AIYARAAlgBMACagFGAUoAyABlQDRANIAagA2QBvgDiAHeAPaAfYB-AEYALFAWgBaQC5gF5AL8AYQAxQBuIDpgOoAegBDYCIgEXgJBASIAmwBO0CmgKbAVYAsWBbAFsgLgAXIAu0Bd4DCQGGgMPAYkAxgBjwDJAGTkIFYACwAKAAZABEADEAIYATAAqgBcADMAG8APQAjgBSADKAGoAN8AcQA7wB-AEDAIwAUOAtAC0gF-AMIAYoA6gB6AEggJEATZApoCmwFigLRgWwBbQC4AFyALtAYeAxIBkQDJyUCQABAACwAKAAXAAyABwAEQAMQAiABMACqAFwAMQAZgA2gCGgEQARMApAClAGUANIAbIA7wB-AEYgLQAtIBigDcAHUAReAkQBNgCxQF2gMPAZEAycpA1AAXABQAFQALgAZAA4ACAAGMAQwBEACYAFIAKoAWAAuABiADMAHMAQwAiIBRgFKAMqAaIBpADZAHEAO-AfYB-AEYAI4AUMArYBeQDCAG0ANwAdQA9ACLwEiAJsATtApoCmwFbALFAWwAuABcgC7QGGgMPAYkAxgBkQDJAGTlQAIAPigAEAeAAA.YAAAAAAAAAAA; _ga=GA1.2.805765924.1600737905; _gid=GA1.2.1998336012.1600737905; PHPSESSID=tu7ivd7ik5p8e69v4gqgqu6hj7
    [HTTP_HOST] => my.medical-tribune.de
    [HTTP_ORIGIN] => https://my.medical-tribune.de
    [HTTP_REFERER] => https://my.medical-tribune.de/register.php?mode=1
    [HTTP_UPGRADE_INSECURE_REQUESTS] => 1
    [HTTP_USER_AGENT] => Mozilla/5.0 (Android 10; Mobile; rv:80.0) Gecko/80.0 Firefox/80.0
    [PATH] => /bin:/usr/bin
    [QUERY_STRING] => mode=1
    [REDIRECT_STATUS] => 200
    [REMOTE_ADDR] => 80.187.122.26
    [REMOTE_PORT] => 8981
    [REQUEST_METHOD] => POST
    [REQUEST_SCHEME] => https
    [REQUEST_URI] => /register.php?mode=1
    [SCRIPT_FILENAME] => /home/mtde/public_html/my/register.php
    [SCRIPT_NAME] => /register.php
    [SERVER_ADDR] => 46.232.181.187
    [SERVER_ADMIN] => webmaster@my.medical-tribune.de
    [SERVER_NAME] => my.medical-tribune.de
    [SERVER_PORT] => 443
    [SERVER_PROTOCOL] => HTTP/1.1
    [SERVER_SIGNATURE] => 
    [SERVER_SOFTWARE] => Apache
    [SSL_TLS_SNI] => my.medical-tribune.de
    [TZ] => Europe/Zurich
    [UNIQUE_ID] => X2lVqxsG@hhnxIbqvY4NqgAAAMk
    [PHP_SELF] => /register.php
    [REQUEST_TIME_FLOAT] => 1600738731.3932
    [REQUEST_TIME] => 1600738731
)

22-09-2020 : katl84@gmx.net,Array
(
    [CONTENT_LENGTH] => 2752
    [CONTENT_TYPE] => multipart/form-data; boundary=----WebKitFormBoundaryKjsIPBpxkdudeq4L
    [CONTEXT_DOCUMENT_ROOT] => /home/mtde/public_html/my
    [CONTEXT_PREFIX] => 
    [DOCUMENT_ROOT] => /home/mtde/public_html/my
    [GATEWAY_INTERFACE] => CGI/1.1
    [HTTPS] => on
    [HTTP_ACCEPT] => text/html,application/xhtml+xml,application/xml;q=0.9,image/webp,image/apng,*/*;q=0.8,application/signed-exchange;v=b3;q=0.9
    [HTTP_ACCEPT_ENCODING] => gzip, deflate, br
    [HTTP_ACCEPT_LANGUAGE] => de-DE,de;q=0.9,en-US;q=0.8,en;q=0.7
    [HTTP_CACHE_CONTROL] => max-age=0
    [HTTP_CONNECTION] => keep-alive
    [HTTP_COOKIE] => consentUUID=f61a7d50-9dad-444f-8d78-97aaa45bbad2; euconsent-v2=CO6H1i0O6H1i0AGABCENA4CgAP_AAH_AAAYgGVtf_X9fb2_j-_5999t0eY1f9_63t-wzjgeNs-8NyZ_X_J4Xr2MyvB34pqYKmR4EunLBAQdlHGHcTQgAwIkFqTLsYk2MizNKJ7JEilMbc2dYGG1vn8XT_ZCY70-_f__7v3-_-___6oGUEEGAAKAQBCWAAIEihEIQAIQxIAIAACihEAgEkACRQALI4COUACABAYgIQIAQAgoAYBAAIAAElAQAgAAIBQARAIAAQADAEAACAAEFgBIiAAACoEhAARABKBAQUAAQcggQFQBBACBASGQFwAKAAqACGAEwALgAjgBSADLAGoAPwAjABHAClgFXAK2AbwBMQCbAFNgLRAYEAw8BkQwAKANoAeABYgDZAI9EQHAAVABWAC4AIYAUgAyABlgDUAGyAPwAjABIgClgFXANYAfIBDYCLwEiAJsATsAocBSIC5AGBAMJAYeAycSACAAcAOcQABAN4EgiAAIAAXABQAFQAMgAcAA8ACAAEQAKgAeQBDAEQAJkAVQBWACwAFwAN4AcwA9ACGgEQARIAlgBNAClAGGAMgAZYA1ABsgDiAHeAPYAfEA-wD9AIwASIApYBfgDCAGKANYAbQA3ABvAD0AHyAQ2AioBF4CRAExAJlATYAnYBSICmwFYALFAWwAuQBd4DAgGDAMJAYaAw8BkQDJAGThQAICiQ0B8AFQAVgAuACGAFIAMgAZYA0gBqADZAH4ARgApYBV4C0ALSAawA3gB8gENgIvASIAmwBOwChwFIgLkAYEAwkBh4DGAGThwAIADgwAQA2QB1AF9AMjFQGAAKAAqACGAEwALgAjgBSADLAGoAPwAjABHAClgFXgLQAtIBvAEggJiATYApsBcgDAgGHgMiFABABtADwAR6AvodBFAAXABQAFQALgAZAA4ACAAEQAMQAfQBDAEQAJkAVQBWACwAFwAMQAZgA3gBzAD0AIYARAAlgBMACagFGAUoAyABlQDRANIAagA2QBvgDiAHeAPaAfYB-AEYALFAWgBaQC5gF5AL8AYQAxQBuIDpgOoAegBDYCIgEXgJBASIAmwBO0CmgKbAVYAsWBbAFsgLgAXIAu0Bd4DCQGGgMPAYkAxgBjwDJAGTkIFYACwAKAAZABEADEAIYATAAqgBcADMAG8APQAjgBSADKAGoAN8AcQA7wB-AEDAIwAUOAtAC0gF-AMIAYoA6gB6AEggJEATZApoCmwFigLRgWwBbQC4AFyALtAYeAxIBkQDJyUCQABAACwAKAAXAAyABwAEQAMQAiABMACqAFwAMQAZgA2gCGgEQARMApAClAGUANIAbIA7wB-AEYgLQAtIBigDcAHUAReAkQBNgCxQF2gMPAZEAycpA1AAXABQAFQALgAZAA4ACAAGMAQwBEACYAFIAKoAWAAuABiADMAHMAQwAiIBRgFKAMqAaIBpADZAHEAO-AfYB-AEYAI4AUMArYBeQDCAG0ANwAdQA9ACLwEiAJsATtApoCmwFbALFAWwAuABcgC7QGGgMPAYkAxgBkQDJAGTlQAIAPigAEAeAAA.YAAAAAAAAAAA; _ga=GA1.2.985597890.1600751842; _gid=GA1.2.1884470136.1600751842; PHPSESSID=f02hqp6vddfdugs27cp43qdud7
    [HTTP_HOST] => my.medical-tribune.de
    [HTTP_ORIGIN] => https://my.medical-tribune.de
    [HTTP_REFERER] => https://my.medical-tribune.de/register.php?mode=1
    [HTTP_SEC_FETCH_MODE] => nested-navigate
    [HTTP_SEC_FETCH_SITE] => same-origin
    [HTTP_SEC_FETCH_USER] => ?1
    [HTTP_UPGRADE_INSECURE_REQUESTS] => 1
    [HTTP_USER_AGENT] => Mozilla/5.0 (Linux; Android 10; SAMSUNG SM-A600FN/A600FNXXU6CTF2) AppleWebKit/537.36 (KHTML, like Gecko) SamsungBrowser/12.1 Chrome/79.0.3945.136 Mobile Safari/537.36
    [PATH] => /bin:/usr/bin
    [QUERY_STRING] => mode=1
    [REDIRECT_STATUS] => 200
    [REMOTE_ADDR] => 109.40.129.3
    [REMOTE_PORT] => 1800
    [REQUEST_METHOD] => POST
    [REQUEST_SCHEME] => https
    [REQUEST_URI] => /register.php?mode=1
    [SCRIPT_FILENAME] => /home/mtde/public_html/my/register.php
    [SCRIPT_NAME] => /register.php
    [SERVER_ADDR] => 46.232.181.187
    [SERVER_ADMIN] => webmaster@my.medical-tribune.de
    [SERVER_NAME] => my.medical-tribune.de
    [SERVER_PORT] => 443
    [SERVER_PROTOCOL] => HTTP/1.1
    [SERVER_SIGNATURE] => 
    [SERVER_SOFTWARE] => Apache
    [SSL_TLS_SNI] => my.medical-tribune.de
    [TZ] => Europe/Zurich
    [UNIQUE_ID] => X2mLNCt-1JNZcHAhMofiBAAAAUE
    [PHP_SELF] => /register.php
    [REQUEST_TIME_FLOAT] => 1600752436.7905
    [REQUEST_TIME] => 1600752436
)

22-09-2020 : isuschkokueck@aol.com,Array
(
    [CONTENT_LENGTH] => 3125
    [CONTENT_TYPE] => multipart/form-data; boundary=----WebKitFormBoundaryyqiarVUliuaIR1VX
    [CONTEXT_DOCUMENT_ROOT] => /home/mtde/public_html/my
    [CONTEXT_PREFIX] => 
    [DOCUMENT_ROOT] => /home/mtde/public_html/my
    [GATEWAY_INTERFACE] => CGI/1.1
    [HTTPS] => on
    [HTTP_ACCEPT] => text/html,application/xhtml+xml,application/xml;q=0.9,image/webp,image/apng,*/*;q=0.8,application/signed-exchange;v=b3;q=0.9
    [HTTP_ACCEPT_ENCODING] => gzip, deflate, br
    [HTTP_ACCEPT_LANGUAGE] => de-DE,de;q=0.9,en-US;q=0.8,en;q=0.7
    [HTTP_CACHE_CONTROL] => max-age=0
    [HTTP_CONNECTION] => keep-alive
    [HTTP_COOKIE] => consentUUID=aae2a1a2-e69c-4361-acd9-83d3687fe3a4; euconsent-v2=CO6H5urO6H5urAGABCENA4CgAP_AAH_AAAYgGVtf_X9fb2_j-_5999t0eY1f9_63t-wzjgeNs-8NyZ_X_J4Xr2MyvB34pqYKmR4EunLBAQdlHGHcTQgAwIkFqTLsYk2MizNKJ7JEilMbc2dYGG1vn8XT_ZCY70-_f__7v3-_-___6oGUEEGAAKAQBCWAAIEihEIQAIQxIAIAACihEAgEkACRQALI4COUACABAYgIQIAQAgoAYBAAIAAElAQAgAAIBQARAIAAQADAEAACAAEFgBIiAAACoEhAARABKBAQUAAQcggQFQBBACBASGQFwAKAAqACGAEwALgAjgBSADLAGoAPwAjABHAClgFXAK2AbwBMQCbAFNgLRAYEAw8BkQwAKANoAeABYgDZAI9EQHAAVABWAC4AIYAUgAyABlgDUAGyAPwAjABIgClgFXANYAfIBDYCLwEiAJsATsAocBSIC5AGBAMJAYeAycSACAAcAOcQABAN4EgiAAIAAXABQAFQAMgAcAA8ACAAEQAKgAeQBDAEQAJkAVQBWACwAFwAN4AcwA9ACGgEQARIAlgBNAClAGGAMgAZYA1ABsgDiAHeAPYAfEA-wD9AIwASIApYBfgDCAGKANYAbQA3ABvAD0AHyAQ2AioBF4CRAExAJlATYAnYBSICmwFYALFAWwAuQBd4DAgGDAMJAYaAw8BkQDJAGThQAICiQ0B8AFQAVgAuACGAFIAMgAZYA0gBqADZAH4ARgApYBV4C0ALSAawA3gB8gENgIvASIAmwBOwChwFIgLkAYEAwkBh4DGAGThwAIADgwAQA2QB1AF9AMjFQGAAKAAqACGAEwALgAjgBSADLAGoAPwAjABHAClgFXgLQAtIBvAEggJiATYApsBcgDAgGHgMiFABABtADwAR6AvodBFAAXABQAFQALgAZAA4ACAAEQAMQAfQBDAEQAJkAVQBWACwAFwAMQAZgA3gBzAD0AIYARAAlgBMACagFGAUoAyABlQDRANIAagA2QBvgDiAHeAPaAfYB-AEYALFAWgBaQC5gF5AL8AYQAxQBuIDpgOoAegBDYCIgEXgJBASIAmwBO0CmgKbAVYAsWBbAFsgLgAXIAu0Bd4DCQGGgMPAYkAxgBjwDJAGTkIFYACwAKAAZABEADEAIYATAAqgBcADMAG8APQAjgBSADKAGoAN8AcQA7wB-AEDAIwAUOAtAC0gF-AMIAYoA6gB6AEggJEATZApoCmwFigLRgWwBbQC4AFyALtAYeAxIBkQDJyUCQABAACwAKAAXAAyABwAEQAMQAiABMACqAFwAMQAZgA2gCGgEQARMApAClAGUANIAbIA7wB-AEYgLQAtIBigDcAHUAReAkQBNgCxQF2gMPAZEAycpA1AAXABQAFQALgAZAA4ACAAGMAQwBEACYAFIAKoAWAAuABiADMAHMAQwAiIBRgFKAMqAaIBpADZAHEAO-AfYB-AEYAI4AUMArYBeQDCAG0ANwAdQA9ACLwEiAJsATtApoCmwFbALFAWwAuABcgC7QGGgMPAYkAxgBkQDJAGTlQAIAPigAEAeAAA.YAAAAAAAAAAA; _ga=GA1.2.103829675.1600753525; _gid=GA1.2.1028446129.1600753525; PHPSESSID=i7cfc2fpf6kmq9u37id7fvm7l3
    [HTTP_HOST] => my.medical-tribune.de
    [HTTP_ORIGIN] => https://my.medical-tribune.de
    [HTTP_REFERER] => https://my.medical-tribune.de/register.php?mode=1
    [HTTP_SEC_FETCH_MODE] => nested-navigate
    [HTTP_SEC_FETCH_SITE] => same-origin
    [HTTP_SEC_FETCH_USER] => ?1
    [HTTP_UPGRADE_INSECURE_REQUESTS] => 1
    [HTTP_USER_AGENT] => Mozilla/5.0 (Linux; Android 10; SAMSUNG SM-A202F) AppleWebKit/537.36 (KHTML, like Gecko) SamsungBrowser/12.1 Chrome/79.0.3945.136 Mobile Safari/537.36
    [PATH] => /bin:/usr/bin
    [QUERY_STRING] => mode=1
    [REDIRECT_STATUS] => 200
    [REMOTE_ADDR] => 31.150.10.84
    [REMOTE_PORT] => 39436
    [REQUEST_METHOD] => POST
    [REQUEST_SCHEME] => https
    [REQUEST_URI] => /register.php?mode=1
    [SCRIPT_FILENAME] => /home/mtde/public_html/my/register.php
    [SCRIPT_NAME] => /register.php
    [SERVER_ADDR] => 46.232.181.187
    [SERVER_ADMIN] => webmaster@my.medical-tribune.de
    [SERVER_NAME] => my.medical-tribune.de
    [SERVER_PORT] => 443
    [SERVER_PROTOCOL] => HTTP/1.1
    [SERVER_SIGNATURE] => 
    [SERVER_SOFTWARE] => Apache
    [SSL_TLS_SNI] => my.medical-tribune.de
    [TZ] => Europe/Zurich
    [UNIQUE_ID] => X2mRief-Lulrz0pSSzfhVwAAAMQ
    [PHP_SELF] => /register.php
    [REQUEST_TIME_FLOAT] => 1600754057.3052
    [REQUEST_TIME] => 1600754057
)

22-09-2020 : Dr.Marwan.Ly@Gmail.com,Array
(
    [CONTENT_LENGTH] => 3313
    [CONTENT_TYPE] => multipart/form-data; boundary=----WebKitFormBoundary9ANYgzB05q7aYq93
    [CONTEXT_DOCUMENT_ROOT] => /home/mtde/public_html/my
    [CONTEXT_PREFIX] => 
    [DOCUMENT_ROOT] => /home/mtde/public_html/my
    [GATEWAY_INTERFACE] => CGI/1.1
    [HTTPS] => on
    [HTTP_ACCEPT] => text/html,application/xhtml+xml,application/xml;q=0.9,image/webp,image/apng,*/*;q=0.8,application/signed-exchange;v=b3;q=0.9
    [HTTP_ACCEPT_ENCODING] => gzip, deflate, br
    [HTTP_ACCEPT_LANGUAGE] => de-DE,de;q=0.9,en;q=0.8,ar;q=0.7
    [HTTP_CACHE_CONTROL] => max-age=0
    [HTTP_CONNECTION] => keep-alive
    [HTTP_COOKIE] => consentUUID=5dc28968-af7d-4197-8b06-f87358bcaf5f; euconsent-v2=CO6H8Z7O6H8Z7AGABCENA4CgAP_AAH_AAAYgGVtf_X9fb2_j-_5999t0eY1f9_63t-wzjgeNs-8NyZ_X_J4Xr2MyvB34pqYKmR4EunLBAQdlHGHcTQgAwIkFqTLsYk2MizNKJ7JEilMbc2dYGG1vn8XT_ZCY70-_f__7v3-_-___6oGUEEGAAKAQBCWAAIEihEIQAIQxIAIAACihEAgEkACRQALI4COUACABAYgIQIAQAgoAYBAAIAAElAQAgAAIBQARAIAAQADAEAACAAEFgBIiAAACoEhAARABKBAQUAAQcggQFQBBACBASGQFwAKAAqACGAEwALgAjgBSADLAGoAPwAjABHAClgFXAK2AbwBMQCbAFNgLRAYEAw8BkQwAKANoAeABYgDZAI9EQHAAVABWAC4AIYAUgAyABlgDUAGyAPwAjABIgClgFXANYAfIBDYCLwEiAJsATsAocBSIC5AGBAMJAYeAycSACAAcAOcQABAN4EgiAAIAAXABQAFQAMgAcAA8ACAAEQAKgAeQBDAEQAJkAVQBWACwAFwAN4AcwA9ACGgEQARIAlgBNAClAGGAMgAZYA1ABsgDiAHeAPYAfEA-wD9AIwASIApYBfgDCAGKANYAbQA3ABvAD0AHyAQ2AioBF4CRAExAJlATYAnYBSICmwFYALFAWwAuQBd4DAgGDAMJAYaAw8BkQDJAGThQAICiQ0B8AFQAVgAuACGAFIAMgAZYA0gBqADZAH4ARgApYBV4C0ALSAawA3gB8gENgIvASIAmwBOwChwFIgLkAYEAwkBh4DGAGThwAIADgwAQA2QB1AF9AMjFQGAAKAAqACGAEwALgAjgBSADLAGoAPwAjABHAClgFXgLQAtIBvAEggJiATYApsBcgDAgGHgMiFABABtADwAR6AvodBFAAXABQAFQALgAZAA4ACAAEQAMQAfQBDAEQAJkAVQBWACwAFwAMQAZgA3gBzAD0AIYARAAlgBMACagFGAUoAyABlQDRANIAagA2QBvgDiAHeAPaAfYB-AEYALFAWgBaQC5gF5AL8AYQAxQBuIDpgOoAegBDYCIgEXgJBASIAmwBO0CmgKbAVYAsWBbAFsgLgAXIAu0Bd4DCQGGgMPAYkAxgBjwDJAGTkIFYACwAKAAZABEADEAIYATAAqgBcADMAG8APQAjgBSADKAGoAN8AcQA7wB-AEDAIwAUOAtAC0gF-AMIAYoA6gB6AEggJEATZApoCmwFigLRgWwBbQC4AFyALtAYeAxIBkQDJyUCQABAACwAKAAXAAyABwAEQAMQAiABMACqAFwAMQAZgA2gCGgEQARMApAClAGUANIAbIA7wB-AEYgLQAtIBigDcAHUAReAkQBNgCxQF2gMPAZEAycpA1AAXABQAFQALgAZAA4ACAAGMAQwBEACYAFIAKoAWAAuABiADMAHMAQwAiIBRgFKAMqAaIBpADZAHEAO-AfYB-AEYAI4AUMArYBeQDCAG0ANwAdQA9ACLwEiAJsATtApoCmwFbALFAWwAuABcgC7QGGgMPAYkAxgBkQDJAGTlQAIAPigAEAeAAA.YAAAAAAAAAAA; _ga=GA1.2.714890422.1600754649; _gid=GA1.2.1884115930.1600754649; _gac_UA-1204464-17=1.1600754649.Cj0KCQjwnqH7BRDdARIsACTSAdu3-2euUzqhHSvF5Z9OYcd9L9S3u8gEBZxkAsn_8jIxqiZNjSRcScsaAnjjEALw_wcB; _gac_UA-173639924-1=1.1600754649.Cj0KCQjwnqH7BRDdARIsACTSAdu3-2euUzqhHSvF5Z9OYcd9L9S3u8gEBZxkAsn_8jIxqiZNjSRcScsaAnjjEALw_wcB; PHPSESSID=aiqvm4mtvugv91751kl47bh6p2
    [HTTP_HOST] => my.medical-tribune.de
    [HTTP_ORIGIN] => https://my.medical-tribune.de
    [HTTP_REFERER] => https://my.medical-tribune.de/register.php?mode=1
    [HTTP_SAVE_DATA] => on
    [HTTP_SEC_FETCH_DEST] => iframe
    [HTTP_SEC_FETCH_MODE] => navigate
    [HTTP_SEC_FETCH_SITE] => same-origin
    [HTTP_SEC_FETCH_USER] => ?1
    [HTTP_UPGRADE_INSECURE_REQUESTS] => 1
    [HTTP_USER_AGENT] => Mozilla/5.0 (Linux; Android 10; SM-M205F) AppleWebKit/537.36 (KHTML, like Gecko) Chrome/85.0.4183.101 Mobile Safari/537.36
    [PATH] => /bin:/usr/bin
    [QUERY_STRING] => mode=1
    [REDIRECT_STATUS] => 200
    [REMOTE_ADDR] => 178.7.193.58
    [REMOTE_PORT] => 35770
    [REQUEST_METHOD] => POST
    [REQUEST_SCHEME] => https
    [REQUEST_URI] => /register.php?mode=1
    [SCRIPT_FILENAME] => /home/mtde/public_html/my/register.php
    [SCRIPT_NAME] => /register.php
    [SERVER_ADDR] => 46.232.181.187
    [SERVER_ADMIN] => webmaster@my.medical-tribune.de
    [SERVER_NAME] => my.medical-tribune.de
    [SERVER_PORT] => 443
    [SERVER_PROTOCOL] => HTTP/1.1
    [SERVER_SIGNATURE] => 
    [SERVER_SOFTWARE] => Apache
    [SSL_TLS_SNI] => my.medical-tribune.de
    [TZ] => Europe/Zurich
    [UNIQUE_ID] => X2mVNDC3yjdPnAxGdvepngAAAIw
    [PHP_SELF] => /register.php
    [REQUEST_TIME_FLOAT] => 1600754996.4182
    [REQUEST_TIME] => 1600754996
)

22-09-2020 : t.kontakt99@yahoo.de,Array
(
    [CONTENT_LENGTH] => 2318
    [CONTENT_TYPE] => multipart/form-data; boundary=----WebKitFormBoundarylQhYUWwemzwaoeGq
    [CONTEXT_DOCUMENT_ROOT] => /home/mtde/public_html/my
    [CONTEXT_PREFIX] => 
    [DOCUMENT_ROOT] => /home/mtde/public_html/my
    [GATEWAY_INTERFACE] => CGI/1.1
    [HTTPS] => on
    [HTTP_ACCEPT] => text/html,application/xhtml+xml,application/xml;q=0.9,image/webp,image/apng,*/*;q=0.8
    [HTTP_ACCEPT_ENCODING] => gzip, deflate, br
    [HTTP_ACCEPT_LANGUAGE] => de-DE,de;q=0.9,en-US;q=0.8,en;q=0.7
    [HTTP_CACHE_CONTROL] => max-age=0
    [HTTP_CONNECTION] => keep-alive
    [HTTP_COOKIE] => consentUUID=531e3297-8a92-438b-90aa-7b46dda933e8; euconsent-v2=CO6H_CCO6H_CCAGABBENA4CgAAAAAH_AAAYgAAAMoIIMAAUAgCEsAAQJFCIQAAQhiQAAAAFFCIBQJIAEigAWRwEcoIEACAxAQgQAgBBQAwCAAQAAJKAgBACAQCAAiAQAAgAGAIAAEAAILACQEAAAFQJCAAiACUCAggAAg5BAgKgCCAECASMACgDaAHgAWIA2QCPRIAIABwA5xAAEA3gUACAokOABAAcGABAGyAX0KACADaAHgAj0BfRUACAD4oABAHgA.YAAAAAAAAAAA; PHPSESSID=8bnk6b5s1pct5bkqfsjbhe6s22
    [HTTP_HOST] => my.medical-tribune.de
    [HTTP_ORIGIN] => https://my.medical-tribune.de
    [HTTP_REFERER] => https://my.medical-tribune.de/register.php?mode=1
    [HTTP_UPGRADE_INSECURE_REQUESTS] => 1
    [HTTP_USER_AGENT] => Mozilla/5.0 (Linux; Android 7.1.1; SAMSUNG SM-J510FN) AppleWebKit/537.36 (KHTML, like Gecko) SamsungBrowser/10.2 Chrome/71.0.3578.99 Mobile Safari/537.36
    [PATH] => /bin:/usr/bin
    [QUERY_STRING] => mode=1
    [REDIRECT_STATUS] => 200
    [REMOTE_ADDR] => 46.114.139.6
    [REMOTE_PORT] => 12578
    [REQUEST_METHOD] => POST
    [REQUEST_SCHEME] => https
    [REQUEST_URI] => /register.php?mode=1
    [SCRIPT_FILENAME] => /home/mtde/public_html/my/register.php
    [SCRIPT_NAME] => /register.php
    [SERVER_ADDR] => 46.232.181.187
    [SERVER_ADMIN] => webmaster@my.medical-tribune.de
    [SERVER_NAME] => my.medical-tribune.de
    [SERVER_PORT] => 443
    [SERVER_PROTOCOL] => HTTP/1.1
    [SERVER_SIGNATURE] => 
    [SERVER_SOFTWARE] => Apache
    [SSL_TLS_SNI] => my.medical-tribune.de
    [TZ] => Europe/Zurich
    [UNIQUE_ID] => X2mbYxVUehkL6I-HVUMRJgAAAE8
    [PHP_SELF] => /register.php
    [REQUEST_TIME_FLOAT] => 1600756579.5329
    [REQUEST_TIME] => 1600756579
)

22-09-2020 : drmasek@gmx.de,Array
(
    [CONTENT_LENGTH] => 3077
    [CONTENT_TYPE] => multipart/form-data; boundary=----WebKitFormBoundaryRCIk18GA7i4y8ded
    [CONTEXT_DOCUMENT_ROOT] => /home/mtde/public_html/my
    [CONTEXT_PREFIX] => 
    [DOCUMENT_ROOT] => /home/mtde/public_html/my
    [GATEWAY_INTERFACE] => CGI/1.1
    [HTTPS] => on
    [HTTP_ACCEPT] => text/html,application/xhtml+xml,application/xml;q=0.9,image/webp,image/apng,*/*;q=0.8,application/signed-exchange;v=b3;q=0.9
    [HTTP_ACCEPT_ENCODING] => gzip, deflate
    [HTTP_ACCEPT_LANGUAGE] => de-DE,de;q=0.9,cs-CZ;q=0.8,cs;q=0.7,en-US;q=0.6,en;q=0.5
    [HTTP_CACHE_CONTROL] => max-age=0
    [HTTP_CONNECTION] => keep-alive
    [HTTP_COOKIE] => consentUUID=15367d72-2c0e-44a7-b839-2bf1e31c3df6; euconsent-v2=CO6IRo5O6IRo5AGABBENA4CgAAAAAH_AAAYgAAAMoIIMAAUAgCEsAAQJFCIQAAQhiQAAAAFFCIBQJIAEigAWRwEcoIEACAxAQgQAgBBQAwCAAQAAJKAgBACAQCAAiAQAAgAGAIAAEAAILACQEAAAFQJCAAiACUCAggAAg5BAgKgCCAECASMACgDaAHgAWIA2QCPRIAIABwA5xAAEA3gUACAokOABAAcGABAGyAX0KACADaAHgAj0BfRUACAD4oABAHgA.YAAAAAAAAAAA; PHPSESSID=0vh41b2geujnhq68e9qdod01c6
    [HTTP_HOST] => my.medical-tribune.de
    [HTTP_ORIGIN] => https://my.medical-tribune.de
    [HTTP_REFERER] => https://my.medical-tribune.de/register.php?mode=1
    [HTTP_SEC_FETCH_DEST] => iframe
    [HTTP_SEC_FETCH_MODE] => navigate
    [HTTP_SEC_FETCH_SITE] => same-origin
    [HTTP_SEC_FETCH_USER] => ?1
    [HTTP_UPGRADE_INSECURE_REQUESTS] => 1
    [HTTP_USER_AGENT] => Mozilla/5.0 (Linux; Android 11; Pixel 3a Build/RP1A.200720.009) AppleWebKit/537.36 (KHTML, like Gecko) Chrome/85.0.4183.101 Mobile Safari/537.36
    [HTTP_X_REQUESTED_WITH] => com.cliqz.browser
    [PATH] => /bin:/usr/bin
    [QUERY_STRING] => mode=1
    [REDIRECT_STATUS] => 200
    [REMOTE_ADDR] => 83.135.79.119
    [REMOTE_PORT] => 40490
    [REQUEST_METHOD] => POST
    [REQUEST_SCHEME] => https
    [REQUEST_URI] => /register.php?mode=1
    [SCRIPT_FILENAME] => /home/mtde/public_html/my/register.php
    [SCRIPT_NAME] => /register.php
    [SERVER_ADDR] => 46.232.181.187
    [SERVER_ADMIN] => webmaster@my.medical-tribune.de
    [SERVER_NAME] => my.medical-tribune.de
    [SERVER_PORT] => 443
    [SERVER_PROTOCOL] => HTTP/1.1
    [SERVER_SIGNATURE] => 
    [SERVER_SOFTWARE] => Apache
    [SSL_TLS_SNI] => my.medical-tribune.de
    [TZ] => Europe/Zurich
    [UNIQUE_ID] => X2m-Eit-1JNZcHAhMocF2AAAAUM
    [PHP_SELF] => /register.php
    [REQUEST_TIME_FLOAT] => 1600765714.3891
    [REQUEST_TIME] => 1600765714
)

22-09-2020 : almobi@bluewin.ch,Array
(
    [CONTENT_LENGTH] => 2668
    [CONTENT_TYPE] => multipart/form-data; boundary=---------------------------3005658487173446844392817580
    [CONTEXT_DOCUMENT_ROOT] => /home/mtde/public_html/my
    [CONTEXT_PREFIX] => 
    [DOCUMENT_ROOT] => /home/mtde/public_html/my
    [GATEWAY_INTERFACE] => CGI/1.1
    [HTTPS] => on
    [HTTP_ACCEPT] => text/html,application/xhtml+xml,application/xml;q=0.9,image/webp,*/*;q=0.8
    [HTTP_ACCEPT_ENCODING] => gzip, deflate, br
    [HTTP_ACCEPT_LANGUAGE] => de,en-US;q=0.7,en;q=0.3
    [HTTP_CONNECTION] => keep-alive
    [HTTP_COOKIE] => _ga=GA1.2.1264541827.1598282810; consentUUID=437db7ba-86b4-4fbb-b4a6-9da46ecaabcc; euconsent-v2=CO4ppp5O4ppp5AGABCENA0CgAP_AAH_AAAQ4GVtf_X9fb2_j-_5999t0eY1f9_63t-wzjgeNs-8NyZ_X_J4Xr2MyvB34pqYKmR4EunLBAQdlHGHcTQgAwIkFqTLsYk2MizNKJ7JEilMbc2dYGG1vn8XT_ZCY70-_f__7v3-_-___6oGUEEGAAKAQBCWAAIEihEIQAIQxIAIAACihEAgEkACRQALI4COUACABAYgIQIAQAgoAYBAAIAAElAQAgAAIBQARAIAAQADAEAACAAEFgBIiAAACoEhAARABKBAQUAAQcggQFQBBACBARGQGAAKAAqACGAEwALgAjgBSADLAGoAOIAfgBGACOAFLAKuAVsA3gCYgE2AKbAWiAwIBh4DIhgAUAbQA8ACxAGyAR6IgOgAqACsAFwAQwAiQBSADIAGWANQAbIA4gB-AEYAKWAVcA1gB8gENgIvASIAmwBOwChwFIgLkAYEAwkBh4DJxIAIABwA5xAAEA3gSCIAAgABcAFAAVAAyABwADwAIAARAAqAB4AD6AIYAiABMgCqAKwAWAAuABvADmAHoAQ0AiACJAEsAJoAUoAwwBkADLAGoANkAcQA7wB7AD4gH2AfoBGAClgF-AMIAYoA1gBtADcAG8APQAfIBDYCKgEXgJEATEAmUBNgCdgFIgKbAVgAsUBbAC5AF3gMCAYMAwkBhoDDwGRAMkAZOGgQgAqACsAFwAQwAiQBSADIAGWANIAagA2QBxAD8AIwAUsAq8BaAFpANYAbwA-QCGwEXgJEATYAnYBQ4CkQFyAMCAYSAw8BjADJw4AEABwYAIAbIA6gC-gGRioDIAFAAVABDACYAFwARwApABlgDUAHEAPwAjABHAClgFXgLQAtIBvAEggJiATYApsBcgDAgGHgMiFABABtADwAR6AvodBGAAXABQAFQALgAZAA4ACAAEQAMQAfABBgCGAIgATIAqgCsAFgALgAYgAzABvADmAHoAQwAiABLACYAE1AKMApQBkADKgGiAaQA1ABswDfAOAAcQA7wB7QD7APwAjABYoC0ALSAXMAvIBfgDCAGKANxAdMB1AD0AIbAREAi8BIICRAE2AJ2gU0BTYCrAFiwLYAtkBcAC5AF2gLvAYSAw0Bh4DEgGMAMeAZIAychAsAAWABQADIAIgAYgBBACGAEwAKoAXAAzABvAD0AI4AUgAygBqADfAHEAO8AfgBAwCMAFDgLQAtIBfgDCAGKAOoAegBIICRAE2QKaApsBYoC0YFsAW0AuABcgC7QGHgMSAZEAyclAjAAQAAsACgAFwAMgAcABiAEQAJgAVQAuABiADMAG0AQ0AiACJgFIAUoAygBpADZAHeAPwAjEBaAFpAMUAbgA6gCLwEiAJsAWKAu0Bh4DIgGTlIGoAC4AKAAqABcADIAHAAQAAxgCGAIgATAApABVACwAFwAMQAZgA5gCGAERAKMApQBlQDRANIAbIA4gB3wD7APwAjABHAChgFbALyAYQA2gBuADqAHoAReAkQBNgCdoFNAU2ArYBYoC2AFwALkAXaAw0Bh4DEgGMAMiAZIAycqABAB8UAAgDwA.YAAAAAAAAAAA; _gid=GA1.2.1142550753.1600770611; PHPSESSID=cnk3tudppj53qhufflpvja5p53
    [HTTP_HOST] => my.medical-tribune.de
    [HTTP_ORIGIN] => https://my.medical-tribune.de
    [HTTP_REFERER] => https://my.medical-tribune.de/register.php?mode=1
    [HTTP_UPGRADE_INSECURE_REQUESTS] => 1
    [HTTP_USER_AGENT] => Mozilla/5.0 (Windows NT 10.0; Win64; x64; rv:80.0) Gecko/20100101 Firefox/80.0
    [PATH] => /bin:/usr/bin
    [QUERY_STRING] => mode=1
    [REDIRECT_STATUS] => 200
    [REMOTE_ADDR] => 88.213.138.59
    [REMOTE_PORT] => 52254
    [REQUEST_METHOD] => POST
    [REQUEST_SCHEME] => https
    [REQUEST_URI] => /register.php?mode=1
    [SCRIPT_FILENAME] => /home/mtde/public_html/my/register.php
    [SCRIPT_NAME] => /register.php
    [SERVER_ADDR] => 46.232.181.187
    [SERVER_ADMIN] => webmaster@my.medical-tribune.de
    [SERVER_NAME] => my.medical-tribune.de
    [SERVER_PORT] => 443
    [SERVER_PROTOCOL] => HTTP/1.1
    [SERVER_SIGNATURE] => 
    [SERVER_SOFTWARE] => Apache
    [SSL_TLS_SNI] => my.medical-tribune.de
    [TZ] => Europe/Zurich
    [UNIQUE_ID] => X2nTTOf-Lulrz0pSSzcSkgAAANI
    [PHP_SELF] => /register.php
    [REQUEST_TIME_FLOAT] => 1600770892.5051
    [REQUEST_TIME] => 1600770892
)

22-09-2020 : max.wilsdorf94@web.de,Array
(
    [CONTENT_LENGTH] => 3883
    [CONTENT_TYPE] => multipart/form-data; boundary=----WebKitFormBoundarykAqYIys8mAC0o1mB
    [CONTEXT_DOCUMENT_ROOT] => /home/mtde/public_html/my
    [CONTEXT_PREFIX] => 
    [DOCUMENT_ROOT] => /home/mtde/public_html/my
    [GATEWAY_INTERFACE] => CGI/1.1
    [HTTPS] => on
    [HTTP_ACCEPT] => text/html,application/xhtml+xml,application/xml;q=0.9,image/avif,image/webp,image/apng,*/*;q=0.8,application/signed-exchange;v=b3;q=0.9
    [HTTP_ACCEPT_ENCODING] => gzip, deflate, br
    [HTTP_ACCEPT_LANGUAGE] => de-DE,de;q=0.9,en-US;q=0.8,en;q=0.7
    [HTTP_CACHE_CONTROL] => max-age=0
    [HTTP_CONNECTION] => keep-alive
    [HTTP_COOKIE] => PHPSESSID=h9613tr0fkk7enaedgtljkfv64
    [HTTP_HOST] => my.medical-tribune.de
    [HTTP_ORIGIN] => https://my.medical-tribune.de
    [HTTP_REFERER] => https://my.medical-tribune.de/register.php?mode=1
    [HTTP_SEC_FETCH_DEST] => iframe
    [HTTP_SEC_FETCH_MODE] => navigate
    [HTTP_SEC_FETCH_SITE] => same-origin
    [HTTP_SEC_FETCH_USER] => ?1
    [HTTP_UPGRADE_INSECURE_REQUESTS] => 1
    [HTTP_USER_AGENT] => Mozilla/5.0 (Windows NT 10.0; Win64; x64) AppleWebKit/537.36 (KHTML, like Gecko) Chrome/85.0.4183.102 Safari/537.36
    [PATH] => /bin:/usr/bin
    [QUERY_STRING] => mode=1
    [REDIRECT_STATUS] => 200
    [REMOTE_ADDR] => 93.204.211.43
    [REMOTE_PORT] => 64143
    [REQUEST_METHOD] => POST
    [REQUEST_SCHEME] => https
    [REQUEST_URI] => /register.php?mode=1
    [SCRIPT_FILENAME] => /home/mtde/public_html/my/register.php
    [SCRIPT_NAME] => /register.php
    [SERVER_ADDR] => 46.232.181.187
    [SERVER_ADMIN] => webmaster@my.medical-tribune.de
    [SERVER_NAME] => my.medical-tribune.de
    [SERVER_PORT] => 443
    [SERVER_PROTOCOL] => HTTP/1.1
    [SERVER_SIGNATURE] => 
    [SERVER_SOFTWARE] => Apache
    [SSL_TLS_SNI] => my.medical-tribune.de
    [TZ] => Europe/Zurich
    [UNIQUE_ID] => X2nUeF1LmVGGkkpgRqIJAQAAABg
    [PHP_SELF] => /register.php
    [REQUEST_TIME_FLOAT] => 1600771192.2314
    [REQUEST_TIME] => 1600771192
)

22-09-2020 : OlhausenM@bencard.com,Array
(
    [CONTENT_LENGTH] => 2740
    [CONTENT_TYPE] => multipart/form-data; boundary=---------------------------7e4b0e30c9e
    [CONTEXT_DOCUMENT_ROOT] => /home/mtde/public_html/my
    [CONTEXT_PREFIX] => 
    [DOCUMENT_ROOT] => /home/mtde/public_html/my
    [GATEWAY_INTERFACE] => CGI/1.1
    [HTTPS] => on
    [HTTP_ACCEPT] => text/html, application/xhtml+xml, image/jxr, */*
    [HTTP_ACCEPT_ENCODING] => gzip, deflate
    [HTTP_ACCEPT_LANGUAGE] => de-DE
    [HTTP_CACHE_CONTROL] => no-cache
    [HTTP_CONNECTION] => Keep-Alive
    [HTTP_COOKIE] => _ga=GA1.2.707307089.1573567340; _gid=GA1.2.605258886.1600779144; consentUUID=a0aa006f-8f9d-471a-96e9-c9d6dab6614a; euconsent-v2=CO4YnW9O4YnW9AGABCENAzCgAP_AAH_AAAYgGVtf_X9fb2_j-_5999t0eY1f9_63t-wzjgeNs-8NyZ_X_J4Xr2MyvB34pqYKmR4EunLBAQdlHGHcTQgAwIkFqTLsYk2MizNKJ7JEilMbc2dYGG1vn8XT_ZCY70-_f__7v3-_-___6oGUEEGAAKAQBCWAAIEihEIQAIQxIAIAACihEAgEkACRQALI4COUACABAYgIQIAQAgoAYBAAIAAElAQAgAQIBQARAIAAQADAEAACAAEFgBIiAAACoEhAARABKBAQUAAQcggQFQBBAChAMGQFgAKAAqACGAEwALgAjgBSADLAGoAOIAfgBGAClgFbAN4AmIBNgCmwFogMCAYeAyIRAcABUAFYALgAhgBEgCkAGQAMsAagA2QBxAD8AIwAUsA1gB8gENgIvASIAmwBOwChwFIgLkAYEAwkBh4DJxIAIABwA5wkEQABAAC4AKAAqABkADgAHgAQAAiABUADwAH0AQwBEACZAFUAVgAsABcADeAHMAPQAhoBEAESAJYATQApQBhgDIAGWANQAbIA4gB3gD2AHxAPsA_QCMAFLAL8AYQAxQBrADaAG4AN4AegA-QCGwEVAIvASIAmIBMoCbAE7AKRAU2ArABYoC2AFyALvAYEAwYBhIDDQGHgMiAZIAycNAgABUAFYALgAhgBEgCkAGQAMsAaQA1ABsgDiAH4ARgApcBaAFpANYAbwA-QCGwEXgJEATYAnYBQ4CkQFyAMCAYSAw8BjADJw4AEABwqAuABQAFQAQwAmABcAEcAKQAZYA1ABxAD8AIwAUuAtAC0gG8ASCAmIBNgCmwFyAMCAYeAyIdBFAAXABQAFQALgAZAA4ACAAEQAMQAfQBDAEQAJkAVQBWACwAFwAMQAZgA3gBzAD0AIYARAAlgBMACagFGAUoAyABlQDRANIAagA2YBvgHAAOIAd4A9oB9gH4ARgAsUBaAFpALmAXkAvwBhADFAG4gOmA6gB6AENgIiAReAkEBIgCbAE7QKaApsBVgCxYFsAWyAuABcgC7QF3gMJAYaAw8BiQDGAGPAMkAZOQgVgALAAoABkAEQAMQAhgBMACqAFwAMwAbwA9ACOAFIAMoAagA3wBxADvAH4AQMAjABQ4C0ALSAX4AwgBigDqAHoASCAkQBNkCmgKbAWKAtGBbAFtALgAXIAu0Bh4DEgGRAMnJQIwAEAALAAoABcADIAHAAYgBEACYAFUALgAYgAzABtAENAIgAiYBSAFKAMoAaQA2QB3gD8AIxAWgBaQDFAG4AOoAi8BIgCbAFigLtAYeAyIBk5SBoAAuACgAKgAXAAyABwAEAAMYAhgCIAEwAKQAVQAsABcADEAGYAOYAhgBEQCjAKUAZUA0QDSAGyAOIAd8A-wD8AIwAUMArYBeQDCAG0ANwAdQA9ACLwEiAJsATtApoCmwFbALFAWwAuABcgC7QGGgMPAYkAxgBkQDJAGTlQAIAPgA.YAAAAAAAAAAA; PHPSESSID=1l02qirgcds9ajqniru21n4pf1
    [HTTP_DNT] => 1
    [HTTP_HOST] => my.medical-tribune.de
    [HTTP_REFERER] => https://my.medical-tribune.de/register.php?mode=1
    [HTTP_USER_AGENT] => Mozilla/5.0 (Windows NT 10.0; WOW64; Trident/7.0; rv:11.0) like Gecko
    [PATH] => /bin:/usr/bin
    [QUERY_STRING] => mode=1
    [REDIRECT_STATUS] => 200
    [REMOTE_ADDR] => 185.114.121.17
    [REMOTE_PORT] => 60208
    [REQUEST_METHOD] => POST
    [REQUEST_SCHEME] => https
    [REQUEST_URI] => /register.php?mode=1
    [SCRIPT_FILENAME] => /home/mtde/public_html/my/register.php
    [SCRIPT_NAME] => /register.php
    [SERVER_ADDR] => 46.232.181.187
    [SERVER_ADMIN] => webmaster@my.medical-tribune.de
    [SERVER_NAME] => my.medical-tribune.de
    [SERVER_PORT] => 443
    [SERVER_PROTOCOL] => HTTP/1.1
    [SERVER_SIGNATURE] => 
    [SERVER_SOFTWARE] => Apache
    [SSL_TLS_SNI] => my.medical-tribune.de
    [TZ] => Europe/Zurich
    [UNIQUE_ID] => X2n0bimq6Yi5hGbk7L-2pQAAAA4
    [PHP_SELF] => /register.php
    [REQUEST_TIME_FLOAT] => 1600779374.2699
    [REQUEST_TIME] => 1600779374
)

22-09-2020 : smile_2@gmx.net,Array
(
    [CONTENT_LENGTH] => 2863
    [CONTENT_TYPE] => multipart/form-data; boundary=---------------------------171531085910010053001337305698
    [CONTEXT_DOCUMENT_ROOT] => /home/mtde/public_html/my
    [CONTEXT_PREFIX] => 
    [DOCUMENT_ROOT] => /home/mtde/public_html/my
    [GATEWAY_INTERFACE] => CGI/1.1
    [HTTPS] => on
    [HTTP_ACCEPT] => text/html,application/xhtml+xml,application/xml;q=0.9,image/webp,*/*;q=0.8
    [HTTP_ACCEPT_ENCODING] => gzip, deflate, br
    [HTTP_ACCEPT_LANGUAGE] => de,en-US;q=0.7,en;q=0.3
    [HTTP_CONNECTION] => keep-alive
    [HTTP_COOKIE] => consentUUID=13450487-93f0-4e4c-a1a9-9aa690f515fe; euconsent-v2=CO6I4wAO6I4wAAGABBENA4CgAAAAAH_AAAYgAAAMoIIMAAUAgCEsAAQJFCIQAAQhiQAAAAFFCIBQJIAEigAWRwEcoIEACAxAQgQAgBBQAwCAAQAAJKAgBACAQCAAiAQAAgAGAIAAEAAILACQEAAAFQJCAAiACUCAggAAg5BAgKgCCAECASMACgDaAHgAWIA2QCPRIAIABwA5xAAEA3gUACAokOABAAcGABAGyAX0KACADaAHgAj0BfRUACAD4oABAHgA.YAAAAAAAAAAA; PHPSESSID=b4hv5b61vicjtbkc3s22khf0s1
    [HTTP_HOST] => my.medical-tribune.de
    [HTTP_ORIGIN] => https://my.medical-tribune.de
    [HTTP_REFERER] => https://my.medical-tribune.de/register.php?mode=1
    [HTTP_UPGRADE_INSECURE_REQUESTS] => 1
    [HTTP_USER_AGENT] => Mozilla/5.0 (Windows NT 10.0; Win64; x64; rv:80.0) Gecko/20100101 Firefox/80.0
    [PATH] => /bin:/usr/bin
    [QUERY_STRING] => mode=1
    [REDIRECT_STATUS] => 200
    [REMOTE_ADDR] => 87.140.87.33
    [REMOTE_PORT] => 64670
    [REQUEST_METHOD] => POST
    [REQUEST_SCHEME] => https
    [REQUEST_URI] => /register.php?mode=1
    [SCRIPT_FILENAME] => /home/mtde/public_html/my/register.php
    [SCRIPT_NAME] => /register.php
    [SERVER_ADDR] => 46.232.181.187
    [SERVER_ADMIN] => webmaster@my.medical-tribune.de
    [SERVER_NAME] => my.medical-tribune.de
    [SERVER_PORT] => 443
    [SERVER_PROTOCOL] => HTTP/1.1
    [SERVER_SIGNATURE] => 
    [SERVER_SOFTWARE] => Apache
    [SSL_TLS_SNI] => my.medical-tribune.de
    [TZ] => Europe/Zurich
    [UNIQUE_ID] => X2n56Vbvt@PJN2jnP9aTMwAAARM
    [PHP_SELF] => /register.php
    [REQUEST_TIME_FLOAT] => 1600780777.892
    [REQUEST_TIME] => 1600780777
)

22-09-2020 : evaunger-gaus@web.de,Array
(
    [CONTENT_LENGTH] => 3130
    [CONTENT_TYPE] => multipart/form-data; boundary=----WebKitFormBoundarybZ2juosrTakL3aBb
    [CONTEXT_DOCUMENT_ROOT] => /home/mtde/public_html/my
    [CONTEXT_PREFIX] => 
    [DOCUMENT_ROOT] => /home/mtde/public_html/my
    [GATEWAY_INTERFACE] => CGI/1.1
    [HTTPS] => on
    [HTTP_ACCEPT] => text/html,application/xhtml+xml,application/xml;q=0.9,*/*;q=0.8
    [HTTP_ACCEPT_ENCODING] => gzip, deflate, br
    [HTTP_ACCEPT_LANGUAGE] => de-de
    [HTTP_CONNECTION] => keep-alive
    [HTTP_COOKIE] => PHPSESSID=d4g0cb21kbg77g7t7l1ch3hne0; _ga=GA1.2.16507385.1600781683; _gac_UA-1204464-17=1.1600781683.EAIaIQobChMIxeDQtPD86wIVAuntCh22EgOyEAAYASAAEgJfRfD_BwE; _gac_UA-173639924-1=1.1600781683.EAIaIQobChMIxeDQtPD86wIVAuntCh22EgOyEAAYASAAEgJfRfD_BwE; _gid=GA1.2.755517413.1600781683; consentUUID=9330b2db-d9c8-4e48-b79d-09c20c4b9fe8; euconsent-v2=CO6I-Z_O6I-Z_AGABCENA4CgAP_AAH_AAAYgGVtf_X9fb2_j-_5999t0eY1f9_63t-wzjgeNs-8NyZ_X_J4Xr2MyvB34pqYKmR4EunLBAQdlHGHcTQgAwIkFqTLsYk2MizNKJ7JEilMbc2dYGG1vn8XT_ZCY70-_f__7v3-_-___6oGUEEGAAKAQBCWAAIEihEIQAIQxIAIAACihEAgEkACRQALI4COUACABAYgIQIAQAgoAYBAAIAAElAQAgAAIBQARAIAAQADAEAACAAEFgBIiAAACoEhAARABKBAQUAAQcggQFQBBACBASGQFwAKAAqACGAEwALgAjgBSADLAGoAPwAjABHAClgFXAK2AbwBMQCbAFNgLRAYEAw8BkQwAKANoAeABYgDZAI9EQHAAVABWAC4AIYAUgAyABlgDUAGyAPwAjABIgClgFXANYAfIBDYCLwEiAJsATsAocBSIC5AGBAMJAYeAycSACAAcAOcQABAN4EgiAAIAAXABQAFQAMgAcAA8ACAAEQAKgAeQBDAEQAJkAVQBWACwAFwAN4AcwA9ACGgEQARIAlgBNAClAGGAMgAZYA1ABsgDiAHeAPYAfEA-wD9AIwASIApYBfgDCAGKANYAbQA3ABvAD0AHyAQ2AioBF4CRAExAJlATYAnYBSICmwFYALFAWwAuQBd4DAgGDAMJAYaAw8BkQDJAGThQAICiQ0B8AFQAVgAuACGAFIAMgAZYA0gBqADZAH4ARgApYBV4C0ALSAawA3gB8gENgIvASIAmwBOwChwFIgLkAYEAwkBh4DGAGThwAIADgwAQA2QB1AF9AMjFQGAAKAAqACGAEwALgAjgBSADLAGoAPwAjABHAClgFXgLQAtIBvAEggJiATYApsBcgDAgGHgMiFABABtADwAR6AvodBFAAXABQAFQALgAZAA4ACAAEQAMQAfQBDAEQAJkAVQBWACwAFwAMQAZgA3gBzAD0AIYARAAlgBMACagFGAUoAyABlQDRANIAagA2QBvgDiAHeAPaAfYB-AEYALFAWgBaQC5gF5AL8AYQAxQBuIDpgOoAegBDYCIgEXgJBASIAmwBO0CmgKbAVYAsWBbAFsgLgAXIAu0Bd4DCQGGgMPAYkAxgBjwDJAGTkIFYACwAKAAZABEADEAIYATAAqgBcADMAG8APQAjgBSADKAGoAN8AcQA7wB-AEDAIwAUOAtAC0gF-AMIAYoA6gB6AEggJEATZApoCmwFigLRgWwBbQC4AFyALtAYeAxIBkQDJyUCQABAACwAKAAXAAyABwAEQAMQAiABMACqAFwAMQAZgA2gCGgEQARMApAClAGUANIAbIA7wB-AEYgLQAtIBigDcAHUAReAkQBNgCxQF2gMPAZEAycpA1AAXABQAFQALgAZAA4ACAAGMAQwBEACYAFIAKoAWAAuABiADMAHMAQwAiIBRgFKAMqAaIBpADZAHEAO-AfYB-AEYAI4AUMArYBeQDCAG0ANwAdQA9ACLwEiAJsATtApoCmwFbALFAWwAuABcgC7QGGgMPAYkAxgBkQDJAGTlQAIAPigAEAeAAA.YAAAAAAAAAAA
    [HTTP_HOST] => my.medical-tribune.de
    [HTTP_ORIGIN] => https://my.medical-tribune.de
    [HTTP_REFERER] => https://my.medical-tribune.de/register.php?mode=1
    [HTTP_USER_AGENT] => Mozilla/5.0 (iPad; CPU OS 14_0 like Mac OS X) AppleWebKit/605.1.15 (KHTML, like Gecko) Version/14.0 Mobile/15E148 Safari/604.1
    [PATH] => /bin:/usr/bin
    [QUERY_STRING] => mode=1
    [REDIRECT_STATUS] => 200
    [REMOTE_ADDR] => 84.186.87.160
    [REMOTE_PORT] => 59802
    [REQUEST_METHOD] => POST
    [REQUEST_SCHEME] => https
    [REQUEST_URI] => /register.php?mode=1
    [SCRIPT_FILENAME] => /home/mtde/public_html/my/register.php
    [SCRIPT_NAME] => /register.php
    [SERVER_ADDR] => 46.232.181.187
    [SERVER_ADMIN] => webmaster@my.medical-tribune.de
    [SERVER_NAME] => my.medical-tribune.de
    [SERVER_PORT] => 443
    [SERVER_PROTOCOL] => HTTP/1.1
    [SERVER_SIGNATURE] => 
    [SERVER_SOFTWARE] => Apache
    [SSL_TLS_SNI] => my.medical-tribune.de
    [TZ] => Europe/Zurich
    [UNIQUE_ID] => X2n@gimq6Yi5hGbk7L-9wQAAABM
    [PHP_SELF] => /register.php
    [REQUEST_TIME_FLOAT] => 1600781954.8944
    [REQUEST_TIME] => 1600781954
)

22-09-2020 : neumeisterB@kabelbw.de,Array
(
    [CONTENT_LENGTH] => 2333
    [CONTENT_TYPE] => multipart/form-data; boundary=----WebKitFormBoundaryscVgTMQf3XpjBcww
    [CONTEXT_DOCUMENT_ROOT] => /home/mtde/public_html/my
    [CONTEXT_PREFIX] => 
    [DOCUMENT_ROOT] => /home/mtde/public_html/my
    [GATEWAY_INTERFACE] => CGI/1.1
    [HTTPS] => on
    [HTTP_ACCEPT] => text/html,application/xhtml+xml,application/xml;q=0.9,image/avif,image/webp,image/apng,*/*;q=0.8,application/signed-exchange;v=b3;q=0.9
    [HTTP_ACCEPT_ENCODING] => gzip, deflate, br
    [HTTP_ACCEPT_LANGUAGE] => de-DE,de;q=0.9,en-US;q=0.8,en;q=0.7
    [HTTP_CACHE_CONTROL] => max-age=0
    [HTTP_CONNECTION] => keep-alive
    [HTTP_COOKIE] => consentUUID=56d27f8f-f6de-493b-8c3e-318c18a2b6f3; euconsent-v2=CO6JGizO6JGizAGABBENA4CgAAAAAH_AAAYgAAAMoIIMAAUAgCEsAAQJFCIQAAQhiQAAAAFFCIBQJIAEigAWRwEcoIEACAxAQgQAgBBQAwCAAQAAJKAgBACAQCAAiAQAAgAGAIAAEAAILACQEAAAFQJCAAiACUCAggAAg5BAgKgCCAECASMACgDaAHgAWIA2QCPRIAIABwA5xAAEA3gUACAokOABAAcGABAGyAX0KACADaAHgAj0BfRUACAD4oABAHgA.YAAAAAAAAAAA; PHPSESSID=c2hshnbvf84lcbcigvr459vo92
    [HTTP_HOST] => my.medical-tribune.de
    [HTTP_ORIGIN] => https://my.medical-tribune.de
    [HTTP_REFERER] => https://my.medical-tribune.de/register.php?mode=1
    [HTTP_SEC_FETCH_DEST] => iframe
    [HTTP_SEC_FETCH_MODE] => navigate
    [HTTP_SEC_FETCH_SITE] => same-origin
    [HTTP_SEC_FETCH_USER] => ?1
    [HTTP_UPGRADE_INSECURE_REQUESTS] => 1
    [HTTP_USER_AGENT] => Mozilla/5.0 (Windows NT 10.0; Win64; x64) AppleWebKit/537.36 (KHTML, like Gecko) Chrome/85.0.4183.121 Safari/537.36
    [PATH] => /bin:/usr/bin
    [QUERY_STRING] => mode=1
    [REDIRECT_STATUS] => 200
    [REMOTE_ADDR] => 37.49.71.71
    [REMOTE_PORT] => 50446
    [REQUEST_METHOD] => POST
    [REQUEST_SCHEME] => https
    [REQUEST_URI] => /register.php?mode=1
    [SCRIPT_FILENAME] => /home/mtde/public_html/my/register.php
    [SCRIPT_NAME] => /register.php
    [SERVER_ADDR] => 46.232.181.187
    [SERVER_ADMIN] => webmaster@my.medical-tribune.de
    [SERVER_NAME] => my.medical-tribune.de
    [SERVER_PORT] => 443
    [SERVER_PROTOCOL] => HTTP/1.1
    [SERVER_SIGNATURE] => 
    [SERVER_SOFTWARE] => Apache
    [SSL_TLS_SNI] => my.medical-tribune.de
    [TZ] => Europe/Zurich
    [UNIQUE_ID] => X2oNaymq6Yi5hGbk7L8JpAAAAAc
    [PHP_SELF] => /register.php
    [REQUEST_TIME_FLOAT] => 1600785771.2386
    [REQUEST_TIME] => 1600785771
)

22-09-2020 : hvjschmidt@web.de,Array
(
    [CONTENT_LENGTH] => 2216
    [CONTENT_TYPE] => multipart/form-data; boundary=----WebKitFormBoundaryvB7MyaNb2tnp6qBo
    [CONTEXT_DOCUMENT_ROOT] => /home/mtde/public_html/my
    [CONTEXT_PREFIX] => 
    [DOCUMENT_ROOT] => /home/mtde/public_html/my
    [GATEWAY_INTERFACE] => CGI/1.1
    [HTTPS] => on
    [HTTP_ACCEPT] => text/html,application/xhtml+xml,application/xml;q=0.9,image/avif,image/webp,image/apng,*/*;q=0.8,application/signed-exchange;v=b3;q=0.9
    [HTTP_ACCEPT_ENCODING] => gzip, deflate, br
    [HTTP_ACCEPT_LANGUAGE] => de-DE,de;q=0.9,en-US;q=0.8,en;q=0.7
    [HTTP_CACHE_CONTROL] => max-age=0
    [HTTP_CONNECTION] => keep-alive
    [HTTP_COOKIE] => consentUUID=1f3b8146-3a22-487c-aa18-26f4e8065680; euconsent-v2=CO6JWHnO6JWHnAGABCENA4CgAP_AAH_AAAYgGVtf_X9fb2_j-_5999t0eY1f9_63t-wzjgeNs-8NyZ_X_J4Xr2MyvB34pqYKmR4EunLBAQdlHGHcTQgAwIkFqTLsYk2MizNKJ7JEilMbc2dYGG1vn8XT_ZCY70-_f__7v3-_-___6oGUEEGAAKAQBCWAAIEihEIQAIQxIAIAACihEAgEkACRQALI4COUACABAYgIQIAQAgoAYBAAIAAElAQAgAAIBQARAIAAQADAEAACAAEFgBIiAAACoEhAARABKBAQUAAQcggQFQBBACBASGQFwAKAAqACGAEwALgAjgBSADLAGoAPwAjABHAClgFXAK2AbwBMQCbAFNgLRAYEAw8BkQwAKANoAeABYgDZAI9EQHAAVABWAC4AIYAUgAyABlgDUAGyAPwAjABIgClgFXANYAfIBDYCLwEiAJsATsAocBSIC5AGBAMJAYeAycSACAAcAOcQABAN4EgiAAIAAXABQAFQAMgAcAA8ACAAEQAKgAeQBDAEQAJkAVQBWACwAFwAN4AcwA9ACGgEQARIAlgBNAClAGGAMgAZYA1ABsgDiAHeAPYAfEA-wD9AIwASIApYBfgDCAGKANYAbQA3ABvAD0AHyAQ2AioBF4CRAExAJlATYAnYBSICmwFYALFAWwAuQBd4DAgGDAMJAYaAw8BkQDJAGThQAICiQ0B8AFQAVgAuACGAFIAMgAZYA0gBqADZAH4ARgApYBV4C0ALSAawA3gB8gENgIvASIAmwBOwChwFIgLkAYEAwkBh4DGAGThwAIADgwAQA2QB1AF9AMjFQGAAKAAqACGAEwALgAjgBSADLAGoAPwAjABHAClgFXgLQAtIBvAEggJiATYApsBcgDAgGHgMiFABABtADwAR6AvodBFAAXABQAFQALgAZAA4ACAAEQAMQAfQBDAEQAJkAVQBWACwAFwAMQAZgA3gBzAD0AIYARAAlgBMACagFGAUoAyABlQDRANIAagA2QBvgDiAHeAPaAfYB-AEYALFAWgBaQC5gF5AL8AYQAxQBuIDpgOoAegBDYCIgEXgJBASIAmwBO0CmgKbAVYAsWBbAFsgLgAXIAu0Bd4DCQGGgMPAYkAxgBjwDJAGTkIFYACwAKAAZABEADEAIYATAAqgBcADMAG8APQAjgBSADKAGoAN8AcQA7wB-AEDAIwAUOAtAC0gF-AMIAYoA6gB6AEggJEATZApoCmwFigLRgWwBbQC4AFyALtAYeAxIBkQDJyUCQABAACwAKAAXAAyABwAEQAMQAiABMACqAFwAMQAZgA2gCGgEQARMApAClAGUANIAbIA7wB-AEYgLQAtIBigDcAHUAReAkQBNgCxQF2gMPAZEAycpA1AAXABQAFQALgAZAA4ACAAGMAQwBEACYAFIAKoAWAAuABiADMAHMAQwAiIBRgFKAMqAaIBpADZAHEAO-AfYB-AEYAI4AUMArYBeQDCAG0ANwAdQA9ACLwEiAJsATtApoCmwFbALFAWwAuABcgC7QGGgMPAYkAxgBkQDJAGTlQAIAPigAEAeAAA.YAAAAAAAAAAA; PHPSESSID=29b7l1obq94vpgtm08397b5b35
    [HTTP_HOST] => my.medical-tribune.de
    [HTTP_ORIGIN] => https://my.medical-tribune.de
    [HTTP_REFERER] => https://my.medical-tribune.de/register.php?mode=1
    [HTTP_SEC_FETCH_DEST] => iframe
    [HTTP_SEC_FETCH_MODE] => navigate
    [HTTP_SEC_FETCH_SITE] => same-origin
    [HTTP_SEC_FETCH_USER] => ?1
    [HTTP_UPGRADE_INSECURE_REQUESTS] => 1
    [HTTP_USER_AGENT] => Mozilla/5.0 (Windows NT 10.0; Win64; x64) AppleWebKit/537.36 (KHTML, like Gecko) Chrome/85.0.4183.102 Safari/537.36
    [PATH] => /bin:/usr/bin
    [QUERY_STRING] => mode=1
    [REDIRECT_STATUS] => 200
    [REMOTE_ADDR] => 93.197.59.104
    [REMOTE_PORT] => 36310
    [REQUEST_METHOD] => POST
    [REQUEST_SCHEME] => https
    [REQUEST_URI] => /register.php?mode=1
    [SCRIPT_FILENAME] => /home/mtde/public_html/my/register.php
    [SCRIPT_NAME] => /register.php
    [SERVER_ADDR] => 46.232.181.187
    [SERVER_ADMIN] => webmaster@my.medical-tribune.de
    [SERVER_NAME] => my.medical-tribune.de
    [SERVER_PORT] => 443
    [SERVER_PROTOCOL] => HTTP/1.1
    [SERVER_SIGNATURE] => 
    [SERVER_SOFTWARE] => Apache
    [SSL_TLS_SNI] => my.medical-tribune.de
    [TZ] => Europe/Zurich
    [UNIQUE_ID] => X2oj9r7rgcraY08MqRMhUwAAAVc
    [PHP_SELF] => /register.php
    [REQUEST_TIME_FLOAT] => 1600791542.2347
    [REQUEST_TIME] => 1600791542
)

22-09-2020 : Carola.zopick@gmx.de,Array
(
    [CONTENT_LENGTH] => 3508
    [CONTENT_TYPE] => multipart/form-data; boundary=----WebKitFormBoundarySXGPYDqiKb1kfmnK
    [CONTEXT_DOCUMENT_ROOT] => /home/mtde/public_html/my
    [CONTEXT_PREFIX] => 
    [DOCUMENT_ROOT] => /home/mtde/public_html/my
    [GATEWAY_INTERFACE] => CGI/1.1
    [HTTPS] => on
    [HTTP_ACCEPT] => text/html,application/xhtml+xml,application/xml;q=0.9,image/webp,image/apng,*/*;q=0.8,application/signed-exchange;v=b3;q=0.9
    [HTTP_ACCEPT_ENCODING] => gzip, deflate, br
    [HTTP_ACCEPT_LANGUAGE] => de-DE,de;q=0.9,en-US;q=0.8,en;q=0.7
    [HTTP_CACHE_CONTROL] => max-age=0
    [HTTP_CONNECTION] => keep-alive
    [HTTP_COOKIE] => consentUUID=e874eb07-5ac9-481e-9d29-0c2922363f14; euconsent-v2=CO6JXv7O6JXv7AGABCENA4CgAP_AAH_AAAYgGVtf_X9fb2_j-_5999t0eY1f9_63t-wzjgeNs-8NyZ_X_J4Xr2MyvB34pqYKmR4EunLBAQdlHGHcTQgAwIkFqTLsYk2MizNKJ7JEilMbc2dYGG1vn8XT_ZCY70-_f__7v3-_-___6oGUEEGAAKAQBCWAAIEihEIQAIQxIAIAACihEAgEkACRQALI4COUACABAYgIQIAQAgoAYBAAIAAElAQAgAAIBQARAIAAQADAEAACAAEFgBIiAAACoEhAARABKBAQUAAQcggQFQBBACBASGQFwAKAAqACGAEwALgAjgBSADLAGoAPwAjABHAClgFXAK2AbwBMQCbAFNgLRAYEAw8BkQwAKANoAeABYgDZAI9EQHAAVABWAC4AIYAUgAyABlgDUAGyAPwAjABIgClgFXANYAfIBDYCLwEiAJsATsAocBSIC5AGBAMJAYeAycSACAAcAOcQABAN4EgiAAIAAXABQAFQAMgAcAA8ACAAEQAKgAeQBDAEQAJkAVQBWACwAFwAN4AcwA9ACGgEQARIAlgBNAClAGGAMgAZYA1ABsgDiAHeAPYAfEA-wD9AIwASIApYBfgDCAGKANYAbQA3ABvAD0AHyAQ2AioBF4CRAExAJlATYAnYBSICmwFYALFAWwAuQBd4DAgGDAMJAYaAw8BkQDJAGThQAICiQ0B8AFQAVgAuACGAFIAMgAZYA0gBqADZAH4ARgApYBV4C0ALSAawA3gB8gENgIvASIAmwBOwChwFIgLkAYEAwkBh4DGAGThwAIADgwAQA2QB1AF9AMjFQGAAKAAqACGAEwALgAjgBSADLAGoAPwAjABHAClgFXgLQAtIBvAEggJiATYApsBcgDAgGHgMiFABABtADwAR6AvodBFAAXABQAFQALgAZAA4ACAAEQAMQAfQBDAEQAJkAVQBWACwAFwAMQAZgA3gBzAD0AIYARAAlgBMACagFGAUoAyABlQDRANIAagA2QBvgDiAHeAPaAfYB-AEYALFAWgBaQC5gF5AL8AYQAxQBuIDpgOoAegBDYCIgEXgJBASIAmwBO0CmgKbAVYAsWBbAFsgLgAXIAu0Bd4DCQGGgMPAYkAxgBjwDJAGTkIFYACwAKAAZABEADEAIYATAAqgBcADMAG8APQAjgBSADKAGoAN8AcQA7wB-AEDAIwAUOAtAC0gF-AMIAYoA6gB6AEggJEATZApoCmwFigLRgWwBbQC4AFyALtAYeAxIBkQDJyUCQABAACwAKAAXAAyABwAEQAMQAiABMACqAFwAMQAZgA2gCGgEQARMApAClAGUANIAbIA7wB-AEYgLQAtIBigDcAHUAReAkQBNgCxQF2gMPAZEAycpA1AAXABQAFQALgAZAA4ACAAGMAQwBEACYAFIAKoAWAAuABiADMAHMAQwAiIBRgFKAMqAaIBpADZAHEAO-AfYB-AEYAI4AUMArYBeQDCAG0ANwAdQA9ACLwEiAJsATtApoCmwFbALFAWwAuABcgC7QGGgMPAYkAxgBkQDJAGTlQAIAPigAEAeAAA.YAAAAAAAAAAA; _ga=GA1.2.645565116.1600792064; _gid=GA1.2.1868422450.1600792064; PHPSESSID=0ia59mvb71klaub1j8laf76b65
    [HTTP_HOST] => my.medical-tribune.de
    [HTTP_ORIGIN] => https://my.medical-tribune.de
    [HTTP_REFERER] => https://my.medical-tribune.de/register.php?mode=1
    [HTTP_SEC_FETCH_MODE] => nested-navigate
    [HTTP_SEC_FETCH_SITE] => same-origin
    [HTTP_SEC_FETCH_USER] => ?1
    [HTTP_UPGRADE_INSECURE_REQUESTS] => 1
    [HTTP_USER_AGENT] => Mozilla/5.0 (Linux; Android 10; SAMSUNG SM-A600FN) AppleWebKit/537.36 (KHTML, like Gecko) SamsungBrowser/12.1 Chrome/79.0.3945.136 Mobile Safari/537.36
    [PATH] => /bin:/usr/bin
    [QUERY_STRING] => mode=1
    [REDIRECT_STATUS] => 200
    [REMOTE_ADDR] => 87.153.239.37
    [REMOTE_PORT] => 48533
    [REQUEST_METHOD] => POST
    [REQUEST_SCHEME] => https
    [REQUEST_URI] => /register.php?mode=1
    [SCRIPT_FILENAME] => /home/mtde/public_html/my/register.php
    [SCRIPT_NAME] => /register.php
    [SERVER_ADDR] => 46.232.181.187
    [SERVER_ADMIN] => webmaster@my.medical-tribune.de
    [SERVER_NAME] => my.medical-tribune.de
    [SERVER_PORT] => 443
    [SERVER_PROTOCOL] => HTTP/1.1
    [SERVER_SIGNATURE] => 
    [SERVER_SOFTWARE] => Apache
    [SSL_TLS_SNI] => my.medical-tribune.de
    [TZ] => Europe/Zurich
    [UNIQUE_ID] => X2ooYr7rgcraY08MqRMkegAAAVM
    [PHP_SELF] => /register.php
    [REQUEST_TIME_FLOAT] => 1600792674.8413
    [REQUEST_TIME] => 1600792674
)

22-09-2020 : iris.lopka.neumann@t-online.de,Array
(
    [CONTENT_LENGTH] => 1806
    [CONTENT_TYPE] => multipart/form-data; boundary=---------------------------18467633426500
    [CONTEXT_DOCUMENT_ROOT] => /home/mtde/public_html/my
    [CONTEXT_PREFIX] => 
    [DOCUMENT_ROOT] => /home/mtde/public_html/my
    [GATEWAY_INTERFACE] => CGI/1.1
    [HTTPS] => on
    [HTTP_ACCEPT] => text/html,application/xhtml+xml,application/xml;q=0.9,*/*;q=0.8
    [HTTP_ACCEPT_ENCODING] => gzip, deflate, br
    [HTTP_ACCEPT_LANGUAGE] => de,en-US;q=0.7,en;q=0.3
    [HTTP_CONNECTION] => keep-alive
    [HTTP_COOKIE] => consentUUID=8bdc5b6f-a66d-484c-bf25-5341dc0d677a; euconsent-v2=CO6JgniO6JgniAGABCENA4CgAP_AAH_AAAYgGVtf_X9fb2_j-_5999t0eY1f9_63t-wzjgeNs-8NyZ_X_J4Xr2MyvB34pqYKmR4EunLBAQdlHGHcTQgAwIkFqTLsYk2MizNKJ7JEilMbc2dYGG1vn8XT_ZCY70-_f__7v3-_-___6oGUEEGAAKAQBCWAAIEihEIQAIQxIAIAACihEAgEkACRQALI4COUACABAYgIQIAQAgoAYBAAIAAElAQAgAAIBQARAIAAQADAEAACAAEFgBIiAAACoEhAARABKBAQUAAQcggQFQBBACBASGQFwAKAAqACGAEwALgAjgBSADLAGoAPwAjABHAClgFXAK2AbwBMQCbAFNgLRAYEAw8BkQwAKANoAeABYgDZAI9EQHAAVABWAC4AIYAUgAyABlgDUAGyAPwAjABIgClgFXANYAfIBDYCLwEiAJsATsAocBSIC5AGBAMJAYeAycSACAAcAOcQABAN4EgiAAIAAXABQAFQAMgAcAA8ACAAEQAKgAeQBDAEQAJkAVQBWACwAFwAN4AcwA9ACGgEQARIAlgBNAClAGGAMgAZYA1ABsgDiAHeAPYAfEA-wD9AIwASIApYBfgDCAGKANYAbQA3ABvAD0AHyAQ2AioBF4CRAExAJlATYAnYBSICmwFYALFAWwAuQBd4DAgGDAMJAYaAw8BkQDJAGThQAICiQ0B8AFQAVgAuACGAFIAMgAZYA0gBqADZAH4ARgApYBV4C0ALSAawA3gB8gENgIvASIAmwBOwChwFIgLkAYEAwkBh4DGAGThwAIADgwAQA2QB1AF9AMjFQGAAKAAqACGAEwALgAjgBSADLAGoAPwAjABHAClgFXgLQAtIBvAEggJiATYApsBcgDAgGHgMiFABABtADwAR6AvodBFAAXABQAFQALgAZAA4ACAAEQAMQAfQBDAEQAJkAVQBWACwAFwAMQAZgA3gBzAD0AIYARAAlgBMACagFGAUoAyABlQDRANIAagA2QBvgDiAHeAPaAfYB-AEYALFAWgBaQC5gF5AL8AYQAxQBuIDpgOoAegBDYCIgEXgJBASIAmwBO0CmgKbAVYAsWBbAFsgLgAXIAu0Bd4DCQGGgMPAYkAxgBjwDJAGTkIFYACwAKAAZABEADEAIYATAAqgBcADMAG8APQAjgBSADKAGoAN8AcQA7wB-AEDAIwAUOAtAC0gF-AMIAYoA6gB6AEggJEATZApoCmwFigLRgWwBbQC4AFyALtAYeAxIBkQDJyUCQABAACwAKAAXAAyABwAEQAMQAiABMACqAFwAMQAZgA2gCGgEQARMApAClAGUANIAbIA7wB-AEYgLQAtIBigDcAHUAReAkQBNgCxQF2gMPAZEAycpA1AAXABQAFQALgAZAA4ACAAGMAQwBEACYAFIAKoAWAAuABiADMAHMAQwAiIBRgFKAMqAaIBpADZAHEAO-AfYB-AEYAI4AUMArYBeQDCAG0ANwAdQA9ACLwEiAJsATtApoCmwFbALFAWwAuABcgC7QGGgMPAYkAxgBkQDJAGTlQAIAPigAEAeAAA.YAAAAAAAAAAA; PHPSESSID=42mb700hmlplig3rs5ret1l3h5
    [HTTP_DNT] => 1
    [HTTP_HOST] => my.medical-tribune.de
    [HTTP_REFERER] => https://my.medical-tribune.de/register.php?mode=1
    [HTTP_UPGRADE_INSECURE_REQUESTS] => 1
    [HTTP_USER_AGENT] => Mozilla/5.0 (Windows NT 10.0; Win64; x64; rv:68.0) Gecko/20100101 Firefox/68.0
    [PATH] => /bin:/usr/bin
    [QUERY_STRING] => mode=1
    [REDIRECT_STATUS] => 200
    [REMOTE_ADDR] => 89.182.120.59
    [REMOTE_PORT] => 59080
    [REQUEST_METHOD] => POST
    [REQUEST_SCHEME] => https
    [REQUEST_URI] => /register.php?mode=1
    [SCRIPT_FILENAME] => /home/mtde/public_html/my/register.php
    [SCRIPT_NAME] => /register.php
    [SERVER_ADDR] => 46.232.181.187
    [SERVER_ADMIN] => webmaster@my.medical-tribune.de
    [SERVER_NAME] => my.medical-tribune.de
    [SERVER_PORT] => 443
    [SERVER_PROTOCOL] => HTTP/1.1
    [SERVER_SIGNATURE] => 
    [SERVER_SOFTWARE] => Apache
    [SSL_TLS_SNI] => my.medical-tribune.de
    [TZ] => Europe/Zurich
    [UNIQUE_ID] => X2o8y77rgcraY08MqRMvBAAAAUE
    [PHP_SELF] => /register.php
    [REQUEST_TIME_FLOAT] => 1600797899.144
    [REQUEST_TIME] => 1600797899
)

22-09-2020 : renate.f1@freenet.de,Array
(
    [CONTENT_LENGTH] => 2871
    [CONTENT_TYPE] => multipart/form-data; boundary=----WebKitFormBoundarym5tJ3sxmJWWwwCy3
    [CONTEXT_DOCUMENT_ROOT] => /home/mtde/public_html/my
    [CONTEXT_PREFIX] => 
    [DOCUMENT_ROOT] => /home/mtde/public_html/my
    [GATEWAY_INTERFACE] => CGI/1.1
    [HTTPS] => on
    [HTTP_ACCEPT] => text/html,application/xhtml+xml,application/xml;q=0.9,image/webp,image/apng,*/*;q=0.8,application/signed-exchange;v=b3;q=0.9
    [HTTP_ACCEPT_ENCODING] => gzip, deflate, br
    [HTTP_ACCEPT_LANGUAGE] => de-DE,de;q=0.9,en-US;q=0.8,en;q=0.7
    [HTTP_CACHE_CONTROL] => max-age=0
    [HTTP_CONNECTION] => keep-alive
    [HTTP_COOKIE] => consentUUID=a26e7401-3e23-4e3d-8e23-a76dc5047a47; euconsent-v2=CO6Jn-YO6Jn-YAGABCENA4CgAP_AAH_AAAYgGVtf_X9fb2_j-_5999t0eY1f9_63t-wzjgeNs-8NyZ_X_J4Xr2MyvB34pqYKmR4EunLBAQdlHGHcTQgAwIkFqTLsYk2MizNKJ7JEilMbc2dYGG1vn8XT_ZCY70-_f__7v3-_-___6oGUEEGAAKAQBCWAAIEihEIQAIQxIAIAACihEAgEkACRQALI4COUACABAYgIQIAQAgoAYBAAIAAElAQAgAAIBQARAIAAQADAEAACAAEFgBIiAAACoEhAARABKBAQUAAQcggQFQBBACBASGQFwAKAAqACGAEwALgAjgBSADLAGoAPwAjABHAClgFXAK2AbwBMQCbAFNgLRAYEAw8BkQwAKANoAeABYgDZAI9EQHAAVABWAC4AIYAUgAyABlgDUAGyAPwAjABIgClgFXANYAfIBDYCLwEiAJsATsAocBSIC5AGBAMJAYeAycSACAAcAOcQABAN4EgiAAIAAXABQAFQAMgAcAA8ACAAEQAKgAeQBDAEQAJkAVQBWACwAFwAN4AcwA9ACGgEQARIAlgBNAClAGGAMgAZYA1ABsgDiAHeAPYAfEA-wD9AIwASIApYBfgDCAGKANYAbQA3ABvAD0AHyAQ2AioBF4CRAExAJlATYAnYBSICmwFYALFAWwAuQBd4DAgGDAMJAYaAw8BkQDJAGThQAICiQ0B8AFQAVgAuACGAFIAMgAZYA0gBqADZAH4ARgApYBV4C0ALSAawA3gB8gENgIvASIAmwBOwChwFIgLkAYEAwkBh4DGAGThwAIADgwAQA2QB1AF9AMjFQGAAKAAqACGAEwALgAjgBSADLAGoAPwAjABHAClgFXgLQAtIBvAEggJiATYApsBcgDAgGHgMiFABABtADwAR6AvodBFAAXABQAFQALgAZAA4ACAAEQAMQAfQBDAEQAJkAVQBWACwAFwAMQAZgA3gBzAD0AIYARAAlgBMACagFGAUoAyABlQDRANIAagA2QBvgDiAHeAPaAfYB-AEYALFAWgBaQC5gF5AL8AYQAxQBuIDpgOoAegBDYCIgEXgJBASIAmwBO0CmgKbAVYAsWBbAFsgLgAXIAu0Bd4DCQGGgMPAYkAxgBjwDJAGTkIFYACwAKAAZABEADEAIYATAAqgBcADMAG8APQAjgBSADKAGoAN8AcQA7wB-AEDAIwAUOAtAC0gF-AMIAYoA6gB6AEggJEATZApoCmwFigLRgWwBbQC4AFyALtAYeAxIBkQDJyUCQABAACwAKAAXAAyABwAEQAMQAiABMACqAFwAMQAZgA2gCGgEQARMApAClAGUANIAbIA7wB-AEYgLQAtIBigDcAHUAReAkQBNgCxQF2gMPAZEAycpA1AAXABQAFQALgAZAA4ACAAGMAQwBEACYAFIAKoAWAAuABiADMAHMAQwAiIBRgFKAMqAaIBpADZAHEAO-AfYB-AEYAI4AUMArYBeQDCAG0ANwAdQA9ACLwEiAJsATtApoCmwFbALFAWwAuABcgC7QGGgMPAYkAxgBkQDJAGTlQAIAPigAEAeAAA.YAAAAAAAAAAA; _ga=GA1.2.247521866.1600798745; _gid=GA1.2.357345049.1600798745; PHPSESSID=lbc9utvnpmb3dcujfupofqp646
    [HTTP_HOST] => my.medical-tribune.de
    [HTTP_ORIGIN] => https://my.medical-tribune.de
    [HTTP_REFERER] => https://my.medical-tribune.de/register.php?mode=1
    [HTTP_SEC_FETCH_DEST] => iframe
    [HTTP_SEC_FETCH_MODE] => navigate
    [HTTP_SEC_FETCH_SITE] => same-origin
    [HTTP_SEC_FETCH_USER] => ?1
    [HTTP_UPGRADE_INSECURE_REQUESTS] => 1
    [HTTP_USER_AGENT] => Mozilla/5.0 (Linux; Android 7.0; SM-A320FL) AppleWebKit/537.36 (KHTML, like Gecko) Chrome/83.0.4103.106 Mobile Safari/537.36
    [PATH] => /bin:/usr/bin
    [QUERY_STRING] => mode=1
    [REDIRECT_STATUS] => 200
    [REMOTE_ADDR] => 87.174.19.23
    [REMOTE_PORT] => 46349
    [REQUEST_METHOD] => POST
    [REQUEST_SCHEME] => https
    [REQUEST_URI] => /register.php?mode=1
    [SCRIPT_FILENAME] => /home/mtde/public_html/my/register.php
    [SCRIPT_NAME] => /register.php
    [SERVER_ADDR] => 46.232.181.187
    [SERVER_ADMIN] => webmaster@my.medical-tribune.de
    [SERVER_NAME] => my.medical-tribune.de
    [SERVER_PORT] => 443
    [SERVER_PROTOCOL] => HTTP/1.1
    [SERVER_SIGNATURE] => 
    [SERVER_SOFTWARE] => Apache
    [SSL_TLS_SNI] => my.medical-tribune.de
    [TZ] => Europe/Zurich
    [UNIQUE_ID] => X2pCMCmq6Yi5hGbk7L8negAAABg
    [PHP_SELF] => /register.php
    [REQUEST_TIME_FLOAT] => 1600799280.2608
    [REQUEST_TIME] => 1600799280
)

22-09-2020 : Frei.Nicole@web.de,Array
(
    [CONTENT_LENGTH] => 3603
    [CONTENT_TYPE] => multipart/form-data; boundary=----WebKitFormBoundarya6ViCKhVbPLtEq6x
    [CONTEXT_DOCUMENT_ROOT] => /home/mtde/public_html/my
    [CONTEXT_PREFIX] => 
    [DOCUMENT_ROOT] => /home/mtde/public_html/my
    [GATEWAY_INTERFACE] => CGI/1.1
    [HTTPS] => on
    [HTTP_ACCEPT] => text/html,application/xhtml+xml,application/xml;q=0.9,image/webp,image/apng,*/*;q=0.8,application/signed-exchange;v=b3;q=0.9
    [HTTP_ACCEPT_ENCODING] => gzip, deflate, br
    [HTTP_ACCEPT_LANGUAGE] => de-DE,de;q=0.9,en-US;q=0.8,en;q=0.7
    [HTTP_CACHE_CONTROL] => max-age=0
    [HTTP_CONNECTION] => keep-alive
    [HTTP_COOKIE] => consentUUID=bace78c2-4715-4ceb-a087-d08f860ec860; euconsent-v2=CO6Jo9xO6Jo9xAGABCENA4CgAP_AAH_AAAYgGVtf_X9fb2_j-_5999t0eY1f9_63t-wzjgeNs-8NyZ_X_J4Xr2MyvB34pqYKmR4EunLBAQdlHGHcTQgAwIkFqTLsYk2MizNKJ7JEilMbc2dYGG1vn8XT_ZCY70-_f__7v3-_-___6oGUEEGAAKAQBCWAAIEihEIQAIQxIAIAACihEAgEkACRQALI4COUACABAYgIQIAQAgoAYBAAIAAElAQAgAAIBQARAIAAQADAEAACAAEFgBIiAAACoEhAARABKBAQUAAQcggQFQBBACBASGQFwAKAAqACGAEwALgAjgBSADLAGoAPwAjABHAClgFXAK2AbwBMQCbAFNgLRAYEAw8BkQwAKANoAeABYgDZAI9EQHAAVABWAC4AIYAUgAyABlgDUAGyAPwAjABIgClgFXANYAfIBDYCLwEiAJsATsAocBSIC5AGBAMJAYeAycSACAAcAOcQABAN4EgiAAIAAXABQAFQAMgAcAA8ACAAEQAKgAeQBDAEQAJkAVQBWACwAFwAN4AcwA9ACGgEQARIAlgBNAClAGGAMgAZYA1ABsgDiAHeAPYAfEA-wD9AIwASIApYBfgDCAGKANYAbQA3ABvAD0AHyAQ2AioBF4CRAExAJlATYAnYBSICmwFYALFAWwAuQBd4DAgGDAMJAYaAw8BkQDJAGThQAICiQ0B8AFQAVgAuACGAFIAMgAZYA0gBqADZAH4ARgApYBV4C0ALSAawA3gB8gENgIvASIAmwBOwChwFIgLkAYEAwkBh4DGAGThwAIADgwAQA2QB1AF9AMjFQGAAKAAqACGAEwALgAjgBSADLAGoAPwAjABHAClgFXgLQAtIBvAEggJiATYApsBcgDAgGHgMiFABABtADwAR6AvodBFAAXABQAFQALgAZAA4ACAAEQAMQAfQBDAEQAJkAVQBWACwAFwAMQAZgA3gBzAD0AIYARAAlgBMACagFGAUoAyABlQDRANIAagA2QBvgDiAHeAPaAfYB-AEYALFAWgBaQC5gF5AL8AYQAxQBuIDpgOoAegBDYCIgEXgJBASIAmwBO0CmgKbAVYAsWBbAFsgLgAXIAu0Bd4DCQGGgMPAYkAxgBjwDJAGTkIFYACwAKAAZABEADEAIYATAAqgBcADMAG8APQAjgBSADKAGoAN8AcQA7wB-AEDAIwAUOAtAC0gF-AMIAYoA6gB6AEggJEATZApoCmwFigLRgWwBbQC4AFyALtAYeAxIBkQDJyUCQABAACwAKAAXAAyABwAEQAMQAiABMACqAFwAMQAZgA2gCGgEQARMApAClAGUANIAbIA7wB-AEYgLQAtIBigDcAHUAReAkQBNgCxQF2gMPAZEAycpA1AAXABQAFQALgAZAA4ACAAGMAQwBEACYAFIAKoAWAAuABiADMAHMAQwAiIBRgFKAMqAaIBpADZAHEAO-AfYB-AEYAI4AUMArYBeQDCAG0ANwAdQA9ACLwEiAJsATtApoCmwFbALFAWwAuABcgC7QGGgMPAYkAxgBkQDJAGTlQAIAPigAEAeAAA.YAAAAAAAAAAA; _ga=GA1.2.1627216812.1600799122; _gid=GA1.2.1727470377.1600799122; PHPSESSID=c05o7og6tbq8ftb8tjqr38pjk2
    [HTTP_HOST] => my.medical-tribune.de
    [HTTP_ORIGIN] => https://my.medical-tribune.de
    [HTTP_REFERER] => https://my.medical-tribune.de/register.php?mode=1
    [HTTP_SEC_FETCH_DEST] => iframe
    [HTTP_SEC_FETCH_MODE] => navigate
    [HTTP_SEC_FETCH_SITE] => same-origin
    [HTTP_SEC_FETCH_USER] => ?1
    [HTTP_UPGRADE_INSECURE_REQUESTS] => 1
    [HTTP_USER_AGENT] => Mozilla/5.0 (Linux; Android 10; SM-G970F) AppleWebKit/537.36 (KHTML, like Gecko) Chrome/85.0.4183.101 Mobile Safari/537.36
    [PATH] => /bin:/usr/bin
    [QUERY_STRING] => mode=1
    [REDIRECT_STATUS] => 200
    [REMOTE_ADDR] => 212.110.105.187
    [REMOTE_PORT] => 46174
    [REQUEST_METHOD] => POST
    [REQUEST_SCHEME] => https
    [REQUEST_URI] => /register.php?mode=1
    [SCRIPT_FILENAME] => /home/mtde/public_html/my/register.php
    [SCRIPT_NAME] => /register.php
    [SERVER_ADDR] => 46.232.181.187
    [SERVER_ADMIN] => webmaster@my.medical-tribune.de
    [SERVER_NAME] => my.medical-tribune.de
    [SERVER_PORT] => 443
    [SERVER_PROTOCOL] => HTTP/1.1
    [SERVER_SIGNATURE] => 
    [SERVER_SOFTWARE] => Apache
    [SSL_TLS_SNI] => my.medical-tribune.de
    [TZ] => Europe/Zurich
    [UNIQUE_ID] => X2pClL7rgcraY08MqRMypAAAAVg
    [PHP_SELF] => /register.php
    [REQUEST_TIME_FLOAT] => 1600799380.2655
    [REQUEST_TIME] => 1600799380
)

22-09-2020 : elke.weller@arcor.de,Array
(
    [CONTENT_LENGTH] => 3229
    [CONTENT_TYPE] => multipart/form-data; boundary=----WebKitFormBoundary2BRfIUhXAOestvnw
    [CONTEXT_DOCUMENT_ROOT] => /home/mtde/public_html/my
    [CONTEXT_PREFIX] => 
    [DOCUMENT_ROOT] => /home/mtde/public_html/my
    [GATEWAY_INTERFACE] => CGI/1.1
    [HTTPS] => on
    [HTTP_ACCEPT] => text/html,application/xhtml+xml,application/xml;q=0.9,image/webp,image/apng,*/*;q=0.8,application/signed-exchange;v=b3;q=0.9
    [HTTP_ACCEPT_ENCODING] => gzip, deflate, br
    [HTTP_ACCEPT_LANGUAGE] => de-DE,de;q=0.9,en-US;q=0.8,en;q=0.7
    [HTTP_CACHE_CONTROL] => max-age=0
    [HTTP_CONNECTION] => keep-alive
    [HTTP_COOKIE] => consentUUID=b1713922-d377-49db-a6f1-5f0d11375f3b; euconsent-v2=CO6GoyfO6GoyfAGABCENA4CgAP_AAH_AAAYgGVtf_X9fb2_j-_5999t0eY1f9_63t-wzjgeNs-8NyZ_X_J4Xr2MyvB34pqYKmR4EunLBAQdlHGHcTQgAwIkFqTLsYk2MizNKJ7JEilMbc2dYGG1vn8XT_ZCY70-_f__7v3-_-___6oGUEEGAAKAQBCWAAIEihEIQAIQxIAIAACihEAgEkACRQALI4COUACABAYgIQIAQAgoAYBAAIAAElAQAgAAIBQARAIAAQADAEAACAAEFgBIiAAACoEhAARABKBAQUAAQcggQFQBBACBASGQFwAKAAqACGAEwALgAjgBSADLAGoAPwAjABHAClgFXAK2AbwBMQCbAFNgLRAYEAw8BkQwAKANoAeABYgDZAI9EQHAAVABWAC4AIYAUgAyABlgDUAGyAPwAjABIgClgFXANYAfIBDYCLwEiAJsATsAocBSIC5AGBAMJAYeAycSACAAcAOcQABAN4EgiAAIAAXABQAFQAMgAcAA8ACAAEQAKgAeQBDAEQAJkAVQBWACwAFwAN4AcwA9ACGgEQARIAlgBNAClAGGAMgAZYA1ABsgDiAHeAPYAfEA-wD9AIwASIApYBfgDCAGKANYAbQA3ABvAD0AHyAQ2AioBF4CRAExAJlATYAnYBSICmwFYALFAWwAuQBd4DAgGDAMJAYaAw8BkQDJAGThQAICiQ0B8AFQAVgAuACGAFIAMgAZYA0gBqADZAH4ARgApYBV4C0ALSAawA3gB8gENgIvASIAmwBOwChwFIgLkAYEAwkBh4DGAGThwAIADgwAQA2QB1AF9AMjFQGAAKAAqACGAEwALgAjgBSADLAGoAPwAjABHAClgFXgLQAtIBvAEggJiATYApsBcgDAgGHgMiFABABtADwAR6AvodBFAAXABQAFQALgAZAA4ACAAEQAMQAfQBDAEQAJkAVQBWACwAFwAMQAZgA3gBzAD0AIYARAAlgBMACagFGAUoAyABlQDRANIAagA2QBvgDiAHeAPaAfYB-AEYALFAWgBaQC5gF5AL8AYQAxQBuIDpgOoAegBDYCIgEXgJBASIAmwBO0CmgKbAVYAsWBbAFsgLgAXIAu0Bd4DCQGGgMPAYkAxgBjwDJAGTkIFYACwAKAAZABEADEAIYATAAqgBcADMAG8APQAjgBSADKAGoAN8AcQA7wB-AEDAIwAUOAtAC0gF-AMIAYoA6gB6AEggJEATZApoCmwFigLRgWwBbQC4AFyALtAYeAxIBkQDJyUCQABAACwAKAAXAAyABwAEQAMQAiABMACqAFwAMQAZgA2gCGgEQARMApAClAGUANIAbIA7wB-AEYgLQAtIBigDcAHUAReAkQBNgCxQF2gMPAZEAycpA1AAXABQAFQALgAZAA4ACAAGMAQwBEACYAFIAKoAWAAuABiADMAHMAQwAiIBRgFKAMqAaIBpADZAHEAO-AfYB-AEYAI4AUMArYBeQDCAG0ANwAdQA9ACLwEiAJsATtApoCmwFbALFAWwAuABcgC7QGGgMPAYkAxgBkQDJAGTlQAIAPigAEAeAAA.YAAAAAAAAAAA; _ga=GA1.2.2015755133.1600720399; _gid=GA1.2.1205729668.1600720399; PHPSESSID=8b05hdbeu4rc05n0r3adsn4hp1
    [HTTP_HOST] => my.medical-tribune.de
    [HTTP_ORIGIN] => https://my.medical-tribune.de
    [HTTP_REFERER] => https://my.medical-tribune.de/register.php?mode=1
    [HTTP_SEC_FETCH_DEST] => iframe
    [HTTP_SEC_FETCH_MODE] => navigate
    [HTTP_SEC_FETCH_SITE] => same-origin
    [HTTP_SEC_FETCH_USER] => ?1
    [HTTP_UPGRADE_INSECURE_REQUESTS] => 1
    [HTTP_USER_AGENT] => Mozilla/5.0 (Linux; Android 8.0.0; SM-G930F) AppleWebKit/537.36 (KHTML, like Gecko) Chrome/85.0.4183.101 Mobile Safari/537.36
    [PATH] => /bin:/usr/bin
    [QUERY_STRING] => mode=1
    [REDIRECT_STATUS] => 200
    [REMOTE_ADDR] => 77.179.111.248
    [REMOTE_PORT] => 43063
    [REQUEST_METHOD] => POST
    [REQUEST_SCHEME] => https
    [REQUEST_URI] => /register.php?mode=1
    [SCRIPT_FILENAME] => /home/mtde/public_html/my/register.php
    [SCRIPT_NAME] => /register.php
    [SERVER_ADDR] => 46.232.181.187
    [SERVER_ADMIN] => webmaster@my.medical-tribune.de
    [SERVER_NAME] => my.medical-tribune.de
    [SERVER_PORT] => 443
    [SERVER_PROTOCOL] => HTTP/1.1
    [SERVER_SIGNATURE] => 
    [SERVER_SOFTWARE] => Apache
    [SSL_TLS_SNI] => my.medical-tribune.de
    [TZ] => Europe/Zurich
    [UNIQUE_ID] => X2pHkcr95wbCTOH8NRgxsAAAARQ
    [PHP_SELF] => /register.php
    [REQUEST_TIME_FLOAT] => 1600800658.0238
    [REQUEST_TIME] => 1600800658
)

22-09-2020 : maren.luchtefeld@gmx.de,Array
(
    [CONTENT_LENGTH] => 2509
    [CONTENT_TYPE] => multipart/form-data; boundary=----WebKitFormBoundaryeBaUbhog3nA9eDWp
    [CONTEXT_DOCUMENT_ROOT] => /home/mtde/public_html/my
    [CONTEXT_PREFIX] => 
    [DOCUMENT_ROOT] => /home/mtde/public_html/my
    [GATEWAY_INTERFACE] => CGI/1.1
    [HTTPS] => on
    [HTTP_ACCEPT] => text/html,application/xhtml+xml,application/xml;q=0.9,*/*;q=0.8
    [HTTP_ACCEPT_ENCODING] => gzip, deflate, br
    [HTTP_ACCEPT_LANGUAGE] => en-us
    [HTTP_CONNECTION] => keep-alive
    [HTTP_COOKIE] => PHPSESSID=n2pbro1h05gd7k25vsub5241n6; _ga=GA1.2.119941365.1600802128; _gid=GA1.2.129119829.1600802128; consentUUID=8659debc-e430-4392-9619-0714fe4ea5fd; euconsent-v2=CO6JwUYO6JwUYAGABCENA4CgAP_AAH_AAAYgGVtf_X9fb2_j-_5999t0eY1f9_63t-wzjgeNs-8NyZ_X_J4Xr2MyvB34pqYKmR4EunLBAQdlHGHcTQgAwIkFqTLsYk2MizNKJ7JEilMbc2dYGG1vn8XT_ZCY70-_f__7v3-_-___6oGUEEGAAKAQBCWAAIEihEIQAIQxIAIAACihEAgEkACRQALI4COUACABAYgIQIAQAgoAYBAAIAAElAQAgAAIBQARAIAAQADAEAACAAEFgBIiAAACoEhAARABKBAQUAAQcggQFQBBACBASGQFwAKAAqACGAEwALgAjgBSADLAGoAPwAjABHAClgFXAK2AbwBMQCbAFNgLRAYEAw8BkQwAKANoAeABYgDZAI9EQHAAVABWAC4AIYAUgAyABlgDUAGyAPwAjABIgClgFXANYAfIBDYCLwEiAJsATsAocBSIC5AGBAMJAYeAycSACAAcAOcQABAN4EgiAAIAAXABQAFQAMgAcAA8ACAAEQAKgAeQBDAEQAJkAVQBWACwAFwAN4AcwA9ACGgEQARIAlgBNAClAGGAMgAZYA1ABsgDiAHeAPYAfEA-wD9AIwASIApYBfgDCAGKANYAbQA3ABvAD0AHyAQ2AioBF4CRAExAJlATYAnYBSICmwFYALFAWwAuQBd4DAgGDAMJAYaAw8BkQDJAGThQAICiQ0B8AFQAVgAuACGAFIAMgAZYA0gBqADZAH4ARgApYBV4C0ALSAawA3gB8gENgIvASIAmwBOwChwFIgLkAYEAwkBh4DGAGThwAIADgwAQA2QB1AF9AMjFQGAAKAAqACGAEwALgAjgBSADLAGoAPwAjABHAClgFXgLQAtIBvAEggJiATYApsBcgDAgGHgMiFABABtADwAR6AvodBFAAXABQAFQALgAZAA4ACAAEQAMQAfQBDAEQAJkAVQBWACwAFwAMQAZgA3gBzAD0AIYARAAlgBMACagFGAUoAyABlQDRANIAagA2QBvgDiAHeAPaAfYB-AEYALFAWgBaQC5gF5AL8AYQAxQBuIDpgOoAegBDYCIgEXgJBASIAmwBO0CmgKbAVYAsWBbAFsgLgAXIAu0Bd4DCQGGgMPAYkAxgBjwDJAGTkIFYACwAKAAZABEADEAIYATAAqgBcADMAG8APQAjgBSADKAGoAN8AcQA7wB-AEDAIwAUOAtAC0gF-AMIAYoA6gB6AEggJEATZApoCmwFigLRgWwBbQC4AFyALtAYeAxIBkQDJyUCQABAACwAKAAXAAyABwAEQAMQAiABMACqAFwAMQAZgA2gCGgEQARMApAClAGUANIAbIA7wB-AEYgLQAtIBigDcAHUAReAkQBNgCxQF2gMPAZEAycpA1AAXABQAFQALgAZAA4ACAAGMAQwBEACYAFIAKoAWAAuABiADMAHMAQwAiIBRgFKAMqAaIBpADZAHEAO-AfYB-AEYAI4AUMArYBeQDCAG0ANwAdQA9ACLwEiAJsATtApoCmwFbALFAWwAuABcgC7QGGgMPAYkAxgBkQDJAGTlQAIAPigAEAeAAA.YAAAAAAAAAAA
    [HTTP_HOST] => my.medical-tribune.de
    [HTTP_ORIGIN] => https://my.medical-tribune.de
    [HTTP_REFERER] => https://my.medical-tribune.de/register.php?mode=1
    [HTTP_USER_AGENT] => Mozilla/5.0 (iPhone; CPU iPhone OS 13_6 like Mac OS X) AppleWebKit/605.1.15 (KHTML, like Gecko) Version/13.1.2 Mobile/15E148 Safari/604.1
    [PATH] => /bin:/usr/bin
    [QUERY_STRING] => mode=1
    [REDIRECT_STATUS] => 200
    [REMOTE_ADDR] => 89.15.238.162
    [REMOTE_PORT] => 8191
    [REQUEST_METHOD] => POST
    [REQUEST_SCHEME] => https
    [REQUEST_URI] => /register.php?mode=1
    [SCRIPT_FILENAME] => /home/mtde/public_html/my/register.php
    [SCRIPT_NAME] => /register.php
    [SERVER_ADDR] => 46.232.181.187
    [SERVER_ADMIN] => webmaster@my.medical-tribune.de
    [SERVER_NAME] => my.medical-tribune.de
    [SERVER_PORT] => 443
    [SERVER_PROTOCOL] => HTTP/1.1
    [SERVER_SIGNATURE] => 
    [SERVER_SOFTWARE] => Apache
    [SSL_TLS_SNI] => my.medical-tribune.de
    [TZ] => Europe/Zurich
    [UNIQUE_ID] => X2pPCimq6Yi5hGbk7L8wewAAAAs
    [PHP_SELF] => /register.php
    [REQUEST_TIME_FLOAT] => 1600802570.0681
    [REQUEST_TIME] => 1600802570
)

22-09-2020 : ulas1995@hotmail.de,Array
(
    [CONTENT_LENGTH] => 3792
    [CONTENT_TYPE] => multipart/form-data; boundary=---------------------------143072003615429884012665667840
    [CONTEXT_DOCUMENT_ROOT] => /home/mtde/public_html/my
    [CONTEXT_PREFIX] => 
    [DOCUMENT_ROOT] => /home/mtde/public_html/my
    [GATEWAY_INTERFACE] => CGI/1.1
    [HTTPS] => on
    [HTTP_ACCEPT] => text/html,application/xhtml+xml,application/xml;q=0.9,image/webp,*/*;q=0.8
    [HTTP_ACCEPT_ENCODING] => gzip, deflate, br
    [HTTP_ACCEPT_LANGUAGE] => de,en-US;q=0.7,en;q=0.3
    [HTTP_CONNECTION] => keep-alive
    [HTTP_COOKIE] => consentUUID=ed0431fd-b1e3-40c2-9708-cde41e89ce65; euconsent-v2=CO6Jw50O6Jw50AGABCENA4CgAP_AAH_AAAYgGVtf_X9fb2_j-_5999t0eY1f9_63t-wzjgeNs-8NyZ_X_J4Xr2MyvB34pqYKmR4EunLBAQdlHGHcTQgAwIkFqTLsYk2MizNKJ7JEilMbc2dYGG1vn8XT_ZCY70-_f__7v3-_-___6oGUEEGAAKAQBCWAAIEihEIQAIQxIAIAACihEAgEkACRQALI4COUACABAYgIQIAQAgoAYBAAIAAElAQAgAAIBQARAIAAQADAEAACAAEFgBIiAAACoEhAARABKBAQUAAQcggQFQBBACBASGQFwAKAAqACGAEwALgAjgBSADLAGoAPwAjABHAClgFXAK2AbwBMQCbAFNgLRAYEAw8BkQwAKANoAeABYgDZAI9EQHAAVABWAC4AIYAUgAyABlgDUAGyAPwAjABIgClgFXANYAfIBDYCLwEiAJsATsAocBSIC5AGBAMJAYeAycSACAAcAOcQABAN4EgiAAIAAXABQAFQAMgAcAA8ACAAEQAKgAeQBDAEQAJkAVQBWACwAFwAN4AcwA9ACGgEQARIAlgBNAClAGGAMgAZYA1ABsgDiAHeAPYAfEA-wD9AIwASIApYBfgDCAGKANYAbQA3ABvAD0AHyAQ2AioBF4CRAExAJlATYAnYBSICmwFYALFAWwAuQBd4DAgGDAMJAYaAw8BkQDJAGThQAICiQ0B8AFQAVgAuACGAFIAMgAZYA0gBqADZAH4ARgApYBV4C0ALSAawA3gB8gENgIvASIAmwBOwChwFIgLkAYEAwkBh4DGAGThwAIADgwAQA2QB1AF9AMjFQGAAKAAqACGAEwALgAjgBSADLAGoAPwAjABHAClgFXgLQAtIBvAEggJiATYApsBcgDAgGHgMiFABABtADwAR6AvodBFAAXABQAFQALgAZAA4ACAAEQAMQAfQBDAEQAJkAVQBWACwAFwAMQAZgA3gBzAD0AIYARAAlgBMACagFGAUoAyABlQDRANIAagA2QBvgDiAHeAPaAfYB-AEYALFAWgBaQC5gF5AL8AYQAxQBuIDpgOoAegBDYCIgEXgJBASIAmwBO0CmgKbAVYAsWBbAFsgLgAXIAu0Bd4DCQGGgMPAYkAxgBjwDJAGTkIFYACwAKAAZABEADEAIYATAAqgBcADMAG8APQAjgBSADKAGoAN8AcQA7wB-AEDAIwAUOAtAC0gF-AMIAYoA6gB6AEggJEATZApoCmwFigLRgWwBbQC4AFyALtAYeAxIBkQDJyUCQABAACwAKAAXAAyABwAEQAMQAiABMACqAFwAMQAZgA2gCGgEQARMApAClAGUANIAbIA7wB-AEYgLQAtIBigDcAHUAReAkQBNgCxQF2gMPAZEAycpA1AAXABQAFQALgAZAA4ACAAGMAQwBEACYAFIAKoAWAAuABiADMAHMAQwAiIBRgFKAMqAaIBpADZAHEAO-AfYB-AEYAI4AUMArYBeQDCAG0ANwAdQA9ACLwEiAJsATtApoCmwFbALFAWwAuABcgC7QGGgMPAYkAxgBkQDJAGTlQAIAPigAEAeAAA.YAAAAAAAAAAA; _ga=GA1.2.714430098.1600802367; _gid=GA1.2.464295013.1600802367; PHPSESSID=5ra0mlk7ofvis08rcaj0ahmhk3
    [HTTP_HOST] => my.medical-tribune.de
    [HTTP_ORIGIN] => https://my.medical-tribune.de
    [HTTP_REFERER] => https://my.medical-tribune.de/register.php?mode=1
    [HTTP_UPGRADE_INSECURE_REQUESTS] => 1
    [HTTP_USER_AGENT] => Mozilla/5.0 (Windows NT 10.0; Win64; x64; rv:80.0) Gecko/20100101 Firefox/80.0
    [PATH] => /bin:/usr/bin
    [QUERY_STRING] => mode=1
    [REDIRECT_STATUS] => 200
    [REMOTE_ADDR] => 77.0.215.245
    [REMOTE_PORT] => 56640
    [REQUEST_METHOD] => POST
    [REQUEST_SCHEME] => https
    [REQUEST_URI] => /register.php?mode=1
    [SCRIPT_FILENAME] => /home/mtde/public_html/my/register.php
    [SCRIPT_NAME] => /register.php
    [SERVER_ADDR] => 46.232.181.187
    [SERVER_ADMIN] => webmaster@my.medical-tribune.de
    [SERVER_NAME] => my.medical-tribune.de
    [SERVER_PORT] => 443
    [SERVER_PROTOCOL] => HTTP/1.1
    [SERVER_SIGNATURE] => 
    [SERVER_SOFTWARE] => Apache
    [SSL_TLS_SNI] => my.medical-tribune.de
    [TZ] => Europe/Zurich
    [UNIQUE_ID] => X2pPTIxIRZydTJOgpU@ouQAAANg
    [PHP_SELF] => /register.php
    [REQUEST_TIME_FLOAT] => 1600802636.1717
    [REQUEST_TIME] => 1600802636
)

22-09-2020 : bianca.wendt@gmx.de,Array
(
    [CONTENT_LENGTH] => 2645
    [CONTENT_TYPE] => multipart/form-data; boundary=----WebKitFormBoundaryuxQ5KdlzrbuQmhAJ
    [CONTEXT_DOCUMENT_ROOT] => /home/mtde/public_html/my
    [CONTEXT_PREFIX] => 
    [DOCUMENT_ROOT] => /home/mtde/public_html/my
    [GATEWAY_INTERFACE] => CGI/1.1
    [HTTPS] => on
    [HTTP_ACCEPT] => text/html,application/xhtml+xml,application/xml;q=0.9,*/*;q=0.8
    [HTTP_ACCEPT_ENCODING] => gzip, deflate, br
    [HTTP_ACCEPT_LANGUAGE] => de-de
    [HTTP_CONNECTION] => keep-alive
    [HTTP_COOKIE] => consentUUID=e80d7b1a-73b5-4a77-97d6-6633ad520124; PHPSESSID=dtbbh5gnm3c7d9jjo6em1f2jf4; _ga=GA1.2.1921120453.1550092370; _gid=GA1.2.710769104.1600803442; euconsent-v2=CO6JzhwO6JzhwAGABCENA4CgAP_AAH_AAAYgGVtf_X9fb2_j-_5999t0eY1f9_63t-wzjgeNs-8NyZ_X_J4Xr2MyvB34pqYKmR4EunLBAQdlHGHcTQgAwIkFqTLsYk2MizNKJ7JEilMbc2dYGG1vn8XT_ZCY70-_f__7v3-_-___6oGUEEGAAKAQBCWAAIEihEIQAIQxIAIAACihEAgEkACRQALI4COUACABAYgIQIAQAgoAYBAAIAAElAQAgAAIBQARAIAAQADAEAACAAEFgBIiAAACoEhAARABKBAQUAAQcggQFQBBACBASGQFwAKAAqACGAEwALgAjgBSADLAGoAPwAjABHAClgFXAK2AbwBMQCbAFNgLRAYEAw8BkQwAKANoAeABYgDZAI9EQHAAVABWAC4AIYAUgAyABlgDUAGyAPwAjABIgClgFXANYAfIBDYCLwEiAJsATsAocBSIC5AGBAMJAYeAycSACAAcAOcQABAN4EgiAAIAAXABQAFQAMgAcAA8ACAAEQAKgAeQBDAEQAJkAVQBWACwAFwAN4AcwA9ACGgEQARIAlgBNAClAGGAMgAZYA1ABsgDiAHeAPYAfEA-wD9AIwASIApYBfgDCAGKANYAbQA3ABvAD0AHyAQ2AioBF4CRAExAJlATYAnYBSICmwFYALFAWwAuQBd4DAgGDAMJAYaAw8BkQDJAGThQAICiQ0B8AFQAVgAuACGAFIAMgAZYA0gBqADZAH4ARgApYBV4C0ALSAawA3gB8gENgIvASIAmwBOwChwFIgLkAYEAwkBh4DGAGThwAIADgwAQA2QB1AF9AMjFQGAAKAAqACGAEwALgAjgBSADLAGoAPwAjABHAClgFXgLQAtIBvAEggJiATYApsBcgDAgGHgMiFABABtADwAR6AvodBFAAXABQAFQALgAZAA4ACAAEQAMQAfQBDAEQAJkAVQBWACwAFwAMQAZgA3gBzAD0AIYARAAlgBMACagFGAUoAyABlQDRANIAagA2QBvgDiAHeAPaAfYB-AEYALFAWgBaQC5gF5AL8AYQAxQBuIDpgOoAegBDYCIgEXgJBASIAmwBO0CmgKbAVYAsWBbAFsgLgAXIAu0Bd4DCQGGgMPAYkAxgBjwDJAGTkIFYACwAKAAZABEADEAIYATAAqgBcADMAG8APQAjgBSADKAGoAN8AcQA7wB-AEDAIwAUOAtAC0gF-AMIAYoA6gB6AEggJEATZApoCmwFigLRgWwBbQC4AFyALtAYeAxIBkQDJyUCQABAACwAKAAXAAyABwAEQAMQAiABMACqAFwAMQAZgA2gCGgEQARMApAClAGUANIAbIA7wB-AEYgLQAtIBigDcAHUAReAkQBNgCxQF2gMPAZEAycpA1AAXABQAFQALgAZAA4ACAAGMAQwBEACYAFIAKoAWAAuABiADMAHMAQwAiIBRgFKAMqAaIBpADZAHEAO-AfYB-AEYAI4AUMArYBeQDCAG0ANwAdQA9ACLwEiAJsATtApoCmwFbALFAWwAuABcgC7QGGgMPAYkAxgBkQDJAGTlQAIAPigAEAeAAA.YAAAAAAAAAAA
    [HTTP_HOST] => my.medical-tribune.de
    [HTTP_ORIGIN] => https://my.medical-tribune.de
    [HTTP_REFERER] => https://my.medical-tribune.de/register.php?mode=1
    [HTTP_USER_AGENT] => Mozilla/5.0 (iPhone; CPU iPhone OS 13_7 like Mac OS X) AppleWebKit/605.1.15 (KHTML, like Gecko) Version/13.1.2 Mobile/15E148 Safari/604.1
    [PATH] => /bin:/usr/bin
    [QUERY_STRING] => mode=1
    [REDIRECT_STATUS] => 200
    [REMOTE_ADDR] => 176.198.202.76
    [REMOTE_PORT] => 62441
    [REQUEST_METHOD] => POST
    [REQUEST_SCHEME] => https
    [REQUEST_URI] => /register.php?mode=1
    [SCRIPT_FILENAME] => /home/mtde/public_html/my/register.php
    [SCRIPT_NAME] => /register.php
    [SERVER_ADDR] => 46.232.181.187
    [SERVER_ADMIN] => webmaster@my.medical-tribune.de
    [SERVER_NAME] => my.medical-tribune.de
    [SERVER_PORT] => 443
    [SERVER_PROTOCOL] => HTTP/1.1
    [SERVER_SIGNATURE] => 
    [SERVER_SOFTWARE] => Apache
    [SSL_TLS_SNI] => my.medical-tribune.de
    [TZ] => Europe/Zurich
    [UNIQUE_ID] => X2pTbMr95wbCTOH8NRg6EAAAAQQ
    [PHP_SELF] => /register.php
    [REQUEST_TIME_FLOAT] => 1600803692.6561
    [REQUEST_TIME] => 1600803692
)

22-09-2020 : flauterbach@zaek-saar.de,Array
(
    [CONTENT_LENGTH] => 2632
    [CONTENT_TYPE] => multipart/form-data; boundary=----WebKitFormBoundarynvujyxxZMrSP7xXL
    [CONTEXT_DOCUMENT_ROOT] => /home/mtde/public_html/my
    [CONTEXT_PREFIX] => 
    [DOCUMENT_ROOT] => /home/mtde/public_html/my
    [GATEWAY_INTERFACE] => CGI/1.1
    [HTTPS] => on
    [HTTP_ACCEPT] => text/html,application/xhtml+xml,application/xml;q=0.9,*/*;q=0.8
    [HTTP_ACCEPT_ENCODING] => gzip, deflate, br
    [HTTP_ACCEPT_LANGUAGE] => de-de
    [HTTP_CONNECTION] => keep-alive
    [HTTP_COOKIE] => _ga=GA1.2.1922881758.1600804859; _gid=GA1.2.470971577.1600804859; consentUUID=ff6ce954-0679-4eff-92e4-2b673e0c4470; PHPSESSID=115e8aj6mof3hinnlm57k56me7; euconsent-v2=CO6J2_FO6J2_FAGABCENA4CgAP_AAH_AAAYgGVtf_X9fb2_j-_5999t0eY1f9_63t-wzjgeNs-8NyZ_X_J4Xr2MyvB34pqYKmR4EunLBAQdlHGHcTQgAwIkFqTLsYk2MizNKJ7JEilMbc2dYGG1vn8XT_ZCY70-_f__7v3-_-___6oGUEEGAAKAQBCWAAIEihEIQAIQxIAIAACihEAgEkACRQALI4COUACABAYgIQIAQAgoAYBAAIAAElAQAgAAIBQARAIAAQADAEAACAAEFgBIiAAACoEhAARABKBAQUAAQcggQFQBBACBASGQFwAKAAqACGAEwALgAjgBSADLAGoAPwAjABHAClgFXAK2AbwBMQCbAFNgLRAYEAw8BkQwAKANoAeABYgDZAI9EQHAAVABWAC4AIYAUgAyABlgDUAGyAPwAjABIgClgFXANYAfIBDYCLwEiAJsATsAocBSIC5AGBAMJAYeAycSACAAcAOcQABAN4EgiAAIAAXABQAFQAMgAcAA8ACAAEQAKgAeQBDAEQAJkAVQBWACwAFwAN4AcwA9ACGgEQARIAlgBNAClAGGAMgAZYA1ABsgDiAHeAPYAfEA-wD9AIwASIApYBfgDCAGKANYAbQA3ABvAD0AHyAQ2AioBF4CRAExAJlATYAnYBSICmwFYALFAWwAuQBd4DAgGDAMJAYaAw8BkQDJAGThQAICiQ0B8AFQAVgAuACGAFIAMgAZYA0gBqADZAH4ARgApYBV4C0ALSAawA3gB8gENgIvASIAmwBOwChwFIgLkAYEAwkBh4DGAGThwAIADgwAQA2QB1AF9AMjFQGAAKAAqACGAEwALgAjgBSADLAGoAPwAjABHAClgFXgLQAtIBvAEggJiATYApsBcgDAgGHgMiFABABtADwAR6AvodBFAAXABQAFQALgAZAA4ACAAEQAMQAfQBDAEQAJkAVQBWACwAFwAMQAZgA3gBzAD0AIYARAAlgBMACagFGAUoAyABlQDRANIAagA2QBvgDiAHeAPaAfYB-AEYALFAWgBaQC5gF5AL8AYQAxQBuIDpgOoAegBDYCIgEXgJBASIAmwBO0CmgKbAVYAsWBbAFsgLgAXIAu0Bd4DCQGGgMPAYkAxgBjwDJAGTkIFYACwAKAAZABEADEAIYATAAqgBcADMAG8APQAjgBSADKAGoAN8AcQA7wB-AEDAIwAUOAtAC0gF-AMIAYoA6gB6AEggJEATZApoCmwFigLRgWwBbQC4AFyALtAYeAxIBkQDJyUCQABAACwAKAAXAAyABwAEQAMQAiABMACqAFwAMQAZgA2gCGgEQARMApAClAGUANIAbIA7wB-AEYgLQAtIBigDcAHUAReAkQBNgCxQF2gMPAZEAycpA1AAXABQAFQALgAZAA4ACAAGMAQwBEACYAFIAKoAWAAuABiADMAHMAQwAiIBRgFKAMqAaIBpADZAHEAO-AfYB-AEYAI4AUMArYBeQDCAG0ANwAdQA9ACLwEiAJsATtApoCmwFbALFAWwAuABcgC7QGGgMPAYkAxgBkQDJAGTlQAIAPigAEAeAAA.YAAAAAAAAAAA
    [HTTP_HOST] => my.medical-tribune.de
    [HTTP_ORIGIN] => https://my.medical-tribune.de
    [HTTP_REFERER] => https://my.medical-tribune.de/register.php?mode=1
    [HTTP_USER_AGENT] => Mozilla/5.0 (iPhone; CPU iPhone OS 13_6 like Mac OS X) AppleWebKit/605.1.15 (KHTML, like Gecko) CriOS/85.0.4183.109 Mobile/15E148 Safari/604.1
    [PATH] => /bin:/usr/bin
    [QUERY_STRING] => mode=1
    [REDIRECT_STATUS] => 200
    [REMOTE_ADDR] => 80.187.121.40
    [REMOTE_PORT] => 22862
    [REQUEST_METHOD] => POST
    [REQUEST_SCHEME] => https
    [REQUEST_URI] => /register.php?mode=1
    [SCRIPT_FILENAME] => /home/mtde/public_html/my/register.php
    [SCRIPT_NAME] => /register.php
    [SERVER_ADDR] => 46.232.181.187
    [SERVER_ADMIN] => webmaster@my.medical-tribune.de
    [SERVER_NAME] => my.medical-tribune.de
    [SERVER_PORT] => 443
    [SERVER_PROTOCOL] => HTTP/1.1
    [SERVER_SIGNATURE] => 
    [SERVER_SOFTWARE] => Apache
    [SSL_TLS_SNI] => my.medical-tribune.de
    [TZ] => Europe/Zurich
    [UNIQUE_ID] => X2pae2xEK1p5ofaBfUUxFAAAAIg
    [PHP_SELF] => /register.php
    [REQUEST_TIME_FLOAT] => 1600805499.462
    [REQUEST_TIME] => 1600805499
)

