15-12-2020 : fitundxsund@gmail.com,Array
(
    [CONTENT_LENGTH] => 3343
    [CONTENT_TYPE] => multipart/form-data; boundary=---------------------------271302009732868573342094858046
    [CONTEXT_DOCUMENT_ROOT] => /home/mtde/public_html/my
    [CONTEXT_PREFIX] => 
    [DOCUMENT_ROOT] => /home/mtde/public_html/my
    [GATEWAY_INTERFACE] => CGI/1.1
    [HTTPS] => on
    [HTTP_ACCEPT] => text/html,application/xhtml+xml,application/xml;q=0.9,image/webp,*/*;q=0.8
    [HTTP_ACCEPT_ENCODING] => gzip, deflate, br
    [HTTP_ACCEPT_LANGUAGE] => en-US,en;q=0.5
    [HTTP_CONNECTION] => keep-alive
    [HTTP_COOKIE] => PHPSESSID=np4vr38l4qb77v702l4qh88tn2
    [HTTP_HOST] => my.medical-tribune.de
    [HTTP_ORIGIN] => https://my.medical-tribune.de
    [HTTP_REFERER] => https://my.medical-tribune.de/register.php?mode=1
    [HTTP_UPGRADE_INSECURE_REQUESTS] => 1
    [HTTP_USER_AGENT] => Mozilla/5.0 (Windows NT 10.0; Win64; x64; rv:83.0) Gecko/20100101 Firefox/83.0
    [PATH] => /bin:/usr/bin
    [QUERY_STRING] => mode=1
    [REDIRECT_STATUS] => 200
    [REMOTE_ADDR] => 130.60.201.229
    [REMOTE_PORT] => 51692
    [REQUEST_METHOD] => POST
    [REQUEST_SCHEME] => https
    [REQUEST_URI] => /register.php?mode=1
    [SCRIPT_FILENAME] => /home/mtde/public_html/my/register.php
    [SCRIPT_NAME] => /register.php
    [SERVER_ADDR] => 46.232.181.187
    [SERVER_ADMIN] => webmaster@my.medical-tribune.de
    [SERVER_NAME] => my.medical-tribune.de
    [SERVER_PORT] => 443
    [SERVER_PROTOCOL] => HTTP/1.1
    [SERVER_SIGNATURE] => 
    [SERVER_SOFTWARE] => Apache
    [SSL_TLS_SNI] => my.medical-tribune.de
    [TZ] => Europe/Zurich
    [UNIQUE_ID] => X9f@sVZtE@ltYMfML3g0IgAAAVU
    [PHP_SELF] => /register.php
    [REQUEST_TIME_FLOAT] => 1607990961.2354
    [REQUEST_TIME] => 1607990961
)

15-12-2020 : timmueller@freenet.de,Array
(
    [CONTENT_LENGTH] => 2476
    [CONTENT_TYPE] => multipart/form-data; boundary=----WebKitFormBoundaryPZLx4wQBZSpj0fQi
    [CONTEXT_DOCUMENT_ROOT] => /home/mtde/public_html/my
    [CONTEXT_PREFIX] => 
    [DOCUMENT_ROOT] => /home/mtde/public_html/my
    [GATEWAY_INTERFACE] => CGI/1.1
    [HTTPS] => on
    [HTTP_ACCEPT] => text/html,application/xhtml+xml,application/xml;q=0.9,*/*;q=0.8
    [HTTP_ACCEPT_ENCODING] => gzip, deflate, br
    [HTTP_ACCEPT_LANGUAGE] => de-de
    [HTTP_CONNECTION] => keep-alive
    [HTTP_COOKIE] => PHPSESSID=mmugcfhrbhbc45uilio8ro1ko6; _ga=GA1.2.199788746.1607993699; _gid=GA1.2.1654105423.1607993699; consentUUID=a1e8ac25-a70e-4f97-9d4c-c277a7085f46; euconsent-v2=CO-cF3fO-cF3fAGABCENBECgAP_AAAdAAAYgGMwIQADAAKAAqABkAEEAJwAoABVACwALQAZAA0gCIAI0ATABPAC2AGEAP0AgwCEAEYAJiAUgBSgDSAHEAQgAiwBLQC6gHNAPQAfoBGoCwwFtALzAYyBJ0AMAhABdQEnAEjIAYAKgAmALzEQAQAVBIBgAFQAMgAgABUADSAIgAigBMACeAIQAUoB6AF5hoAIAKhUAMAFQATAF5joB4AFQAMgAgABUADSAIgAigBMACeAIQATAApQCLAF1APQAvMhAFAAyACoAJgB6AFtEoA4AGQAiABMAEIAKUAuoC8ykA0ACoAGQAQAAqABpAEQARQAmABPAEIAKUAiwB6AF5gAA.YAAAAAAAAAAA
    [HTTP_HOST] => my.medical-tribune.de
    [HTTP_ORIGIN] => https://my.medical-tribune.de
    [HTTP_REFERER] => https://my.medical-tribune.de/register.php?mode=1
    [HTTP_USER_AGENT] => Mozilla/5.0 (iPhone; CPU iPhone OS 13_5_1 like Mac OS X) AppleWebKit/605.1.15 (KHTML, like Gecko) Version/13.1.1 Mobile/15E148 Safari/604.1
    [PATH] => /bin:/usr/bin
    [QUERY_STRING] => mode=1
    [REDIRECT_STATUS] => 200
    [REMOTE_ADDR] => 95.223.73.79
    [REMOTE_PORT] => 35604
    [REQUEST_METHOD] => POST
    [REQUEST_SCHEME] => https
    [REQUEST_URI] => /register.php?mode=1
    [SCRIPT_FILENAME] => /home/mtde/public_html/my/register.php
    [SCRIPT_NAME] => /register.php
    [SERVER_ADDR] => 46.232.181.187
    [SERVER_ADMIN] => webmaster@my.medical-tribune.de
    [SERVER_NAME] => my.medical-tribune.de
    [SERVER_PORT] => 443
    [SERVER_PROTOCOL] => HTTP/1.1
    [SERVER_SIGNATURE] => 
    [SERVER_SOFTWARE] => Apache
    [SSL_TLS_SNI] => my.medical-tribune.de
    [TZ] => Europe/Zurich
    [UNIQUE_ID] => X9gKFl4Ia56HzEcByt3fFQAAAAo
    [PHP_SELF] => /register.php
    [REQUEST_TIME_FLOAT] => 1607993878.6536
    [REQUEST_TIME] => 1607993878
)

15-12-2020 : Florianmueller247@gmx.de,Array
(
    [CONTENT_LENGTH] => 3101
    [CONTENT_TYPE] => multipart/form-data; boundary=---------------------------290836759839983522923728529885
    [CONTEXT_DOCUMENT_ROOT] => /home/mtde/public_html/my
    [CONTEXT_PREFIX] => 
    [DOCUMENT_ROOT] => /home/mtde/public_html/my
    [GATEWAY_INTERFACE] => CGI/1.1
    [HTTPS] => on
    [HTTP_ACCEPT] => text/html,application/xhtml+xml,application/xml;q=0.9,image/webp,*/*;q=0.8
    [HTTP_ACCEPT_ENCODING] => gzip, deflate, br
    [HTTP_ACCEPT_LANGUAGE] => de-DE
    [HTTP_CONNECTION] => keep-alive
    [HTTP_COOKIE] => consentUUID=00d587bf-c2f6-4e0d-9c7e-62d3459d6da9; PHPSESSID=tphs8oc35913cud9mcgqn94gh6; euconsent-v2=CO-cPqQO-cPqQAGABCENBECgAP_AAAdAAAYgGMwIQADAAKAAqABkAEEAJwAoABVACwALQAZAA0gCIAI0ATABPAC2AGEAP0AgwCEAEYAJiAUgBSgDSAHEAQgAiwBLQC6gHNAPQAfoBGoCwwFtALzAYyBJ0AMAhABdQEnAEjIAYAKgAmALzEQAQAVBIBgAFQAMgAgABUADSAIgAigBMACeAIQAUoB6AF5hoAIAKhUAMAFQATAF5joB4AFQAMgAgABUADSAIgAigBMACeAIQATAApQCLAF1APQAvMhAFAAyACoAJgB6AFtEoA4AGQAiABMAEIAKUAuoC8ykA0ACoAGQAQAAqABpAEQARQAmABPAEIAKUAiwB6AF5gAA.YAAAAAAAAAAA; _ga=GA1.2.106383093.1607997709; _gid=GA1.2.184458700.1607997709
    [HTTP_HOST] => my.medical-tribune.de
    [HTTP_ORIGIN] => https://my.medical-tribune.de
    [HTTP_REFERER] => https://my.medical-tribune.de/register.php?mode=1
    [HTTP_UPGRADE_INSECURE_REQUESTS] => 1
    [HTTP_USER_AGENT] => Mozilla/5.0 (Android 10; Mobile; rv:83.0) Gecko/83.0 Firefox/83.0
    [PATH] => /bin:/usr/bin
    [QUERY_STRING] => mode=1
    [REDIRECT_STATUS] => 200
    [REMOTE_ADDR] => 91.66.153.60
    [REMOTE_PORT] => 43912
    [REQUEST_METHOD] => POST
    [REQUEST_SCHEME] => https
    [REQUEST_URI] => /register.php?mode=1
    [SCRIPT_FILENAME] => /home/mtde/public_html/my/register.php
    [SCRIPT_NAME] => /register.php
    [SERVER_ADDR] => 46.232.181.187
    [SERVER_ADMIN] => webmaster@my.medical-tribune.de
    [SERVER_NAME] => my.medical-tribune.de
    [SERVER_PORT] => 443
    [SERVER_PROTOCOL] => HTTP/1.1
    [SERVER_SIGNATURE] => 
    [SERVER_SOFTWARE] => Apache
    [SSL_TLS_SNI] => my.medical-tribune.de
    [TZ] => Europe/Zurich
    [UNIQUE_ID] => X9gZ0Kr0twXbhzuG7uSgZgAAAIg
    [PHP_SELF] => /register.php
    [REQUEST_TIME_FLOAT] => 1607997904.3961
    [REQUEST_TIME] => 1607997904
)

15-12-2020 : petbin7@gmail.com,Array
(
    [CONTENT_LENGTH] => 3701
    [CONTENT_TYPE] => multipart/form-data; boundary=----WebKitFormBoundarygnpOwXKX6gFIeOH5
    [CONTEXT_DOCUMENT_ROOT] => /home/mtde/public_html/my
    [CONTEXT_PREFIX] => 
    [DOCUMENT_ROOT] => /home/mtde/public_html/my
    [GATEWAY_INTERFACE] => CGI/1.1
    [HTTPS] => on
    [HTTP_ACCEPT] => text/html,application/xhtml+xml,application/xml;q=0.9,image/webp,image/apng,*/*;q=0.8,application/signed-exchange;v=b3;q=0.9
    [HTTP_ACCEPT_ENCODING] => gzip, deflate, br
    [HTTP_ACCEPT_LANGUAGE] => de-AT,de-DE;q=0.9,de;q=0.8,en-US;q=0.7,en;q=0.6
    [HTTP_CACHE_CONTROL] => max-age=0
    [HTTP_CONNECTION] => keep-alive
    [HTTP_COOKIE] => consentUUID=0ccc5d71-94fd-4b8c-8dab-472a9fd89702; euconsent-v2=CO-JjP8O-JjP8AGABCENBDCgAP_AAAdAAACYGMwIQADAAKAAqABkAEEAJwAoABVACwALQAZAA0gCIAI0ATABPAC2AGEAP0AgwCEAEYAJiAUgBSgDSAHEAQgAiwBLQC6gHNAPQAfoBGoCwwFtALzAYyBJ0AMAhABdQEnAEjIAYAKgAmALzEQAQAVBIBgAFQAMgAgABUADSAIgAigBMACeAIQAUoB6AF5hoAIAKhUAMAFQATAF5joB4AFQAMgAgABUADSAIgAigBMACeAIQATAApQCLAF1APQAvMhAFAAyACoAJgB6AFtEoA4AGQAiABMAEIAKUAuoC8ykA0ACoAGQAQAAqABpAEQARQAmABPAEIAKUAiwB6AF5gAA.YAAAAAAAAAAA; _ga=GA1.2.1385683256.1607507660; _gid=GA1.2.417855852.1608021395; PHPSESSID=6dd0ct2pbl6tdo9m7mjnotebb6
    [HTTP_HOST] => my.medical-tribune.de
    [HTTP_ORIGIN] => https://my.medical-tribune.de
    [HTTP_REFERER] => https://my.medical-tribune.de/register.php?mode=1
    [HTTP_SAVE_DATA] => on
    [HTTP_SEC_FETCH_DEST] => iframe
    [HTTP_SEC_FETCH_MODE] => navigate
    [HTTP_SEC_FETCH_SITE] => same-origin
    [HTTP_SEC_FETCH_USER] => ?1
    [HTTP_UPGRADE_INSECURE_REQUESTS] => 1
    [HTTP_USER_AGENT] => Mozilla/5.0 (Linux; Android 9; SM-J530F) AppleWebKit/537.36 (KHTML, like Gecko) Chrome/86.0.4240.198 Mobile Safari/537.36
    [PATH] => /bin:/usr/bin
    [QUERY_STRING] => mode=1
    [REDIRECT_STATUS] => 200
    [REMOTE_ADDR] => 185.69.244.138
    [REMOTE_PORT] => 42073
    [REQUEST_METHOD] => POST
    [REQUEST_SCHEME] => https
    [REQUEST_URI] => /register.php?mode=1
    [SCRIPT_FILENAME] => /home/mtde/public_html/my/register.php
    [SCRIPT_NAME] => /register.php
    [SERVER_ADDR] => 46.232.181.187
    [SERVER_ADMIN] => webmaster@my.medical-tribune.de
    [SERVER_NAME] => my.medical-tribune.de
    [SERVER_PORT] => 443
    [SERVER_PROTOCOL] => HTTP/1.1
    [SERVER_SIGNATURE] => 
    [SERVER_SOFTWARE] => Apache
    [SSL_TLS_SNI] => my.medical-tribune.de
    [TZ] => Europe/Zurich
    [UNIQUE_ID] => X9h4msKuWo6WADtdYv7ASQAAAFM
    [PHP_SELF] => /register.php
    [REQUEST_TIME_FLOAT] => 1608022170.3559
    [REQUEST_TIME] => 1608022170
)

15-12-2020 : odilo@online.de,Array
(
    [CONTENT_LENGTH] => 3515
    [CONTENT_TYPE] => multipart/form-data; boundary=---------------------------37094962944365332281859662585
    [CONTEXT_DOCUMENT_ROOT] => /home/mtde/public_html/my
    [CONTEXT_PREFIX] => 
    [DOCUMENT_ROOT] => /home/mtde/public_html/my
    [GATEWAY_INTERFACE] => CGI/1.1
    [HTTPS] => on
    [HTTP_ACCEPT] => text/html,application/xhtml+xml,application/xml;q=0.9,image/webp,*/*;q=0.8
    [HTTP_ACCEPT_ENCODING] => gzip, deflate, br
    [HTTP_ACCEPT_LANGUAGE] => de,en-US;q=0.7,en;q=0.3
    [HTTP_CONNECTION] => keep-alive
    [HTTP_COOKIE] => PHPSESSID=251mqvebhapom36hoahopk6l25
    [HTTP_HOST] => my.medical-tribune.de
    [HTTP_ORIGIN] => https://my.medical-tribune.de
    [HTTP_REFERER] => https://my.medical-tribune.de/register.php?mode=1
    [HTTP_UPGRADE_INSECURE_REQUESTS] => 1
    [HTTP_USER_AGENT] => Mozilla/5.0 (Windows NT 10.0; Win64; x64; rv:83.0) Gecko/20100101 Firefox/83.0
    [PATH] => /bin:/usr/bin
    [QUERY_STRING] => mode=1
    [REDIRECT_STATUS] => 200
    [REMOTE_ADDR] => 82.207.237.49
    [REMOTE_PORT] => 21008
    [REQUEST_METHOD] => POST
    [REQUEST_SCHEME] => https
    [REQUEST_URI] => /register.php?mode=1
    [SCRIPT_FILENAME] => /home/mtde/public_html/my/register.php
    [SCRIPT_NAME] => /register.php
    [SERVER_ADDR] => 46.232.181.187
    [SERVER_ADMIN] => webmaster@my.medical-tribune.de
    [SERVER_NAME] => my.medical-tribune.de
    [SERVER_PORT] => 443
    [SERVER_PROTOCOL] => HTTP/1.1
    [SERVER_SIGNATURE] => 
    [SERVER_SOFTWARE] => Apache
    [SSL_TLS_SNI] => my.medical-tribune.de
    [TZ] => Europe/Zurich
    [UNIQUE_ID] => X9iW0Wkkr4SNCVXZNt-iOwAAANI
    [PHP_SELF] => /register.php
    [REQUEST_TIME_FLOAT] => 1608029905.125
    [REQUEST_TIME] => 1608029905
)

15-12-2020 : Mrdamori@googlemail.com,Array
(
    [CONTENT_LENGTH] => 2404
    [CONTENT_TYPE] => multipart/form-data; boundary=----WebKitFormBoundary76bpBvNzB1eDlXWS
    [CONTEXT_DOCUMENT_ROOT] => /home/mtde/public_html/my
    [CONTEXT_PREFIX] => 
    [DOCUMENT_ROOT] => /home/mtde/public_html/my
    [GATEWAY_INTERFACE] => CGI/1.1
    [HTTPS] => on
    [HTTP_ACCEPT] => text/html,application/xhtml+xml,application/xml;q=0.9,image/avif,image/webp,image/apng,*/*;q=0.8,application/signed-exchange;v=b3;q=0.9
    [HTTP_ACCEPT_ENCODING] => gzip, deflate, br
    [HTTP_ACCEPT_LANGUAGE] => de-DE,de;q=0.9,en-US;q=0.8,en;q=0.7,bg;q=0.6
    [HTTP_CACHE_CONTROL] => max-age=0
    [HTTP_CONNECTION] => keep-alive
    [HTTP_COOKIE] => consentUUID=0ea9a25a-bee5-458d-8aac-cf9d234c0b13; euconsent-v2=CO-dfsuO-dfsuAGABCENBECgAP_AAAdAAAYgGMwIQADAAKAAqABkAEEAJwAoABVACwALQAZAA0gCIAI0ATABPAC2AGEAP0AgwCEAEYAJiAUgBSgDSAHEAQgAiwBLQC6gHNAPQAfoBGoCwwFtALzAYyBJ0AMAhABdQEnAEjIAYAKgAmALzEQAQAVBIBgAFQAMgAgABUADSAIgAigBMACeAIQAUoB6AF5hoAIAKhUAMAFQATAF5joB4AFQAMgAgABUADSAIgAigBMACeAIQATAApQCLAF1APQAvMhAFAAyACoAJgB6AFtEoA4AGQAiABMAEIAKUAuoC8ykA0ACoAGQAQAAqABpAEQARQAmABPAEIAKUAiwB6AF5gAA.YAAAAAAAAAAA; _ga=GA1.2.1840476679.1608030495; _gid=GA1.2.2125441551.1608030495; PHPSESSID=6uv8i0vvt5oo2q5crlinjqg3g1
    [HTTP_HOST] => my.medical-tribune.de
    [HTTP_ORIGIN] => https://my.medical-tribune.de
    [HTTP_REFERER] => https://my.medical-tribune.de/register.php?mode=1
    [HTTP_SEC_CH_UA] => "Google Chrome";v="87", " Not;A Brand";v="99", "Chromium";v="87"
    [HTTP_SEC_CH_UA_MOBILE] => ?0
    [HTTP_SEC_FETCH_DEST] => iframe
    [HTTP_SEC_FETCH_MODE] => navigate
    [HTTP_SEC_FETCH_SITE] => same-origin
    [HTTP_SEC_FETCH_USER] => ?1
    [HTTP_UPGRADE_INSECURE_REQUESTS] => 1
    [HTTP_USER_AGENT] => Mozilla/5.0 (Windows NT 10.0; Win64; x64) AppleWebKit/537.36 (KHTML, like Gecko) Chrome/87.0.4280.88 Safari/537.36
    [PATH] => /bin:/usr/bin
    [QUERY_STRING] => mode=1
    [REDIRECT_STATUS] => 200
    [REMOTE_ADDR] => 79.218.160.90
    [REMOTE_PORT] => 52091
    [REQUEST_METHOD] => POST
    [REQUEST_SCHEME] => https
    [REQUEST_URI] => /register.php?mode=1
    [SCRIPT_FILENAME] => /home/mtde/public_html/my/register.php
    [SCRIPT_NAME] => /register.php
    [SERVER_ADDR] => 46.232.181.187
    [SERVER_ADMIN] => webmaster@my.medical-tribune.de
    [SERVER_NAME] => my.medical-tribune.de
    [SERVER_PORT] => 443
    [SERVER_PROTOCOL] => HTTP/1.1
    [SERVER_SIGNATURE] => 
    [SERVER_SOFTWARE] => Apache
    [SSL_TLS_SNI] => my.medical-tribune.de
    [TZ] => Europe/Zurich
    [UNIQUE_ID] => X9iZulZpmDCnlVFkE4pOGQAAAAw
    [PHP_SELF] => /register.php
    [REQUEST_TIME_FLOAT] => 1608030650.4753
    [REQUEST_TIME] => 1608030650
)

15-12-2020 : bucmuc@web.de,Array
(
    [CONTENT_LENGTH] => 3153
    [CONTENT_TYPE] => multipart/form-data; boundary=----WebKitFormBoundaryq6Xyqa5eFhUCJQx7
    [CONTEXT_DOCUMENT_ROOT] => /home/mtde/public_html/my
    [CONTEXT_PREFIX] => 
    [DOCUMENT_ROOT] => /home/mtde/public_html/my
    [GATEWAY_INTERFACE] => CGI/1.1
    [HTTPS] => on
    [HTTP_ACCEPT] => text/html,application/xhtml+xml,application/xml;q=0.9,*/*;q=0.8
    [HTTP_ACCEPT_ENCODING] => gzip, deflate, br
    [HTTP_ACCEPT_LANGUAGE] => de-de
    [HTTP_CONNECTION] => keep-alive
    [HTTP_COOKIE] => PHPSESSID=cluu3p1c7pkucnb99cj7c5dtj6; _ga=GA1.2.411649353.1607967355; _gid=GA1.2.1672591485.1607967355; consentUUID=a8d7ea99-4b42-4af5-b12c-9e27c2178346; euconsent-v2=CO-bFjNO-bFjNAGABCENBECgAP_AAAdAAAYgGMwIQADAAKAAqABkAEEAJwAoABVACwALQAZAA0gCIAI0ATABPAC2AGEAP0AgwCEAEYAJiAUgBSgDSAHEAQgAiwBLQC6gHNAPQAfoBGoCwwFtALzAYyBJ0AMAhABdQEnAEjIAYAKgAmALzEQAQAVBIBgAFQAMgAgABUADSAIgAigBMACeAIQAUoB6AF5hoAIAKhUAMAFQATAF5joB4AFQAMgAgABUADSAIgAigBMACeAIQATAApQCLAF1APQAvMhAFAAyACoAJgB6AFtEoA4AGQAiABMAEIAKUAuoC8ykA0ACoAGQAQAAqABpAEQARQAmABPAEIAKUAiwB6AF5gAA.YAAAAAAAAAAA
    [HTTP_HOST] => my.medical-tribune.de
    [HTTP_ORIGIN] => https://my.medical-tribune.de
    [HTTP_REFERER] => https://my.medical-tribune.de/register.php?mode=1
    [HTTP_USER_AGENT] => Mozilla/5.0 (iPhone; CPU iPhone OS 14_2 like Mac OS X) AppleWebKit/605.1.15 (KHTML, like Gecko) Version/14.0.1 Mobile/15E148 Safari/604.1
    [PATH] => /bin:/usr/bin
    [QUERY_STRING] => mode=1
    [REDIRECT_STATUS] => 200
    [REMOTE_ADDR] => 92.215.121.68
    [REMOTE_PORT] => 54354
    [REQUEST_METHOD] => POST
    [REQUEST_SCHEME] => https
    [REQUEST_URI] => /register.php?mode=1
    [SCRIPT_FILENAME] => /home/mtde/public_html/my/register.php
    [SCRIPT_NAME] => /register.php
    [SERVER_ADDR] => 46.232.181.187
    [SERVER_ADMIN] => webmaster@my.medical-tribune.de
    [SERVER_NAME] => my.medical-tribune.de
    [SERVER_PORT] => 443
    [SERVER_PROTOCOL] => HTTP/1.1
    [SERVER_SIGNATURE] => 
    [SERVER_SOFTWARE] => Apache
    [SSL_TLS_SNI] => my.medical-tribune.de
    [TZ] => Europe/Zurich
    [UNIQUE_ID] => X9jcUUPhjTbUWE0L7Vh54QAAAMQ
    [PHP_SELF] => /register.php
    [REQUEST_TIME_FLOAT] => 1608047697.9261
    [REQUEST_TIME] => 1608047697
)

15-12-2020 : clkunze1@gmail.com,Array
(
    [CONTENT_LENGTH] => 3087
    [CONTENT_TYPE] => multipart/form-data; boundary=---------------------------41568767664224143811815857215
    [CONTEXT_DOCUMENT_ROOT] => /home/mtde/public_html/my
    [CONTEXT_PREFIX] => 
    [DOCUMENT_ROOT] => /home/mtde/public_html/my
    [GATEWAY_INTERFACE] => CGI/1.1
    [HTTPS] => on
    [HTTP_ACCEPT] => text/html,application/xhtml+xml,application/xml;q=0.9,image/webp,*/*;q=0.8
    [HTTP_ACCEPT_ENCODING] => gzip, deflate, br
    [HTTP_ACCEPT_LANGUAGE] => de,en-US;q=0.7,en;q=0.3
    [HTTP_CONNECTION] => keep-alive
    [HTTP_COOKIE] => consentUUID=8bf3d3db-4521-493f-a50f-4896458f5a55; euconsent-v2=CO-eKkTO-eKkTAGABCENBECgAP_AAAdAAAYgGMwIQADAAKAAqABkAEEAJwAoABVACwALQAZAA0gCIAI0ATABPAC2AGEAP0AgwCEAEYAJiAUgBSgDSAHEAQgAiwBLQC6gHNAPQAfoBGoCwwFtALzAYyBJ0AMAhABdQEnAEjIAYAKgAmALzEQAQAVBIBgAFQAMgAgABUADSAIgAigBMACeAIQAUoB6AF5hoAIAKhUAMAFQATAF5joB4AFQAMgAgABUADSAIgAigBMACeAIQATAApQCLAF1APQAvMhAFAAyACoAJgB6AFtEoA4AGQAiABMAEIAKUAuoC8ykA0ACoAGQAQAAqABpAEQARQAmABPAEIAKUAiwB6AF5gAA.YAAAAAAAAAAA; _ga=GA1.2.1748464596.1608048053; _gid=GA1.2.1314411980.1608048053; PHPSESSID=4fom68o7j0gf43mj68horcgc65
    [HTTP_HOST] => my.medical-tribune.de
    [HTTP_ORIGIN] => https://my.medical-tribune.de
    [HTTP_REFERER] => https://my.medical-tribune.de/register.php?mode=1
    [HTTP_UPGRADE_INSECURE_REQUESTS] => 1
    [HTTP_USER_AGENT] => Mozilla/5.0 (Windows NT 10.0; Win64; x64; rv:83.0) Gecko/20100101 Firefox/83.0
    [PATH] => /bin:/usr/bin
    [QUERY_STRING] => mode=1
    [REDIRECT_STATUS] => 200
    [REMOTE_ADDR] => 2.201.165.208
    [REMOTE_PORT] => 51289
    [REQUEST_METHOD] => POST
    [REQUEST_SCHEME] => https
    [REQUEST_URI] => /register.php?mode=1
    [SCRIPT_FILENAME] => /home/mtde/public_html/my/register.php
    [SCRIPT_NAME] => /register.php
    [SERVER_ADDR] => 46.232.181.187
    [SERVER_ADMIN] => webmaster@my.medical-tribune.de
    [SERVER_NAME] => my.medical-tribune.de
    [SERVER_PORT] => 443
    [SERVER_PROTOCOL] => HTTP/1.1
    [SERVER_SIGNATURE] => 
    [SERVER_SOFTWARE] => Apache
    [SSL_TLS_SNI] => my.medical-tribune.de
    [TZ] => Europe/Zurich
    [UNIQUE_ID] => X9jevN050g8npGUvlEtFvQAAAIo
    [PHP_SELF] => /register.php
    [REQUEST_TIME_FLOAT] => 1608048316.7053
    [REQUEST_TIME] => 1608048316
)

15-12-2020 : clkunze@gmail.com,Array
(
    [CONTENT_LENGTH] => 3877
    [CONTENT_TYPE] => multipart/form-data; boundary=---------------------------22483112553884984898465772755
    [CONTEXT_DOCUMENT_ROOT] => /home/mtde/public_html/my
    [CONTEXT_PREFIX] => 
    [DOCUMENT_ROOT] => /home/mtde/public_html/my
    [GATEWAY_INTERFACE] => CGI/1.1
    [HTTPS] => on
    [HTTP_ACCEPT] => text/html,application/xhtml+xml,application/xml;q=0.9,image/webp,*/*;q=0.8
    [HTTP_ACCEPT_ENCODING] => gzip, deflate, br
    [HTTP_ACCEPT_LANGUAGE] => de,en-US;q=0.7,en;q=0.3
    [HTTP_CONNECTION] => keep-alive
    [HTTP_COOKIE] => consentUUID=8bf3d3db-4521-493f-a50f-4896458f5a55; euconsent-v2=CO-eKkTO-eKkTAGABCENBECgAP_AAAdAAAYgGMwIQADAAKAAqABkAEEAJwAoABVACwALQAZAA0gCIAI0ATABPAC2AGEAP0AgwCEAEYAJiAUgBSgDSAHEAQgAiwBLQC6gHNAPQAfoBGoCwwFtALzAYyBJ0AMAhABdQEnAEjIAYAKgAmALzEQAQAVBIBgAFQAMgAgABUADSAIgAigBMACeAIQAUoB6AF5hoAIAKhUAMAFQATAF5joB4AFQAMgAgABUADSAIgAigBMACeAIQATAApQCLAF1APQAvMhAFAAyACoAJgB6AFtEoA4AGQAiABMAEIAKUAuoC8ykA0ACoAGQAQAAqABpAEQARQAmABPAEIAKUAiwB6AF5gAA.YAAAAAAAAAAA; _ga=GA1.2.1748464596.1608048053; _gid=GA1.2.1314411980.1608048053; PHPSESSID=4fom68o7j0gf43mj68horcgc65
    [HTTP_HOST] => my.medical-tribune.de
    [HTTP_ORIGIN] => https://my.medical-tribune.de
    [HTTP_REFERER] => https://my.medical-tribune.de/register.php?mode=1
    [HTTP_UPGRADE_INSECURE_REQUESTS] => 1
    [HTTP_USER_AGENT] => Mozilla/5.0 (Windows NT 10.0; Win64; x64; rv:83.0) Gecko/20100101 Firefox/83.0
    [PATH] => /bin:/usr/bin
    [QUERY_STRING] => mode=1
    [REDIRECT_STATUS] => 200
    [REMOTE_ADDR] => 2.201.165.208
    [REMOTE_PORT] => 51390
    [REQUEST_METHOD] => POST
    [REQUEST_SCHEME] => https
    [REQUEST_URI] => /register.php?mode=1
    [SCRIPT_FILENAME] => /home/mtde/public_html/my/register.php
    [SCRIPT_NAME] => /register.php
    [SERVER_ADDR] => 46.232.181.187
    [SERVER_ADMIN] => webmaster@my.medical-tribune.de
    [SERVER_NAME] => my.medical-tribune.de
    [SERVER_PORT] => 443
    [SERVER_PROTOCOL] => HTTP/1.1
    [SERVER_SIGNATURE] => 
    [SERVER_SOFTWARE] => Apache
    [SSL_TLS_SNI] => my.medical-tribune.de
    [TZ] => Europe/Zurich
    [UNIQUE_ID] => X9jgoH63j38J-GA3xvIH4wAAAVA
    [PHP_SELF] => /register.php
    [REQUEST_TIME_FLOAT] => 1608048800.9115
    [REQUEST_TIME] => 1608048800
)

15-12-2020 : miriamfazel@web.de,Array
(
    [CONTENT_LENGTH] => 3352
    [CONTENT_TYPE] => multipart/form-data; boundary=----WebKitFormBoundaryYCvKRlMB2OtjLFlB
    [CONTEXT_DOCUMENT_ROOT] => /home/mtde/public_html/my
    [CONTEXT_PREFIX] => 
    [DOCUMENT_ROOT] => /home/mtde/public_html/my
    [GATEWAY_INTERFACE] => CGI/1.1
    [HTTPS] => on
    [HTTP_ACCEPT] => text/html,application/xhtml+xml,application/xml;q=0.9,*/*;q=0.8
    [HTTP_ACCEPT_ENCODING] => br, gzip, deflate
    [HTTP_ACCEPT_LANGUAGE] => de-de
    [HTTP_CONNECTION] => keep-alive
    [HTTP_COOKIE] => PHPSESSID=v4v46larbilieddh3hlqiigrr2; _ga=GA1.2.531282058.1608050517; _gid=GA1.2.2142077463.1608050517; consentUUID=fe40144b-f959-485b-bf97-063d6f0874d2; euconsent-v2=CO-eQlQO-eQlQAGABCENBECgAP_AAAdAAAYgGMwIQADAAKAAqABkAEEAJwAoABVACwALQAZAA0gCIAI0ATABPAC2AGEAP0AgwCEAEYAJiAUgBSgDSAHEAQgAiwBLQC6gHNAPQAfoBGoCwwFtALzAYyBJ0AMAhABdQEnAEjIAYAKgAmALzEQAQAVBIBgAFQAMgAgABUADSAIgAigBMACeAIQAUoB6AF5hoAIAKhUAMAFQATAF5joB4AFQAMgAgABUADSAIgAigBMACeAIQATAApQCLAF1APQAvMhAFAAyACoAJgB6AFtEoA4AGQAiABMAEIAKUAuoC8ykA0ACoAGQAQAAqABpAEQARQAmABPAEIAKUAiwB6AF5gAA.YAAAAAAAAAAA
    [HTTP_HOST] => my.medical-tribune.de
    [HTTP_ORIGIN] => https://my.medical-tribune.de
    [HTTP_REFERER] => https://my.medical-tribune.de/register.php?mode=1
    [HTTP_USER_AGENT] => Mozilla/5.0 (iPad; CPU OS 11_2_1 like Mac OS X) AppleWebKit/604.4.7 (KHTML, like Gecko) Version/11.0 Mobile/15C153 Safari/604.1
    [PATH] => /bin:/usr/bin
    [QUERY_STRING] => mode=1
    [REDIRECT_STATUS] => 200
    [REMOTE_ADDR] => 79.200.118.46
    [REMOTE_PORT] => 59396
    [REQUEST_METHOD] => POST
    [REQUEST_SCHEME] => https
    [REQUEST_URI] => /register.php?mode=1
    [SCRIPT_FILENAME] => /home/mtde/public_html/my/register.php
    [SCRIPT_NAME] => /register.php
    [SERVER_ADDR] => 46.232.181.187
    [SERVER_ADMIN] => webmaster@my.medical-tribune.de
    [SERVER_NAME] => my.medical-tribune.de
    [SERVER_PORT] => 443
    [SERVER_PROTOCOL] => HTTP/1.1
    [SERVER_SIGNATURE] => 
    [SERVER_SOFTWARE] => Apache
    [SSL_TLS_SNI] => my.medical-tribune.de
    [TZ] => Europe/Zurich
    [UNIQUE_ID] => X9jrpFM4zBFl10DTZfMJkwAAAAk
    [PHP_SELF] => /register.php
    [REQUEST_TIME_FLOAT] => 1608051620.0496
    [REQUEST_TIME] => 1608051620
)

15-12-2020 : thorsten.eckmann@gmx.de,Array
(
    [CONTENT_LENGTH] => 3583
    [CONTENT_TYPE] => multipart/form-data; boundary=----WebKitFormBoundaryg03FBnyOf2fgphb9
    [CONTEXT_DOCUMENT_ROOT] => /home/mtde/public_html/my
    [CONTEXT_PREFIX] => 
    [DOCUMENT_ROOT] => /home/mtde/public_html/my
    [GATEWAY_INTERFACE] => CGI/1.1
    [HTTPS] => on
    [HTTP_ACCEPT] => text/html,application/xhtml+xml,application/xml;q=0.9,*/*;q=0.8
    [HTTP_ACCEPT_ENCODING] => gzip, deflate, br
    [HTTP_ACCEPT_LANGUAGE] => de-de
    [HTTP_CONNECTION] => keep-alive
    [HTTP_COOKIE] => _ga=GA1.2.1895223985.1608058325; _gid=GA1.2.554408359.1608058325; consentUUID=2b147220-2d7d-4cdc-afa1-952ec7144fb7; PHPSESSID=g7inum01agag30m5dkb4puuqb1; euconsent-v2=CO-ejpTO-ejpTAGABCENBECgAP_AAAdAAAYgGMwIQADAAKAAqABkAEEAJwAoABVACwALQAZAA0gCIAI0ATABPAC2AGEAP0AgwCEAEYAJiAUgBSgDSAHEAQgAiwBLQC6gHNAPQAfoBGoCwwFtALzAYyBJ0AMAhABdQEnAEjIAYAKgAmALzEQAQAVBIBgAFQAMgAgABUADSAIgAigBMACeAIQAUoB6AF5hoAIAKhUAMAFQATAF5joB4AFQAMgAgABUADSAIgAigBMACeAIQATAApQCLAF1APQAvMhAFAAyACoAJgB6AFtEoA4AGQAiABMAEIAKUAuoC8ykA0ACoAGQAQAAqABpAEQARQAmABPAEIAKUAiwB6AF5gAA.YAAAAAAAAAAA
    [HTTP_HOST] => my.medical-tribune.de
    [HTTP_ORIGIN] => https://my.medical-tribune.de
    [HTTP_REFERER] => https://my.medical-tribune.de/register.php?mode=1
    [HTTP_USER_AGENT] => Mozilla/5.0 (iPhone; CPU iPhone OS 14_2 like Mac OS X) AppleWebKit/605.1.15 (KHTML, like Gecko) Version/14.0.1 Mobile/15E148 Safari/604.1
    [PATH] => /bin:/usr/bin
    [QUERY_STRING] => mode=1
    [REDIRECT_STATUS] => 200
    [REMOTE_ADDR] => 46.91.227.230
    [REMOTE_PORT] => 60093
    [REQUEST_METHOD] => POST
    [REQUEST_SCHEME] => https
    [REQUEST_URI] => /register.php?mode=1
    [SCRIPT_FILENAME] => /home/mtde/public_html/my/register.php
    [SCRIPT_NAME] => /register.php
    [SERVER_ADDR] => 46.232.181.187
    [SERVER_ADMIN] => webmaster@my.medical-tribune.de
    [SERVER_NAME] => my.medical-tribune.de
    [SERVER_PORT] => 443
    [SERVER_PROTOCOL] => HTTP/1.1
    [SERVER_SIGNATURE] => 
    [SERVER_SOFTWARE] => Apache
    [SSL_TLS_SNI] => my.medical-tribune.de
    [TZ] => Europe/Zurich
    [UNIQUE_ID] => X9kHi6rl2kTZnoWsOPawdwAAAAM
    [PHP_SELF] => /register.php
    [REQUEST_TIME_FLOAT] => 1608058763.3987
    [REQUEST_TIME] => 1608058763
)

15-12-2020 : rzschoyan@web.de,Array
(
    [CONTENT_LENGTH] => 3611
    [CONTENT_TYPE] => multipart/form-data; boundary=---------------------------2836396368311061774126833852
    [CONTEXT_DOCUMENT_ROOT] => /home/mtde/public_html/my
    [CONTEXT_PREFIX] => 
    [DOCUMENT_ROOT] => /home/mtde/public_html/my
    [GATEWAY_INTERFACE] => CGI/1.1
    [HTTPS] => on
    [HTTP_ACCEPT] => text/html,application/xhtml+xml,application/xml;q=0.9,image/webp,*/*;q=0.8
    [HTTP_ACCEPT_ENCODING] => gzip, deflate, br
    [HTTP_ACCEPT_LANGUAGE] => de
    [HTTP_CONNECTION] => keep-alive
    [HTTP_COOKIE] => consentUUID=986db612-d801-4fea-8d33-515d2f1f51fd; euconsent-v2=CO-ej1eO-ej1eAGABCENBECgAP_AAAdAAAYgGMwIQADAAKAAqABkAEEAJwAoABVACwALQAZAA0gCIAI0ATABPAC2AGEAP0AgwCEAEYAJiAUgBSgDSAHEAQgAiwBLQC6gHNAPQAfoBGoCwwFtALzAYyBJ0AMAhABdQEnAEjIAYAKgAmALzEQAQAVBIBgAFQAMgAgABUADSAIgAigBMACeAIQAUoB6AF5hoAIAKhUAMAFQATAF5joB4AFQAMgAgABUADSAIgAigBMACeAIQATAApQCLAF1APQAvMhAFAAyACoAJgB6AFtEoA4AGQAiABMAEIAKUAuoC8ykA0ACoAGQAQAAqABpAEQARQAmABPAEIAKUAiwB6AF5gAA.YAAAAAAAAAAA; _ga=GA1.2.1719365687.1608058401; _gid=GA1.2.182778049.1608058401; PHPSESSID=6sep46h0os60mp3ku1qmejfgt0
    [HTTP_HOST] => my.medical-tribune.de
    [HTTP_ORIGIN] => https://my.medical-tribune.de
    [HTTP_REFERER] => https://my.medical-tribune.de/register.php?mode=1
    [HTTP_UPGRADE_INSECURE_REQUESTS] => 1
    [HTTP_USER_AGENT] => Mozilla/5.0 (Windows NT 10.0; Win64; x64; rv:83.0) Gecko/20100101 Firefox/83.0
    [PATH] => /bin:/usr/bin
    [QUERY_STRING] => mode=1
    [REDIRECT_STATUS] => 200
    [REMOTE_ADDR] => 80.136.243.163
    [REMOTE_PORT] => 52455
    [REQUEST_METHOD] => POST
    [REQUEST_SCHEME] => https
    [REQUEST_URI] => /register.php?mode=1
    [SCRIPT_FILENAME] => /home/mtde/public_html/my/register.php
    [SCRIPT_NAME] => /register.php
    [SERVER_ADDR] => 46.232.181.187
    [SERVER_ADMIN] => webmaster@my.medical-tribune.de
    [SERVER_NAME] => my.medical-tribune.de
    [SERVER_PORT] => 443
    [SERVER_PROTOCOL] => HTTP/1.1
    [SERVER_SIGNATURE] => 
    [SERVER_SOFTWARE] => Apache
    [SSL_TLS_SNI] => my.medical-tribune.de
    [TZ] => Europe/Zurich
    [UNIQUE_ID] => X9kIwFJf8Mw@Hm4KPiMe8AAAANQ
    [PHP_SELF] => /register.php
    [REQUEST_TIME_FLOAT] => 1608059072.6247
    [REQUEST_TIME] => 1608059072
)

15-12-2020 : b.scharfenstein@t-online.de,Array
(
    [CONTENT_LENGTH] => 3528
    [CONTENT_TYPE] => multipart/form-data; boundary=----WebKitFormBoundary1xNXiG4bXVMD28uR
    [CONTEXT_DOCUMENT_ROOT] => /home/mtde/public_html/my
    [CONTEXT_PREFIX] => 
    [DOCUMENT_ROOT] => /home/mtde/public_html/my
    [GATEWAY_INTERFACE] => CGI/1.1
    [HTTPS] => on
    [HTTP_ACCEPT] => text/html,application/xhtml+xml,application/xml;q=0.9,*/*;q=0.8
    [HTTP_ACCEPT_ENCODING] => gzip, deflate, br
    [HTTP_ACCEPT_LANGUAGE] => de-de
    [HTTP_CONNECTION] => keep-alive
    [HTTP_COOKIE] => PHPSESSID=ui3fhsh8s5bp2e2h49jl8utph0; _ga=GA1.2.649462405.1608059495; _gid=GA1.2.286137957.1608059495; consentUUID=602be5e0-aeda-4c80-a090-3901e758772b; euconsent-v2=CO-emgIO-emgIAGABCENBECgAP_AAAdAAAYgGMwIQADAAKAAqABkAEEAJwAoABVACwALQAZAA0gCIAI0ATABPAC2AGEAP0AgwCEAEYAJiAUgBSgDSAHEAQgAiwBLQC6gHNAPQAfoBGoCwwFtALzAYyBJ0AMAhABdQEnAEjIAYAKgAmALzEQAQAVBIBgAFQAMgAgABUADSAIgAigBMACeAIQAUoB6AF5hoAIAKhUAMAFQATAF5joB4AFQAMgAgABUADSAIgAigBMACeAIQATAApQCLAF1APQAvMhAFAAyACoAJgB6AFtEoA4AGQAiABMAEIAKUAuoC8ykA0ACoAGQAQAAqABpAEQARQAmABPAEIAKUAiwB6AF5gAA.YAAAAAAAAAAA
    [HTTP_HOST] => my.medical-tribune.de
    [HTTP_ORIGIN] => https://my.medical-tribune.de
    [HTTP_REFERER] => https://my.medical-tribune.de/register.php?mode=1
    [HTTP_USER_AGENT] => Mozilla/5.0 (Macintosh; Intel Mac OS X 10_15_6) AppleWebKit/605.1.15 (KHTML, like Gecko) Version/14.0.1 Safari/605.1.15
    [PATH] => /bin:/usr/bin
    [QUERY_STRING] => mode=1
    [REDIRECT_STATUS] => 200
    [REMOTE_ADDR] => 93.195.85.151
    [REMOTE_PORT] => 56880
    [REQUEST_METHOD] => POST
    [REQUEST_SCHEME] => https
    [REQUEST_URI] => /register.php?mode=1
    [SCRIPT_FILENAME] => /home/mtde/public_html/my/register.php
    [SCRIPT_NAME] => /register.php
    [SERVER_ADDR] => 46.232.181.187
    [SERVER_ADMIN] => webmaster@my.medical-tribune.de
    [SERVER_NAME] => my.medical-tribune.de
    [SERVER_PORT] => 443
    [SERVER_PROTOCOL] => HTTP/1.1
    [SERVER_SIGNATURE] => 
    [SERVER_SOFTWARE] => Apache
    [SSL_TLS_SNI] => my.medical-tribune.de
    [TZ] => Europe/Zurich
    [UNIQUE_ID] => X9kMRUPty@dsCp-dxhgHnQAAAUA
    [PHP_SELF] => /register.php
    [REQUEST_TIME_FLOAT] => 1608059973.6268
    [REQUEST_TIME] => 1608059973
)

15-12-2020 : dr.kornacki@praxis-herten-bertlich.de,Array
(
    [CONTENT_LENGTH] => 3472
    [CONTENT_TYPE] => multipart/form-data; boundary=---------------------------83424075227777762743116879656
    [CONTEXT_DOCUMENT_ROOT] => /home/mtde/public_html/my
    [CONTEXT_PREFIX] => 
    [DOCUMENT_ROOT] => /home/mtde/public_html/my
    [GATEWAY_INTERFACE] => CGI/1.1
    [HTTPS] => on
    [HTTP_ACCEPT] => text/html,application/xhtml+xml,application/xml;q=0.9,image/webp,*/*;q=0.8
    [HTTP_ACCEPT_ENCODING] => gzip, deflate, br
    [HTTP_ACCEPT_LANGUAGE] => de-DE
    [HTTP_CONNECTION] => keep-alive
    [HTTP_COOKIE] => consentUUID=7868685e-b21a-4fe4-9fd7-c6f38359a46a; euconsent-v2=CO-eoYBO-eoYBAGABCENBECgAP_AAAdAAAYgGMwIQADAAKAAqABkAEEAJwAoABVACwALQAZAA0gCIAI0ATABPAC2AGEAP0AgwCEAEYAJiAUgBSgDSAHEAQgAiwBLQC6gHNAPQAfoBGoCwwFtALzAYyBJ0AMAhABdQEnAEjIAYAKgAmALzEQAQAVBIBgAFQAMgAgABUADSAIgAigBMACeAIQAUoB6AF5hoAIAKhUAMAFQATAF5joB4AFQAMgAgABUADSAIgAigBMACeAIQATAApQCLAF1APQAvMhAFAAyACoAJgB6AFtEoA4AGQAiABMAEIAKUAuoC8ykA0ACoAGQAQAAqABpAEQARQAmABPAEIAKUAiwB6AF5gAA.YAAAAAAAAAAA; _ga=GA1.2.144087757.1608060266; _gid=GA1.2.1071929436.1608060266; PHPSESSID=15re8tejpjsarjar144hncv9v3
    [HTTP_HOST] => my.medical-tribune.de
    [HTTP_ORIGIN] => https://my.medical-tribune.de
    [HTTP_REFERER] => https://my.medical-tribune.de/register.php?mode=1
    [HTTP_UPGRADE_INSECURE_REQUESTS] => 1
    [HTTP_USER_AGENT] => Mozilla/5.0 (Android 10; Mobile; rv:83.0) Gecko/83.0 Firefox/83.0
    [PATH] => /bin:/usr/bin
    [QUERY_STRING] => mode=1
    [REDIRECT_STATUS] => 200
    [REMOTE_ADDR] => 217.252.225.157
    [REMOTE_PORT] => 60816
    [REQUEST_METHOD] => POST
    [REQUEST_SCHEME] => https
    [REQUEST_URI] => /register.php?mode=1
    [SCRIPT_FILENAME] => /home/mtde/public_html/my/register.php
    [SCRIPT_NAME] => /register.php
    [SERVER_ADDR] => 46.232.181.187
    [SERVER_ADMIN] => webmaster@my.medical-tribune.de
    [SERVER_NAME] => my.medical-tribune.de
    [SERVER_PORT] => 443
    [SERVER_PROTOCOL] => HTTP/1.1
    [SERVER_SIGNATURE] => 
    [SERVER_SOFTWARE] => Apache
    [SSL_TLS_SNI] => my.medical-tribune.de
    [TZ] => Europe/Zurich
    [UNIQUE_ID] => X9kOXS0K4fmFBjyw1piAFwAAAJA
    [PHP_SELF] => /register.php
    [REQUEST_TIME_FLOAT] => 1608060509.6935
    [REQUEST_TIME] => 1608060509
)

15-12-2020 : guthland@web.de,Array
(
    [CONTENT_LENGTH] => 3847
    [CONTENT_TYPE] => multipart/form-data; boundary=----WebKitFormBoundarypcszB3aP04gGfSFh
    [CONTEXT_DOCUMENT_ROOT] => /home/mtde/public_html/my
    [CONTEXT_PREFIX] => 
    [DOCUMENT_ROOT] => /home/mtde/public_html/my
    [GATEWAY_INTERFACE] => CGI/1.1
    [HTTPS] => on
    [HTTP_ACCEPT] => text/html,application/xhtml+xml,application/xml;q=0.9,*/*;q=0.8
    [HTTP_ACCEPT_ENCODING] => gzip, deflate, br
    [HTTP_ACCEPT_LANGUAGE] => de-de
    [HTTP_CONNECTION] => keep-alive
    [HTTP_COOKIE] => _ga=GA1.2.1746306492.1608061197; _gid=GA1.2.728304777.1608061197; consentUUID=4d4e5ca0-7014-4e69-9936-f4a6e5897330; PHPSESSID=4lsnkc7jqtdb5oj9q63rcg4lt0; euconsent-v2=CO-eqp8O-eqp8AGABCENBECgAP_AAAdAAAYgGMwIQADAAKAAqABkAEEAJwAoABVACwALQAZAA0gCIAI0ATABPAC2AGEAP0AgwCEAEYAJiAUgBSgDSAHEAQgAiwBLQC6gHNAPQAfoBGoCwwFtALzAYyBJ0AMAhABdQEnAEjIAYAKgAmALzEQAQAVBIBgAFQAMgAgABUADSAIgAigBMACeAIQAUoB6AF5hoAIAKhUAMAFQATAF5joB4AFQAMgAgABUADSAIgAigBMACeAIQATAApQCLAF1APQAvMhAFAAyACoAJgB6AFtEoA4AGQAiABMAEIAKUAuoC8ykA0ACoAGQAQAAqABpAEQARQAmABPAEIAKUAiwB6AF5gAA.YAAAAAAAAAAA
    [HTTP_HOST] => my.medical-tribune.de
    [HTTP_ORIGIN] => https://my.medical-tribune.de
    [HTTP_REFERER] => https://my.medical-tribune.de/register.php?maglify=1&mode=1
    [HTTP_USER_AGENT] => Mozilla/5.0 (Macintosh; Intel Mac OS X 10_15_6) AppleWebKit/605.1.15 (KHTML, like Gecko) Version/14.0.2 Safari/605.1.15
    [PATH] => /bin:/usr/bin
    [QUERY_STRING] => maglify=1&mode=1
    [REDIRECT_STATUS] => 200
    [REMOTE_ADDR] => 95.208.248.124
    [REMOTE_PORT] => 54406
    [REQUEST_METHOD] => POST
    [REQUEST_SCHEME] => https
    [REQUEST_URI] => /register.php?maglify=1&mode=1
    [SCRIPT_FILENAME] => /home/mtde/public_html/my/register.php
    [SCRIPT_NAME] => /register.php
    [SERVER_ADDR] => 46.232.181.187
    [SERVER_ADMIN] => webmaster@my.medical-tribune.de
    [SERVER_NAME] => my.medical-tribune.de
    [SERVER_PORT] => 443
    [SERVER_PROTOCOL] => HTTP/1.1
    [SERVER_SIGNATURE] => 
    [SERVER_SOFTWARE] => Apache
    [SSL_TLS_SNI] => my.medical-tribune.de
    [TZ] => Europe/Zurich
    [UNIQUE_ID] => X9kSlLjoUX0KMPvKipq7QAAAAQk
    [PHP_SELF] => /register.php
    [REQUEST_TIME_FLOAT] => 1608061588.5946
    [REQUEST_TIME] => 1608061588
)

15-12-2020 : David.Decombe@gmail.com,Array
(
    [CONTENT_LENGTH] => 2342
    [CONTENT_TYPE] => multipart/form-data; boundary=----WebKitFormBoundaryt76K0zMIUcB56qj9
    [CONTEXT_DOCUMENT_ROOT] => /home/mtde/public_html/my
    [CONTEXT_PREFIX] => 
    [DOCUMENT_ROOT] => /home/mtde/public_html/my
    [GATEWAY_INTERFACE] => CGI/1.1
    [HTTPS] => on
    [HTTP_ACCEPT] => text/html,application/xhtml+xml,application/xml;q=0.9,image/avif,image/webp,image/apng,*/*;q=0.8,application/signed-exchange;v=b3;q=0.9
    [HTTP_ACCEPT_ENCODING] => gzip, deflate, br
    [HTTP_ACCEPT_LANGUAGE] => en-US,en;q=0.9
    [HTTP_CACHE_CONTROL] => max-age=0
    [HTTP_CONNECTION] => keep-alive
    [HTTP_COOKIE] => consentUUID=af0334b9-3cf4-4188-9b22-ace0e14e88d1; euconsent-v2=CO-e4LWO-e4LWAGABCENBECgAP_AAAdAAAYgGMwIQADAAKAAqABkAEEAJwAoABVACwALQAZAA0gCIAI0ATABPAC2AGEAP0AgwCEAEYAJiAUgBSgDSAHEAQgAiwBLQC6gHNAPQAfoBGoCwwFtALzAYyBJ0AMAhABdQEnAEjIAYAKgAmALzEQAQAVBIBgAFQAMgAgABUADSAIgAigBMACeAIQAUoB6AF5hoAIAKhUAMAFQATAF5joB4AFQAMgAgABUADSAIgAigBMACeAIQATAApQCLAF1APQAvMhAFAAyACoAJgB6AFtEoA4AGQAiABMAEIAKUAuoC8ykA0ACoAGQAQAAqABpAEQARQAmABPAEIAKUAiwB6AF5gAA.YAAAAAAAAAAA; _ga=GA1.2.1202121278.1608066735; _gid=GA1.2.688151158.1608066735; PHPSESSID=sp6t3b87ha952p2f9cc9h0oup6
    [HTTP_HOST] => my.medical-tribune.de
    [HTTP_ORIGIN] => https://my.medical-tribune.de
    [HTTP_REFERER] => https://my.medical-tribune.de/register.php?mode=1
    [HTTP_SEC_CH_UA] => "Google Chrome";v="87", " Not;A Brand";v="99", "Chromium";v="87"
    [HTTP_SEC_CH_UA_MOBILE] => ?0
    [HTTP_SEC_FETCH_DEST] => iframe
    [HTTP_SEC_FETCH_MODE] => navigate
    [HTTP_SEC_FETCH_SITE] => same-origin
    [HTTP_SEC_FETCH_USER] => ?1
    [HTTP_UPGRADE_INSECURE_REQUESTS] => 1
    [HTTP_USER_AGENT] => Mozilla/5.0 (Windows NT 10.0) AppleWebKit/537.36 (KHTML, like Gecko) Chrome/87.0.4280.88 Safari/537.36
    [PATH] => /bin:/usr/bin
    [QUERY_STRING] => mode=1
    [REDIRECT_STATUS] => 200
    [REMOTE_ADDR] => 94.134.100.116
    [REMOTE_PORT] => 26023
    [REQUEST_METHOD] => POST
    [REQUEST_SCHEME] => https
    [REQUEST_URI] => /register.php?mode=1
    [SCRIPT_FILENAME] => /home/mtde/public_html/my/register.php
    [SCRIPT_NAME] => /register.php
    [SERVER_ADDR] => 46.232.181.187
    [SERVER_ADMIN] => webmaster@my.medical-tribune.de
    [SERVER_NAME] => my.medical-tribune.de
    [SERVER_PORT] => 443
    [SERVER_PROTOCOL] => HTTP/1.1
    [SERVER_SIGNATURE] => 
    [SERVER_SOFTWARE] => Apache
    [SSL_TLS_SNI] => my.medical-tribune.de
    [TZ] => Europe/Zurich
    [UNIQUE_ID] => X9knV6rl2kTZnoWsOPbIfgAAABg
    [PHP_SELF] => /register.php
    [REQUEST_TIME_FLOAT] => 1608066903.6452
    [REQUEST_TIME] => 1608066903
)

15-12-2020 : samuel.wuest@spitalstsag.ch,Array
(
    [CONTENT_LENGTH] => 2805
    [CONTENT_TYPE] => multipart/form-data; boundary=----WebKitFormBoundaryIBarpaTVFAZfsMY9
    [CONTEXT_DOCUMENT_ROOT] => /home/mtde/public_html/my
    [CONTEXT_PREFIX] => 
    [DOCUMENT_ROOT] => /home/mtde/public_html/my
    [GATEWAY_INTERFACE] => CGI/1.1
    [HTTPS] => on
    [HTTP_ACCEPT] => text/html,application/xhtml+xml,application/xml;q=0.9,image/webp,image/apng,*/*;q=0.8,application/signed-exchange;v=b3;q=0.9
    [HTTP_ACCEPT_ENCODING] => gzip, deflate, br
    [HTTP_ACCEPT_LANGUAGE] => de-CH,de-DE;q=0.9,de;q=0.8,en-US;q=0.7,en;q=0.6
    [HTTP_CACHE_CONTROL] => max-age=0
    [HTTP_CONNECTION] => keep-alive
    [HTTP_COOKIE] => consentUUID=60dcc179-ca8e-4a16-aabb-206ed3ba1619; euconsent-v2=CO-e_mcO-e_mcAGABCENBECgAP_AAAdAAAQ4GMwIQADAAKAAqABkAEEAJwAoABVACwALQAZAA0gCIAI0ATABPAC2AGEAP0AgwCEAEYAJiAUgBSgDSAHEAQgAiwBLQC6gHNAPQAfoBGoCwwFtALzAYyBJ0AMAhABdQEnAEjIAYAKgAmALzEQAQAVBIBgAFQAMgAgABUADSAIgAigBMACeAIQAUoB6AF5hoAIAKhUAMAFQATAF5joB4AFQAMgAgABUADSAIgAigBMACeAIQATAApQCLAF1APQAvMhAFAAyACoAJgB6AFtEoA4AGQAiABMAEIAKUAuoC8ykA0ACoAGQAQAAqABpAEQARQAmABPAEIAKUAiwB6AF5gAA.YAAAAAAAAAAA; _ga=GA1.2.1952074413.1608069775; _gid=GA1.2.20911622.1608069775; PHPSESSID=2fcs3n7o1gb45vas674kvkf6t5
    [HTTP_HOST] => my.medical-tribune.de
    [HTTP_ORIGIN] => https://my.medical-tribune.de
    [HTTP_REFERER] => https://my.medical-tribune.de/register.php?mode=1
    [HTTP_SEC_FETCH_DEST] => iframe
    [HTTP_SEC_FETCH_MODE] => navigate
    [HTTP_SEC_FETCH_SITE] => same-origin
    [HTTP_SEC_FETCH_USER] => ?1
    [HTTP_UPGRADE_INSECURE_REQUESTS] => 1
    [HTTP_USER_AGENT] => Mozilla/5.0 (Linux; Android 10; SM-A405FN) AppleWebKit/537.36 (KHTML, like Gecko) Chrome/80.0.3987.99 Mobile Safari/537.36
    [PATH] => /bin:/usr/bin
    [QUERY_STRING] => mode=1
    [REDIRECT_STATUS] => 200
    [REMOTE_ADDR] => 178.197.234.44
    [REMOTE_PORT] => 6375
    [REQUEST_METHOD] => POST
    [REQUEST_SCHEME] => https
    [REQUEST_URI] => /register.php?mode=1
    [SCRIPT_FILENAME] => /home/mtde/public_html/my/register.php
    [SCRIPT_NAME] => /register.php
    [SERVER_ADDR] => 46.232.181.187
    [SERVER_ADMIN] => webmaster@my.medical-tribune.de
    [SERVER_NAME] => my.medical-tribune.de
    [SERVER_PORT] => 443
    [SERVER_PROTOCOL] => HTTP/1.1
    [SERVER_SIGNATURE] => 
    [SERVER_SOFTWARE] => Apache
    [SSL_TLS_SNI] => my.medical-tribune.de
    [TZ] => Europe/Zurich
    [UNIQUE_ID] => X9k3Ni0K4fmFBjyw1picaAAAAIg
    [PHP_SELF] => /register.php
    [REQUEST_TIME_FLOAT] => 1608070966.5002
    [REQUEST_TIME] => 1608070966
)

