22-12-2019 : sophie.steidl@freenet.de,Array
(
    [CONTENT_LENGTH] => 2778
    [CONTENT_TYPE] => multipart/form-data; boundary=----WebKitFormBoundaryZNEIUwQIC2JofOak
    [CONTEXT_DOCUMENT_ROOT] => /home/mtde/public_html/my
    [CONTEXT_PREFIX] => 
    [DOCUMENT_ROOT] => /home/mtde/public_html/my
    [GATEWAY_INTERFACE] => CGI/1.1
    [HTTPS] => on
    [HTTP_ACCEPT] => text/html,application/xhtml+xml,application/xml;q=0.9,*/*;q=0.8
    [HTTP_ACCEPT_ENCODING] => gzip, deflate, br
    [HTTP_ACCEPT_LANGUAGE] => de-de
    [HTTP_CONNECTION] => keep-alive
    [HTTP_COOKIE] => PHPSESSID=hsbgfej93frmk2iv3jqjnf1ai0; _ga=GA1.2.604862629.1576969174; _gid=GA1.2.162994441.1576969174
    [HTTP_HOST] => my.medical-tribune.de
    [HTTP_ORIGIN] => https://my.medical-tribune.de
    [HTTP_REFERER] => https://my.medical-tribune.de/register.php?mode=1
    [HTTP_USER_AGENT] => Mozilla/5.0 (Macintosh; Intel Mac OS X 10_15_1) AppleWebKit/605.1.15 (KHTML, like Gecko) Version/13.0.3 Safari/605.1.15
    [PATH] => /bin:/usr/bin
    [QUERY_STRING] => mode=1
    [REDIRECT_STATUS] => 200
    [REMOTE_ADDR] => 89.247.254.21
    [REMOTE_PORT] => 21284
    [REQUEST_METHOD] => POST
    [REQUEST_SCHEME] => https
    [REQUEST_URI] => /register.php?mode=1
    [SCRIPT_FILENAME] => /home/mtde/public_html/my/register.php
    [SCRIPT_NAME] => /register.php
    [SERVER_ADDR] => 46.232.181.187
    [SERVER_ADMIN] => webmaster@my.medical-tribune.de
    [SERVER_NAME] => my.medical-tribune.de
    [SERVER_PORT] => 443
    [SERVER_PROTOCOL] => HTTP/1.1
    [SERVER_SIGNATURE] => 
    [SERVER_SOFTWARE] => Apache
    [SSL_TLS_SNI] => my.medical-tribune.de
    [TZ] => Europe/Zurich
    [UNIQUE_ID] => Xf6lFOZZGFIWl0aUAZuP4gAAAQc
    [PHP_SELF] => /register.php
    [REQUEST_TIME_FLOAT] => 1576969492.2813
    [REQUEST_TIME] => 1576969492
)

22-12-2019 : anquelica@gmail.com,Array
(
    [CONTENT_LENGTH] => 2859
    [CONTENT_TYPE] => multipart/form-data; boundary=---------------------------7e319f21102a0
    [CONTEXT_DOCUMENT_ROOT] => /home/mtde/public_html/my
    [CONTEXT_PREFIX] => 
    [DOCUMENT_ROOT] => /home/mtde/public_html/my
    [GATEWAY_INTERFACE] => CGI/1.1
    [HTTPS] => on
    [HTTP_ACCEPT] => text/html,application/xhtml+xml,application/xml;q=0.9,*/*;q=0.8
    [HTTP_ACCEPT_ENCODING] => gzip, deflate, br
    [HTTP_ACCEPT_LANGUAGE] => de-DE
    [HTTP_CACHE_CONTROL] => max-age=0
    [HTTP_CONNECTION] => Keep-Alive
    [HTTP_COOKIE] => _gid=GA1.2.554818102.1576973107; _ga=GA1.2.1787352763.1576973107; PHPSESSID=nmd4c2r0gt35f4aell3p03u896
    [HTTP_HOST] => my.medical-tribune.de
    [HTTP_REFERER] => https://my.medical-tribune.de/register.php?mode=1
    [HTTP_UPGRADE_INSECURE_REQUESTS] => 1
    [HTTP_USER_AGENT] => Mozilla/5.0 (Windows NT 10.0; Win64; x64) AppleWebKit/537.36 (KHTML, like Gecko) Chrome/70.0.3538.102 Safari/537.36 Edge/18.18362
    [PATH] => /bin:/usr/bin
    [QUERY_STRING] => mode=1
    [REDIRECT_STATUS] => 200
    [REMOTE_ADDR] => 170.150.105.182
    [REMOTE_PORT] => 62074
    [REQUEST_METHOD] => POST
    [REQUEST_SCHEME] => https
    [REQUEST_URI] => /register.php?mode=1
    [SCRIPT_FILENAME] => /home/mtde/public_html/my/register.php
    [SCRIPT_NAME] => /register.php
    [SERVER_ADDR] => 46.232.181.187
    [SERVER_ADMIN] => webmaster@my.medical-tribune.de
    [SERVER_NAME] => my.medical-tribune.de
    [SERVER_PORT] => 443
    [SERVER_PROTOCOL] => HTTP/1.1
    [SERVER_SIGNATURE] => 
    [SERVER_SOFTWARE] => Apache
    [SSL_TLS_SNI] => my.medical-tribune.de
    [TZ] => Europe/Zurich
    [UNIQUE_ID] => Xf61LFo6KBN6VvIiL25obwAAAFM
    [PHP_SELF] => /register.php
    [REQUEST_TIME_FLOAT] => 1576973612.2442
    [REQUEST_TIME] => 1576973612
)

22-12-2019 : praxis@tauer-reich.de,Array
(
    [CONTENT_LENGTH] => 3563
    [CONTENT_TYPE] => multipart/form-data; boundary=---------------------------18467633426500
    [CONTEXT_DOCUMENT_ROOT] => /home/mtde/public_html/my
    [CONTEXT_PREFIX] => 
    [DOCUMENT_ROOT] => /home/mtde/public_html/my
    [GATEWAY_INTERFACE] => CGI/1.1
    [HTTPS] => on
    [HTTP_ACCEPT] => text/html,application/xhtml+xml,application/xml;q=0.9,*/*;q=0.8
    [HTTP_ACCEPT_ENCODING] => gzip, deflate, br
    [HTTP_ACCEPT_LANGUAGE] => de,en-US;q=0.7,en;q=0.3
    [HTTP_CONNECTION] => keep-alive
    [HTTP_COOKIE] => _ga=GA1.2.1879915819.1576975179; _gid=GA1.2.985171241.1576975179; PHPSESSID=iaenfp3fqo8o4l9gosrlodr5f3
    [HTTP_HOST] => my.medical-tribune.de
    [HTTP_ORIGIN] => https://my.medical-tribune.de
    [HTTP_REFERER] => https://my.medical-tribune.de/register.php?mode=1
    [HTTP_UPGRADE_INSECURE_REQUESTS] => 1
    [HTTP_USER_AGENT] => Mozilla/5.0 (Windows NT 10.0; Win64; x64; rv:71.0) Gecko/20100101 Firefox/71.0
    [PATH] => /bin:/usr/bin
    [QUERY_STRING] => mode=1
    [REDIRECT_STATUS] => 200
    [REMOTE_ADDR] => 188.192.105.241
    [REMOTE_PORT] => 51839
    [REQUEST_METHOD] => POST
    [REQUEST_SCHEME] => https
    [REQUEST_URI] => /register.php?mode=1
    [SCRIPT_FILENAME] => /home/mtde/public_html/my/register.php
    [SCRIPT_NAME] => /register.php
    [SERVER_ADDR] => 46.232.181.187
    [SERVER_ADMIN] => webmaster@my.medical-tribune.de
    [SERVER_NAME] => my.medical-tribune.de
    [SERVER_PORT] => 443
    [SERVER_PROTOCOL] => HTTP/1.1
    [SERVER_SIGNATURE] => 
    [SERVER_SOFTWARE] => Apache
    [SSL_TLS_SNI] => my.medical-tribune.de
    [TZ] => Europe/Zurich
    [UNIQUE_ID] => Xf6@SSXgFmPMZtMIdhQOMgAAAVQ
    [PHP_SELF] => /register.php
    [REQUEST_TIME_FLOAT] => 1576975945.0683
    [REQUEST_TIME] => 1576975945
)

22-12-2019 : amandine.lidy@students.bfh.ch,Array
(
    [CONTENT_LENGTH] => 2408
    [CONTENT_TYPE] => multipart/form-data; boundary=---------------------------28844344224976
    [CONTEXT_DOCUMENT_ROOT] => /home/mtde/public_html/my
    [CONTEXT_PREFIX] => 
    [DOCUMENT_ROOT] => /home/mtde/public_html/my
    [GATEWAY_INTERFACE] => CGI/1.1
    [HTTPS] => on
    [HTTP_ACCEPT] => text/html,application/xhtml+xml,application/xml;q=0.9,*/*;q=0.8
    [HTTP_ACCEPT_ENCODING] => gzip, deflate, br
    [HTTP_ACCEPT_LANGUAGE] => en,de;q=0.5
    [HTTP_CONNECTION] => keep-alive
    [HTTP_COOKIE] => _ga=GA1.2.739260305.1577005990; _gid=GA1.2.685450054.1577005990; PHPSESSID=5d24uhtqpoihaghaoonqm4ehn7
    [HTTP_HOST] => my.medical-tribune.de
    [HTTP_ORIGIN] => https://my.medical-tribune.de
    [HTTP_REFERER] => https://my.medical-tribune.de/register.php?mode=1
    [HTTP_UPGRADE_INSECURE_REQUESTS] => 1
    [HTTP_USER_AGENT] => Mozilla/5.0 (Windows NT 10.0; Win64; x64; rv:71.0) Gecko/20100101 Firefox/71.0
    [PATH] => /bin:/usr/bin
    [QUERY_STRING] => mode=1
    [REDIRECT_STATUS] => 200
    [REMOTE_ADDR] => 92.184.124.192
    [REMOTE_PORT] => 60962
    [REQUEST_METHOD] => POST
    [REQUEST_SCHEME] => https
    [REQUEST_URI] => /register.php?mode=1
    [SCRIPT_FILENAME] => /home/mtde/public_html/my/register.php
    [SCRIPT_NAME] => /register.php
    [SERVER_ADDR] => 46.232.181.187
    [SERVER_ADMIN] => webmaster@my.medical-tribune.de
    [SERVER_NAME] => my.medical-tribune.de
    [SERVER_PORT] => 443
    [SERVER_PROTOCOL] => HTTP/1.1
    [SERVER_SIGNATURE] => 
    [SERVER_SOFTWARE] => Apache
    [SSL_TLS_SNI] => my.medical-tribune.de
    [TZ] => Europe/Zurich
    [UNIQUE_ID] => Xf87hiLo2WVRqDfy81JAyQAAAMU
    [PHP_SELF] => /register.php
    [REQUEST_TIME_FLOAT] => 1577008006.3136
    [REQUEST_TIME] => 1577008006
)

22-12-2019 : kuhn.kilian@t-online.de,Array
(
    [CONTENT_LENGTH] => 3143
    [CONTENT_TYPE] => multipart/form-data; boundary=----WebKitFormBoundaryD7nz9Yqbiw9aQvia
    [CONTEXT_DOCUMENT_ROOT] => /home/mtde/public_html/my
    [CONTEXT_PREFIX] => 
    [DOCUMENT_ROOT] => /home/mtde/public_html/my
    [GATEWAY_INTERFACE] => CGI/1.1
    [HTTPS] => on
    [HTTP_ACCEPT] => text/html,application/xhtml+xml,application/xml;q=0.9,*/*;q=0.8
    [HTTP_ACCEPT_ENCODING] => br, gzip, deflate
    [HTTP_ACCEPT_LANGUAGE] => de-de
    [HTTP_CONNECTION] => keep-alive
    [HTTP_COOKIE] => _ga=GA1.2.1208197839.1577006351; _gid=GA1.2.718209708.1577006351; PHPSESSID=bdnub6fd8mkc876r6nvjoqhgd7
    [HTTP_HOST] => my.medical-tribune.de
    [HTTP_ORIGIN] => https://my.medical-tribune.de
    [HTTP_REFERER] => https://my.medical-tribune.de/register.php?mode=1
    [HTTP_USER_AGENT] => Mozilla/5.0 (Macintosh; Intel Mac OS X 10_14_6) AppleWebKit/605.1.15 (KHTML, like Gecko) Version/13.0.4 Safari/605.1.15
    [PATH] => /bin:/usr/bin
    [QUERY_STRING] => mode=1
    [REDIRECT_STATUS] => 200
    [REMOTE_ADDR] => 95.91.251.14
    [REMOTE_PORT] => 22599
    [REQUEST_METHOD] => POST
    [REQUEST_SCHEME] => https
    [REQUEST_URI] => /register.php?mode=1
    [SCRIPT_FILENAME] => /home/mtde/public_html/my/register.php
    [SCRIPT_NAME] => /register.php
    [SERVER_ADDR] => 46.232.181.187
    [SERVER_ADMIN] => webmaster@my.medical-tribune.de
    [SERVER_NAME] => my.medical-tribune.de
    [SERVER_PORT] => 443
    [SERVER_PROTOCOL] => HTTP/1.1
    [SERVER_SIGNATURE] => 
    [SERVER_SOFTWARE] => Apache
    [SSL_TLS_SNI] => my.medical-tribune.de
    [TZ] => Europe/Zurich
    [UNIQUE_ID] => Xf872RMx@cLosb0@oKa-9gAAAE8
    [PHP_SELF] => /register.php
    [REQUEST_TIME_FLOAT] => 1577008089.3376
    [REQUEST_TIME] => 1577008089
)

22-12-2019 : Roland.Jenisch@web.de,Array
(
    [CONTENT_LENGTH] => 4502
    [CONTENT_TYPE] => multipart/form-data; boundary=---------------------------231002222331149
    [CONTEXT_DOCUMENT_ROOT] => /home/mtde/public_html/my
    [CONTEXT_PREFIX] => 
    [DOCUMENT_ROOT] => /home/mtde/public_html/my
    [GATEWAY_INTERFACE] => CGI/1.1
    [HTTPS] => on
    [HTTP_ACCEPT] => text/html,application/xhtml+xml,application/xml;q=0.9,*/*;q=0.8
    [HTTP_ACCEPT_ENCODING] => gzip, deflate, br
    [HTTP_ACCEPT_LANGUAGE] => de,en-US;q=0.7,en;q=0.3
    [HTTP_CONNECTION] => keep-alive
    [HTTP_COOKIE] => _ga=GA1.2.549158949.1577015028; _gid=GA1.2.354180131.1577015028; PHPSESSID=mt00aadonm65lbgn5o8svfv3l4
    [HTTP_HOST] => my.medical-tribune.de
    [HTTP_ORIGIN] => https://my.medical-tribune.de
    [HTTP_REFERER] => https://my.medical-tribune.de/register.php?mode=1
    [HTTP_UPGRADE_INSECURE_REQUESTS] => 1
    [HTTP_USER_AGENT] => Mozilla/5.0 (Windows NT 10.0; Win64; x64; rv:71.0) Gecko/20100101 Firefox/71.0
    [PATH] => /bin:/usr/bin
    [QUERY_STRING] => mode=1
    [REDIRECT_STATUS] => 200
    [REMOTE_ADDR] => 87.139.105.114
    [REMOTE_PORT] => 32656
    [REQUEST_METHOD] => POST
    [REQUEST_SCHEME] => https
    [REQUEST_URI] => /register.php?mode=1
    [SCRIPT_FILENAME] => /home/mtde/public_html/my/register.php
    [SCRIPT_NAME] => /register.php
    [SERVER_ADDR] => 46.232.181.187
    [SERVER_ADMIN] => webmaster@my.medical-tribune.de
    [SERVER_NAME] => my.medical-tribune.de
    [SERVER_PORT] => 443
    [SERVER_PROTOCOL] => HTTP/1.1
    [SERVER_SIGNATURE] => 
    [SERVER_SOFTWARE] => Apache
    [SSL_TLS_SNI] => my.medical-tribune.de
    [TZ] => Europe/Zurich
    [UNIQUE_ID] => Xf9Y2rcFFQCshllQlB6xUQAAARA
    [PHP_SELF] => /register.php
    [REQUEST_TIME_FLOAT] => 1577015514.3491
    [REQUEST_TIME] => 1577015514
)

22-12-2019 : berit_flemming@gmx.net,Array
(
    [CONTENT_LENGTH] => 2346
    [CONTENT_TYPE] => multipart/form-data; boundary=----WebKitFormBoundaryhdAWZqn2qQgGk7VV
    [CONTEXT_DOCUMENT_ROOT] => /home/mtde/public_html/my
    [CONTEXT_PREFIX] => 
    [DOCUMENT_ROOT] => /home/mtde/public_html/my
    [GATEWAY_INTERFACE] => CGI/1.1
    [HTTPS] => on
    [HTTP_ACCEPT] => text/html,application/xhtml+xml,application/xml;q=0.9,*/*;q=0.8
    [HTTP_ACCEPT_ENCODING] => gzip, deflate, br
    [HTTP_ACCEPT_LANGUAGE] => de-de
    [HTTP_CONNECTION] => keep-alive
    [HTTP_COOKIE] => PHPSESSID=m7vbptg836v85390ih8pabflf4; _ga=GA1.2.1914443005.1531821847; _gid=GA1.2.717679401.1577019446
    [HTTP_HOST] => my.medical-tribune.de
    [HTTP_ORIGIN] => https://my.medical-tribune.de
    [HTTP_REFERER] => https://my.medical-tribune.de/register.php?mode=1
    [HTTP_USER_AGENT] => Mozilla/5.0 (iPhone; CPU iPhone OS 13_3 like Mac OS X) AppleWebKit/605.1.15 (KHTML, like Gecko) Mobile/15E148 [FBAN/FBIOS;FBDV/iPhone8,4;FBMD/iPhone;FBSN/iOS;FBSV/13.3;FBSS/2;FBID/phone;FBLC/de_DE;FBOP/5;FBCR/o2-de]
    [PATH] => /bin:/usr/bin
    [QUERY_STRING] => mode=1
    [REDIRECT_STATUS] => 200
    [REMOTE_ADDR] => 87.79.108.214
    [REMOTE_PORT] => 50024
    [REQUEST_METHOD] => POST
    [REQUEST_SCHEME] => https
    [REQUEST_URI] => /register.php?mode=1
    [SCRIPT_FILENAME] => /home/mtde/public_html/my/register.php
    [SCRIPT_NAME] => /register.php
    [SERVER_ADDR] => 46.232.181.187
    [SERVER_ADMIN] => webmaster@my.medical-tribune.de
    [SERVER_NAME] => my.medical-tribune.de
    [SERVER_PORT] => 443
    [SERVER_PROTOCOL] => HTTP/1.1
    [SERVER_SIGNATURE] => 
    [SERVER_SOFTWARE] => Apache
    [SSL_TLS_SNI] => my.medical-tribune.de
    [TZ] => Europe/Zurich
    [UNIQUE_ID] => Xf9pNyAfZ8fbPKx9ahi3lQAAABg
    [PHP_SELF] => /register.php
    [REQUEST_TIME_FLOAT] => 1577019703.1405
    [REQUEST_TIME] => 1577019703
)

22-12-2019 : drumm@drumm-collegen.de,Array
(
    [CONTENT_LENGTH] => 2468
    [CONTENT_TYPE] => multipart/form-data; boundary=----WebKitFormBoundary5xwNlWYc4nAl4vph
    [CONTEXT_DOCUMENT_ROOT] => /home/mtde/public_html/my
    [CONTEXT_PREFIX] => 
    [DOCUMENT_ROOT] => /home/mtde/public_html/my
    [GATEWAY_INTERFACE] => CGI/1.1
    [HTTPS] => on
    [HTTP_ACCEPT] => text/html,application/xhtml+xml,application/xml;q=0.9,*/*;q=0.8
    [HTTP_ACCEPT_ENCODING] => gzip, deflate, br
    [HTTP_ACCEPT_LANGUAGE] => de-de
    [HTTP_CONNECTION] => keep-alive
    [HTTP_COOKIE] => PHPSESSID=jbc2f3nmqpts873ui53d7ldkp1; _ga=GA1.2.906759488.1577023707; _gid=GA1.2.1456924880.1577023707
    [HTTP_HOST] => my.medical-tribune.de
    [HTTP_ORIGIN] => https://my.medical-tribune.de
    [HTTP_REFERER] => https://my.medical-tribune.de/register.php?mode=1
    [HTTP_USER_AGENT] => Mozilla/5.0 (iPhone; CPU iPhone OS 13_3 like Mac OS X) AppleWebKit/605.1.15 (KHTML, like Gecko) Version/13.0.4 Mobile/15E148 Safari/604.1
    [PATH] => /bin:/usr/bin
    [QUERY_STRING] => mode=1
    [REDIRECT_STATUS] => 200
    [REMOTE_ADDR] => 62.157.9.134
    [REMOTE_PORT] => 50186
    [REQUEST_METHOD] => POST
    [REQUEST_SCHEME] => https
    [REQUEST_URI] => /register.php?mode=1
    [SCRIPT_FILENAME] => /home/mtde/public_html/my/register.php
    [SCRIPT_NAME] => /register.php
    [SERVER_ADDR] => 46.232.181.187
    [SERVER_ADMIN] => webmaster@my.medical-tribune.de
    [SERVER_NAME] => my.medical-tribune.de
    [SERVER_PORT] => 443
    [SERVER_PROTOCOL] => HTTP/1.1
    [SERVER_SIGNATURE] => 
    [SERVER_SOFTWARE] => Apache
    [SSL_TLS_SNI] => my.medical-tribune.de
    [TZ] => Europe/Zurich
    [UNIQUE_ID] => Xf97rFxz1i5hHJxcOYsmkwAAAM0
    [PHP_SELF] => /register.php
    [REQUEST_TIME_FLOAT] => 1577024428.5063
    [REQUEST_TIME] => 1577024428
)

22-12-2019 : c.triphaus@gmx.de,Array
(
    [CONTENT_LENGTH] => 2369
    [CONTENT_TYPE] => multipart/form-data; boundary=----WebKitFormBoundary2FfYWHyYEr4rIRdZ
    [CONTEXT_DOCUMENT_ROOT] => /home/mtde/public_html/my
    [CONTEXT_PREFIX] => 
    [DOCUMENT_ROOT] => /home/mtde/public_html/my
    [GATEWAY_INTERFACE] => CGI/1.1
    [HTTPS] => on
    [HTTP_ACCEPT] => text/html,application/xhtml+xml,application/xml;q=0.9,image/webp,image/apng,*/*;q=0.8,application/signed-exchange;v=b3;q=0.9
    [HTTP_ACCEPT_ENCODING] => gzip, deflate, br
    [HTTP_ACCEPT_LANGUAGE] => de-DE,de;q=0.9,en-US;q=0.8,en;q=0.7
    [HTTP_CACHE_CONTROL] => max-age=0
    [HTTP_CONNECTION] => keep-alive
    [HTTP_COOKIE] => _ga=GA1.2.1464730741.1577040302; _gid=GA1.2.2359839.1577040302; PHPSESSID=uaicf8vvqc4mufj7u3nmj1mda6
    [HTTP_HOST] => my.medical-tribune.de
    [HTTP_ORIGIN] => https://my.medical-tribune.de
    [HTTP_REFERER] => https://my.medical-tribune.de/register.php?mode=1
    [HTTP_SEC_FETCH_MODE] => nested-navigate
    [HTTP_SEC_FETCH_SITE] => same-origin
    [HTTP_SEC_FETCH_USER] => ?1
    [HTTP_UPGRADE_INSECURE_REQUESTS] => 1
    [HTTP_USER_AGENT] => Mozilla/5.0 (Linux; Android 8.0.0; SM-G930F) AppleWebKit/537.36 (KHTML, like Gecko) Chrome/79.0.3945.93 Mobile Safari/537.36
    [PATH] => /bin:/usr/bin
    [QUERY_STRING] => mode=1
    [REDIRECT_STATUS] => 200
    [REMOTE_ADDR] => 92.252.63.122
    [REMOTE_PORT] => 59441
    [REQUEST_METHOD] => POST
    [REQUEST_SCHEME] => https
    [REQUEST_URI] => /register.php?mode=1
    [SCRIPT_FILENAME] => /home/mtde/public_html/my/register.php
    [SCRIPT_NAME] => /register.php
    [SERVER_ADDR] => 46.232.181.187
    [SERVER_ADMIN] => webmaster@my.medical-tribune.de
    [SERVER_NAME] => my.medical-tribune.de
    [SERVER_PORT] => 443
    [SERVER_PROTOCOL] => HTTP/1.1
    [SERVER_SIGNATURE] => 
    [SERVER_SOFTWARE] => Apache
    [SSL_TLS_SNI] => my.medical-tribune.de
    [TZ] => Europe/Zurich
    [UNIQUE_ID] => Xf@6Y44-l7uz5CMyQA4tWAAAAAc
    [PHP_SELF] => /register.php
    [REQUEST_TIME_FLOAT] => 1577040483.142
    [REQUEST_TIME] => 1577040483
)

22-12-2019 : hiepelqr@gmail.com,Array
(
    [CONTENT_LENGTH] => 3347
    [CONTENT_TYPE] => multipart/form-data; boundary=----WebKitFormBoundary12qynSSB0BBXlsa8
    [CONTEXT_DOCUMENT_ROOT] => /home/mtde/public_html/my
    [CONTEXT_PREFIX] => 
    [DOCUMENT_ROOT] => /home/mtde/public_html/my
    [GATEWAY_INTERFACE] => CGI/1.1
    [HTTPS] => on
    [HTTP_ACCEPT] => text/html,application/xhtml+xml,application/xml;q=0.9,*/*;q=0.8
    [HTTP_ACCEPT_ENCODING] => gzip, deflate, br
    [HTTP_ACCEPT_LANGUAGE] => de-de
    [HTTP_CONNECTION] => keep-alive
    [HTTP_COOKIE] => PHPSESSID=ouvtquo42rc40mk0m371f1drv1; _ga=GA1.2.896483990.1577044910; _gid=GA1.2.375698846.1577044910
    [HTTP_HOST] => my.medical-tribune.de
    [HTTP_ORIGIN] => https://my.medical-tribune.de
    [HTTP_REFERER] => https://my.medical-tribune.de/register.php?mode=1
    [HTTP_USER_AGENT] => Mozilla/5.0 (iPhone; CPU iPhone OS 13_3 like Mac OS X) AppleWebKit/605.1.15 (KHTML, like Gecko) Version/13.0.4 Mobile/15E148 Safari/604.1
    [PATH] => /bin:/usr/bin
    [QUERY_STRING] => mode=1
    [REDIRECT_STATUS] => 200
    [REMOTE_ADDR] => 79.220.88.211
    [REMOTE_PORT] => 62578
    [REQUEST_METHOD] => POST
    [REQUEST_SCHEME] => https
    [REQUEST_URI] => /register.php?mode=1
    [SCRIPT_FILENAME] => /home/mtde/public_html/my/register.php
    [SCRIPT_NAME] => /register.php
    [SERVER_ADDR] => 46.232.181.187
    [SERVER_ADMIN] => webmaster@my.medical-tribune.de
    [SERVER_NAME] => my.medical-tribune.de
    [SERVER_PORT] => 443
    [SERVER_PROTOCOL] => HTTP/1.1
    [SERVER_SIGNATURE] => 
    [SERVER_SOFTWARE] => Apache
    [SSL_TLS_SNI] => my.medical-tribune.de
    [TZ] => Europe/Zurich
    [UNIQUE_ID] => Xf-M@@KzEdzfFiZJODSzjwAAAEQ
    [PHP_SELF] => /register.php
    [REQUEST_TIME_FLOAT] => 1577045243.7605
    [REQUEST_TIME] => 1577045243
)

22-12-2019 : omer.berber@web.de,Array
(
    [CONTENT_LENGTH] => 4878
    [CONTENT_TYPE] => multipart/form-data; boundary=---------------------------7e33c31d302b4
    [CONTEXT_DOCUMENT_ROOT] => /home/mtde/public_html/my
    [CONTEXT_PREFIX] => 
    [DOCUMENT_ROOT] => /home/mtde/public_html/my
    [GATEWAY_INTERFACE] => CGI/1.1
    [HTTPS] => on
    [HTTP_ACCEPT] => text/html, application/xhtml+xml, image/jxr, */*
    [HTTP_ACCEPT_ENCODING] => gzip, deflate
    [HTTP_ACCEPT_LANGUAGE] => de-DE
    [HTTP_CACHE_CONTROL] => no-cache
    [HTTP_CONNECTION] => Keep-Alive
    [HTTP_COOKIE] => _ga=GA1.2.1877949708.1577048534; _gid=GA1.2.1527908456.1577048534; PHPSESSID=dnep39qg60verolhaqbhkg4713
    [HTTP_DNT] => 1
    [HTTP_HOST] => my.medical-tribune.de
    [HTTP_REFERER] => https://my.medical-tribune.de/register.php
    [HTTP_USER_AGENT] => Mozilla/5.0 (Windows NT 10.0; WOW64; Trident/7.0; rv:11.0) like Gecko
    [PATH] => /bin:/usr/bin
    [QUERY_STRING] => 
    [REDIRECT_STATUS] => 200
    [REMOTE_ADDR] => 130.180.53.173
    [REMOTE_PORT] => 10758
    [REQUEST_METHOD] => POST
    [REQUEST_SCHEME] => https
    [REQUEST_URI] => /register.php
    [SCRIPT_FILENAME] => /home/mtde/public_html/my/register.php
    [SCRIPT_NAME] => /register.php
    [SERVER_ADDR] => 46.232.181.187
    [SERVER_ADMIN] => webmaster@my.medical-tribune.de
    [SERVER_NAME] => my.medical-tribune.de
    [SERVER_PORT] => 443
    [SERVER_PROTOCOL] => HTTP/1.1
    [SERVER_SIGNATURE] => 
    [SERVER_SOFTWARE] => Apache
    [SSL_TLS_SNI] => my.medical-tribune.de
    [TZ] => Europe/Zurich
    [UNIQUE_ID] => Xf-d4Xk4nD8pi5Nyp8fDDwAAAQU
    [PHP_SELF] => /register.php
    [REQUEST_TIME_FLOAT] => 1577049569.0571
    [REQUEST_TIME] => 1577049569
)

22-12-2019 : kaanbasar@web.de,Array
(
    [CONTENT_LENGTH] => 2336
    [CONTENT_TYPE] => multipart/form-data; boundary=----WebKitFormBoundaryvQxKDmLAY097pUAJ
    [CONTEXT_DOCUMENT_ROOT] => /home/mtde/public_html/my
    [CONTEXT_PREFIX] => 
    [DOCUMENT_ROOT] => /home/mtde/public_html/my
    [GATEWAY_INTERFACE] => CGI/1.1
    [HTTPS] => on
    [HTTP_ACCEPT] => text/html,application/xhtml+xml,application/xml;q=0.9,*/*;q=0.8
    [HTTP_ACCEPT_ENCODING] => gzip, deflate, br
    [HTTP_ACCEPT_LANGUAGE] => de-de
    [HTTP_CONNECTION] => keep-alive
    [HTTP_COOKIE] => _ga=GA1.2.2132949808.1577050613; _gat=1; _gid=GA1.2.8127719.1577050613; PHPSESSID=hnfafckker20jsetv18uvvk5t6
    [HTTP_HOST] => my.medical-tribune.de
    [HTTP_ORIGIN] => https://my.medical-tribune.de
    [HTTP_REFERER] => https://my.medical-tribune.de/register.php?mode=1
    [HTTP_USER_AGENT] => Mozilla/5.0 (iPhone; CPU iPhone OS 13_1_1 like Mac OS X) AppleWebKit/605.1.15 (KHTML, like Gecko) Version/13.0.1 Mobile/15E148 Safari/604.1
    [PATH] => /bin:/usr/bin
    [QUERY_STRING] => mode=1
    [REDIRECT_STATUS] => 200
    [REMOTE_ADDR] => 46.59.202.175
    [REMOTE_PORT] => 50751
    [REQUEST_METHOD] => POST
    [REQUEST_SCHEME] => https
    [REQUEST_URI] => /register.php?mode=1
    [SCRIPT_FILENAME] => /home/mtde/public_html/my/register.php
    [SCRIPT_NAME] => /register.php
    [SERVER_ADDR] => 46.232.181.187
    [SERVER_ADMIN] => webmaster@my.medical-tribune.de
    [SERVER_NAME] => my.medical-tribune.de
    [SERVER_PORT] => 443
    [SERVER_PROTOCOL] => HTTP/1.1
    [SERVER_SIGNATURE] => 
    [SERVER_SOFTWARE] => Apache
    [SSL_TLS_SNI] => my.medical-tribune.de
    [TZ] => Europe/Zurich
    [UNIQUE_ID] => Xf-jBH@GuODx-vDgZ-afpQAAAM8
    [PHP_SELF] => /register.php
    [REQUEST_TIME_FLOAT] => 1577050884.5451
    [REQUEST_TIME] => 1577050884
)

22-12-2019 : kuhfus@arcor.de,Array
(
    [CONTENT_LENGTH] => 2870
    [CONTENT_TYPE] => multipart/form-data; boundary=---------------------------16610272889543
    [CONTEXT_DOCUMENT_ROOT] => /home/mtde/public_html/my
    [CONTEXT_PREFIX] => 
    [DOCUMENT_ROOT] => /home/mtde/public_html/my
    [GATEWAY_INTERFACE] => CGI/1.1
    [HTTPS] => on
    [HTTP_ACCEPT] => text/html,application/xhtml+xml,application/xml;q=0.9,*/*;q=0.8
    [HTTP_ACCEPT_ENCODING] => gzip, deflate, br
    [HTTP_ACCEPT_LANGUAGE] => de,en-US;q=0.7,en;q=0.3
    [HTTP_CONNECTION] => keep-alive
    [HTTP_COOKIE] => PHPSESSID=h5q8m6i8i2ssihtln4nl0kfct7
    [HTTP_HOST] => my.medical-tribune.de
    [HTTP_ORIGIN] => https://my.medical-tribune.de
    [HTTP_REFERER] => https://my.medical-tribune.de/register.php?mode=1
    [HTTP_UPGRADE_INSECURE_REQUESTS] => 1
    [HTTP_USER_AGENT] => Mozilla/5.0 (Windows NT 10.0; Win64; x64; rv:71.0) Gecko/20100101 Firefox/71.0
    [PATH] => /bin:/usr/bin
    [QUERY_STRING] => mode=1
    [REDIRECT_STATUS] => 200
    [REMOTE_ADDR] => 88.64.175.55
    [REMOTE_PORT] => 63228
    [REQUEST_METHOD] => POST
    [REQUEST_SCHEME] => https
    [REQUEST_URI] => /register.php?mode=1
    [SCRIPT_FILENAME] => /home/mtde/public_html/my/register.php
    [SCRIPT_NAME] => /register.php
    [SERVER_ADDR] => 46.232.181.187
    [SERVER_ADMIN] => webmaster@my.medical-tribune.de
    [SERVER_NAME] => my.medical-tribune.de
    [SERVER_PORT] => 443
    [SERVER_PROTOCOL] => HTTP/1.1
    [SERVER_SIGNATURE] => 
    [SERVER_SOFTWARE] => Apache
    [SSL_TLS_SNI] => my.medical-tribune.de
    [TZ] => Europe/Zurich
    [UNIQUE_ID] => Xf-zWHk4nD8pi5Nyp8fPtwAAAQM
    [PHP_SELF] => /register.php
    [REQUEST_TIME_FLOAT] => 1577055064.5831
    [REQUEST_TIME] => 1577055064
)

